#
# A fatal error has been detected by the Java Runtime Environment:
#
#  EXCEPTION_ACCESS_VIOLATION (0xc0000005) at pc=0x00007ffc12ebb8f7, pid=14352, tid=5340
#
# JRE version: Java(TM) SE Runtime Environment (19.0.2+7) (build 19.0.2+7-44)
# Java VM: Java HotSpot(TM) 64-Bit Server VM (19.0.2+7-44, mixed mode, sharing, tiered, compressed oops, compressed class ptrs, g1 gc, windows-amd64)
# Problematic frame:
# C  [igxelpicd64.dll+0x28b8f7]
#
# No core dump will be written. Minidumps are not enabled by default on client versions of Windows
#
# If you would like to submit a bug report, please visit:
#   https://bugreport.java.com/bugreport/crash.jsp
#

---------------  S U M M A R Y ------------

Command Line: ie.tudublin.Main

Host: 11th Gen Intel(R) Core(TM) i5-1135G7 @ 2.40GHz, 8 cores, 7G,  Windows 10 , 64 bit Build 19041 (10.0.19041.2546)
Time: Thu Mar  9 23:22:52 2023 GMT Standard Time elapsed time: 19.513273 seconds (0d 0h 0m 19s)

---------------  T H R E A D  ---------------

Current thread (0x000001edf53f03e0):  VMThread "VM Thread" [stack: 0x000000e43a400000,0x000000e43a500000] [id=5340]

Stack: [0x000000e43a400000,0x000000e43a500000],  sp=0x000000e43a4fe580,  free space=1017k
Native frames: (J=compiled Java code, j=interpreted, Vv=VM code, C=native code)
C  [igxelpicd64.dll+0x28b8f7]


siginfo: EXCEPTION_ACCESS_VIOLATION (0xc0000005), reading address 0x0000000000035448


Registers:
RAX=0x000001ed89fd0d20, RBX=0x000001edf992ef60, RCX=0x0000000000000002, RDX=0x000001ed89fd0ca0
RSP=0x000000e43a4fe580, RBP=0x000001ed89fd6e80, RSI=0x0000000000000000, RDI=0x000001ed89fd0bb0
R8 =0x00000000000050d5, R9 =0x0000000000000000, R10=0x0000000000000000, R11=0x0000000000000246
R12=0x000001ed89fd10e8, R13=0x0000000000000000, R14=0x0000000000005000, R15=0x0000000000000016
RIP=0x00007ffc12ebb8f7, EFLAGS=0x0000000000010202


Register to memory mapping:

RIP=0x00007ffc12ebb8f7 igxelpicd64.dll
RAX=0x000001ed89fd0d20 points into unknown readable memory: 0x00000000000050d8 | d8 50 00 00 00 00 00 00
RBX=0x000001edf992ef60 points into unknown readable memory: 0x00007ffc136d0000 | 00 00 6d 13 fc 7f 00 00
RCX=0x0000000000000002 is an unknown value
RDX=0x000001ed89fd0ca0 points into unknown readable memory: 0x0000000000000000 | 00 00 00 00 00 00 00 00
RSP=0x000000e43a4fe580 points into unknown readable memory: 0x000001edf992ef60 | 60 ef 92 f9 ed 01 00 00
RBP=0x000001ed89fd6e80 points into unknown readable memory: 0x000001edfa0dd4c0 | c0 d4 0d fa ed 01 00 00
RSI=0x0 is NULL
RDI=0x000001ed89fd0bb0 points into unknown readable memory: 0x000001edfa0dd4c0 | c0 d4 0d fa ed 01 00 00
R8 =0x00000000000050d5 is an unknown value
R9 =0x0 is NULL
R10=0x0 is NULL
R11=0x0000000000000246 is an unknown value
R12=0x000001ed89fd10e8 points into unknown readable memory: 0x000001ed89fd6e80 | 80 6e fd 89 ed 01 00 00
R13=0x0 is NULL
R14=0x0000000000005000 is an unknown value
R15=0x0000000000000016 is an unknown value


Top of Stack: (sp=0x000000e43a4fe580)
0x000000e43a4fe580:   000001edf992ef60 00b524b7005d51b6
0x000000e43a4fe590:   02360fb800bfe2b7 013ab3bc006514ba
0x000000e43a4fe5a0:   000001edfb1afdb8 00000000000050e6
0x000000e43a4fe5b0:   0000000000000000 0000000000000014
0x000000e43a4fe5c0:   0000000000000000 0000000000000000
0x000000e43a4fe5d0:   000000e43a4fe6e0 00007ffc12eb2315
0x000000e43a4fe5e0:   000001edfa36ef60 000001edf992ef60
0x000000e43a4fe5f0:   027edcda01441100 00d130dc00621c00
0x000000e43a4fe600:   000000e400000750 0000b80200410000
0x000000e43a4fe610:   0000000000000000 012bb9e6009b19e6
0x000000e43a4fe620:   013b9be7013016e7 01c6a4e80140ebe7
0x000000e43a4fe630:   014e0ef000f5d1e9 01439ff100dd3af0
0x000000e43a4fe640:   014089f3008cc7f2 012806f400d39ef3
0x000000e43a4fe650:   012fc8f4013d79f4 015fd4f700ecd9f6
0x000000e43a4fe660:   0140000900cb67fa 114b00f812020000
0x000000e43a4fe670:   2c6800ae416000b4 fa8a00d1a87b0090 

Instructions: (pc=0x00007ffc12ebb8f7)
0x00007ffc12ebb7f7:   56 41 57 48 83 ec 20 45 8a e9 48 8b da 48 8b f1
0x00007ffc12ebb807:   48 8b 15 32 62 c4 00 48 8d 48 08 e8 0d 07 dc ff
0x00007ffc12ebb817:   90 48 8b ab 80 02 00 00 48 8b 05 7a 6b b4 00 44
0x00007ffc12ebb827:   8b b8 b8 0a 00 00 45 33 d2 45 8a f2 4c 89 93 80
0x00007ffc12ebb837:   02 00 00 44 89 93 88 02 00 00 4c 89 93 a0 02 00
0x00007ffc12ebb847:   00 4c 89 93 90 02 00 00 48 85 f6 75 38 8b 3d 0e
0x00007ffc12ebb857:   39 c4 00 65 48 8b 04 25 58 00 00 00 b9 14 00 00
0x00007ffc12ebb867:   00 48 8b 04 f8 44 38 14 01 0f 84 01 02 00 00 65
0x00007ffc12ebb877:   48 8b 04 25 58 00 00 00 be 20 00 00 00 48 8b 04
0x00007ffc12ebb887:   f8 48 8b 34 06 48 3b 35 0d 5d c4 00 45 0f 44 fa
0x00007ffc12ebb897:   48 85 ed 0f 84 a9 00 00 00 44 8a 6c 24 70 48 8b
0x00007ffc12ebb8a7:   fd 4c 8d a5 38 05 00 00 49 8b 2c 24 45 84 ed 0f
0x00007ffc12ebb8b7:   85 a1 01 00 00 8b 8b d0 01 00 00 48 8b 05 d7 6a
0x00007ffc12ebb8c7:   b4 00 83 b8 64 03 00 00 02 75 32 48 8d 97 f0 00
0x00007ffc12ebb8d7:   00 00 83 f9 10 0f 83 a2 00 00 00 8b c1 48 c1 e0
0x00007ffc12ebb8e7:   06 48 03 c2 48 85 c0 0f 85 87 00 00 00 4d 8b c2
0x00007ffc12ebb8f7:   4c 3b 86 48 54 03 00 0f 87 75 15 6e 00 4c 39 97
0x00007ffc12ebb907:   90 05 00 00 0f 85 b3 16 6e 00 4c 8b cf 4c 8b c3
0x00007ffc12ebb917:   e8 34 b3 72 00 84 c0 0f 85 b8 00 00 00 48 8b d7
0x00007ffc12ebb927:   48 8b cb e8 91 f9 ff ff 45 33 d2 48 85 ed 0f 85
0x00007ffc12ebb937:   6a ff ff ff 45 84 f6 44 8a 6c 24 78 0f 85 a3 16
0x00007ffc12ebb947:   6e 00 48 8b cb 45 84 ed 0f 85 18 01 00 00 e8 86
0x00007ffc12ebb957:   f6 ff ff 90 48 8b 4c 24 60 48 8b 5c 24 68 48 83
0x00007ffc12ebb967:   c4 20 41 5f 41 5e 41 5d 41 5c 5f 5e 5d 48 ff 25
0x00007ffc12ebb977:   9d 37 80 00 4c 8b 40 08 e9 73 ff ff ff 44 8d 41
0x00007ffc12ebb987:   f0 41 8b c0 c1 e8 04 83 f8 03 72 1a 48 8b 82 18
0x00007ffc12ebb997:   04 00 00 48 85 c0 74 26 39 08 0f 84 ad 00 00 00
0x00007ffc12ebb9a7:   48 8b 40 48 eb ed 0f ae e8 41 83 e0 0f 4c 8b 8c
0x00007ffc12ebb9b7:   c2 00 04 00 00 4d 85 c9 0f 85 80 00 00 00 44 38
0x00007ffc12ebb9c7:   92 20 04 00 00 0f 84 22 ff ff ff 8b c1 83 e0 0f
0x00007ffc12ebb9d7:   e9 08 ff ff ff 48 8b 83 80 02 00 00 49 89 04 24
0x00007ffc12ebb9e7:   48 89 bb 80 02 00 00 ff 83 88 02 00 00 48 8b 4f 


Stack slot to memory mapping:
stack at sp + 0 slots: 0x000001edf992ef60 points into unknown readable memory: 0x00007ffc136d0000 | 00 00 6d 13 fc 7f 00 00
stack at sp + 1 slots: 0x00b524b7005d51b6 is an unknown value
stack at sp + 2 slots: 0x02360fb800bfe2b7 is an unknown value
stack at sp + 3 slots: 0x013ab3bc006514ba is an unknown value
stack at sp + 4 slots: 0x000001edfb1afdb8 points into unknown readable memory: 0x0000000000040000 | 00 00 04 00 00 00 00 00
stack at sp + 5 slots: 0x00000000000050e6 is an unknown value
stack at sp + 6 slots: 0x0 is NULL
stack at sp + 7 slots: 0x0000000000000014 is an unknown value

VM_Operation (0x000000e43c1febf0): Exit, mode: safepoint, requested by thread 0x000001edf9d64d90


---------------  P R O C E S S  ---------------

Threads class SMR info:
_java_thread_list=0x000001edfbdcdda0, length=18, elements={
0x000001edf540bb30, 0x000001edf540c720, 0x000001edf540ebc0, 0x000001edf540f4f0,
0x000001edf5411e30, 0x000001edf5412760, 0x000001edf5413500, 0x000001edf541f600,
0x000001edf54440e0, 0x000001edf99081e0, 0x000001edf990dd20, 0x000001edf9b9a090,
0x000001edfb338cc0, 0x000001edf9d64d90, 0x000001edfa4fc560, 0x000001edfa4fcab0,
0x000001edfa4fd000, 0x000001edfba81470
}

Java Threads: ( => current thread )
  0x000001edf540bb30 JavaThread "Reference Handler" daemon [_thread_blocked, id=17756, stack(0x000000e43a500000,0x000000e43a600000)]
  0x000001edf540c720 JavaThread "Finalizer" daemon [_thread_blocked, id=18272, stack(0x000000e43a600000,0x000000e43a700000)]
  0x000001edf540ebc0 JavaThread "Signal Dispatcher" daemon [_thread_blocked, id=15364, stack(0x000000e43a700000,0x000000e43a800000)]
  0x000001edf540f4f0 JavaThread "Attach Listener" daemon [_thread_blocked, id=11800, stack(0x000000e43a800000,0x000000e43a900000)]
  0x000001edf5411e30 JavaThread "Service Thread" daemon [_thread_blocked, id=6548, stack(0x000000e43a900000,0x000000e43aa00000)]
  0x000001edf5412760 JavaThread "Monitor Deflation Thread" daemon [_thread_blocked, id=4104, stack(0x000000e43aa00000,0x000000e43ab00000)]
  0x000001edf5413500 JavaThread "C2 CompilerThread0" daemon [_thread_blocked, id=8300, stack(0x000000e43ab00000,0x000000e43ac00000)]
  0x000001edf541f600 JavaThread "C1 CompilerThread0" daemon [_thread_blocked, id=3556, stack(0x000000e43ac00000,0x000000e43ad00000)]
  0x000001edf54440e0 JavaThread "Sweeper thread" daemon [_thread_blocked, id=13840, stack(0x000000e43ad00000,0x000000e43ae00000)]
  0x000001edf99081e0 JavaThread "Notification Thread" daemon [_thread_blocked, id=16896, stack(0x000000e43ae00000,0x000000e43af00000)]
  0x000001edf990dd20 JavaThread "Common-Cleaner" daemon [_thread_blocked, id=3860, stack(0x000000e43b000000,0x000000e43b100000)]
  0x000001edf9b9a090 JavaThread "Java2D Disposer" daemon [_thread_blocked, id=5440, stack(0x000000e43b100000,0x000000e43b200000)]
  0x000001edfb338cc0 JavaThread "HighResTimerThread" daemon [_thread_blocked, id=12140, stack(0x000000e43b200000,0x000000e43b300000)]
  0x000001edf9d64d90 JavaThread "main-FPSAWTAnimator#00-Timer0" [_thread_blocked, id=15172, stack(0x000000e43c100000,0x000000e43c200000)]
  0x000001edfa4fc560 JavaThread "DestroyJavaVM" [_thread_blocked, id=4524, stack(0x000000e439e00000,0x000000e439f00000)]
  0x000001edfa4fcab0 JavaThread "Java Sound Event Dispatcher" daemon [_thread_blocked, id=11136, stack(0x000000e43c700000,0x000000e43c800000)]
  0x000001edfa4fd000 JavaThread "Thread-5" [_thread_blocked, id=9452, stack(0x000000e43cd00000,0x000000e43ce00000)]
  0x000001edfba81470 JavaThread "AWT-Shutdown" [_thread_blocked, id=8324, stack(0x000000e43b400000,0x000000e43b500000)]

Other Threads:
=>0x000001edf53f03e0 VMThread "VM Thread" [stack: 0x000000e43a400000,0x000000e43a500000] [id=5340]
  0x000001edd6ebe5f0 WorkerThread "GC Thread#0" [stack: 0x000000e439f00000,0x000000e43a000000] [id=14484]
  0x000001edfa3ca080 WorkerThread "GC Thread#1" [stack: 0x000000e43ba00000,0x000000e43bb00000] [id=12032]
  0x000001edfa3cabc0 WorkerThread "GC Thread#2" [stack: 0x000000e43bb00000,0x000000e43bc00000] [id=6180]
  0x000001edfa3cae90 WorkerThread "GC Thread#3" [stack: 0x000000e43bc00000,0x000000e43bd00000] [id=4340]
  0x000001edfa3c9db0 WorkerThread "GC Thread#4" [stack: 0x000000e43bd00000,0x000000e43be00000] [id=8824]
  0x000001edfa3ca620 WorkerThread "GC Thread#5" [stack: 0x000000e43be00000,0x000000e43bf00000] [id=12916]
  0x000001edfa3cb160 WorkerThread "GC Thread#6" [stack: 0x000000e43bf00000,0x000000e43c000000] [id=6700]
  0x000001edfa3cb700 WorkerThread "GC Thread#7" [stack: 0x000000e43c000000,0x000000e43c100000] [id=5168]
  0x000001edd6ecfb10 ConcurrentGCThread "G1 Main Marker" terminated
  0x000001edd6ed0bf0 WorkerThread "G1 Conc#0" [stack: 0x000000e43a100000,0x000000e43a200000] [id=11984]
  0x000001edd6f2d560 ConcurrentGCThread "G1 Refine#0" terminated
  0x000001edd6f2dfb0 ConcurrentGCThread "G1 Service" terminated

Threads with active compile tasks:

VM state: at safepoint (shutting down)

VM Mutex/Monitor currently owned by a thread:  ([mutex/lock_event])
[0x000001edd6e5c780] Threads_lock - owner thread: 0x000001edf53f03e0
[0x000001edd6e5b730] Heap_lock - owner thread: 0x000001edf9d64d90

Heap address: 0x0000000085800000, size: 1960 MB, Compressed Oops mode: 32-bit

CDS archive(s) mapped at: [0x0000000800000000-0x0000000800c40000-0x0000000800c40000), size 12845056, SharedBaseAddress: 0x0000000800000000, ArchiveRelocationMode: 0.
Compressed class space mapped at: 0x0000000801000000-0x0000000841000000, reserved size: 1073741824
Narrow klass base: 0x0000000800000000, Narrow klass shift: 0, Narrow klass range: 0x100000000

GC Precious Log:
 CardTable entry size: 512
 Card Set container configuration: InlinePtr #cards 5 size 8 Array Of Cards #cards 12 size 40 Howl #buckets 4 coarsen threshold 1843 Howl Bitmap #cards 512 size 80 coarsen threshold 460 Card regions per heap region 1 cards per card region 2048
 CPUs: 8 total, 8 available
 Memory: 7834M
 Large Page Support: Disabled
 NUMA Support: Disabled
 Compressed Oops: Enabled (32-bit)
 Heap Region Size: 1M
 Heap Min Capacity: 8M
 Heap Initial Capacity: 124M
 Heap Max Capacity: 1960M
 Pre-touch: Disabled
 Parallel Workers: 8
 Concurrent Workers: 2
 Concurrent Refinement Workers: 8
 Periodic GC: Disabled

Heap:
 garbage-first heap   total 126976K, used 16379K [0x0000000085800000, 0x0000000100000000)
  region size 1024K, 15 young (15360K), 3 survivors (3072K)
 Metaspace       used 14009K, committed 14336K, reserved 1114112K
  class space    used 989K, committed 1152K, reserved 1048576K

Heap Regions: E=young(eden), S=young(survivor), O=old, HS=humongous(starts), HC=humongous(continues), CS=collection set, F=free, OA=open archive, CA=closed archive, TAMS=top-at-mark-start (previous, next)
|   0|0x0000000085800000, 0x0000000085900000, 0x0000000085900000|100%| O|  |TAMS 0x0000000085800000, 0x0000000085800000| Untracked 
|   1|0x0000000085900000, 0x00000000859ed000, 0x0000000085a00000| 92%| O|  |TAMS 0x0000000085900000, 0x0000000085900000| Untracked 
|   2|0x0000000085a00000, 0x0000000085a00000, 0x0000000085b00000|  0%| F|  |TAMS 0x0000000085a00000, 0x0000000085a00000| Untracked 
|   3|0x0000000085b00000, 0x0000000085c00000, 0x0000000085c00000|100%| O|  |TAMS 0x0000000085b00000, 0x0000000085b00000| Untracked 
|   4|0x0000000085c00000, 0x0000000085c00000, 0x0000000085d00000|  0%| F|  |TAMS 0x0000000085c00000, 0x0000000085c00000| Untracked 
|   5|0x0000000085d00000, 0x0000000085d00000, 0x0000000085e00000|  0%| F|  |TAMS 0x0000000085d00000, 0x0000000085d00000| Untracked 
|   6|0x0000000085e00000, 0x0000000085e00000, 0x0000000085f00000|  0%| F|  |TAMS 0x0000000085e00000, 0x0000000085e00000| Untracked 
|   7|0x0000000085f00000, 0x0000000085f00000, 0x0000000086000000|  0%| F|  |TAMS 0x0000000085f00000, 0x0000000085f00000| Untracked 
|   8|0x0000000086000000, 0x0000000086000000, 0x0000000086100000|  0%| F|  |TAMS 0x0000000086000000, 0x0000000086000000| Untracked 
|   9|0x0000000086100000, 0x0000000086100000, 0x0000000086200000|  0%| F|  |TAMS 0x0000000086100000, 0x0000000086100000| Untracked 
|  10|0x0000000086200000, 0x0000000086200000, 0x0000000086300000|  0%| F|  |TAMS 0x0000000086200000, 0x0000000086200000| Untracked 
|  11|0x0000000086300000, 0x0000000086300000, 0x0000000086400000|  0%| F|  |TAMS 0x0000000086300000, 0x0000000086300000| Untracked 
|  12|0x0000000086400000, 0x0000000086400000, 0x0000000086500000|  0%| F|  |TAMS 0x0000000086400000, 0x0000000086400000| Untracked 
|  13|0x0000000086500000, 0x0000000086500000, 0x0000000086600000|  0%| F|  |TAMS 0x0000000086500000, 0x0000000086500000| Untracked 
|  14|0x0000000086600000, 0x0000000086600000, 0x0000000086700000|  0%| F|  |TAMS 0x0000000086600000, 0x0000000086600000| Untracked 
|  15|0x0000000086700000, 0x0000000086700000, 0x0000000086800000|  0%| F|  |TAMS 0x0000000086700000, 0x0000000086700000| Untracked 
|  16|0x0000000086800000, 0x0000000086800000, 0x0000000086900000|  0%| F|  |TAMS 0x0000000086800000, 0x0000000086800000| Untracked 
|  17|0x0000000086900000, 0x0000000086900000, 0x0000000086a00000|  0%| F|  |TAMS 0x0000000086900000, 0x0000000086900000| Untracked 
|  18|0x0000000086a00000, 0x0000000086a00000, 0x0000000086b00000|  0%| F|  |TAMS 0x0000000086a00000, 0x0000000086a00000| Untracked 
|  19|0x0000000086b00000, 0x0000000086b00000, 0x0000000086c00000|  0%| F|  |TAMS 0x0000000086b00000, 0x0000000086b00000| Untracked 
|  20|0x0000000086c00000, 0x0000000086c00000, 0x0000000086d00000|  0%| F|  |TAMS 0x0000000086c00000, 0x0000000086c00000| Untracked 
|  21|0x0000000086d00000, 0x0000000086d00000, 0x0000000086e00000|  0%| F|  |TAMS 0x0000000086d00000, 0x0000000086d00000| Untracked 
|  22|0x0000000086e00000, 0x0000000086e00000, 0x0000000086f00000|  0%| F|  |TAMS 0x0000000086e00000, 0x0000000086e00000| Untracked 
|  23|0x0000000086f00000, 0x0000000086f00000, 0x0000000087000000|  0%| F|  |TAMS 0x0000000086f00000, 0x0000000086f00000| Untracked 
|  24|0x0000000087000000, 0x0000000087000000, 0x0000000087100000|  0%| F|  |TAMS 0x0000000087000000, 0x0000000087000000| Untracked 
|  25|0x0000000087100000, 0x0000000087100000, 0x0000000087200000|  0%| F|  |TAMS 0x0000000087100000, 0x0000000087100000| Untracked 
|  26|0x0000000087200000, 0x0000000087200000, 0x0000000087300000|  0%| F|  |TAMS 0x0000000087200000, 0x0000000087200000| Untracked 
|  27|0x0000000087300000, 0x0000000087300000, 0x0000000087400000|  0%| F|  |TAMS 0x0000000087300000, 0x0000000087300000| Untracked 
|  28|0x0000000087400000, 0x0000000087400000, 0x0000000087500000|  0%| F|  |TAMS 0x0000000087400000, 0x0000000087400000| Untracked 
|  29|0x0000000087500000, 0x0000000087500000, 0x0000000087600000|  0%| F|  |TAMS 0x0000000087500000, 0x0000000087500000| Untracked 
|  30|0x0000000087600000, 0x0000000087600000, 0x0000000087700000|  0%| F|  |TAMS 0x0000000087600000, 0x0000000087600000| Untracked 
|  31|0x0000000087700000, 0x0000000087700000, 0x0000000087800000|  0%| F|  |TAMS 0x0000000087700000, 0x0000000087700000| Untracked 
|  32|0x0000000087800000, 0x0000000087800000, 0x0000000087900000|  0%| F|  |TAMS 0x0000000087800000, 0x0000000087800000| Untracked 
|  33|0x0000000087900000, 0x0000000087900000, 0x0000000087a00000|  0%| F|  |TAMS 0x0000000087900000, 0x0000000087900000| Untracked 
|  34|0x0000000087a00000, 0x0000000087a00000, 0x0000000087b00000|  0%| F|  |TAMS 0x0000000087a00000, 0x0000000087a00000| Untracked 
|  35|0x0000000087b00000, 0x0000000087b00000, 0x0000000087c00000|  0%| F|  |TAMS 0x0000000087b00000, 0x0000000087b00000| Untracked 
|  36|0x0000000087c00000, 0x0000000087c00000, 0x0000000087d00000|  0%| F|  |TAMS 0x0000000087c00000, 0x0000000087c00000| Untracked 
|  37|0x0000000087d00000, 0x0000000087d00000, 0x0000000087e00000|  0%| F|  |TAMS 0x0000000087d00000, 0x0000000087d00000| Untracked 
|  38|0x0000000087e00000, 0x0000000087e00000, 0x0000000087f00000|  0%| F|  |TAMS 0x0000000087e00000, 0x0000000087e00000| Untracked 
|  39|0x0000000087f00000, 0x0000000087f00000, 0x0000000088000000|  0%| F|  |TAMS 0x0000000087f00000, 0x0000000087f00000| Untracked 
|  40|0x0000000088000000, 0x0000000088000000, 0x0000000088100000|  0%| F|  |TAMS 0x0000000088000000, 0x0000000088000000| Untracked 
|  41|0x0000000088100000, 0x0000000088100000, 0x0000000088200000|  0%| F|  |TAMS 0x0000000088100000, 0x0000000088100000| Untracked 
|  42|0x0000000088200000, 0x0000000088200000, 0x0000000088300000|  0%| F|  |TAMS 0x0000000088200000, 0x0000000088200000| Untracked 
|  43|0x0000000088300000, 0x0000000088300000, 0x0000000088400000|  0%| F|  |TAMS 0x0000000088300000, 0x0000000088300000| Untracked 
|  44|0x0000000088400000, 0x0000000088400000, 0x0000000088500000|  0%| F|  |TAMS 0x0000000088400000, 0x0000000088400000| Untracked 
|  45|0x0000000088500000, 0x0000000088500000, 0x0000000088600000|  0%| F|  |TAMS 0x0000000088500000, 0x0000000088500000| Untracked 
|  46|0x0000000088600000, 0x0000000088600000, 0x0000000088700000|  0%| F|  |TAMS 0x0000000088600000, 0x0000000088600000| Untracked 
|  47|0x0000000088700000, 0x0000000088700000, 0x0000000088800000|  0%| F|  |TAMS 0x0000000088700000, 0x0000000088700000| Untracked 
|  48|0x0000000088800000, 0x0000000088800000, 0x0000000088900000|  0%| F|  |TAMS 0x0000000088800000, 0x0000000088800000| Untracked 
|  49|0x0000000088900000, 0x0000000088900000, 0x0000000088a00000|  0%| F|  |TAMS 0x0000000088900000, 0x0000000088900000| Untracked 
|  50|0x0000000088a00000, 0x0000000088a00000, 0x0000000088b00000|  0%| F|  |TAMS 0x0000000088a00000, 0x0000000088a00000| Untracked 
|  51|0x0000000088b00000, 0x0000000088b00000, 0x0000000088c00000|  0%| F|  |TAMS 0x0000000088b00000, 0x0000000088b00000| Untracked 
|  52|0x0000000088c00000, 0x0000000088c00000, 0x0000000088d00000|  0%| F|  |TAMS 0x0000000088c00000, 0x0000000088c00000| Untracked 
|  53|0x0000000088d00000, 0x0000000088d00000, 0x0000000088e00000|  0%| F|  |TAMS 0x0000000088d00000, 0x0000000088d00000| Untracked 
|  54|0x0000000088e00000, 0x0000000088e00000, 0x0000000088f00000|  0%| F|  |TAMS 0x0000000088e00000, 0x0000000088e00000| Untracked 
|  55|0x0000000088f00000, 0x0000000088f00000, 0x0000000089000000|  0%| F|  |TAMS 0x0000000088f00000, 0x0000000088f00000| Untracked 
|  56|0x0000000089000000, 0x0000000089000000, 0x0000000089100000|  0%| F|  |TAMS 0x0000000089000000, 0x0000000089000000| Untracked 
|  57|0x0000000089100000, 0x0000000089100000, 0x0000000089200000|  0%| F|  |TAMS 0x0000000089100000, 0x0000000089100000| Untracked 
|  58|0x0000000089200000, 0x0000000089200000, 0x0000000089300000|  0%| F|  |TAMS 0x0000000089200000, 0x0000000089200000| Untracked 
|  59|0x0000000089300000, 0x0000000089300000, 0x0000000089400000|  0%| F|  |TAMS 0x0000000089300000, 0x0000000089300000| Untracked 
|  60|0x0000000089400000, 0x0000000089400000, 0x0000000089500000|  0%| F|  |TAMS 0x0000000089400000, 0x0000000089400000| Untracked 
|  61|0x0000000089500000, 0x0000000089500000, 0x0000000089600000|  0%| F|  |TAMS 0x0000000089500000, 0x0000000089500000| Untracked 
|  62|0x0000000089600000, 0x0000000089600000, 0x0000000089700000|  0%| F|  |TAMS 0x0000000089600000, 0x0000000089600000| Untracked 
|  63|0x0000000089700000, 0x0000000089700000, 0x0000000089800000|  0%| F|  |TAMS 0x0000000089700000, 0x0000000089700000| Untracked 
|  64|0x0000000089800000, 0x0000000089800000, 0x0000000089900000|  0%| F|  |TAMS 0x0000000089800000, 0x0000000089800000| Untracked 
|  65|0x0000000089900000, 0x0000000089900000, 0x0000000089a00000|  0%| F|  |TAMS 0x0000000089900000, 0x0000000089900000| Untracked 
|  66|0x0000000089a00000, 0x0000000089a00000, 0x0000000089b00000|  0%| F|  |TAMS 0x0000000089a00000, 0x0000000089a00000| Untracked 
|  67|0x0000000089b00000, 0x0000000089b00000, 0x0000000089c00000|  0%| F|  |TAMS 0x0000000089b00000, 0x0000000089b00000| Untracked 
|  68|0x0000000089c00000, 0x0000000089c00000, 0x0000000089d00000|  0%| F|  |TAMS 0x0000000089c00000, 0x0000000089c00000| Untracked 
|  69|0x0000000089d00000, 0x0000000089d00000, 0x0000000089e00000|  0%| F|  |TAMS 0x0000000089d00000, 0x0000000089d00000| Untracked 
|  70|0x0000000089e00000, 0x0000000089e00000, 0x0000000089f00000|  0%| F|  |TAMS 0x0000000089e00000, 0x0000000089e00000| Untracked 
|  71|0x0000000089f00000, 0x0000000089f00000, 0x000000008a000000|  0%| F|  |TAMS 0x0000000089f00000, 0x0000000089f00000| Untracked 
|  72|0x000000008a000000, 0x000000008a000000, 0x000000008a100000|  0%| F|  |TAMS 0x000000008a000000, 0x000000008a000000| Untracked 
|  73|0x000000008a100000, 0x000000008a100000, 0x000000008a200000|  0%| F|  |TAMS 0x000000008a100000, 0x000000008a100000| Untracked 
|  74|0x000000008a200000, 0x000000008a200000, 0x000000008a300000|  0%| F|  |TAMS 0x000000008a200000, 0x000000008a200000| Untracked 
|  75|0x000000008a300000, 0x000000008a300000, 0x000000008a400000|  0%| F|  |TAMS 0x000000008a300000, 0x000000008a300000| Untracked 
|  76|0x000000008a400000, 0x000000008a400000, 0x000000008a500000|  0%| F|  |TAMS 0x000000008a400000, 0x000000008a400000| Untracked 
|  77|0x000000008a500000, 0x000000008a500000, 0x000000008a600000|  0%| F|  |TAMS 0x000000008a500000, 0x000000008a500000| Untracked 
|  78|0x000000008a600000, 0x000000008a600000, 0x000000008a700000|  0%| F|  |TAMS 0x000000008a600000, 0x000000008a600000| Untracked 
|  79|0x000000008a700000, 0x000000008a700000, 0x000000008a800000|  0%| F|  |TAMS 0x000000008a700000, 0x000000008a700000| Untracked 
|  80|0x000000008a800000, 0x000000008a800000, 0x000000008a900000|  0%| F|  |TAMS 0x000000008a800000, 0x000000008a800000| Untracked 
|  81|0x000000008a900000, 0x000000008a900000, 0x000000008aa00000|  0%| F|  |TAMS 0x000000008a900000, 0x000000008a900000| Untracked 
|  82|0x000000008aa00000, 0x000000008aa00000, 0x000000008ab00000|  0%| F|  |TAMS 0x000000008aa00000, 0x000000008aa00000| Untracked 
|  83|0x000000008ab00000, 0x000000008ab00000, 0x000000008ac00000|  0%| F|  |TAMS 0x000000008ab00000, 0x000000008ab00000| Untracked 
|  84|0x000000008ac00000, 0x000000008ac11c98, 0x000000008ad00000|  6%| S|CS|TAMS 0x000000008ac00000, 0x000000008ac00000| Complete 
|  85|0x000000008ad00000, 0x000000008ae00000, 0x000000008ae00000|100%| S|CS|TAMS 0x000000008ad00000, 0x000000008ad00000| Complete 
|  86|0x000000008ae00000, 0x000000008af00000, 0x000000008af00000|100%| S|CS|TAMS 0x000000008ae00000, 0x000000008ae00000| Complete 
|  87|0x000000008af00000, 0x000000008af00000, 0x000000008b000000|  0%| F|  |TAMS 0x000000008af00000, 0x000000008af00000| Untracked 
|  88|0x000000008b000000, 0x000000008b000000, 0x000000008b100000|  0%| F|  |TAMS 0x000000008b000000, 0x000000008b000000| Untracked 
|  89|0x000000008b100000, 0x000000008b100000, 0x000000008b200000|  0%| F|  |TAMS 0x000000008b100000, 0x000000008b100000| Untracked 
|  90|0x000000008b200000, 0x000000008b200000, 0x000000008b300000|  0%| F|  |TAMS 0x000000008b200000, 0x000000008b200000| Untracked 
|  91|0x000000008b300000, 0x000000008b300000, 0x000000008b400000|  0%| F|  |TAMS 0x000000008b300000, 0x000000008b300000| Untracked 
|  92|0x000000008b400000, 0x000000008b400000, 0x000000008b500000|  0%| F|  |TAMS 0x000000008b400000, 0x000000008b400000| Untracked 
|  93|0x000000008b500000, 0x000000008b500000, 0x000000008b600000|  0%| F|  |TAMS 0x000000008b500000, 0x000000008b500000| Untracked 
|  94|0x000000008b600000, 0x000000008b600000, 0x000000008b700000|  0%| F|  |TAMS 0x000000008b600000, 0x000000008b600000| Untracked 
|  95|0x000000008b700000, 0x000000008b700000, 0x000000008b800000|  0%| F|  |TAMS 0x000000008b700000, 0x000000008b700000| Untracked 
|  96|0x000000008b800000, 0x000000008b800000, 0x000000008b900000|  0%| F|  |TAMS 0x000000008b800000, 0x000000008b800000| Untracked 
|  97|0x000000008b900000, 0x000000008b900000, 0x000000008ba00000|  0%| F|  |TAMS 0x000000008b900000, 0x000000008b900000| Untracked 
|  98|0x000000008ba00000, 0x000000008ba00000, 0x000000008bb00000|  0%| F|  |TAMS 0x000000008ba00000, 0x000000008ba00000| Untracked 
|  99|0x000000008bb00000, 0x000000008bb00000, 0x000000008bc00000|  0%| F|  |TAMS 0x000000008bb00000, 0x000000008bb00000| Untracked 
| 100|0x000000008bc00000, 0x000000008bc00000, 0x000000008bd00000|  0%| F|  |TAMS 0x000000008bc00000, 0x000000008bc00000| Untracked 
| 101|0x000000008bd00000, 0x000000008bd00000, 0x000000008be00000|  0%| F|  |TAMS 0x000000008bd00000, 0x000000008bd00000| Untracked 
| 102|0x000000008be00000, 0x000000008be00000, 0x000000008bf00000|  0%| F|  |TAMS 0x000000008be00000, 0x000000008be00000| Untracked 
| 103|0x000000008bf00000, 0x000000008bf00000, 0x000000008c000000|  0%| F|  |TAMS 0x000000008bf00000, 0x000000008bf00000| Untracked 
| 104|0x000000008c000000, 0x000000008c000000, 0x000000008c100000|  0%| F|  |TAMS 0x000000008c000000, 0x000000008c000000| Untracked 
| 105|0x000000008c100000, 0x000000008c100000, 0x000000008c200000|  0%| F|  |TAMS 0x000000008c100000, 0x000000008c100000| Untracked 
| 106|0x000000008c200000, 0x000000008c200000, 0x000000008c300000|  0%| F|  |TAMS 0x000000008c200000, 0x000000008c200000| Untracked 
| 107|0x000000008c300000, 0x000000008c300000, 0x000000008c400000|  0%| F|  |TAMS 0x000000008c300000, 0x000000008c300000| Untracked 
| 108|0x000000008c400000, 0x000000008c400000, 0x000000008c500000|  0%| F|  |TAMS 0x000000008c400000, 0x000000008c400000| Untracked 
| 109|0x000000008c500000, 0x000000008c500000, 0x000000008c600000|  0%| F|  |TAMS 0x000000008c500000, 0x000000008c500000| Untracked 
| 110|0x000000008c600000, 0x000000008c600000, 0x000000008c700000|  0%| F|  |TAMS 0x000000008c600000, 0x000000008c600000| Untracked 
| 111|0x000000008c700000, 0x000000008c700000, 0x000000008c800000|  0%| F|  |TAMS 0x000000008c700000, 0x000000008c700000| Untracked 
| 112|0x000000008c800000, 0x000000008c8d8698, 0x000000008c900000| 84%| E|  |TAMS 0x000000008c800000, 0x000000008c800000| Complete 
| 113|0x000000008c900000, 0x000000008ca00000, 0x000000008ca00000|100%| E|CS|TAMS 0x000000008c900000, 0x000000008c900000| Complete 
| 114|0x000000008ca00000, 0x000000008cb00000, 0x000000008cb00000|100%| E|CS|TAMS 0x000000008ca00000, 0x000000008ca00000| Complete 
| 115|0x000000008cb00000, 0x000000008cc00000, 0x000000008cc00000|100%| E|CS|TAMS 0x000000008cb00000, 0x000000008cb00000| Complete 
| 116|0x000000008cc00000, 0x000000008cd00000, 0x000000008cd00000|100%| E|CS|TAMS 0x000000008cc00000, 0x000000008cc00000| Complete 
| 117|0x000000008cd00000, 0x000000008ce00000, 0x000000008ce00000|100%| E|CS|TAMS 0x000000008cd00000, 0x000000008cd00000| Complete 
| 118|0x000000008ce00000, 0x000000008cf00000, 0x000000008cf00000|100%| E|CS|TAMS 0x000000008ce00000, 0x000000008ce00000| Complete 
| 119|0x000000008cf00000, 0x000000008d000000, 0x000000008d000000|100%| E|CS|TAMS 0x000000008cf00000, 0x000000008cf00000| Complete 
| 120|0x000000008d000000, 0x000000008d100000, 0x000000008d100000|100%| E|CS|TAMS 0x000000008d000000, 0x000000008d000000| Complete 
| 121|0x000000008d100000, 0x000000008d200000, 0x000000008d200000|100%| E|CS|TAMS 0x000000008d100000, 0x000000008d100000| Complete 
| 122|0x000000008d200000, 0x000000008d300000, 0x000000008d300000|100%| E|CS|TAMS 0x000000008d200000, 0x000000008d200000| Complete 
| 123|0x000000008d300000, 0x000000008d400000, 0x000000008d400000|100%| E|CS|TAMS 0x000000008d300000, 0x000000008d300000| Complete 

Card table byte_map: [0x000001edee4e0000,0x000001edee8c0000] _byte_map_base: 0x000001edee0b4000

Marking Bits (Prev, Next): (CMBitMap*) 0x000001edd6ebfb40, (CMBitMap*) 0x000001edd6ebfb80
 Prev Bits: [0x000001edeeca0000, 0x000001edf0b40000)
 Next Bits: [0x000001edf0b40000, 0x000001edf29e0000)

Polling page: 0x000001edd5000000

Metaspace:

Usage:
  Non-class:     12.71 MB used.
      Class:    989.73 KB used.
       Both:     13.68 MB used.

Virtual space:
  Non-class space:       64.00 MB reserved,      12.88 MB ( 20%) committed,  1 nodes.
      Class space:        1.00 GB reserved,       1.12 MB ( <1%) committed,  1 nodes.
             Both:        1.06 GB reserved,      14.00 MB (  1%) committed. 

Chunk freelists:
   Non-Class:  3.17 MB
       Class:  2.86 MB
        Both:  6.03 MB

MaxMetaspaceSize: unlimited
CompressedClassSpaceSize: 1.00 GB
Initial GC threshold: 21.00 MB
Current GC threshold: 21.00 MB
CDS: on
MetaspaceReclaimPolicy: balanced
 - commit_granule_bytes: 65536.
 - commit_granule_words: 8192.
 - virtual_space_node_default_size: 8388608.
 - enlarge_chunks_in_place: 1.
 - new_chunks_are_fully_committed: 0.
 - uncommit_free_chunks: 1.
 - use_allocation_guard: 0.


Internal statistics:

num_allocs_failed_limit: 0.
num_arena_births: 176.
num_arena_deaths: 0.
num_vsnodes_births: 2.
num_vsnodes_deaths: 0.
num_space_committed: 220.
num_space_uncommitted: 0.
num_chunks_returned_to_freelist: 0.
num_chunks_taken_from_freelist: 466.
num_chunk_merges: 0.
num_chunk_splits: 369.
num_chunks_enlarged: 300.
num_inconsistent_stats: 0.

CodeHeap 'non-profiled nmethods': size=120000Kb used=844Kb max_used=844Kb free=119155Kb
 bounds [0x000001ede68a0000, 0x000001ede6b10000, 0x000001ededdd0000]
CodeHeap 'profiled nmethods': size=120000Kb used=3941Kb max_used=3941Kb free=116058Kb
 bounds [0x000001eddedd0000, 0x000001eddf1b0000, 0x000001ede6300000]
CodeHeap 'non-nmethods': size=5760Kb used=1644Kb max_used=1670Kb free=4115Kb
 bounds [0x000001ede6300000, 0x000001ede6570000, 0x000001ede68a0000]
 total_blobs=2983 nmethods=2026 adapters=868
 compilation: enabled
              stopped_count=0, restarted_count=0
 full_count=0

Compilation events (20 events):
Event: 16.104 Thread 0x000001edf5413500 2017       4       jogamp.opengl.gl4.GL4bcImpl::glBufferDataDelegate (92 bytes)
Event: 16.107 Thread 0x000001edf5413500 nmethod 2017 0x000001ede696e310 code [0x000001ede696e4c0, 0x000001ede696e788]
Event: 16.107 Thread 0x000001edf5413500 2018       4       com.jogamp.common.util.IntObjectHashMap::get (52 bytes)
Event: 16.108 Thread 0x000001edf5413500 nmethod 2018 0x000001ede696ea10 code [0x000001ede696eba0, 0x000001ede696ec98]
Event: 16.672 Thread 0x000001edf541f600 2019       1       com.jogamp.newt.event.NEWTEvent::getEventType (5 bytes)
Event: 16.673 Thread 0x000001edf541f600 nmethod 2019 0x000001ede696ee10 code [0x000001ede696efa0, 0x000001ede696f078]
Event: 17.641 Thread 0x000001edf5413500 2020       4       ddf.minim.javasound.FloatSampleBuffer::getChannel (31 bytes)
Event: 17.643 Thread 0x000001edf5413500 nmethod 2020 0x000001ede696f110 code [0x000001ede696f2a0, 0x000001ede696f398]
Event: 17.824 Thread 0x000001edf5413500 2021   !   4       jogamp.common.util.locks.RecursiveLockImpl01Unfairish::validateLocked (147 bytes)
Event: 17.826 Thread 0x000001edf5413500 nmethod 2021 0x000001ede696f510 code [0x000001ede696f6a0, 0x000001ede696f8f8]
Event: 17.922 Thread 0x000001edf5413500 2022       4       java.nio.FloatBuffer::put (69 bytes)
Event: 17.928 Thread 0x000001edf5413500 nmethod 2022 0x000001ede696fa90 code [0x000001ede696fc20, 0x000001ede696ff58]
Event: 18.242 Thread 0x000001edf5413500 2023  s    4       jogamp.opengl.GLBufferObjectTracker::createBufferStorage (472 bytes)
Event: 18.254 Thread 0x000001edf5413500 nmethod 2023 0x000001ede6970490 code [0x000001ede69706a0, 0x000001ede69711a8]
Event: 18.254 Thread 0x000001edf5413500 2024       4       jogamp.opengl.gl4.GL4bcImpl$1::create (14 bytes)
Event: 18.257 Thread 0x000001edf5413500 nmethod 2024 0x000001ede6971f90 code [0x000001ede6972140, 0x000001ede69723e8]
Event: 18.257 Thread 0x000001edf5413500 2025       4       jogamp.opengl.gl4.GL4bcImpl::access$000 (11 bytes)
Event: 18.260 Thread 0x000001edf5413500 nmethod 2025 0x000001ede6972710 code [0x000001ede69728c0, 0x000001ede6972b88]
Event: 18.357 Thread 0x000001edf5413500 2026       4       ddf.minim.javasound.FloatSampleBuffer::grow (50 bytes)
Event: 18.357 Thread 0x000001edf5413500 nmethod 2026 0x000001ede6972e90 code [0x000001ede6973020, 0x000001ede69730f8]

GC Heap History (4 events):
Event: 1.524 GC heap before
{Heap before GC invocations=0 (full 0):
 garbage-first heap   total 126976K, used 25600K [0x0000000085800000, 0x0000000100000000)
  region size 1024K, 23 young (23552K), 0 survivors (0K)
 Metaspace       used 11599K, committed 11904K, reserved 1114112K
  class space    used 807K, committed 960K, reserved 1048576K
}
Event: 1.535 GC heap after
{Heap after GC invocations=1 (full 0):
 garbage-first heap   total 126976K, used 3115K [0x0000000085800000, 0x0000000100000000)
  region size 1024K, 3 young (3072K), 3 survivors (3072K)
 Metaspace       used 11599K, committed 11904K, reserved 1114112K
  class space    used 807K, committed 960K, reserved 1048576K
}
Event: 12.236 GC heap before
{Heap before GC invocations=1 (full 0):
 garbage-first heap   total 126976K, used 37931K [0x0000000085800000, 0x0000000100000000)
  region size 1024K, 37 young (37888K), 3 survivors (3072K)
 Metaspace       used 13960K, committed 14272K, reserved 1114112K
  class space    used 985K, committed 1152K, reserved 1048576K
}
Event: 12.240 GC heap after
{Heap after GC invocations=2 (full 0):
 garbage-first heap   total 126976K, used 5115K [0x0000000085800000, 0x0000000100000000)
  region size 1024K, 3 young (3072K), 3 survivors (3072K)
 Metaspace       used 13960K, committed 14272K, reserved 1114112K
  class space    used 985K, committed 1152K, reserved 1048576K
}

Dll operation events (15 events):
Event: 0.006 Loaded shared library C:\Program Files\Java\jdk-19\bin\java.dll
Event: 0.027 Loaded shared library C:\Program Files\Java\jdk-19\bin\jsvml.dll
Event: 0.109 Loaded shared library C:\Program Files\Java\jdk-19\bin\net.dll
Event: 0.111 Loaded shared library C:\Program Files\Java\jdk-19\bin\nio.dll
Event: 0.115 Loaded shared library C:\Program Files\Java\jdk-19\bin\zip.dll
Event: 0.160 Loaded shared library C:\Program Files\Java\jdk-19\bin\jimage.dll
Event: 0.165 Loaded shared library C:\Program Files\Java\jdk-19\bin\awt.dll
Event: 0.699 Loaded shared library C:\Users\dmytr\AppData\Local\Temp\jogamp_0000\file_cache\jln12224391559738245889\jln17542898940649889819\natives\windows-amd64\gluegen_rt.dll
Event: 0.711 Loaded shared library C:\Program Files\Java\jdk-19\bin\jawt.dll
Event: 0.727 Loaded shared library C:\Users\dmytr\AppData\Local\Temp\jogamp_0000\file_cache\jln12224391559738245889\jln17542898940649889819\natives\windows-amd64\nativewindow_awt.dll
Event: 0.764 Loaded shared library C:\Users\dmytr\AppData\Local\Temp\jogamp_0000\file_cache\jln12224391559738245889\jln17542898940649889819\natives\windows-amd64\nativewindow_win32.dll
Event: 0.780 Loaded shared library C:\Users\dmytr\AppData\Local\Temp\jogamp_0000\file_cache\jln12224391559738245889\jln17542898940649889819\natives\windows-amd64\newt_head.dll
Event: 1.033 Loaded shared library C:\Users\dmytr\AppData\Local\Temp\jogamp_0000\file_cache\jln12224391559738245889\jln17542898940649889819\natives\windows-amd64\jogl_desktop.dll
Event: 1.178 Loaded shared library C:\Users\dmytr\AppData\Local\Temp\jogamp_0000\file_cache\jln12224391559738245889\jln17542898940649889819\natives\windows-amd64\jogl_mobile.dll
Event: 2.358 Loaded shared library C:\Program Files\Java\jdk-19\bin\jsound.dll

Deoptimization events (20 events):
Event: 3.570 Thread 0x000001edf9d64d90 DEOPT PACKING pc=0x000001eddf078ad7 sp=0x000000e43c1fec20
Event: 3.570 Thread 0x000001edf9d64d90 DEOPT UNPACKING pc=0x000001ede636b0e3 sp=0x000000e43c1fe098 mode 0
Event: 5.054 Thread 0x000001edfa4fd000 DEOPT PACKING pc=0x000001eddf0a451c sp=0x000000e43cdff330
Event: 5.054 Thread 0x000001edfa4fd000 DEOPT UNPACKING pc=0x000001ede636b0e3 sp=0x000000e43cdfe7d0 mode 0
Event: 5.055 Thread 0x000001edfa4fd000 DEOPT PACKING pc=0x000001eddf0a59ae sp=0x000000e43cdff0b0
Event: 5.055 Thread 0x000001edfa4fd000 DEOPT UNPACKING pc=0x000001ede636b0e3 sp=0x000000e43cdfe5b0 mode 0
Event: 5.055 Thread 0x000001edfa4fd000 DEOPT PACKING pc=0x000001eddf0a8c45 sp=0x000000e43cdff160
Event: 5.055 Thread 0x000001edfa4fd000 DEOPT UNPACKING pc=0x000001ede636b0e3 sp=0x000000e43cdfe6a8 mode 0
Event: 6.238 Thread 0x000001edf9d64d90 DEOPT PACKING pc=0x000001eddf0c2c7b sp=0x000000e43c1feba0
Event: 6.238 Thread 0x000001edf9d64d90 DEOPT UNPACKING pc=0x000001ede636b0e3 sp=0x000000e43c1fe070 mode 0
Event: 6.238 Thread 0x000001edf9d64d90 DEOPT PACKING pc=0x000001eddf0c5862 sp=0x000000e43c1fed20
Event: 6.238 Thread 0x000001edf9d64d90 DEOPT UNPACKING pc=0x000001ede636b0e3 sp=0x000000e43c1fe1e8 mode 0
Event: 6.272 Thread 0x000001edf9d64d90 DEOPT PACKING pc=0x000001eddf0c658e sp=0x000000e43c1fed40
Event: 6.272 Thread 0x000001edf9d64d90 DEOPT UNPACKING pc=0x000001ede636b0e3 sp=0x000000e43c1fe208 mode 0
Event: 6.508 Thread 0x000001edf9d64d90 DEOPT PACKING pc=0x000001eddf0c31a5 sp=0x000000e43c1fec20
Event: 6.508 Thread 0x000001edf9d64d90 DEOPT UNPACKING pc=0x000001ede636b0e3 sp=0x000000e43c1fe0d0 mode 0
Event: 6.509 Thread 0x000001edf9d64d90 DEOPT PACKING pc=0x000001eddf0c48dc sp=0x000000e43c1fecb0
Event: 6.509 Thread 0x000001edf9d64d90 DEOPT UNPACKING pc=0x000001ede636b0e3 sp=0x000000e43c1fe210 mode 0
Event: 7.908 Thread 0x000001edf9d64d90 DEOPT PACKING pc=0x000001eddf0c7493 sp=0x000000e43c1febc0
Event: 7.908 Thread 0x000001edf9d64d90 DEOPT UNPACKING pc=0x000001ede636b0e3 sp=0x000000e43c1fe080 mode 0

Classes loaded (20 events):
Event: 2.460 Loading class javax/sound/sampled/LineEvent
Event: 2.460 Loading class javax/sound/sampled/LineEvent done
Event: 2.461 Loading class javax/sound/sampled/LineEvent$Type
Event: 2.461 Loading class javax/sound/sampled/LineEvent$Type done
Event: 2.461 Loading class com/sun/media/sound/EventDispatcher
Event: 2.461 Loading class com/sun/media/sound/EventDispatcher done
Event: 2.726 Loading class jdk/internal/loader/BootLoader$PackageHelper
Event: 2.726 Loading class jdk/internal/loader/BootLoader$PackageHelper done
Event: 2.832 Loading class java/util/regex/Pattern$LookBehindEndNode
Event: 2.833 Loading class java/util/regex/Pattern$LookBehindEndNode done
Event: 2.833 Loading class java/util/regex/Pattern$NotBehind
Event: 2.833 Loading class java/util/regex/Pattern$NotBehind done
Event: 2.833 Loading class java/util/regex/Pattern$Neg
Event: 2.833 Loading class java/util/regex/Pattern$Neg done
Event: 2.834 Loading class java/util/regex/Pattern$Pos
Event: 2.834 Loading class java/util/regex/Pattern$Pos done
Event: 2.847 Loading class java/util/regex/Pattern$SliceS
Event: 2.848 Loading class java/util/regex/Pattern$SliceS done
Event: 19.387 Loading class java/nio/channels/ClosedChannelException
Event: 19.387 Loading class java/nio/channels/ClosedChannelException done

Classes unloaded (0 events):
No events

Classes redefined (0 events):
No events

Internal exceptions (20 events):
Event: 0.188 Thread 0x000001edd6e603e0 Exception <a 'java/io/FileNotFoundException'{0x000000008d022480}> (0x000000008d022480) 
thrown [s\open\src\hotspot\share\prims\jni.cpp, line 517]
Event: 0.238 Thread 0x000001edd6e603e0 Exception <a 'java/lang/NoSuchMethodError'{0x000000008d0ae468}: 'java.lang.Object java.lang.invoke.DirectMethodHandle$Holder.invokeStaticInit(java.lang.Object)'> (0x000000008d0ae468) 
thrown [s\open\src\hotspot\share\interpreter\linkResolver.cpp, line 774]
Event: 0.409 Thread 0x000001edd6e603e0 Exception <a 'java/lang/NoSuchMethodError'{0x000000008cb27b70}: 'java.lang.Object java.lang.invoke.DirectMethodHandle$Holder.invokeStaticInit(java.lang.Object, int, int, int, int)'> (0x000000008cb27b70) 
thrown [s\open\src\hotspot\share\interpreter\linkResolver.cpp, line 774]
Event: 0.477 Thread 0x000001edd6e603e0 Exception <a 'java/lang/NoSuchMethodError'{0x000000008cbf71c8}: 'java.lang.Object java.lang.invoke.DirectMethodHandle$Holder.invokeStaticInit(java.lang.Object, java.lang.Object, int, int, int, int)'> (0x000000008cbf71c8) 
thrown [s\open\src\hotspot\share\interpreter\linkResolver.cpp, line 774]
Event: 0.484 Thread 0x000001edd6e603e0 Exception <a 'java/lang/NoSuchMethodError'{0x000000008ca00f00}: 'int java.lang.invoke.DirectMethodHandle$Holder.invokeSpecial(java.lang.Object, java.lang.Object, java.lang.Object)'> (0x000000008ca00f00) 
thrown [s\open\src\hotspot\share\interpreter\linkResolver.cpp, line 774]
Event: 0.508 Thread 0x000001edd6e603e0 Exception <a 'java/lang/NoSuchMethodError'{0x000000008ca11190}: 'void java.lang.invoke.DirectMethodHandle$Holder.invokeStatic(java.lang.Object, long)'> (0x000000008ca11190) 
thrown [s\open\src\hotspot\share\interpreter\linkResolver.cpp, line 774]
Event: 0.509 Thread 0x000001edd6e603e0 Exception <a 'java/lang/NoSuchMethodError'{0x000000008ca16780}: 'java.lang.Object java.lang.invoke.DirectMethodHandle$Holder.newInvokeSpecial(java.lang.Object, long)'> (0x000000008ca16780) 
thrown [s\open\src\hotspot\share\interpreter\linkResolver.cpp, line 774]
Event: 0.513 Thread 0x000001edd6e603e0 Exception <a 'java/lang/NoSuchMethodError'{0x000000008ca1d998}: 'java.lang.Object java.lang.invoke.DirectMethodHandle$Holder.invokeStatic(java.lang.Object, long, java.lang.Object)'> (0x000000008ca1d998) 
thrown [s\open\src\hotspot\share\interpreter\linkResolver.cpp, line 774]
Event: 0.514 Thread 0x000001edd6e603e0 Exception <a 'java/lang/NoSuchMethodError'{0x000000008ca213c8}: 'java.lang.Object java.lang.invoke.DirectMethodHandle$Holder.invokeStaticInit(java.lang.Object, long, java.lang.Object)'> (0x000000008ca213c8) 
thrown [s\open\src\hotspot\share\interpreter\linkResolver.cpp, line 774]
Event: 0.702 Thread 0x000001edd6e603e0 Exception <a 'java/lang/NoSuchMethodError'{0x000000008ca5f810}: 'int java.lang.invoke.DirectMethodHandle$Holder.invokeStatic(java.lang.Object)'> (0x000000008ca5f810) 
thrown [s\open\src\hotspot\share\interpreter\linkResolver.cpp, line 774]
Event: 0.702 Thread 0x000001edd6e603e0 Exception <a 'java/lang/NoSuchMethodError'{0x000000008ca63540}: 'int java.lang.invoke.DelegatingMethodHandle$Holder.reinvoke_L(java.lang.Object)'> (0x000000008ca63540) 
thrown [s\open\src\hotspot\share\interpreter\linkResolver.cpp, line 774]
Event: 0.741 Thread 0x000001edd6e603e0 Exception <a 'java/lang/NoSuchMethodError'{0x000000008c990e00}: 'java.lang.Object java.lang.invoke.DirectMethodHandle$Holder.invokeInterface(java.lang.Object, java.lang.Object)'> (0x000000008c990e00) 
thrown [s\open\src\hotspot\share\interpreter\linkResolver.cpp, line 774]
Event: 0.742 Thread 0x000001edd6e603e0 Exception <a 'java/lang/IncompatibleClassChangeError'{0x000000008c9946a0}: Found class java.lang.Object, but interface was expected> (0x000000008c9946a0) 
thrown [s\open\src\hotspot\share\interpreter\linkResolver.cpp, line 841]
Event: 1.037 Thread 0x000001edd6e603e0 Exception <a 'java/lang/NoSuchMethodError'{0x000000008c2e0f28}: 'long java.lang.invoke.DelegatingMethodHandle$Holder.reinvoke_L(java.lang.Object, java.lang.Object)'> (0x000000008c2e0f28) 
thrown [s\open\src\hotspot\share\interpreter\linkResolver.cpp, line 774]
Event: 1.038 Thread 0x000001edd6e603e0 Exception <a 'java/lang/NoSuchMethodError'{0x000000008c2eb4d8}: 'void java.lang.invoke.DelegatingMethodHandle$Holder.reinvoke_L(java.lang.Object, java.lang.Object, long)'> (0x000000008c2eb4d8) 
thrown [s\open\src\hotspot\share\interpreter\linkResolver.cpp, line 774]
Event: 1.654 Thread 0x000001edfa47ccf0 Implicit null exception at 0x000001ede68f9b83 to 0x000001ede68f9d78
Event: 1.654 Thread 0x000001edfa47ccf0 Exception <a 'java/lang/NoSuchMethodError'{0x000000008cc553f8}: 'void java.lang.invoke.DirectMethodHandle$Holder.invokeSpecial(java.lang.Object, java.lang.Object, java.lang.Object)'> (0x000000008cc553f8) 
thrown [s\open\src\hotspot\share\interpreter\linkResolver.cpp, line 774]
Event: 1.662 Thread 0x000001edfa47ccf0 Exception <a 'java/lang/NoSuchMethodError'{0x000000008cc6c2f0}: 'long java.lang.invoke.Invokers$Holder.invokeExact_MT(java.lang.Object, java.lang.Object, java.lang.Object)'> (0x000000008cc6c2f0) 
thrown [s\open\src\hotspot\share\interpreter\linkResolver.cpp, line 774]
Event: 2.725 Thread 0x000001edf9d64d90 Implicit null exception at 0x000001ede690194f to 0x000001ede69019d4
Event: 19.386 Thread 0x000001edfbb03850 Exception <a 'java/lang/InterruptedException'{0x000000008c998a40}> (0x000000008c998a40) 
thrown [s\open\src\hotspot\share\runtime\objectMonitor.cpp, line 1648]

VM Operations (20 events):
Event: 6.540 Executing VM operation: Cleanup done
Event: 7.540 Executing VM operation: Cleanup
Event: 7.541 Executing VM operation: Cleanup done
Event: 8.541 Executing VM operation: Cleanup
Event: 8.541 Executing VM operation: Cleanup done
Event: 9.542 Executing VM operation: Cleanup
Event: 9.542 Executing VM operation: Cleanup done
Event: 11.543 Executing VM operation: Cleanup
Event: 11.543 Executing VM operation: Cleanup done
Event: 12.236 Executing VM operation: G1CollectForAllocation
Event: 12.240 Executing VM operation: G1CollectForAllocation done
Event: 14.241 Executing VM operation: Cleanup
Event: 14.241 Executing VM operation: Cleanup done
Event: 16.241 Executing VM operation: Cleanup
Event: 16.242 Executing VM operation: Cleanup done
Event: 17.242 Executing VM operation: Cleanup
Event: 17.243 Executing VM operation: Cleanup done
Event: 19.243 Executing VM operation: Cleanup
Event: 19.243 Executing VM operation: Cleanup done
Event: 19.488 Executing VM operation: Exit

Events (20 events):
Event: 2.153 Thread 0x000001edfa4fc010 Thread added: 0x000001edfa4fc010
Event: 2.461 Thread 0x000001edfa4fcab0 Thread added: 0x000001edfa4fcab0
Event: 2.748 Thread 0x000001edfa4fd000 Thread added: 0x000001edfa4fd000
Event: 2.859 Thread 0x000001ed89fcdcf0 Thread added: 0x000001ed89fcdcf0
Event: 3.164 Thread 0x000001edfa4fd550 Thread exited: 0x000001edfa4fd550
Event: 3.164 Thread 0x000001edfa4fc010 Thread exited: 0x000001edfa4fc010
Event: 3.190 Thread 0x000001ed89fee360 Thread added: 0x000001ed89fee360
Event: 3.319 Thread 0x000001ed89fee360 Thread exited: 0x000001ed89fee360
Event: 3.336 Thread 0x000001ed89fcdcf0 Thread exited: 0x000001ed89fcdcf0
Event: 19.386 Thread 0x000001edfa4fd550 Thread added: 0x000001edfa4fd550
Event: 19.386 Thread 0x000001edfbb03850 Thread exited: 0x000001edfbb03850
Event: 19.386 Thread 0x000001edfa4fc010 Thread added: 0x000001edfa4fc010
Event: 19.386 Thread 0x000001edfba7ef40 Thread added: 0x000001edfba7ef40
Event: 19.387 Thread 0x000001edfba81470 Thread added: 0x000001edfba81470
Event: 19.387 Thread 0x000001edfba7ef40 Thread exited: 0x000001edfba7ef40
Event: 19.387 Thread 0x000001edfa0098c0 Thread exited: 0x000001edfa0098c0
Event: 19.400 Thread 0x000001edf9b9ff80 Thread exited: 0x000001edf9b9ff80
Event: 19.414 Thread 0x000001edfa47ccf0 Thread exited: 0x000001edfa47ccf0
Event: 19.416 Thread 0x000001edfa4fd550 Thread exited: 0x000001edfa4fd550
Event: 19.488 Thread 0x000001edfa4fc010 Thread exited: 0x000001edfa4fc010


Dynamic libraries:
0x00007ff6c1450000 - 0x00007ff6c1460000 	C:\Program Files\Java\jdk-19\bin\java.exe
0x00007ffc766b0000 - 0x00007ffc768a8000 	C:\windows\SYSTEM32\ntdll.dll
0x00007ffc750b0000 - 0x00007ffc7516f000 	C:\windows\System32\KERNEL32.DLL
0x00007ffc73ec0000 - 0x00007ffc74192000 	C:\windows\System32\KERNELBASE.dll
0x00007ffc74300000 - 0x00007ffc74400000 	C:\windows\System32\ucrtbase.dll
0x00007ffc5b950000 - 0x00007ffc5b968000 	C:\Program Files\Java\jdk-19\bin\jli.dll
0x00007ffc754d0000 - 0x00007ffc7557e000 	C:\windows\System32\ADVAPI32.dll
0x00007ffc5b930000 - 0x00007ffc5b94b000 	C:\Program Files\Java\jdk-19\bin\VCRUNTIME140.dll
0x00007ffc76040000 - 0x00007ffc760de000 	C:\windows\System32\msvcrt.dll
0x00007ffc75730000 - 0x00007ffc757cc000 	C:\windows\System32\sechost.dll
0x00007ffc746f0000 - 0x00007ffc74815000 	C:\windows\System32\RPCRT4.dll
0x00007ffc760e0000 - 0x00007ffc76281000 	C:\windows\System32\USER32.dll
0x00007ffc73da0000 - 0x00007ffc73dc2000 	C:\windows\System32\win32u.dll
0x00007ffc592b0000 - 0x00007ffc5954a000 	C:\windows\WinSxS\amd64_microsoft.windows.common-controls_6595b64144ccf1df_6.0.19041.1110_none_60b5254171f9507e\COMCTL32.dll
0x00007ffc76640000 - 0x00007ffc7666b000 	C:\windows\System32\GDI32.dll
0x00007ffc74400000 - 0x00007ffc7450f000 	C:\windows\System32\gdi32full.dll
0x00007ffc73e20000 - 0x00007ffc73ebd000 	C:\windows\System32\msvcp_win.dll
0x00007ffc69f40000 - 0x00007ffc69f4a000 	C:\windows\SYSTEM32\VERSION.dll
0x00007ffc758a0000 - 0x00007ffc758d2000 	C:\windows\System32\IMM32.DLL
0x00007ffc6cde0000 - 0x00007ffc6cdec000 	C:\Program Files\Java\jdk-19\bin\vcruntime140_1.dll
0x00007ffc32f20000 - 0x00007ffc32fae000 	C:\Program Files\Java\jdk-19\bin\msvcp140.dll
0x00007ffc13bc0000 - 0x00007ffc14880000 	C:\Program Files\Java\jdk-19\bin\server\jvm.dll
0x00007ffc4fa90000 - 0x00007ffc4fab7000 	C:\windows\SYSTEM32\WINMM.dll
0x00007ffc6d2e0000 - 0x00007ffc6d2e9000 	C:\windows\SYSTEM32\WSOCK32.dll
0x00007ffc75600000 - 0x00007ffc7566b000 	C:\windows\System32\WS2_32.dll
0x00007ffc725f0000 - 0x00007ffc72602000 	C:\windows\SYSTEM32\kernel.appcore.dll
0x00007ffc5b8c0000 - 0x00007ffc5b8ca000 	C:\Program Files\Java\jdk-19\bin\jimage.dll
0x00007ffc71b20000 - 0x00007ffc71d04000 	C:\windows\SYSTEM32\DBGHELP.DLL
0x00007ffc52600000 - 0x00007ffc52635000 	C:\windows\SYSTEM32\dbgcore.DLL
0x00007ffc745f0000 - 0x00007ffc74672000 	C:\windows\System32\bcryptPrimitives.dll
0x00007ffc53860000 - 0x00007ffc53886000 	C:\Program Files\Java\jdk-19\bin\java.dll
0x00007ffc32e40000 - 0x00007ffc32f17000 	C:\Program Files\Java\jdk-19\bin\jsvml.dll
0x00007ffc758e0000 - 0x00007ffc76025000 	C:\windows\System32\SHELL32.dll
0x00007ffc71e40000 - 0x00007ffc725d2000 	C:\windows\SYSTEM32\windows.storage.dll
0x00007ffc748d0000 - 0x00007ffc74c25000 	C:\windows\System32\combase.dll
0x00007ffc73800000 - 0x00007ffc73830000 	C:\windows\SYSTEM32\Wldp.dll
0x00007ffc75680000 - 0x00007ffc7572d000 	C:\windows\System32\SHCORE.dll
0x00007ffc753b0000 - 0x00007ffc75405000 	C:\windows\System32\shlwapi.dll
0x00007ffc73ce0000 - 0x00007ffc73cff000 	C:\windows\SYSTEM32\profapi.dll
0x00007ffc53840000 - 0x00007ffc53853000 	C:\Program Files\Java\jdk-19\bin\net.dll
0x00007ffc6e430000 - 0x00007ffc6e53c000 	C:\windows\SYSTEM32\WINHTTP.dll
0x00007ffc73560000 - 0x00007ffc735ca000 	C:\windows\system32\mswsock.dll
0x00007ffc53820000 - 0x00007ffc53836000 	C:\Program Files\Java\jdk-19\bin\nio.dll
0x00007ffc348a0000 - 0x00007ffc348b8000 	C:\Program Files\Java\jdk-19\bin\zip.dll
0x00007ffc1a0b0000 - 0x00007ffc1a241000 	C:\Program Files\Java\jdk-19\bin\awt.dll
0x00007ffc757d0000 - 0x00007ffc7589d000 	C:\windows\System32\OLEAUT32.dll
0x00007ffc711d0000 - 0x00007ffc71260000 	C:\windows\SYSTEM32\apphelp.dll
0x00007ffc71390000 - 0x00007ffc7142e000 	C:\windows\system32\uxtheme.dll
0x00007ffc76290000 - 0x00007ffc763a5000 	C:\windows\System32\MSCTF.dll
0x00007ffc76490000 - 0x00007ffc765ba000 	C:\windows\System32\ole32.dll
0x00007ffc71770000 - 0x00007ffc7179f000 	C:\windows\system32\DWMAPI.DLL
0x00007ffc59a80000 - 0x00007ffc59ba5000 	C:\windows\system32\opengl32.dll
0x00007ffc5c5b0000 - 0x00007ffc5c5dc000 	C:\windows\SYSTEM32\GLU32.dll
0x00007ffc73750000 - 0x00007ffc73768000 	C:\windows\SYSTEM32\CRYPTSP.dll
0x00007ffc72e10000 - 0x00007ffc72e44000 	C:\windows\system32\rsaenh.dll
0x00007ffc745c0000 - 0x00007ffc745e7000 	C:\windows\System32\bcrypt.dll
0x00007ffc73c60000 - 0x00007ffc73c8e000 	C:\windows\SYSTEM32\USERENV.dll
0x00007ffc73770000 - 0x00007ffc7377c000 	C:\windows\SYSTEM32\CRYPTBASE.dll
0x00007ffc73200000 - 0x00007ffc7323b000 	C:\windows\SYSTEM32\IPHLPAPI.DLL
0x00007ffc75670000 - 0x00007ffc75678000 	C:\windows\System32\NSI.dll
0x00007ffc6be20000 - 0x00007ffc6be37000 	C:\windows\SYSTEM32\dhcpcsvc6.DLL
0x00007ffc6bd10000 - 0x00007ffc6bd2d000 	C:\windows\SYSTEM32\dhcpcsvc.DLL
0x00007ffc73240000 - 0x00007ffc7330b000 	C:\windows\SYSTEM32\DNSAPI.dll
0x000000006e8c0000 - 0x000000006e8cd000 	C:\Users\dmytr\AppData\Local\Temp\jogamp_0000\file_cache\jln12224391559738245889\jln17542898940649889819\natives\windows-amd64\gluegen_rt.dll
0x00007ffc55b40000 - 0x00007ffc55b47000 	C:\Program Files\Java\jdk-19\bin\jawt.dll
0x000000006a440000 - 0x000000006a44d000 	C:\Users\dmytr\AppData\Local\Temp\jogamp_0000\file_cache\jln12224391559738245889\jln17542898940649889819\natives\windows-amd64\nativewindow_awt.dll
0x000000006c100000 - 0x000000006c110000 	C:\Users\dmytr\AppData\Local\Temp\jogamp_0000\file_cache\jln12224391559738245889\jln17542898940649889819\natives\windows-amd64\nativewindow_win32.dll
0x0000000070d80000 - 0x0000000070d93000 	C:\Users\dmytr\AppData\Local\Temp\jogamp_0000\file_cache\jln12224391559738245889\jln17542898940649889819\natives\windows-amd64\newt_head.dll
0x00007ffc6d7a0000 - 0x00007ffc6d84e000 	C:\windows\SYSTEM32\mscms.dll
0x00007ffc6d780000 - 0x00007ffc6d791000 	C:\windows\SYSTEM32\ColorAdapterClient.dll
0x00007ffc32df0000 - 0x00007ffc32e33000 	C:\windows\SYSTEM32\icm32.dll
0x00007ffc74c30000 - 0x00007ffc75098000 	C:\windows\System32\setupapi.dll
0x00007ffc73dd0000 - 0x00007ffc73e1e000 	C:\windows\System32\cfgmgr32.dll
0x00007ffc73b50000 - 0x00007ffc73b7c000 	C:\windows\SYSTEM32\DEVOBJ.dll
0x00007ffc74680000 - 0x00007ffc746e9000 	C:\windows\System32\WINTRUST.dll
0x00007ffc741a0000 - 0x00007ffc742f6000 	C:\windows\System32\CRYPT32.dll
0x00007ffc73990000 - 0x00007ffc739a2000 	C:\windows\SYSTEM32\MSASN1.dll
0x0000000064500000 - 0x0000000064585000 	C:\Users\dmytr\AppData\Local\Temp\jogamp_0000\file_cache\jln12224391559738245889\jln17542898940649889819\natives\windows-amd64\jogl_desktop.dll
0x0000000064340000 - 0x0000000064391000 	C:\Users\dmytr\AppData\Local\Temp\jogamp_0000\file_cache\jln12224391559738245889\jln17542898940649889819\natives\windows-amd64\jogl_mobile.dll
0x00007ffc74820000 - 0x00007ffc748c9000 	C:\windows\System32\clbcatq.dll
0x00007ffc6a1f0000 - 0x00007ffc6a2e7000 	C:\Windows\System32\AppXDeploymentClient.dll
0x00007ffc12c30000 - 0x00007ffc13bbd000 	C:\windows\System32\DriverStore\FileRepository\iigd_dch.inf_amd64_04c961ba9d7827af\igxelpicd64.dll
0x00007ffc72660000 - 0x00007ffc72753000 	C:\windows\system32\dxgi.dll
0x00007ffc18910000 - 0x00007ffc18d4c000 	C:\windows\System32\DriverStore\FileRepository\iigd_dch.inf_amd64_04c961ba9d7827af\igdml64.dll
0x00007ffc68fa0000 - 0x00007ffc692d6000 	C:\windows\System32\DriverStore\FileRepository\iigd_dch.inf_amd64_04c961ba9d7827af\igdgmm64.dll
0x00007ffc62010000 - 0x00007ffc64d9f000 	C:\windows\System32\DriverStore\FileRepository\iigd_dch.inf_amd64_04c961ba9d7827af\igc64.dll
0x00007ffc73370000 - 0x00007ffc733bb000 	C:\windows\SYSTEM32\powrprof.dll
0x00007ffc731e0000 - 0x00007ffc731f2000 	C:\windows\SYSTEM32\UMPDC.dll
0x00007ffc5bed0000 - 0x00007ffc5bfc9000 	C:\windows\SYSTEM32\textinputframework.dll
0x00007ffc70fa0000 - 0x00007ffc71092000 	C:\windows\System32\CoreMessaging.dll
0x00007ffc708c0000 - 0x00007ffc70c1e000 	C:\windows\System32\CoreUIComponents.dll
0x00007ffc72f30000 - 0x00007ffc72f63000 	C:\windows\SYSTEM32\ntmarta.dll
0x00007ffc6f8e0000 - 0x00007ffc6fa34000 	C:\windows\SYSTEM32\wintypes.dll
0x00007ffc345d0000 - 0x00007ffc345e2000 	C:\Program Files\Java\jdk-19\bin\jsound.dll
0x00007ffc1a810000 - 0x00007ffc1a8ac000 	C:\windows\SYSTEM32\DSOUND.dll
0x00007ffc53470000 - 0x00007ffc53496000 	C:\windows\SYSTEM32\winmmbase.dll
0x00007ffc6b8b0000 - 0x00007ffc6b935000 	C:\windows\System32\MMDevApi.dll
0x00007ffc30a80000 - 0x00007ffc30ac6000 	C:\windows\SYSTEM32\wdmaud.drv
0x00007ffc6ec70000 - 0x00007ffc6ec7a000 	C:\windows\SYSTEM32\AVRT.dll
0x00007ffc6ccb0000 - 0x00007ffc6ccb9000 	C:\windows\SYSTEM32\ksuser.dll
0x00007ffc6b940000 - 0x00007ffc6bac2000 	C:\windows\SYSTEM32\AUDIOSES.DLL
0x00007ffc55b10000 - 0x00007ffc55b1d000 	C:\windows\SYSTEM32\msacm32.drv
0x00007ffc345b0000 - 0x00007ffc345ce000 	C:\windows\SYSTEM32\MSACM32.dll
0x00007ffc53b20000 - 0x00007ffc53b2b000 	C:\windows\SYSTEM32\midimap.dll
0x00007ffc5bfd0000 - 0x00007ffc5c111000 	C:\Windows\System32\Windows.UI.dll
0x00007ffc6dba0000 - 0x00007ffc6dc41000 	C:\Windows\System32\WindowManagementAPI.dll
0x00007ffc5bd70000 - 0x00007ffc5bec2000 	C:\Windows\System32\InputHost.dll
0x00007ffc6d980000 - 0x00007ffc6db80000 	C:\windows\SYSTEM32\twinapi.appcore.dll
0x00007ffc6f4e0000 - 0x00007ffc6f5d6000 	C:\Windows\System32\PROPSYS.dll
0x00007ffc71490000 - 0x00007ffc714a4000 	C:\windows\SYSTEM32\resourcepolicyclient.dll

dbghelp: loaded successfully - version: 4.0.5 - missing functions: none
symbol engine: initialized successfully - sym options: 0x614 - pdb path: .;C:\Program Files\Java\jdk-19\bin;C:\windows\SYSTEM32;C:\windows\WinSxS\amd64_microsoft.windows.common-controls_6595b64144ccf1df_6.0.19041.1110_none_60b5254171f9507e;C:\Program Files\Java\jdk-19\bin\server;C:\Users\dmytr\AppData\Local\Temp\jogamp_0000\file_cache\jln12224391559738245889\jln17542898940649889819\natives\windows-amd64;C:\windows\System32\DriverStore\FileRepository\iigd_dch.inf_amd64_04c961ba9d7827af

VM Arguments:
java_command: ie.tudublin.Main
java_class_path (initial): ./bin;./lib/minim.jar;./lib/core.jar;./lib/jsminim.jar;./lib/mp3spi1.9.5.jar;./lib/tritonus_share.jar;./lib/tritonus_aos.jar;./lib/jl1.0.1.jar;./lib/sqlite-jdbc-3.23.1.jar;lib/jogl-all.jar;lib/gluegen-rt.jar;lib/gluegen-rt-natives-windows-amd64.jar;lib/gluegen-rt-natives-windows-i586.jar;lib/jogl-all-natives-windows-amd64.jar;lib/jogl-all-natives-windows-i586.jarlib/jogl-all.jar;lib/gluegen-rt.jar;lib/gluegen-rt-natives-windows-amd64.jar;lib/gluegen-rt-natives-windows-i586.jar;lib/jogl-all-natives-windows-amd64.jar;lib/jogl-all-natives-windows-i586.jar
Launcher Type: SUN_STANDARD

[Global flags]
     intx CICompilerCount                          = 4                                         {product} {ergonomic}
     uint ConcGCThreads                            = 2                                         {product} {ergonomic}
     uint G1ConcRefinementThreads                  = 8                                         {product} {ergonomic}
   size_t G1HeapRegionSize                         = 1048576                                   {product} {ergonomic}
    uintx GCDrainStackTargetSize                   = 64                                        {product} {ergonomic}
   size_t InitialHeapSize                          = 130023424                                 {product} {ergonomic}
   size_t MarkStackSize                            = 4194304                                   {product} {ergonomic}
   size_t MaxHeapSize                              = 2055208960                                {product} {ergonomic}
   size_t MaxNewSize                               = 1233125376                                {product} {ergonomic}
   size_t MinHeapDeltaBytes                        = 1048576                                   {product} {ergonomic}
   size_t MinHeapSize                              = 8388608                                   {product} {ergonomic}
    uintx NonNMethodCodeHeapSize                   = 5839372                                {pd product} {ergonomic}
    uintx NonProfiledCodeHeapSize                  = 122909434                              {pd product} {ergonomic}
    uintx ProfiledCodeHeapSize                     = 122909434                              {pd product} {ergonomic}
    uintx ReservedCodeCacheSize                    = 251658240                              {pd product} {ergonomic}
     bool SegmentedCodeCache                       = true                                      {product} {ergonomic}
   size_t SoftMaxHeapSize                          = 2055208960                             {manageable} {ergonomic}
     bool UseCompressedClassPointers               = true                           {product lp64_product} {ergonomic}
     bool UseCompressedOops                        = true                           {product lp64_product} {ergonomic}
     bool UseG1GC                                  = true                                      {product} {ergonomic}
     bool UseLargePagesIndividualAllocation        = false                                  {pd product} {ergonomic}

Logging:
Log output configuration:
 #0: stdout all=off uptime,level,tags foldmultilines=false
 #1: stderr all=off uptime,level,tags foldmultilines=false

Environment Variables:
PATH=C:\Users\dmytr\bin;C:\Program Files\Git\mingw64\bin;C:\Program Files\Git\usr\local\bin;C:\Program Files\Git\usr\bin;C:\Program Files\Git\usr\bin;C:\Program Files\Git\mingw64\bin;C:\Program Files\Git\usr\bin;C:\Users\dmytr\bin;C:\Program Files\Common Files\Oracle\Java\javapath;C:\Python310\Scripts;C:\Python310;C:\windows\system32;C:\windows;C:\windows\System32\Wbem;C:\windows\System32\WindowsPowerShell\v1.0;C:\windows\System32\OpenSSH;C:\ProgramData\chocolatey\bin;C:\Program Files\nodejs;C:\Program Files\GitHub CLI;C:\Program Files\PuTTY;C:\Program Files (x86)\Windows Kits\10\Windows Performance Toolkit;C:\msys64\mingw64\bin;C:\Program Files\dotnet;C:\Program Files\Git\cmd;C:\Users\dmytr\AppData\Local\Microsoft\WindowsApps;C:\Users\dmytr\AppData\Local\Programs\Microsoft VS Code\bin;C:\Users\dmytr\AppData\Roaming\npm;C:\Users\dmytr\AppData\Local\GitHubDesktop\bin;C:\Users\dmytr\Documents\Programming\Pycharm\PyCharm Community Edition 2022.3.1\bin;C:\Program Files\Git\usr\bin\vendor_perl;C:\Program Files\Git\usr\bin\core_perl
USERNAME=dmytr
SHELL=C:\Program Files\Git\usr\bin\bash.exe
DISPLAY=needs-to-be-defined
LANG=en_US.UTF-8
TERM=xterm
TMPDIR=C:\Users\dmytr\AppData\Local\Temp
OS=Windows_NT
PROCESSOR_IDENTIFIER=Intel64 Family 6 Model 140 Stepping 1, GenuineIntel
TMP=C:\Users\dmytr\AppData\Local\Temp
TEMP=C:\Users\dmytr\AppData\Local\Temp



---------------  S Y S T E M  ---------------

OS:
 Windows 10 , 64 bit Build 19041 (10.0.19041.2546)
OS uptime: 7 days 7:41 hours

CPU: total 8 (initial active 8) (4 cores per cpu, 2 threads per core) family 6 model 140 stepping 1 microcode 0x8a, cx8, cmov, fxsr, ht, mmx, 3dnowpref, sse, sse2, sse3, ssse3, sse4.1, sse4.2, popcnt, lzcnt, tsc, tscinvbit, avx, avx2, aes, erms, clmul, bmi1, bmi2, adx, avx512f, avx512dq, avx512cd, avx512bw, avx512vl, sha, fma, vzeroupper, avx512_vpopcntdq, avx512_vpclmulqdq, avx512_vaes, avx512_vnni, clflush, clflushopt, clwb, avx512_vbmi2, avx512_vbmi, rdtscp, rdpid, fsrm, gfni, avx512_bitalg

Memory: 4k page, system-wide physical 7834M (2390M free)
TotalPageFile size 11802M (AvailPageFile size 4912M)
current process WorkingSet (physical memory assigned to process): 298M, peak: 308M
current process commit charge ("private bytes"): 329M, peak: 344M

vm_info: Java HotSpot(TM) 64-Bit Server VM (19.0.2+7-44) for windows-amd64 JRE (19.0.2+7-44), built on 2022-11-30T18:02:09Z by "mach5one" with MS VC++ 17.1 (VS2022)

END.
