#
# A fatal error has been detected by the Java Runtime Environment:
#
#  EXCEPTION_ACCESS_VIOLATION (0xc0000005) at pc=0x00007ffba5c6b8f7, pid=16484, tid=2844
#
# JRE version: Java(TM) SE Runtime Environment (19.0.2+7) (build 19.0.2+7-44)
# Java VM: Java HotSpot(TM) 64-Bit Server VM (19.0.2+7-44, mixed mode, sharing, tiered, compressed oops, compressed class ptrs, g1 gc, windows-amd64)
# Problematic frame:
# C  [igxelpicd64.dll+0x28b8f7]
#
# No core dump will be written. Minidumps are not enabled by default on client versions of Windows
#
# If you would like to submit a bug report, please visit:
#   https://bugreport.java.com/bugreport/crash.jsp
#

---------------  S U M M A R Y ------------

Command Line: ie.tudublin.Main

Host: 11th Gen Intel(R) Core(TM) i5-1135G7 @ 2.40GHz, 8 cores, 7G,  Windows 10 , 64 bit Build 19041 (10.0.19041.2546)
Time: Sun Mar 19 00:09:01 2023 GMT Standard Time elapsed time: 7.079265 seconds (0d 0h 0m 7s)

---------------  T H R E A D  ---------------

Current thread (0x00000265d940fda0):  VMThread "VM Thread" [stack: 0x000000e87a400000,0x000000e87a500000] [id=2844]

Stack: [0x000000e87a400000,0x000000e87a500000],  sp=0x000000e87a4fe740,  free space=1017k
Native frames: (J=compiled Java code, j=interpreted, Vv=VM code, C=native code)
C  [igxelpicd64.dll+0x28b8f7]


siginfo: EXCEPTION_ACCESS_VIOLATION (0xc0000005), reading address 0x0000000000035448


Registers:
RAX=0x00000265dfe8eeb0, RBX=0x00000265dd9081e0, RCX=0x0000000000000002, RDX=0x00000265dfe8ee30
RSP=0x000000e87a4fe740, RBP=0x00000265dfe89610, RSI=0x0000000000000000, RDI=0x00000265dfe8ed40
R8 =0x0000000000000000, R9 =0x0000000000000000, R10=0x0000000000000000, R11=0x0000000000000246
R12=0x00000265dfe8f278, R13=0x0000000000000000, R14=0x0000000000002800, R15=0x0000000000000016
RIP=0x00007ffba5c6b8f7, EFLAGS=0x0000000000010202


Register to memory mapping:

RIP=0x00007ffba5c6b8f7 igxelpicd64.dll
RAX=0x00000265dfe8eeb0 points into unknown readable memory: 0x0000000000002888 | 88 28 00 00 00 00 00 00
RBX=0x00000265dd9081e0 points into unknown readable memory: 0x0b2d020afffe0000 | 00 00 fe ff 0a 02 2d 0b
RCX=0x0000000000000002 is an unknown value
RDX=0x00000265dfe8ee30 points into unknown readable memory: 0x0000000000000000 | 00 00 00 00 00 00 00 00
RSP=0x000000e87a4fe740 points into unknown readable memory: 0x00000265dd9081e0 | e0 81 90 dd 65 02 00 00
RBP=0x00000265dfe89610 points into unknown readable memory: 0x00000265de3842b0 | b0 42 38 de 65 02 00 00
RSI=0x0 is NULL
RDI=0x00000265dfe8ed40 points into unknown readable memory: 0x00000265de3842b0 | b0 42 38 de 65 02 00 00
R8 =0x0 is NULL
R9 =0x0 is NULL
R10=0x0 is NULL
R11=0x0000000000000246 is an unknown value
R12=0x00000265dfe8f278 points into unknown readable memory: 0x00000265dfe89610 | 10 96 e8 df 65 02 00 00
R13=0x0 is NULL
R14=0x0000000000002800 is an unknown value
R15=0x0000000000000016 is an unknown value


Top of Stack: (sp=0x000000e87a4fe740)
0x000000e87a4fe740:   00000265dd9081e0 00c9efaf010e84ac
0x000000e87a4fe750:   00f509b2005e75b0 012289b40128c3b2
0x000000e87a4fe760:   00000265df40b438 000000000000288f
0x000000e87a4fe770:   0000000000000000 0000000000000014
0x000000e87a4fe780:   0000000000000000 0000000000000000
0x000000e87a4fe790:   000000e87a4fe8a0 00007ffba5c62315
0x000000e87a4fe7a0:   00000265de367ad0 00000265dd9081e0
0x000000e87a4fe7b0:   014b83d3011c3000 009ab7d600fb8e00
0x000000e87a4fe7c0:   000000e800000eb0 0000b80200410000
0x000000e87a4fe7d0:   0000000000000000 00d130dc00621cdc
0x000000e87a4fe7e0:   01c6a8df01410bdd 0136d8df0122d5df
0x000000e87a4fe7f0:   012f19e301c8f5e0 012bb9e6009b19e6
0x000000e87a4fe800:   013b9be7013016e7 01c6a4e80140ebe7
0x000000e87a4fe810:   00f5d1e900a78ae9 00dd3af0014e0ef0
0x000000e87a4fe820:   008cc7f201439ff1 012806f4014089f3
0x000000e87a4fe830:   013d79f4005e74f4 012fc8f4007aadf4 

Instructions: (pc=0x00007ffba5c6b8f7)
0x00007ffba5c6b7f7:   56 41 57 48 83 ec 20 45 8a e9 48 8b da 48 8b f1
0x00007ffba5c6b807:   48 8b 15 32 62 c4 00 48 8d 48 08 e8 0d 07 dc ff
0x00007ffba5c6b817:   90 48 8b ab 80 02 00 00 48 8b 05 7a 6b b4 00 44
0x00007ffba5c6b827:   8b b8 b8 0a 00 00 45 33 d2 45 8a f2 4c 89 93 80
0x00007ffba5c6b837:   02 00 00 44 89 93 88 02 00 00 4c 89 93 a0 02 00
0x00007ffba5c6b847:   00 4c 89 93 90 02 00 00 48 85 f6 75 38 8b 3d 0e
0x00007ffba5c6b857:   39 c4 00 65 48 8b 04 25 58 00 00 00 b9 14 00 00
0x00007ffba5c6b867:   00 48 8b 04 f8 44 38 14 01 0f 84 01 02 00 00 65
0x00007ffba5c6b877:   48 8b 04 25 58 00 00 00 be 20 00 00 00 48 8b 04
0x00007ffba5c6b887:   f8 48 8b 34 06 48 3b 35 0d 5d c4 00 45 0f 44 fa
0x00007ffba5c6b897:   48 85 ed 0f 84 a9 00 00 00 44 8a 6c 24 70 48 8b
0x00007ffba5c6b8a7:   fd 4c 8d a5 38 05 00 00 49 8b 2c 24 45 84 ed 0f
0x00007ffba5c6b8b7:   85 a1 01 00 00 8b 8b d0 01 00 00 48 8b 05 d7 6a
0x00007ffba5c6b8c7:   b4 00 83 b8 64 03 00 00 02 75 32 48 8d 97 f0 00
0x00007ffba5c6b8d7:   00 00 83 f9 10 0f 83 a2 00 00 00 8b c1 48 c1 e0
0x00007ffba5c6b8e7:   06 48 03 c2 48 85 c0 0f 85 87 00 00 00 4d 8b c2
0x00007ffba5c6b8f7:   4c 3b 86 48 54 03 00 0f 87 75 15 6e 00 4c 39 97
0x00007ffba5c6b907:   90 05 00 00 0f 85 b3 16 6e 00 4c 8b cf 4c 8b c3
0x00007ffba5c6b917:   e8 34 b3 72 00 84 c0 0f 85 b8 00 00 00 48 8b d7
0x00007ffba5c6b927:   48 8b cb e8 91 f9 ff ff 45 33 d2 48 85 ed 0f 85
0x00007ffba5c6b937:   6a ff ff ff 45 84 f6 44 8a 6c 24 78 0f 85 a3 16
0x00007ffba5c6b947:   6e 00 48 8b cb 45 84 ed 0f 85 18 01 00 00 e8 86
0x00007ffba5c6b957:   f6 ff ff 90 48 8b 4c 24 60 48 8b 5c 24 68 48 83
0x00007ffba5c6b967:   c4 20 41 5f 41 5e 41 5d 41 5c 5f 5e 5d 48 ff 25
0x00007ffba5c6b977:   9d 37 80 00 4c 8b 40 08 e9 73 ff ff ff 44 8d 41
0x00007ffba5c6b987:   f0 41 8b c0 c1 e8 04 83 f8 03 72 1a 48 8b 82 18
0x00007ffba5c6b997:   04 00 00 48 85 c0 74 26 39 08 0f 84 ad 00 00 00
0x00007ffba5c6b9a7:   48 8b 40 48 eb ed 0f ae e8 41 83 e0 0f 4c 8b 8c
0x00007ffba5c6b9b7:   c2 00 04 00 00 4d 85 c9 0f 85 80 00 00 00 44 38
0x00007ffba5c6b9c7:   92 20 04 00 00 0f 84 22 ff ff ff 8b c1 83 e0 0f
0x00007ffba5c6b9d7:   e9 08 ff ff ff 48 8b 83 80 02 00 00 49 89 04 24
0x00007ffba5c6b9e7:   48 89 bb 80 02 00 00 ff 83 88 02 00 00 48 8b 4f 


Stack slot to memory mapping:
stack at sp + 0 slots: 0x00000265dd9081e0 points into unknown readable memory: 0x0b2d020afffe0000 | 00 00 fe ff 0a 02 2d 0b
stack at sp + 1 slots: 0x00c9efaf010e84ac is an unknown value
stack at sp + 2 slots: 0x00f509b2005e75b0 is an unknown value
stack at sp + 3 slots: 0x012289b40128c3b2 is an unknown value
stack at sp + 4 slots: 0x00000265df40b438 points into unknown readable memory: 0x0000000000040000 | 00 00 04 00 00 00 00 00
stack at sp + 5 slots: 0x000000000000288f is an unknown value
stack at sp + 6 slots: 0x0 is NULL
stack at sp + 7 slots: 0x0000000000000014 is an unknown value

VM_Operation (0x000000e87c3feea0): Exit, mode: safepoint, requested by thread 0x00000265de4a1cd0


---------------  P R O C E S S  ---------------

Threads class SMR info:
_java_thread_list=0x00000265eb62a180, length=17, elements={
0x00000265d9429c40, 0x00000265d942a920, 0x00000265d942e830, 0x00000265d942fe60,
0x00000265d94319f0, 0x00000265d9433660, 0x00000265d9433fd0, 0x00000265d9441fc0,
0x00000265dd8e4940, 0x00000265dd8e8330, 0x00000265ddb9c500, 0x00000265de3e44e0,
0x00000265de4a1cd0, 0x00000265de4a0ce0, 0x00000265de4a1230, 0x00000265de4a0790,
0x00000265ddac0f50
}

Java Threads: ( => current thread )
  0x00000265d9429c40 JavaThread "Reference Handler" daemon [_thread_blocked, id=16884, stack(0x000000e87a500000,0x000000e87a600000)]
  0x00000265d942a920 JavaThread "Finalizer" daemon [_thread_blocked, id=12696, stack(0x000000e87a600000,0x000000e87a700000)]
  0x00000265d942e830 JavaThread "Attach Listener" daemon [_thread_blocked, id=9064, stack(0x000000e87a800000,0x000000e87a900000)]
  0x00000265d942fe60 JavaThread "Service Thread" daemon [_thread_blocked, id=8680, stack(0x000000e87a900000,0x000000e87aa00000)]
  0x00000265d94319f0 JavaThread "Monitor Deflation Thread" daemon [_thread_blocked, id=8936, stack(0x000000e87aa00000,0x000000e87ab00000)]
  0x00000265d9433660 JavaThread "C2 CompilerThread0" daemon [_thread_blocked, id=16056, stack(0x000000e87ab00000,0x000000e87ac00000)]
  0x00000265d9433fd0 JavaThread "C1 CompilerThread0" daemon [_thread_blocked, id=17228, stack(0x000000e87ac00000,0x000000e87ad00000)]
  0x00000265d9441fc0 JavaThread "Sweeper thread" daemon [_thread_blocked, id=12304, stack(0x000000e87ad00000,0x000000e87ae00000)]
  0x00000265dd8e4940 JavaThread "Notification Thread" daemon [_thread_blocked, id=12688, stack(0x000000e87ae00000,0x000000e87af00000)]
  0x00000265dd8e8330 JavaThread "Common-Cleaner" daemon [_thread_blocked, id=7196, stack(0x000000e87b000000,0x000000e87b100000)]
  0x00000265ddb9c500 JavaThread "Java2D Disposer" daemon [_thread_blocked, id=15948, stack(0x000000e87b100000,0x000000e87b200000)]
  0x00000265de3e44e0 JavaThread "HighResTimerThread" daemon [_thread_blocked, id=4964, stack(0x000000e87c100000,0x000000e87c200000)]
  0x00000265de4a1cd0 JavaThread "main-FPSAWTAnimator#00-Timer0" [_thread_blocked, id=13276, stack(0x000000e87c300000,0x000000e87c400000)]
  0x00000265de4a0ce0 JavaThread "DestroyJavaVM" [_thread_blocked, id=8340, stack(0x000000e879e00000,0x000000e879f00000)]
  0x00000265de4a1230 JavaThread "Java Sound Event Dispatcher" daemon [_thread_blocked, id=1436, stack(0x000000e87c700000,0x000000e87c800000)]
  0x00000265de4a0790 JavaThread "Thread-4" [_thread_blocked, id=11956, stack(0x000000e87b200000,0x000000e87b300000)]
  0x00000265ddac0f50 JavaThread "AWT-Shutdown" [_thread_blocked, id=16416, stack(0x000000e87cf00000,0x000000e87d000000)]

Other Threads:
=>0x00000265d940fda0 VMThread "VM Thread" [stack: 0x000000e87a400000,0x000000e87a500000] [id=2844]
  0x00000265baeee900 WorkerThread "GC Thread#0" [stack: 0x000000e879f00000,0x000000e87a000000] [id=6712]
  0x00000265de3bc770 WorkerThread "GC Thread#1" [stack: 0x000000e87ba00000,0x000000e87bb00000] [id=12660]
  0x00000265de3bd580 WorkerThread "GC Thread#2" [stack: 0x000000e87bb00000,0x000000e87bc00000] [id=4868]
  0x00000265de3bca40 WorkerThread "GC Thread#3" [stack: 0x000000e87bc00000,0x000000e87bd00000] [id=2412]
  0x00000265de3bcd10 WorkerThread "GC Thread#4" [stack: 0x000000e87bd00000,0x000000e87be00000] [id=4356]
  0x00000265de3bcfe0 WorkerThread "GC Thread#5" [stack: 0x000000e87be00000,0x000000e87bf00000] [id=14332]
  0x00000265de3bd2b0 WorkerThread "GC Thread#6" [stack: 0x000000e87bf00000,0x000000e87c000000] [id=3556]
  0x00000265de3bdb20 WorkerThread "GC Thread#7" [stack: 0x000000e87c000000,0x000000e87c100000] [id=16412]
  0x00000265baeffd70 ConcurrentGCThread "G1 Main Marker" terminated
  0x00000265baf007a0 WorkerThread "G1 Conc#0" [stack: 0x000000e87a100000,0x000000e87a200000] [id=5352]
  0x00000265baf5e950 ConcurrentGCThread "G1 Refine#0" terminated
  0x00000265d92c5a30 ConcurrentGCThread "G1 Service" terminated

Threads with active compile tasks:

VM state: at safepoint (shutting down)

VM Mutex/Monitor currently owned by a thread:  ([mutex/lock_event])
[0x00000265bae8a040] Threads_lock - owner thread: 0x00000265d940fda0
[0x00000265bae8a1f0] Heap_lock - owner thread: 0x00000265de4a1cd0

Heap address: 0x0000000085800000, size: 1960 MB, Compressed Oops mode: 32-bit

CDS archive(s) mapped at: [0x0000000800000000-0x0000000800c40000-0x0000000800c40000), size 12845056, SharedBaseAddress: 0x0000000800000000, ArchiveRelocationMode: 0.
Compressed class space mapped at: 0x0000000801000000-0x0000000841000000, reserved size: 1073741824
Narrow klass base: 0x0000000800000000, Narrow klass shift: 0, Narrow klass range: 0x100000000

GC Precious Log:
 CardTable entry size: 512
 Card Set container configuration: InlinePtr #cards 5 size 8 Array Of Cards #cards 12 size 40 Howl #buckets 4 coarsen threshold 1843 Howl Bitmap #cards 512 size 80 coarsen threshold 460 Card regions per heap region 1 cards per card region 2048
 CPUs: 8 total, 8 available
 Memory: 7834M
 Large Page Support: Disabled
 NUMA Support: Disabled
 Compressed Oops: Enabled (32-bit)
 Heap Region Size: 1M
 Heap Min Capacity: 8M
 Heap Initial Capacity: 124M
 Heap Max Capacity: 1960M
 Pre-touch: Disabled
 Parallel Workers: 8
 Concurrent Workers: 2
 Concurrent Refinement Workers: 8
 Periodic GC: Disabled

Heap:
 garbage-first heap   total 126976K, used 50219K [0x0000000085800000, 0x0000000100000000)
  region size 1024K, 31 young (31744K), 3 survivors (3072K)
 Metaspace       used 14824K, committed 15040K, reserved 1114112K
  class space    used 1080K, committed 1152K, reserved 1048576K

Heap Regions: E=young(eden), S=young(survivor), O=old, HS=humongous(starts), HC=humongous(continues), CS=collection set, F=free, OA=open archive, CA=closed archive, TAMS=top-at-mark-start (previous, next)
|   0|0x0000000085800000, 0x0000000085900000, 0x0000000085900000|100%|HS|  |TAMS 0x0000000085800000, 0x0000000085800000| Complete 
|   1|0x0000000085900000, 0x0000000085a00000, 0x0000000085a00000|100%|HS|  |TAMS 0x0000000085900000, 0x0000000085900000| Complete 
|   2|0x0000000085a00000, 0x0000000085b00000, 0x0000000085b00000|100%|HC|  |TAMS 0x0000000085a00000, 0x0000000085a00000| Complete 
|   3|0x0000000085b00000, 0x0000000085b0ac00, 0x0000000085c00000|  4%| O|  |TAMS 0x0000000085b00000, 0x0000000085b00000| Untracked 
|   4|0x0000000085c00000, 0x0000000085d00000, 0x0000000085d00000|100%|HS|  |TAMS 0x0000000085c00000, 0x0000000085c00000| Complete 
|   5|0x0000000085d00000, 0x0000000085e00000, 0x0000000085e00000|100%|HC|  |TAMS 0x0000000085d00000, 0x0000000085d00000| Complete 
|   6|0x0000000085e00000, 0x0000000085f00000, 0x0000000085f00000|100%|HC|  |TAMS 0x0000000085e00000, 0x0000000085e00000| Complete 
|   7|0x0000000085f00000, 0x0000000086000000, 0x0000000086000000|100%|HC|  |TAMS 0x0000000085f00000, 0x0000000085f00000| Complete 
|   8|0x0000000086000000, 0x0000000086100000, 0x0000000086100000|100%|HS|  |TAMS 0x0000000086000000, 0x0000000086000000| Complete 
|   9|0x0000000086100000, 0x0000000086200000, 0x0000000086200000|100%|HC|  |TAMS 0x0000000086100000, 0x0000000086100000| Complete 
|  10|0x0000000086200000, 0x0000000086300000, 0x0000000086300000|100%|HC|  |TAMS 0x0000000086200000, 0x0000000086200000| Complete 
|  11|0x0000000086300000, 0x0000000086400000, 0x0000000086400000|100%|HC|  |TAMS 0x0000000086300000, 0x0000000086300000| Complete 
|  12|0x0000000086400000, 0x0000000086500000, 0x0000000086500000|100%|HS|  |TAMS 0x0000000086400000, 0x0000000086400000| Complete 
|  13|0x0000000086500000, 0x0000000086600000, 0x0000000086600000|100%|HC|  |TAMS 0x0000000086500000, 0x0000000086500000| Complete 
|  14|0x0000000086600000, 0x0000000086700000, 0x0000000086700000|100%|HC|  |TAMS 0x0000000086600000, 0x0000000086600000| Complete 
|  15|0x0000000086700000, 0x0000000086800000, 0x0000000086800000|100%|HS|  |TAMS 0x0000000086700000, 0x0000000086700000| Complete 
|  16|0x0000000086800000, 0x0000000086900000, 0x0000000086900000|100%|HC|  |TAMS 0x0000000086800000, 0x0000000086800000| Complete 
|  17|0x0000000086900000, 0x0000000086a00000, 0x0000000086a00000|100%|HC|  |TAMS 0x0000000086900000, 0x0000000086900000| Complete 
|  18|0x0000000086a00000, 0x0000000086b00000, 0x0000000086b00000|100%|HC|  |TAMS 0x0000000086a00000, 0x0000000086a00000| Complete 
|  19|0x0000000086b00000, 0x0000000086c00000, 0x0000000086c00000|100%|HS|  |TAMS 0x0000000086b00000, 0x0000000086b00000| Complete 
|  20|0x0000000086c00000, 0x0000000086d00000, 0x0000000086d00000|100%|HC|  |TAMS 0x0000000086c00000, 0x0000000086c00000| Complete 
|  21|0x0000000086d00000, 0x0000000086d00000, 0x0000000086e00000|  0%| F|  |TAMS 0x0000000086d00000, 0x0000000086d00000| Untracked 
|  22|0x0000000086e00000, 0x0000000086e00000, 0x0000000086f00000|  0%| F|  |TAMS 0x0000000086e00000, 0x0000000086e00000| Untracked 
|  23|0x0000000086f00000, 0x0000000086f00000, 0x0000000087000000|  0%| F|  |TAMS 0x0000000086f00000, 0x0000000086f00000| Untracked 
|  24|0x0000000087000000, 0x0000000087000000, 0x0000000087100000|  0%| F|  |TAMS 0x0000000087000000, 0x0000000087000000| Untracked 
|  25|0x0000000087100000, 0x0000000087100000, 0x0000000087200000|  0%| F|  |TAMS 0x0000000087100000, 0x0000000087100000| Untracked 
|  26|0x0000000087200000, 0x0000000087200000, 0x0000000087300000|  0%| F|  |TAMS 0x0000000087200000, 0x0000000087200000| Untracked 
|  27|0x0000000087300000, 0x0000000087300000, 0x0000000087400000|  0%| F|  |TAMS 0x0000000087300000, 0x0000000087300000| Untracked 
|  28|0x0000000087400000, 0x0000000087400000, 0x0000000087500000|  0%| F|  |TAMS 0x0000000087400000, 0x0000000087400000| Untracked 
|  29|0x0000000087500000, 0x0000000087500000, 0x0000000087600000|  0%| F|  |TAMS 0x0000000087500000, 0x0000000087500000| Untracked 
|  30|0x0000000087600000, 0x0000000087600000, 0x0000000087700000|  0%| F|  |TAMS 0x0000000087600000, 0x0000000087600000| Untracked 
|  31|0x0000000087700000, 0x0000000087700000, 0x0000000087800000|  0%| F|  |TAMS 0x0000000087700000, 0x0000000087700000| Untracked 
|  32|0x0000000087800000, 0x0000000087800000, 0x0000000087900000|  0%| F|  |TAMS 0x0000000087800000, 0x0000000087800000| Untracked 
|  33|0x0000000087900000, 0x0000000087900000, 0x0000000087a00000|  0%| F|  |TAMS 0x0000000087900000, 0x0000000087900000| Untracked 
|  34|0x0000000087a00000, 0x0000000087a00000, 0x0000000087b00000|  0%| F|  |TAMS 0x0000000087a00000, 0x0000000087a00000| Untracked 
|  35|0x0000000087b00000, 0x0000000087b00000, 0x0000000087c00000|  0%| F|  |TAMS 0x0000000087b00000, 0x0000000087b00000| Untracked 
|  36|0x0000000087c00000, 0x0000000087c00000, 0x0000000087d00000|  0%| F|  |TAMS 0x0000000087c00000, 0x0000000087c00000| Untracked 
|  37|0x0000000087d00000, 0x0000000087d00000, 0x0000000087e00000|  0%| F|  |TAMS 0x0000000087d00000, 0x0000000087d00000| Untracked 
|  38|0x0000000087e00000, 0x0000000087e00000, 0x0000000087f00000|  0%| F|  |TAMS 0x0000000087e00000, 0x0000000087e00000| Untracked 
|  39|0x0000000087f00000, 0x0000000087f00000, 0x0000000088000000|  0%| F|  |TAMS 0x0000000087f00000, 0x0000000087f00000| Untracked 
|  40|0x0000000088000000, 0x0000000088000000, 0x0000000088100000|  0%| F|  |TAMS 0x0000000088000000, 0x0000000088000000| Untracked 
|  41|0x0000000088100000, 0x0000000088100000, 0x0000000088200000|  0%| F|  |TAMS 0x0000000088100000, 0x0000000088100000| Untracked 
|  42|0x0000000088200000, 0x0000000088200000, 0x0000000088300000|  0%| F|  |TAMS 0x0000000088200000, 0x0000000088200000| Untracked 
|  43|0x0000000088300000, 0x0000000088300000, 0x0000000088400000|  0%| F|  |TAMS 0x0000000088300000, 0x0000000088300000| Untracked 
|  44|0x0000000088400000, 0x0000000088400000, 0x0000000088500000|  0%| F|  |TAMS 0x0000000088400000, 0x0000000088400000| Untracked 
|  45|0x0000000088500000, 0x0000000088500000, 0x0000000088600000|  0%| F|  |TAMS 0x0000000088500000, 0x0000000088500000| Untracked 
|  46|0x0000000088600000, 0x0000000088600000, 0x0000000088700000|  0%| F|  |TAMS 0x0000000088600000, 0x0000000088600000| Untracked 
|  47|0x0000000088700000, 0x0000000088700000, 0x0000000088800000|  0%| F|  |TAMS 0x0000000088700000, 0x0000000088700000| Untracked 
|  48|0x0000000088800000, 0x0000000088800000, 0x0000000088900000|  0%| F|  |TAMS 0x0000000088800000, 0x0000000088800000| Untracked 
|  49|0x0000000088900000, 0x0000000088900000, 0x0000000088a00000|  0%| F|  |TAMS 0x0000000088900000, 0x0000000088900000| Untracked 
|  50|0x0000000088a00000, 0x0000000088a00000, 0x0000000088b00000|  0%| F|  |TAMS 0x0000000088a00000, 0x0000000088a00000| Untracked 
|  51|0x0000000088b00000, 0x0000000088b00000, 0x0000000088c00000|  0%| F|  |TAMS 0x0000000088b00000, 0x0000000088b00000| Untracked 
|  52|0x0000000088c00000, 0x0000000088c00000, 0x0000000088d00000|  0%| F|  |TAMS 0x0000000088c00000, 0x0000000088c00000| Untracked 
|  53|0x0000000088d00000, 0x0000000088d00000, 0x0000000088e00000|  0%| F|  |TAMS 0x0000000088d00000, 0x0000000088d00000| Untracked 
|  54|0x0000000088e00000, 0x0000000088e00000, 0x0000000088f00000|  0%| F|  |TAMS 0x0000000088e00000, 0x0000000088e00000| Untracked 
|  55|0x0000000088f00000, 0x0000000088f00000, 0x0000000089000000|  0%| F|  |TAMS 0x0000000088f00000, 0x0000000088f00000| Untracked 
|  56|0x0000000089000000, 0x0000000089000000, 0x0000000089100000|  0%| F|  |TAMS 0x0000000089000000, 0x0000000089000000| Untracked 
|  57|0x0000000089100000, 0x0000000089100000, 0x0000000089200000|  0%| F|  |TAMS 0x0000000089100000, 0x0000000089100000| Untracked 
|  58|0x0000000089200000, 0x0000000089200000, 0x0000000089300000|  0%| F|  |TAMS 0x0000000089200000, 0x0000000089200000| Untracked 
|  59|0x0000000089300000, 0x0000000089300000, 0x0000000089400000|  0%| F|  |TAMS 0x0000000089300000, 0x0000000089300000| Untracked 
|  60|0x0000000089400000, 0x0000000089400000, 0x0000000089500000|  0%| F|  |TAMS 0x0000000089400000, 0x0000000089400000| Untracked 
|  61|0x0000000089500000, 0x0000000089500000, 0x0000000089600000|  0%| F|  |TAMS 0x0000000089500000, 0x0000000089500000| Untracked 
|  62|0x0000000089600000, 0x0000000089600000, 0x0000000089700000|  0%| F|  |TAMS 0x0000000089600000, 0x0000000089600000| Untracked 
|  63|0x0000000089700000, 0x0000000089700000, 0x0000000089800000|  0%| F|  |TAMS 0x0000000089700000, 0x0000000089700000| Untracked 
|  64|0x0000000089800000, 0x0000000089800000, 0x0000000089900000|  0%| F|  |TAMS 0x0000000089800000, 0x0000000089800000| Untracked 
|  65|0x0000000089900000, 0x0000000089900000, 0x0000000089a00000|  0%| F|  |TAMS 0x0000000089900000, 0x0000000089900000| Untracked 
|  66|0x0000000089a00000, 0x0000000089a00000, 0x0000000089b00000|  0%| F|  |TAMS 0x0000000089a00000, 0x0000000089a00000| Untracked 
|  67|0x0000000089b00000, 0x0000000089b00000, 0x0000000089c00000|  0%| F|  |TAMS 0x0000000089b00000, 0x0000000089b00000| Untracked 
|  68|0x0000000089c00000, 0x0000000089c00000, 0x0000000089d00000|  0%| F|  |TAMS 0x0000000089c00000, 0x0000000089c00000| Untracked 
|  69|0x0000000089d00000, 0x0000000089d00000, 0x0000000089e00000|  0%| F|  |TAMS 0x0000000089d00000, 0x0000000089d00000| Untracked 
|  70|0x0000000089e00000, 0x0000000089e00000, 0x0000000089f00000|  0%| F|  |TAMS 0x0000000089e00000, 0x0000000089e00000| Untracked 
|  71|0x0000000089f00000, 0x0000000089f00000, 0x000000008a000000|  0%| F|  |TAMS 0x0000000089f00000, 0x0000000089f00000| Untracked 
|  72|0x000000008a000000, 0x000000008a000000, 0x000000008a100000|  0%| F|  |TAMS 0x000000008a000000, 0x000000008a000000| Untracked 
|  73|0x000000008a100000, 0x000000008a100000, 0x000000008a200000|  0%| F|  |TAMS 0x000000008a100000, 0x000000008a100000| Untracked 
|  74|0x000000008a200000, 0x000000008a200000, 0x000000008a300000|  0%| F|  |TAMS 0x000000008a200000, 0x000000008a200000| Untracked 
|  75|0x000000008a300000, 0x000000008a300000, 0x000000008a400000|  0%| F|  |TAMS 0x000000008a300000, 0x000000008a300000| Untracked 
|  76|0x000000008a400000, 0x000000008a400000, 0x000000008a500000|  0%| F|  |TAMS 0x000000008a400000, 0x000000008a400000| Untracked 
|  77|0x000000008a500000, 0x000000008a500000, 0x000000008a600000|  0%| F|  |TAMS 0x000000008a500000, 0x000000008a500000| Untracked 
|  78|0x000000008a600000, 0x000000008a600000, 0x000000008a700000|  0%| F|  |TAMS 0x000000008a600000, 0x000000008a600000| Untracked 
|  79|0x000000008a700000, 0x000000008a700000, 0x000000008a800000|  0%| F|  |TAMS 0x000000008a700000, 0x000000008a700000| Untracked 
|  80|0x000000008a800000, 0x000000008a800000, 0x000000008a900000|  0%| F|  |TAMS 0x000000008a800000, 0x000000008a800000| Untracked 
|  81|0x000000008a900000, 0x000000008a900000, 0x000000008aa00000|  0%| F|  |TAMS 0x000000008a900000, 0x000000008a900000| Untracked 
|  82|0x000000008aa00000, 0x000000008aa00000, 0x000000008ab00000|  0%| F|  |TAMS 0x000000008aa00000, 0x000000008aa00000| Untracked 
|  83|0x000000008ab00000, 0x000000008ab00000, 0x000000008ac00000|  0%| F|  |TAMS 0x000000008ab00000, 0x000000008ab00000| Untracked 
|  84|0x000000008ac00000, 0x000000008ac00000, 0x000000008ad00000|  0%| F|  |TAMS 0x000000008ac00000, 0x000000008ac00000| Untracked 
|  85|0x000000008ad00000, 0x000000008ad00000, 0x000000008ae00000|  0%| F|  |TAMS 0x000000008ad00000, 0x000000008ad00000| Untracked 
|  86|0x000000008ae00000, 0x000000008ae00000, 0x000000008af00000|  0%| F|  |TAMS 0x000000008ae00000, 0x000000008ae00000| Untracked 
|  87|0x000000008af00000, 0x000000008af00000, 0x000000008b000000|  0%| F|  |TAMS 0x000000008af00000, 0x000000008af00000| Untracked 
|  88|0x000000008b000000, 0x000000008b000000, 0x000000008b100000|  0%| F|  |TAMS 0x000000008b000000, 0x000000008b000000| Untracked 
|  89|0x000000008b100000, 0x000000008b100000, 0x000000008b200000|  0%| F|  |TAMS 0x000000008b100000, 0x000000008b100000| Untracked 
|  90|0x000000008b200000, 0x000000008b200000, 0x000000008b300000|  0%| F|  |TAMS 0x000000008b200000, 0x000000008b200000| Untracked 
|  91|0x000000008b300000, 0x000000008b300000, 0x000000008b400000|  0%| F|  |TAMS 0x000000008b300000, 0x000000008b300000| Untracked 
|  92|0x000000008b400000, 0x000000008b400000, 0x000000008b500000|  0%| F|  |TAMS 0x000000008b400000, 0x000000008b400000| Untracked 
|  93|0x000000008b500000, 0x000000008b570140, 0x000000008b600000| 43%| E|  |TAMS 0x000000008b500000, 0x000000008b500000| Complete 
|  94|0x000000008b600000, 0x000000008b700000, 0x000000008b700000|100%| E|CS|TAMS 0x000000008b600000, 0x000000008b600000| Complete 
|  95|0x000000008b700000, 0x000000008b800000, 0x000000008b800000|100%| E|CS|TAMS 0x000000008b700000, 0x000000008b700000| Complete 
|  96|0x000000008b800000, 0x000000008b900000, 0x000000008b900000|100%| E|CS|TAMS 0x000000008b800000, 0x000000008b800000| Complete 
|  97|0x000000008b900000, 0x000000008ba00000, 0x000000008ba00000|100%| E|CS|TAMS 0x000000008b900000, 0x000000008b900000| Complete 
|  98|0x000000008ba00000, 0x000000008bb00000, 0x000000008bb00000|100%| S|CS|TAMS 0x000000008ba00000, 0x000000008ba00000| Complete 
|  99|0x000000008bb00000, 0x000000008bc00000, 0x000000008bc00000|100%| S|CS|TAMS 0x000000008bb00000, 0x000000008bb00000| Complete 
| 100|0x000000008bc00000, 0x000000008bd00000, 0x000000008bd00000|100%| S|CS|TAMS 0x000000008bc00000, 0x000000008bc00000| Complete 
| 101|0x000000008bd00000, 0x000000008be00000, 0x000000008be00000|100%| E|CS|TAMS 0x000000008bd00000, 0x000000008bd00000| Complete 
| 102|0x000000008be00000, 0x000000008bf00000, 0x000000008bf00000|100%| E|CS|TAMS 0x000000008be00000, 0x000000008be00000| Complete 
| 103|0x000000008bf00000, 0x000000008c000000, 0x000000008c000000|100%| E|CS|TAMS 0x000000008bf00000, 0x000000008bf00000| Complete 
| 104|0x000000008c000000, 0x000000008c100000, 0x000000008c100000|100%| E|CS|TAMS 0x000000008c000000, 0x000000008c000000| Complete 
| 105|0x000000008c100000, 0x000000008c200000, 0x000000008c200000|100%| E|CS|TAMS 0x000000008c100000, 0x000000008c100000| Complete 
| 106|0x000000008c200000, 0x000000008c300000, 0x000000008c300000|100%| E|CS|TAMS 0x000000008c200000, 0x000000008c200000| Complete 
| 107|0x000000008c300000, 0x000000008c400000, 0x000000008c400000|100%| E|  |TAMS 0x000000008c300000, 0x000000008c300000| Complete 
| 108|0x000000008c400000, 0x000000008c500000, 0x000000008c500000|100%| E|CS|TAMS 0x000000008c400000, 0x000000008c400000| Complete 
| 109|0x000000008c500000, 0x000000008c600000, 0x000000008c600000|100%| E|CS|TAMS 0x000000008c500000, 0x000000008c500000| Complete 
| 110|0x000000008c600000, 0x000000008c700000, 0x000000008c700000|100%| E|CS|TAMS 0x000000008c600000, 0x000000008c600000| Complete 
| 111|0x000000008c700000, 0x000000008c800000, 0x000000008c800000|100%| E|CS|TAMS 0x000000008c700000, 0x000000008c700000| Complete 
| 112|0x000000008c800000, 0x000000008c900000, 0x000000008c900000|100%| E|CS|TAMS 0x000000008c800000, 0x000000008c800000| Complete 
| 113|0x000000008c900000, 0x000000008ca00000, 0x000000008ca00000|100%| E|CS|TAMS 0x000000008c900000, 0x000000008c900000| Complete 
| 114|0x000000008ca00000, 0x000000008cb00000, 0x000000008cb00000|100%| E|CS|TAMS 0x000000008ca00000, 0x000000008ca00000| Complete 
| 115|0x000000008cb00000, 0x000000008cc00000, 0x000000008cc00000|100%| E|CS|TAMS 0x000000008cb00000, 0x000000008cb00000| Complete 
| 116|0x000000008cc00000, 0x000000008cd00000, 0x000000008cd00000|100%| E|CS|TAMS 0x000000008cc00000, 0x000000008cc00000| Complete 
| 117|0x000000008cd00000, 0x000000008ce00000, 0x000000008ce00000|100%| E|CS|TAMS 0x000000008cd00000, 0x000000008cd00000| Complete 
| 118|0x000000008ce00000, 0x000000008cf00000, 0x000000008cf00000|100%| E|CS|TAMS 0x000000008ce00000, 0x000000008ce00000| Complete 
| 119|0x000000008cf00000, 0x000000008d000000, 0x000000008d000000|100%| E|CS|TAMS 0x000000008cf00000, 0x000000008cf00000| Complete 
| 120|0x000000008d000000, 0x000000008d100000, 0x000000008d100000|100%| E|CS|TAMS 0x000000008d000000, 0x000000008d000000| Complete 
| 121|0x000000008d100000, 0x000000008d200000, 0x000000008d200000|100%| E|CS|TAMS 0x000000008d100000, 0x000000008d100000| Complete 
| 122|0x000000008d200000, 0x000000008d300000, 0x000000008d300000|100%| E|CS|TAMS 0x000000008d200000, 0x000000008d200000| Complete 
| 123|0x000000008d300000, 0x000000008d400000, 0x000000008d400000|100%| E|CS|TAMS 0x000000008d300000, 0x000000008d300000| Complete 

Card table byte_map: [0x00000265d2510000,0x00000265d28f0000] _byte_map_base: 0x00000265d20e4000

Marking Bits (Prev, Next): (CMBitMap*) 0x00000265baeeff40, (CMBitMap*) 0x00000265baeeff80
 Prev Bits: [0x00000265d2cd0000, 0x00000265d4b70000)
 Next Bits: [0x00000265d4b70000, 0x00000265d6a10000)

Polling page: 0x00000265b8e30000

Metaspace:

Usage:
  Non-class:     13.42 MB used.
      Class:      1.05 MB used.
       Both:     14.48 MB used.

Virtual space:
  Non-class space:       64.00 MB reserved,      13.56 MB ( 21%) committed,  1 nodes.
      Class space:        1.00 GB reserved,       1.12 MB ( <1%) committed,  1 nodes.
             Both:        1.06 GB reserved,      14.69 MB (  1%) committed. 

Chunk freelists:
   Non-Class:  1.72 MB
       Class:  2.81 MB
        Both:  4.53 MB

MaxMetaspaceSize: unlimited
CompressedClassSpaceSize: 1.00 GB
Initial GC threshold: 21.00 MB
Current GC threshold: 21.00 MB
CDS: on
MetaspaceReclaimPolicy: balanced
 - commit_granule_bytes: 65536.
 - commit_granule_words: 8192.
 - virtual_space_node_default_size: 8388608.
 - enlarge_chunks_in_place: 1.
 - new_chunks_are_fully_committed: 0.
 - uncommit_free_chunks: 1.
 - use_allocation_guard: 0.


Internal statistics:

num_allocs_failed_limit: 0.
num_arena_births: 202.
num_arena_deaths: 0.
num_vsnodes_births: 2.
num_vsnodes_deaths: 0.
num_space_committed: 231.
num_space_uncommitted: 0.
num_chunks_returned_to_freelist: 0.
num_chunks_taken_from_freelist: 515.
num_chunk_merges: 0.
num_chunk_splits: 400.
num_chunks_enlarged: 321.
num_inconsistent_stats: 0.

CodeHeap 'non-profiled nmethods': size=120000Kb used=1015Kb max_used=1015Kb free=118984Kb
 bounds [0x00000265ca8d0000, 0x00000265cab40000, 0x00000265d1e00000]
CodeHeap 'profiled nmethods': size=120000Kb used=4142Kb max_used=4142Kb free=115857Kb
 bounds [0x00000265c2e00000, 0x00000265c3210000, 0x00000265ca330000]
CodeHeap 'non-nmethods': size=5760Kb used=1650Kb max_used=1675Kb free=4109Kb
 bounds [0x00000265ca330000, 0x00000265ca5a0000, 0x00000265ca8d0000]
 total_blobs=3065 nmethods=2101 adapters=875
 compilation: enabled
              stopped_count=0, restarted_count=0
 full_count=0

Compilation events (20 events):
Event: 6.404 Thread 0x00000265d9433660 2092       4       jogamp.opengl.gl4.GL4bcImpl::glEnableVertexAttribArray (44 bytes)
Event: 6.405 Thread 0x00000265d9433660 nmethod 2092 0x00000265ca9c9a10 code [0x00000265ca9c9ba0, 0x00000265ca9c9c88]
Event: 6.503 Thread 0x00000265d9433660 2093       4       processing.opengl.PShader::setAttributeVBO (34 bytes)
Event: 6.508 Thread 0x00000265d9433660 nmethod 2093 0x00000265ca9c9d90 code [0x00000265ca9c9f60, 0x00000265ca9ca618]
Event: 6.535 Thread 0x00000265d9433660 2094 %     4       c21376161.Wave::RenderWave @ 16 (247 bytes)
Event: 6.544 Thread 0x00000265d9433660 nmethod 2094% 0x00000265ca9cae90 code [0x00000265ca9cb0a0, 0x00000265ca9cba28]
Event: 6.544 Thread 0x00000265d9433660 2095       4       processing.opengl.PGraphicsOpenGL$Tessellator::addBezierVertex (735 bytes)
Event: 6.553 Thread 0x00000265d9433660 nmethod 2095 0x00000265ca9cc310 code [0x00000265ca9cc4e0, 0x00000265ca9cd038]
Event: 6.602 Thread 0x00000265d9433fd0 2096       3       processing.core.PGraphics::bezierVertexCheck (31 bytes)
Event: 6.603 Thread 0x00000265d9433fd0 nmethod 2096 0x00000265c3209810 code [0x00000265c32099e0, 0x00000265c3209cf8]
Event: 6.620 Thread 0x00000265d9433660 2097       4       jogamp.opengl.gl4.GL4bcImpl::glDisableVertexAttribArray (44 bytes)
Event: 6.621 Thread 0x00000265d9433660 nmethod 2097 0x00000265ca9cd990 code [0x00000265ca9cdb20, 0x00000265ca9cdc08]
Event: 6.927 Thread 0x00000265d9433fd0 2098       3       javazoom.jl.decoder.Equalizer::reset (22 bytes)
Event: 6.927 Thread 0x00000265d9433fd0 nmethod 2098 0x00000265c3209e10 code [0x00000265c3209fc0, 0x00000265c320a1b8]
Event: 6.927 Thread 0x00000265d9433fd0 2099       3       javazoom.jl.decoder.Equalizer::setFrom (46 bytes)
Event: 6.927 Thread 0x00000265d9433fd0 nmethod 2099 0x00000265c320a310 code [0x00000265c320a520, 0x00000265c320aa98]
Event: 6.927 Thread 0x00000265d9433fd0 2100       3       javazoom.jl.decoder.Equalizer::getBandFactors (36 bytes)
Event: 6.928 Thread 0x00000265d9433fd0 nmethod 2100 0x00000265c320ad10 code [0x00000265c320aec0, 0x00000265c320b1c8]
Event: 6.952 Thread 0x00000265d9433fd0 2101       3       processing.core.PGraphics::bezierInitCheck (12 bytes)
Event: 6.953 Thread 0x00000265d9433fd0 nmethod 2101 0x00000265c320b310 code [0x00000265c320b4c0, 0x00000265c320b7c8]

GC Heap History (2 events):
Event: 0.775 GC heap before
{Heap before GC invocations=0 (full 0):
 garbage-first heap   total 126976K, used 25600K [0x0000000085800000, 0x0000000100000000)
  region size 1024K, 23 young (23552K), 0 survivors (0K)
 Metaspace       used 11599K, committed 11904K, reserved 1114112K
  class space    used 808K, committed 960K, reserved 1048576K
}
Event: 0.783 GC heap after
{Heap after GC invocations=1 (full 0):
 garbage-first heap   total 126976K, used 3115K [0x0000000085800000, 0x0000000100000000)
  region size 1024K, 3 young (3072K), 3 survivors (3072K)
 Metaspace       used 11599K, committed 11904K, reserved 1114112K
  class space    used 808K, committed 960K, reserved 1048576K
}

Dll operation events (16 events):
Event: 0.004 Loaded shared library C:\Program Files\Java\jdk-19\bin\java.dll
Event: 0.012 Loaded shared library C:\Program Files\Java\jdk-19\bin\jsvml.dll
Event: 0.040 Loaded shared library C:\Program Files\Java\jdk-19\bin\net.dll
Event: 0.042 Loaded shared library C:\Program Files\Java\jdk-19\bin\nio.dll
Event: 0.044 Loaded shared library C:\Program Files\Java\jdk-19\bin\zip.dll
Event: 0.070 Loaded shared library C:\Program Files\Java\jdk-19\bin\jimage.dll
Event: 0.073 Loaded shared library C:\Program Files\Java\jdk-19\bin\awt.dll
Event: 0.301 Loaded shared library C:\Users\dmytr\AppData\Local\Temp\jogamp_0000\file_cache\jln12585426039192543788\jln8673654366404545667\natives\windows-amd64\gluegen_rt.dll
Event: 0.308 Loaded shared library C:\Program Files\Java\jdk-19\bin\jawt.dll
Event: 0.318 Loaded shared library C:\Users\dmytr\AppData\Local\Temp\jogamp_0000\file_cache\jln12585426039192543788\jln8673654366404545667\natives\windows-amd64\nativewindow_awt.dll
Event: 0.341 Loaded shared library C:\Users\dmytr\AppData\Local\Temp\jogamp_0000\file_cache\jln12585426039192543788\jln8673654366404545667\natives\windows-amd64\nativewindow_win32.dll
Event: 0.348 Loaded shared library C:\Users\dmytr\AppData\Local\Temp\jogamp_0000\file_cache\jln12585426039192543788\jln8673654366404545667\natives\windows-amd64\newt_head.dll
Event: 0.493 Loaded shared library C:\Users\dmytr\AppData\Local\Temp\jogamp_0000\file_cache\jln12585426039192543788\jln8673654366404545667\natives\windows-amd64\jogl_desktop.dll
Event: 0.569 Loaded shared library C:\Users\dmytr\AppData\Local\Temp\jogamp_0000\file_cache\jln12585426039192543788\jln8673654366404545667\natives\windows-amd64\jogl_mobile.dll
Event: 1.244 Loaded shared library C:\Program Files\Java\jdk-19\bin\verify.dll
Event: 1.278 Loaded shared library C:\Program Files\Java\jdk-19\bin\jsound.dll

Deoptimization events (20 events):
Event: 4.121 Thread 0x00000265de4a0790 DEOPT PACKING pc=0x00000265c3197c6b sp=0x000000e87b2ff190
Event: 4.122 Thread 0x00000265de4a0790 DEOPT UNPACKING pc=0x00000265ca39b0e3 sp=0x000000e87b2fe610 mode 0
Event: 4.147 Thread 0x00000265de4a0790 DEOPT PACKING pc=0x00000265c3195886 sp=0x000000e87b2ff130
Event: 4.147 Thread 0x00000265de4a0790 DEOPT UNPACKING pc=0x00000265ca39b0e3 sp=0x000000e87b2fe5d0 mode 0
Event: 4.216 Thread 0x00000265de4a0790 DEOPT PACKING pc=0x00000265c319df3b sp=0x000000e87b2ff200
Event: 4.216 Thread 0x00000265de4a0790 DEOPT UNPACKING pc=0x00000265ca39b0e3 sp=0x000000e87b2fe698 mode 0
Event: 4.216 Thread 0x00000265de4a0790 DEOPT PACKING pc=0x00000265c3152799 sp=0x000000e87b2ff120
Event: 4.216 Thread 0x00000265de4a0790 DEOPT UNPACKING pc=0x00000265ca39b0e3 sp=0x000000e87b2fe5d0 mode 0
Event: 4.525 Thread 0x00000265de4a0790 DEOPT PACKING pc=0x00000265c319df3b sp=0x000000e87b2ff180
Event: 4.525 Thread 0x00000265de4a0790 DEOPT UNPACKING pc=0x00000265ca39b0e3 sp=0x000000e87b2fe618 mode 0
Event: 4.669 Thread 0x00000265de4a1cd0 DEOPT PACKING pc=0x00000265c312bffb sp=0x000000e87c3feeb0
Event: 4.669 Thread 0x00000265de4a1cd0 DEOPT UNPACKING pc=0x00000265ca39b0e3 sp=0x000000e87c3fe380 mode 0
Event: 4.702 Thread 0x00000265de4a1cd0 DEOPT PACKING pc=0x00000265c312e9a5 sp=0x000000e87c3fef30
Event: 4.702 Thread 0x00000265de4a1cd0 DEOPT UNPACKING pc=0x00000265ca39b0e3 sp=0x000000e87c3fe3e0 mode 0
Event: 4.936 Thread 0x00000265de4a1cd0 DEOPT PACKING pc=0x00000265c312e18d sp=0x000000e87c3ff030
Event: 4.936 Thread 0x00000265de4a1cd0 DEOPT UNPACKING pc=0x00000265ca39b0e3 sp=0x000000e87c3fe4e8 mode 0
Event: 4.936 Thread 0x00000265de4a1cd0 DEOPT PACKING pc=0x00000265c312ca23 sp=0x000000e87c3ff050
Event: 4.936 Thread 0x00000265de4a1cd0 DEOPT UNPACKING pc=0x00000265ca39b0e3 sp=0x000000e87c3fe508 mode 0
Event: 6.336 Thread 0x00000265de4a1cd0 DEOPT PACKING pc=0x00000265c3130413 sp=0x000000e87c3fef40
Event: 6.336 Thread 0x00000265de4a1cd0 DEOPT UNPACKING pc=0x00000265ca39b0e3 sp=0x000000e87c3fe400 mode 0

Classes loaded (20 events):
Event: 2.830 Loading class java/lang/reflect/Proxy
Event: 2.830 Loading class java/lang/reflect/Proxy done
Event: 2.830 Loading class java/lang/reflect/InvocationHandler
Event: 2.830 Loading class java/lang/reflect/InvocationHandler done
Event: 2.830 Loading class java/lang/reflect/Proxy$1
Event: 2.830 Loading class java/lang/reflect/Proxy$1 done
Event: 2.830 Loading class java/io/Externalizable
Event: 2.830 Loading class java/io/Externalizable done
Event: 2.830 Loading class java/io/ObjectStreamClass$2
Event: 2.830 Loading class java/io/ObjectStreamClass$2 done
Event: 2.830 Loading class java/io/ClassCache$CacheRef
Event: 2.830 Loading class java/io/ClassCache$CacheRef done
Event: 2.830 Loading class java/io/ObjectStreamClass$FieldReflectorKey
Event: 2.830 Loading class java/io/ObjectStreamClass$FieldReflectorKey done
Event: 2.830 Loading class java/io/ObjectStreamClass$FieldReflector
Event: 2.830 Loading class java/io/ObjectStreamClass$FieldReflector done
Event: 2.830 Loading class java/io/ObjectStreamClass$ExceptionInfo
Event: 2.830 Loading class java/io/ObjectStreamClass$ExceptionInfo done
Event: 6.954 Loading class java/nio/channels/ClosedChannelException
Event: 6.954 Loading class java/nio/channels/ClosedChannelException done

Classes unloaded (0 events):
No events

Classes redefined (0 events):
No events

Internal exceptions (20 events):
Event: 0.108 Thread 0x00000265bae8f5f0 Exception <a 'java/lang/NoSuchMethodError'{0x000000008d0af7f0}: 'java.lang.Object java.lang.invoke.DirectMethodHandle$Holder.invokeStaticInit(java.lang.Object)'> (0x000000008d0af7f0) 
thrown [s\open\src\hotspot\share\interpreter\linkResolver.cpp, line 774]
Event: 0.188 Thread 0x00000265bae8f5f0 Exception <a 'java/lang/NoSuchMethodError'{0x000000008cb2b660}: 'java.lang.Object java.lang.invoke.DirectMethodHandle$Holder.invokeStaticInit(java.lang.Object, int, int, int, int)'> (0x000000008cb2b660) 
thrown [s\open\src\hotspot\share\interpreter\linkResolver.cpp, line 774]
Event: 0.218 Thread 0x00000265bae8f5f0 Exception <a 'java/lang/NoSuchMethodError'{0x000000008cbfa830}: 'java.lang.Object java.lang.invoke.DirectMethodHandle$Holder.invokeStaticInit(java.lang.Object, java.lang.Object, int, int, int, int)'> (0x000000008cbfa830) 
thrown [s\open\src\hotspot\share\interpreter\linkResolver.cpp, line 774]
Event: 0.221 Thread 0x00000265bae8f5f0 Exception <a 'java/lang/NoSuchMethodError'{0x000000008ca04568}: 'int java.lang.invoke.DirectMethodHandle$Holder.invokeSpecial(java.lang.Object, java.lang.Object, java.lang.Object)'> (0x000000008ca04568) 
thrown [s\open\src\hotspot\share\interpreter\linkResolver.cpp, line 774]
Event: 0.232 Thread 0x00000265bae8f5f0 Exception <a 'java/lang/NoSuchMethodError'{0x000000008ca14950}: 'void java.lang.invoke.DirectMethodHandle$Holder.invokeStatic(java.lang.Object, long)'> (0x000000008ca14950) 
thrown [s\open\src\hotspot\share\interpreter\linkResolver.cpp, line 774]
Event: 0.233 Thread 0x00000265bae8f5f0 Exception <a 'java/lang/NoSuchMethodError'{0x000000008ca19f40}: 'java.lang.Object java.lang.invoke.DirectMethodHandle$Holder.newInvokeSpecial(java.lang.Object, long)'> (0x000000008ca19f40) 
thrown [s\open\src\hotspot\share\interpreter\linkResolver.cpp, line 774]
Event: 0.234 Thread 0x00000265bae8f5f0 Exception <a 'java/lang/NoSuchMethodError'{0x000000008ca21158}: 'java.lang.Object java.lang.invoke.DirectMethodHandle$Holder.invokeStatic(java.lang.Object, long, java.lang.Object)'> (0x000000008ca21158) 
thrown [s\open\src\hotspot\share\interpreter\linkResolver.cpp, line 774]
Event: 0.235 Thread 0x00000265bae8f5f0 Exception <a 'java/lang/NoSuchMethodError'{0x000000008ca24b88}: 'java.lang.Object java.lang.invoke.DirectMethodHandle$Holder.invokeStaticInit(java.lang.Object, long, java.lang.Object)'> (0x000000008ca24b88) 
thrown [s\open\src\hotspot\share\interpreter\linkResolver.cpp, line 774]
Event: 0.303 Thread 0x00000265bae8f5f0 Exception <a 'java/lang/NoSuchMethodError'{0x000000008ca62f18}: 'int java.lang.invoke.DirectMethodHandle$Holder.invokeStatic(java.lang.Object)'> (0x000000008ca62f18) 
thrown [s\open\src\hotspot\share\interpreter\linkResolver.cpp, line 774]
Event: 0.303 Thread 0x00000265bae8f5f0 Exception <a 'java/lang/NoSuchMethodError'{0x000000008ca66c48}: 'int java.lang.invoke.DelegatingMethodHandle$Holder.reinvoke_L(java.lang.Object)'> (0x000000008ca66c48) 
thrown [s\open\src\hotspot\share\interpreter\linkResolver.cpp, line 774]
Event: 0.326 Thread 0x00000265bae8f5f0 Exception <a 'java/lang/NoSuchMethodError'{0x000000008c995570}: 'java.lang.Object java.lang.invoke.DirectMethodHandle$Holder.invokeInterface(java.lang.Object, java.lang.Object)'> (0x000000008c995570) 
thrown [s\open\src\hotspot\share\interpreter\linkResolver.cpp, line 774]
Event: 0.326 Thread 0x00000265bae8f5f0 Exception <a 'java/lang/IncompatibleClassChangeError'{0x000000008c998e10}: Found class java.lang.Object, but interface was expected> (0x000000008c998e10) 
thrown [s\open\src\hotspot\share\interpreter\linkResolver.cpp, line 841]
Event: 0.495 Thread 0x00000265bae8f5f0 Exception <a 'java/lang/NoSuchMethodError'{0x000000008c2eace0}: 'long java.lang.invoke.DelegatingMethodHandle$Holder.reinvoke_L(java.lang.Object, java.lang.Object)'> (0x000000008c2eace0) 
thrown [s\open\src\hotspot\share\interpreter\linkResolver.cpp, line 774]
Event: 0.496 Thread 0x00000265bae8f5f0 Exception <a 'java/lang/NoSuchMethodError'{0x000000008c2f5290}: 'void java.lang.invoke.DelegatingMethodHandle$Holder.reinvoke_L(java.lang.Object, java.lang.Object, long)'> (0x000000008c2f5290) 
thrown [s\open\src\hotspot\share\interpreter\linkResolver.cpp, line 774]
Event: 0.877 Thread 0x00000265de4cff50 Implicit null exception at 0x00000265ca92a883 to 0x00000265ca92aa78
Event: 0.877 Thread 0x00000265de4cff50 Exception <a 'java/lang/NoSuchMethodError'{0x000000008cc4a078}: 'void java.lang.invoke.DirectMethodHandle$Holder.invokeSpecial(java.lang.Object, java.lang.Object, java.lang.Object)'> (0x000000008cc4a078) 
thrown [s\open\src\hotspot\share\interpreter\linkResolver.cpp, line 774]
Event: 0.883 Thread 0x00000265de4cff50 Exception <a 'java/lang/NoSuchMethodError'{0x000000008cc60f70}: 'long java.lang.invoke.Invokers$Holder.invokeExact_MT(java.lang.Object, java.lang.Object, java.lang.Object)'> (0x000000008cc60f70) 
thrown [s\open\src\hotspot\share\interpreter\linkResolver.cpp, line 774]
Event: 1.235 Thread 0x00000265de4a1cd0 Exception <a 'java/lang/NoSuchMethodError'{0x000000008c307210}: 'java.lang.Object java.lang.invoke.DirectMethodHandle$Holder.invokeVirtual(java.lang.Object, java.lang.Object, java.lang.Object)'> (0x000000008c307210) 
thrown [s\open\src\hotspot\share\interpreter\linkResolver.cpp, line 774]
Event: 1.341 Thread 0x00000265de4a1cd0 Implicit null exception at 0x00000265ca93264f to 0x00000265ca9326d4
Event: 6.953 Thread 0x00000265df9af620 Exception <a 'java/lang/InterruptedException'{0x000000008b6ce3e8}> (0x000000008b6ce3e8) 
thrown [s\open\src\hotspot\share\runtime\objectMonitor.cpp, line 1648]

VM Operations (20 events):
Event: 0.333 Executing VM operation: HandshakeAllThreads done
Event: 0.774 Executing VM operation: G1CollectForAllocation
Event: 0.783 Executing VM operation: G1CollectForAllocation done
Event: 1.247 Executing VM operation: HandshakeAllThreads
Event: 1.247 Executing VM operation: HandshakeAllThreads done
Event: 1.271 Executing VM operation: HandshakeAllThreads
Event: 1.271 Executing VM operation: HandshakeAllThreads done
Event: 2.271 Executing VM operation: Cleanup
Event: 2.271 Executing VM operation: Cleanup done
Event: 2.830 Executing VM operation: HandshakeAllThreads
Event: 2.830 Executing VM operation: HandshakeAllThreads done
Event: 3.830 Executing VM operation: Cleanup
Event: 3.830 Executing VM operation: Cleanup done
Event: 4.831 Executing VM operation: Cleanup
Event: 4.831 Executing VM operation: Cleanup done
Event: 5.831 Executing VM operation: Cleanup
Event: 5.831 Executing VM operation: Cleanup done
Event: 6.831 Executing VM operation: Cleanup
Event: 6.832 Executing VM operation: Cleanup done
Event: 7.055 Executing VM operation: Exit

Events (20 events):
Event: 1.135 Thread 0x00000265bae8f5f0 Thread exited: 0x00000265bae8f5f0
Event: 1.135 Thread 0x00000265de4a0ce0 Thread added: 0x00000265de4a0ce0
Event: 1.325 Thread 0x00000265de4a1230 Thread added: 0x00000265de4a1230
Event: 1.353 Thread 0x00000265ddb9d260 Thread exited: 0x00000265ddb9d260
Event: 1.353 Thread 0x00000265ddbbeaf0 Thread exited: 0x00000265ddbbeaf0
Event: 1.354 Thread 0x00000265de4a0790 Thread added: 0x00000265de4a0790
Event: 1.393 Thread 0x00000265e00e6f50 Thread added: 0x00000265e00e6f50
Event: 2.052 Thread 0x00000265e00e6f50 Thread exited: 0x00000265e00e6f50
Event: 6.953 Thread 0x00000265ddac04b0 Thread added: 0x00000265ddac04b0
Event: 6.953 Thread 0x00000265ddabdf80 Thread added: 0x00000265ddabdf80
Event: 6.953 Thread 0x00000265df9af620 Thread exited: 0x00000265df9af620
Event: 6.953 Thread 0x00000265ddabca40 Thread added: 0x00000265ddabca40
Event: 6.954 Thread 0x00000265ddac0f50 Thread added: 0x00000265ddac0f50
Event: 6.954 Thread 0x00000265ddabdf80 Thread exited: 0x00000265ddabdf80
Event: 6.955 Thread 0x00000265dde700c0 Thread exited: 0x00000265dde700c0
Event: 6.955 Thread 0x00000265ddb8c240 Thread exited: 0x00000265ddb8c240
Event: 6.986 Thread 0x00000265de4cff50 Thread exited: 0x00000265de4cff50
Event: 6.988 Thread 0x00000265ddabca40 Thread exited: 0x00000265ddabca40
Event: 7.055 Thread 0x00000265ddac04b0 Thread exited: 0x00000265ddac04b0
Event: 7.055 Thread 0x00000265d942c900 Thread exited: 0x00000265d942c900


Dynamic libraries:
0x00007ff630190000 - 0x00007ff6301a0000 	C:\Program Files\Java\jdk-19\bin\java.exe
0x00007ffbf89d0000 - 0x00007ffbf8bc8000 	C:\windows\SYSTEM32\ntdll.dll
0x00007ffbf8190000 - 0x00007ffbf824f000 	C:\windows\System32\KERNEL32.DLL
0x00007ffbf62e0000 - 0x00007ffbf65b2000 	C:\windows\System32\KERNELBASE.dll
0x00007ffbf61e0000 - 0x00007ffbf62e0000 	C:\windows\System32\ucrtbase.dll
0x00007ffbed8f0000 - 0x00007ffbed90b000 	C:\Program Files\Java\jdk-19\bin\VCRUNTIME140.dll
0x00007ffbdab00000 - 0x00007ffbdab18000 	C:\Program Files\Java\jdk-19\bin\jli.dll
0x00007ffbf75e0000 - 0x00007ffbf768e000 	C:\windows\System32\ADVAPI32.dll
0x00007ffbf6c50000 - 0x00007ffbf6cee000 	C:\windows\System32\msvcrt.dll
0x00007ffbf6d00000 - 0x00007ffbf6d9c000 	C:\windows\System32\sechost.dll
0x00007ffbf8060000 - 0x00007ffbf8184000 	C:\windows\System32\RPCRT4.dll
0x00007ffbf7760000 - 0x00007ffbf7901000 	C:\windows\System32\USER32.dll
0x00007ffbf6910000 - 0x00007ffbf6932000 	C:\windows\System32\win32u.dll
0x00007ffbda060000 - 0x00007ffbda2fa000 	C:\windows\WinSxS\amd64_microsoft.windows.common-controls_6595b64144ccf1df_6.0.19041.1110_none_60b5254171f9507e\COMCTL32.dll
0x00007ffbf85b0000 - 0x00007ffbf85db000 	C:\windows\System32\GDI32.dll
0x00007ffbf60d0000 - 0x00007ffbf61df000 	C:\windows\System32\gdi32full.dll
0x00007ffbf6680000 - 0x00007ffbf671d000 	C:\windows\System32\msvcp_win.dll
0x00007ffbe85b0000 - 0x00007ffbe85ba000 	C:\windows\SYSTEM32\VERSION.dll
0x00007ffbf8690000 - 0x00007ffbf86c0000 	C:\windows\System32\IMM32.DLL
0x00007ffbeefc0000 - 0x00007ffbeefcc000 	C:\Program Files\Java\jdk-19\bin\vcruntime140_1.dll
0x00007ffbc7980000 - 0x00007ffbc7a0e000 	C:\Program Files\Java\jdk-19\bin\msvcp140.dll
0x00007ffba6970000 - 0x00007ffba7630000 	C:\Program Files\Java\jdk-19\bin\server\jvm.dll
0x00007ffbeef30000 - 0x00007ffbeef39000 	C:\windows\SYSTEM32\WSOCK32.dll
0x00007ffbf6be0000 - 0x00007ffbf6c4b000 	C:\windows\System32\WS2_32.dll
0x00007ffbd19a0000 - 0x00007ffbd19c7000 	C:\windows\SYSTEM32\WINMM.dll
0x00007ffbf4920000 - 0x00007ffbf4932000 	C:\windows\SYSTEM32\kernel.appcore.dll
0x00007ffbeede0000 - 0x00007ffbeedea000 	C:\Program Files\Java\jdk-19\bin\jimage.dll
0x00007ffbf3cb0000 - 0x00007ffbf3e94000 	C:\windows\SYSTEM32\DBGHELP.DLL
0x00007ffbd4c40000 - 0x00007ffbd4c75000 	C:\windows\SYSTEM32\dbgcore.DLL
0x00007ffbf6720000 - 0x00007ffbf67a2000 	C:\windows\System32\bcryptPrimitives.dll
0x00007ffbda9e0000 - 0x00007ffbdaa06000 	C:\Program Files\Java\jdk-19\bin\java.dll
0x00007ffbb2fd0000 - 0x00007ffbb30a7000 	C:\Program Files\Java\jdk-19\bin\jsvml.dll
0x00007ffbf6e90000 - 0x00007ffbf75d5000 	C:\windows\System32\SHELL32.dll
0x00007ffbf4170000 - 0x00007ffbf4902000 	C:\windows\SYSTEM32\windows.storage.dll
0x00007ffbf8250000 - 0x00007ffbf85a5000 	C:\windows\System32\combase.dll
0x00007ffbf5b30000 - 0x00007ffbf5b60000 	C:\windows\SYSTEM32\Wldp.dll
0x00007ffbf87f0000 - 0x00007ffbf889d000 	C:\windows\System32\SHCORE.dll
0x00007ffbf6da0000 - 0x00007ffbf6df5000 	C:\windows\System32\shlwapi.dll
0x00007ffbf6010000 - 0x00007ffbf602f000 	C:\windows\SYSTEM32\profapi.dll
0x00007ffbda9c0000 - 0x00007ffbda9d3000 	C:\Program Files\Java\jdk-19\bin\net.dll
0x00007ffbf05c0000 - 0x00007ffbf06ca000 	C:\windows\SYSTEM32\WINHTTP.dll
0x00007ffbf5890000 - 0x00007ffbf58fa000 	C:\windows\system32\mswsock.dll
0x00007ffbd9990000 - 0x00007ffbd99a6000 	C:\Program Files\Java\jdk-19\bin\nio.dll
0x00007ffbd9970000 - 0x00007ffbd9988000 	C:\Program Files\Java\jdk-19\bin\zip.dll
0x00007ffbae9f0000 - 0x00007ffbaeb81000 	C:\Program Files\Java\jdk-19\bin\awt.dll
0x00007ffbf88c0000 - 0x00007ffbf898d000 	C:\windows\System32\OLEAUT32.dll
0x00007ffbf3500000 - 0x00007ffbf3590000 	C:\windows\SYSTEM32\apphelp.dll
0x00007ffbf3690000 - 0x00007ffbf372e000 	C:\windows\system32\uxtheme.dll
0x00007ffbf7910000 - 0x00007ffbf7a24000 	C:\windows\System32\MSCTF.dll
0x00007ffbf86c0000 - 0x00007ffbf87ea000 	C:\windows\System32\ole32.dll
0x00007ffbf3a90000 - 0x00007ffbf3abf000 	C:\windows\system32\DWMAPI.DLL
0x00007ffbdc6a0000 - 0x00007ffbdc7c5000 	C:\windows\system32\opengl32.dll
0x00007ffbed880000 - 0x00007ffbed8ac000 	C:\windows\SYSTEM32\GLU32.dll
0x00007ffbf5a80000 - 0x00007ffbf5a98000 	C:\windows\SYSTEM32\CRYPTSP.dll
0x00007ffbf5140000 - 0x00007ffbf5174000 	C:\windows\system32\rsaenh.dll
0x00007ffbf69f0000 - 0x00007ffbf6a17000 	C:\windows\System32\bcrypt.dll
0x00007ffbf5f90000 - 0x00007ffbf5fbe000 	C:\windows\SYSTEM32\USERENV.dll
0x00007ffbf5aa0000 - 0x00007ffbf5aac000 	C:\windows\SYSTEM32\CRYPTBASE.dll
0x00007ffbf5530000 - 0x00007ffbf556b000 	C:\windows\SYSTEM32\IPHLPAPI.DLL
0x00007ffbf7690000 - 0x00007ffbf7698000 	C:\windows\System32\NSI.dll
0x00007ffbe9da0000 - 0x00007ffbe9db7000 	C:\windows\SYSTEM32\dhcpcsvc6.DLL
0x00007ffbe9e60000 - 0x00007ffbe9e7d000 	C:\windows\SYSTEM32\dhcpcsvc.DLL
0x00007ffbf5570000 - 0x00007ffbf563b000 	C:\windows\SYSTEM32\DNSAPI.dll
0x000000006e8c0000 - 0x000000006e8cd000 	C:\Users\dmytr\AppData\Local\Temp\jogamp_0000\file_cache\jln12585426039192543788\jln8673654366404545667\natives\windows-amd64\gluegen_rt.dll
0x00007ffbeed50000 - 0x00007ffbeed57000 	C:\Program Files\Java\jdk-19\bin\jawt.dll
0x000000006a440000 - 0x000000006a44d000 	C:\Users\dmytr\AppData\Local\Temp\jogamp_0000\file_cache\jln12585426039192543788\jln8673654366404545667\natives\windows-amd64\nativewindow_awt.dll
0x000000006c100000 - 0x000000006c110000 	C:\Users\dmytr\AppData\Local\Temp\jogamp_0000\file_cache\jln12585426039192543788\jln8673654366404545667\natives\windows-amd64\nativewindow_win32.dll
0x0000000070d80000 - 0x0000000070d93000 	C:\Users\dmytr\AppData\Local\Temp\jogamp_0000\file_cache\jln12585426039192543788\jln8673654366404545667\natives\windows-amd64\newt_head.dll
0x00007ffbefbd0000 - 0x00007ffbefc7e000 	C:\windows\SYSTEM32\mscms.dll
0x00007ffbefbb0000 - 0x00007ffbefbc1000 	C:\windows\SYSTEM32\ColorAdapterClient.dll
0x00007ffbc2b70000 - 0x00007ffbc2bb3000 	C:\windows\SYSTEM32\icm32.dll
0x00007ffbf7a40000 - 0x00007ffbf7ea8000 	C:\windows\System32\setupapi.dll
0x00007ffbf6630000 - 0x00007ffbf667e000 	C:\windows\System32\cfgmgr32.dll
0x00007ffbf5e80000 - 0x00007ffbf5eac000 	C:\windows\SYSTEM32\DEVOBJ.dll
0x00007ffbf65c0000 - 0x00007ffbf6629000 	C:\windows\System32\WINTRUST.dll
0x00007ffbf67b0000 - 0x00007ffbf6906000 	C:\windows\System32\CRYPT32.dll
0x00007ffbf5cc0000 - 0x00007ffbf5cd2000 	C:\windows\SYSTEM32\MSASN1.dll
0x0000000064500000 - 0x0000000064585000 	C:\Users\dmytr\AppData\Local\Temp\jogamp_0000\file_cache\jln12585426039192543788\jln8673654366404545667\natives\windows-amd64\jogl_desktop.dll
0x0000000064340000 - 0x0000000064391000 	C:\Users\dmytr\AppData\Local\Temp\jogamp_0000\file_cache\jln12585426039192543788\jln8673654366404545667\natives\windows-amd64\jogl_mobile.dll
0x00007ffbf85e0000 - 0x00007ffbf8689000 	C:\windows\System32\clbcatq.dll
0x00007ffbea780000 - 0x00007ffbea879000 	C:\Windows\System32\AppXDeploymentClient.dll
0x00007ffba59e0000 - 0x00007ffba696d000 	C:\windows\System32\DriverStore\FileRepository\iigd_dch.inf_amd64_04c961ba9d7827af\igxelpicd64.dll
0x00007ffbf4990000 - 0x00007ffbf4a83000 	C:\windows\system32\dxgi.dll
0x00007ffba7bf0000 - 0x00007ffba802c000 	C:\windows\System32\DriverStore\FileRepository\iigd_dch.inf_amd64_04c961ba9d7827af\igdml64.dll
0x00007ffbe7660000 - 0x00007ffbe7996000 	C:\windows\System32\DriverStore\FileRepository\iigd_dch.inf_amd64_04c961ba9d7827af\igdgmm64.dll
0x00007ffbe1f00000 - 0x00007ffbe4c8f000 	C:\windows\System32\DriverStore\FileRepository\iigd_dch.inf_amd64_04c961ba9d7827af\igc64.dll
0x00007ffbf5650000 - 0x00007ffbf569b000 	C:\windows\SYSTEM32\powrprof.dll
0x00007ffbf5510000 - 0x00007ffbf5522000 	C:\windows\SYSTEM32\UMPDC.dll
0x00007ffbdd680000 - 0x00007ffbdd779000 	C:\windows\SYSTEM32\textinputframework.dll
0x00007ffbf2bf0000 - 0x00007ffbf2f4e000 	C:\windows\System32\CoreUIComponents.dll
0x00007ffbf32d0000 - 0x00007ffbf33c2000 	C:\windows\System32\CoreMessaging.dll
0x00007ffbf5280000 - 0x00007ffbf52b3000 	C:\windows\SYSTEM32\ntmarta.dll
0x00007ffbf1b30000 - 0x00007ffbf1c84000 	C:\windows\SYSTEM32\wintypes.dll
0x00007ffbeecb0000 - 0x00007ffbeecc0000 	C:\Program Files\Java\jdk-19\bin\verify.dll
0x00007ffbd9950000 - 0x00007ffbd9962000 	C:\Program Files\Java\jdk-19\bin\jsound.dll
0x00007ffbb1ea0000 - 0x00007ffbb1f3c000 	C:\windows\SYSTEM32\DSOUND.dll
0x00007ffbd7470000 - 0x00007ffbd7496000 	C:\windows\SYSTEM32\winmmbase.dll
0x00007ffbedac0000 - 0x00007ffbedb45000 	C:\windows\System32\MMDevApi.dll
0x00007ffbeeec0000 - 0x00007ffbeef06000 	C:\windows\SYSTEM32\wdmaud.drv
0x00007ffbef8f0000 - 0x00007ffbef8f9000 	C:\windows\SYSTEM32\ksuser.dll
0x00007ffbf0c80000 - 0x00007ffbf0c8a000 	C:\windows\SYSTEM32\AVRT.dll
0x00007ffbedb50000 - 0x00007ffbedcd2000 	C:\windows\SYSTEM32\AUDIOSES.DLL
0x00007ffbf2920000 - 0x00007ffbf292d000 	C:\windows\SYSTEM32\msacm32.drv
0x00007ffbd9920000 - 0x00007ffbd993e000 	C:\windows\SYSTEM32\MSACM32.dll
0x00007ffbf19d0000 - 0x00007ffbf19db000 	C:\windows\SYSTEM32\midimap.dll
0x00007ffbdd780000 - 0x00007ffbdd8c1000 	C:\Windows\System32\Windows.UI.dll
0x00007ffbdd520000 - 0x00007ffbdd672000 	C:\Windows\System32\InputHost.dll
0x00007ffbf0510000 - 0x00007ffbf05b1000 	C:\Windows\System32\WindowManagementAPI.dll
0x00007ffbf1860000 - 0x00007ffbf1956000 	C:\Windows\System32\PROPSYS.dll
0x00007ffbeff70000 - 0x00007ffbf0170000 	C:\windows\SYSTEM32\twinapi.appcore.dll
0x00007ffbf37b0000 - 0x00007ffbf37c4000 	C:\windows\SYSTEM32\resourcepolicyclient.dll

dbghelp: loaded successfully - version: 4.0.5 - missing functions: none
symbol engine: initialized successfully - sym options: 0x614 - pdb path: .;C:\Program Files\Java\jdk-19\bin;C:\windows\SYSTEM32;C:\windows\WinSxS\amd64_microsoft.windows.common-controls_6595b64144ccf1df_6.0.19041.1110_none_60b5254171f9507e;C:\Program Files\Java\jdk-19\bin\server;C:\Users\dmytr\AppData\Local\Temp\jogamp_0000\file_cache\jln12585426039192543788\jln8673654366404545667\natives\windows-amd64;C:\windows\System32\DriverStore\FileRepository\iigd_dch.inf_amd64_04c961ba9d7827af

VM Arguments:
java_command: ie.tudublin.Main
java_class_path (initial): ./bin;./lib/minim.jar;./lib/core.jar;./lib/jsminim.jar;./lib/mp3spi1.9.5.jar;./lib/tritonus_share.jar;./lib/tritonus_aos.jar;./lib/jl1.0.1.jar;./lib/sqlite-jdbc-3.23.1.jar;lib/jogl-all.jar;lib/gluegen-rt.jar;lib/gluegen-rt-natives-windows-amd64.jar;lib/gluegen-rt-natives-windows-i586.jar;lib/jogl-all-natives-windows-amd64.jar;lib/jogl-all-natives-windows-i586.jarlib/jogl-all.jar;lib/gluegen-rt.jar;lib/gluegen-rt-natives-windows-amd64.jar;lib/gluegen-rt-natives-windows-i586.jar;lib/jogl-all-natives-windows-amd64.jar;lib/jogl-all-natives-windows-i586.jar
Launcher Type: SUN_STANDARD

[Global flags]
     intx CICompilerCount                          = 4                                         {product} {ergonomic}
     uint ConcGCThreads                            = 2                                         {product} {ergonomic}
     uint G1ConcRefinementThreads                  = 8                                         {product} {ergonomic}
   size_t G1HeapRegionSize                         = 1048576                                   {product} {ergonomic}
    uintx GCDrainStackTargetSize                   = 64                                        {product} {ergonomic}
   size_t InitialHeapSize                          = 130023424                                 {product} {ergonomic}
   size_t MarkStackSize                            = 4194304                                   {product} {ergonomic}
   size_t MaxHeapSize                              = 2055208960                                {product} {ergonomic}
   size_t MaxNewSize                               = 1233125376                                {product} {ergonomic}
   size_t MinHeapDeltaBytes                        = 1048576                                   {product} {ergonomic}
   size_t MinHeapSize                              = 8388608                                   {product} {ergonomic}
    uintx NonNMethodCodeHeapSize                   = 5839372                                {pd product} {ergonomic}
    uintx NonProfiledCodeHeapSize                  = 122909434                              {pd product} {ergonomic}
    uintx ProfiledCodeHeapSize                     = 122909434                              {pd product} {ergonomic}
    uintx ReservedCodeCacheSize                    = 251658240                              {pd product} {ergonomic}
     bool SegmentedCodeCache                       = true                                      {product} {ergonomic}
   size_t SoftMaxHeapSize                          = 2055208960                             {manageable} {ergonomic}
     bool UseCompressedClassPointers               = true                           {product lp64_product} {ergonomic}
     bool UseCompressedOops                        = true                           {product lp64_product} {ergonomic}
     bool UseG1GC                                  = true                                      {product} {ergonomic}
     bool UseLargePagesIndividualAllocation        = false                                  {pd product} {ergonomic}

Logging:
Log output configuration:
 #0: stdout all=off uptime,level,tags foldmultilines=false
 #1: stderr all=off uptime,level,tags foldmultilines=false

Environment Variables:
PATH=C:\Users\dmytr\bin;C:\Program Files\Git\mingw64\bin;C:\Program Files\Git\usr\local\bin;C:\Program Files\Git\usr\bin;C:\Program Files\Git\usr\bin;C:\Program Files\Git\mingw64\bin;C:\Program Files\Git\usr\bin;C:\Users\dmytr\bin;C:\Program Files\Common Files\Oracle\Java\javapath;C:\Python310\Scripts;C:\Python310;C:\windows\system32;C:\windows;C:\windows\System32\Wbem;C:\windows\System32\WindowsPowerShell\v1.0;C:\windows\System32\OpenSSH;C:\ProgramData\chocolatey\bin;C:\Program Files\nodejs;C:\Program Files\GitHub CLI;C:\Program Files\PuTTY;C:\Program Files (x86)\Windows Kits\10\Windows Performance Toolkit;C:\msys64\mingw64\bin;C:\Program Files\dotnet;C:\Program Files\Git\cmd;C:\Users\dmytr\AppData\Local\Microsoft\WindowsApps;C:\Users\dmytr\AppData\Local\Programs\Microsoft VS Code\bin;C:\Users\dmytr\AppData\Roaming\npm;C:\Users\dmytr\AppData\Local\GitHubDesktop\bin;C:\Users\dmytr\Documents\Programming\Pycharm\PyCharm Community Edition 2022.3.1\bin;C:\Program Files\Git\usr\bin\vendor_perl;C:\Program Files\Git\usr\bin\core_perl
USERNAME=dmytr
SHELL=C:\Program Files\Git\usr\bin\bash.exe
DISPLAY=needs-to-be-defined
LANG=en_US.UTF-8
TERM=xterm-256color
TMPDIR=C:\Users\dmytr\AppData\Local\Temp
OS=Windows_NT
PROCESSOR_IDENTIFIER=Intel64 Family 6 Model 140 Stepping 1, GenuineIntel
TMP=C:\Users\dmytr\AppData\Local\Temp
TEMP=C:\Users\dmytr\AppData\Local\Temp



---------------  S Y S T E M  ---------------

OS:
 Windows 10 , 64 bit Build 19041 (10.0.19041.2546)
OS uptime: 1 days 13:21 hours

CPU: total 8 (initial active 8) (4 cores per cpu, 2 threads per core) family 6 model 140 stepping 1 microcode 0x8a, cx8, cmov, fxsr, ht, mmx, 3dnowpref, sse, sse2, sse3, ssse3, sse4.1, sse4.2, popcnt, lzcnt, tsc, tscinvbit, avx, avx2, aes, erms, clmul, bmi1, bmi2, adx, avx512f, avx512dq, avx512cd, avx512bw, avx512vl, sha, fma, vzeroupper, avx512_vpopcntdq, avx512_vpclmulqdq, avx512_vaes, avx512_vnni, clflush, clflushopt, clwb, avx512_vbmi2, avx512_vbmi, rdtscp, rdpid, fsrm, gfni, avx512_bitalg

Memory: 4k page, system-wide physical 7834M (975M free)
TotalPageFile size 11418M (AvailPageFile size 2615M)
current process WorkingSet (physical memory assigned to process): 290M, peak: 300M
current process commit charge ("private bytes"): 317M, peak: 337M

vm_info: Java HotSpot(TM) 64-Bit Server VM (19.0.2+7-44) for windows-amd64 JRE (19.0.2+7-44), built on 2022-11-30T18:02:09Z by "mach5one" with MS VC++ 17.1 (VS2022)

END.
