#
# A fatal error has been detected by the Java Runtime Environment:
#
#  EXCEPTION_ACCESS_VIOLATION (0xc0000005) at pc=0x00007ffb9db3b8f7, pid=14892, tid=12844
#
# JRE version: Java(TM) SE Runtime Environment (19.0.2+7) (build 19.0.2+7-44)
# Java VM: Java HotSpot(TM) 64-Bit Server VM (19.0.2+7-44, mixed mode, sharing, tiered, compressed oops, compressed class ptrs, g1 gc, windows-amd64)
# Problematic frame:
# C  [igxelpicd64.dll+0x28b8f7]
#
# No core dump will be written. Minidumps are not enabled by default on client versions of Windows
#
# If you would like to submit a bug report, please visit:
#   https://bugreport.java.com/bugreport/crash.jsp
#

---------------  S U M M A R Y ------------

Command Line: ie.tudublin.Main

Host: 11th Gen Intel(R) Core(TM) i5-1135G7 @ 2.40GHz, 8 cores, 7G,  Windows 10 , 64 bit Build 19041 (10.0.19041.2546)
Time: Mon Mar 20 16:09:34 2023 GMT Standard Time elapsed time: 3.720098 seconds (0d 0h 0m 3s)

---------------  T H R E A D  ---------------

Current thread (0x0000022f2a0f6440):  VMThread "VM Thread" [stack: 0x0000006f89700000,0x0000006f89800000] [id=12844]

Stack: [0x0000006f89700000,0x0000006f89800000],  sp=0x0000006f897fe4b0,  free space=1017k
Native frames: (J=compiled Java code, j=interpreted, Vv=VM code, C=native code)
C  [igxelpicd64.dll+0x28b8f7]


siginfo: EXCEPTION_ACCESS_VIOLATION (0xc0000005), reading address 0x0000000000035448


Registers:
RAX=0x0000022f3e536ff0, RBX=0x0000022f2e541910, RCX=0x0000000000000002, RDX=0x0000022f3e536f70
RSP=0x0000006f897fe4b0, RBP=0x0000022f45516b60, RSI=0x0000000000000000, RDI=0x0000022f3e536e80
R8 =0x000000000000ecf1, R9 =0x0000000000000000, R10=0x0000000000000000, R11=0x0000000000000246
R12=0x0000022f3e5373b8, R13=0x0000000000000000, R14=0x000000000000ed00, R15=0x0000000000000016
RIP=0x00007ffb9db3b8f7, EFLAGS=0x0000000000010206


Register to memory mapping:

RIP=0x00007ffb9db3b8f7 igxelpicd64.dll
RAX=0x0000022f3e536ff0 points into unknown readable memory: 0x000000000000ecfb | fb ec 00 00 00 00 00 00
RBX=0x0000022f2e541910 points into unknown readable memory: 0x49080c4508470800 | 00 08 47 08 45 0c 08 49
RCX=0x0000000000000002 is an unknown value
RDX=0x0000022f3e536f70 points into unknown readable memory: 0x0000000000000000 | 00 00 00 00 00 00 00 00
RSP=0x0000006f897fe4b0 points into unknown readable memory: 0x0000022f2e541910 | 10 19 54 2e 2f 02 00 00
RBP=0x0000022f45516b60 points into unknown readable memory: 0x0000022f2ead53e0 | e0 53 ad 2e 2f 02 00 00
RSI=0x0 is NULL
RDI=0x0000022f3e536e80 points into unknown readable memory: 0x0000022f2ead53e0 | e0 53 ad 2e 2f 02 00 00
R8 =0x000000000000ecf1 is an unknown value
R9 =0x0 is NULL
R10=0x0 is NULL
R11=0x0000000000000246 is an unknown value
R12=0x0000022f3e5373b8 points into unknown readable memory: 0x0000022f45516b60 | 60 6b 51 45 2f 02 00 00
R13=0x0 is NULL
R14=0x000000000000ed00 is an unknown value
R15=0x0000000000000016 is an unknown value


Top of Stack: (sp=0x0000006f897fe4b0)
0x0000006f897fe4b0:   0000022f2e541910 00a422a5010304a5
0x0000006f897fe4c0:   0133c2a700608fa5 013d78ab00dbb2a9
0x0000006f897fe4d0:   0000022f3009ec78 000000000000ed07
0x0000006f897fe4e0:   0000000000000000 0000000000000014
0x0000006f897fe4f0:   0000000000000000 0000000000000000
0x0000006f897fe500:   0000006f897fe610 00007ffb9db32315
0x0000006f897fe510:   0000022f2efbf5a0 0000022f2e541910
0x0000006f897fe520:   0138cccc0101c100 0122d3d001274000
0x0000006f897fe530:   0000006f0000d104 0000b8020d2c0000
0x0000006f897fe540:   0000000000000000 013ca3d7009ab7d6
0x0000006f897fe550:   007cf0d8013d79d8 00d719da014411d9
0x0000006f897fe560:   027edcda007ed8da 00d130dc00621cdc
0x0000006f897fe570:   01c6a8df01410bdd 0136d8df0122d5df
0x0000006f897fe580:   012f19e301c8f5e0 012bb9e6009b19e6
0x0000006f897fe590:   013b9be7013016e7 01c6a4e80140ebe7
0x0000006f897fe5a0:   00f5d1e900a78ae9 00dd3af0014e0ef0 

Instructions: (pc=0x00007ffb9db3b8f7)
0x00007ffb9db3b7f7:   56 41 57 48 83 ec 20 45 8a e9 48 8b da 48 8b f1
0x00007ffb9db3b807:   48 8b 15 32 62 c4 00 48 8d 48 08 e8 0d 07 dc ff
0x00007ffb9db3b817:   90 48 8b ab 80 02 00 00 48 8b 05 7a 6b b4 00 44
0x00007ffb9db3b827:   8b b8 b8 0a 00 00 45 33 d2 45 8a f2 4c 89 93 80
0x00007ffb9db3b837:   02 00 00 44 89 93 88 02 00 00 4c 89 93 a0 02 00
0x00007ffb9db3b847:   00 4c 89 93 90 02 00 00 48 85 f6 75 38 8b 3d 0e
0x00007ffb9db3b857:   39 c4 00 65 48 8b 04 25 58 00 00 00 b9 14 00 00
0x00007ffb9db3b867:   00 48 8b 04 f8 44 38 14 01 0f 84 01 02 00 00 65
0x00007ffb9db3b877:   48 8b 04 25 58 00 00 00 be 20 00 00 00 48 8b 04
0x00007ffb9db3b887:   f8 48 8b 34 06 48 3b 35 0d 5d c4 00 45 0f 44 fa
0x00007ffb9db3b897:   48 85 ed 0f 84 a9 00 00 00 44 8a 6c 24 70 48 8b
0x00007ffb9db3b8a7:   fd 4c 8d a5 38 05 00 00 49 8b 2c 24 45 84 ed 0f
0x00007ffb9db3b8b7:   85 a1 01 00 00 8b 8b d0 01 00 00 48 8b 05 d7 6a
0x00007ffb9db3b8c7:   b4 00 83 b8 64 03 00 00 02 75 32 48 8d 97 f0 00
0x00007ffb9db3b8d7:   00 00 83 f9 10 0f 83 a2 00 00 00 8b c1 48 c1 e0
0x00007ffb9db3b8e7:   06 48 03 c2 48 85 c0 0f 85 87 00 00 00 4d 8b c2
0x00007ffb9db3b8f7:   4c 3b 86 48 54 03 00 0f 87 75 15 6e 00 4c 39 97
0x00007ffb9db3b907:   90 05 00 00 0f 85 b3 16 6e 00 4c 8b cf 4c 8b c3
0x00007ffb9db3b917:   e8 34 b3 72 00 84 c0 0f 85 b8 00 00 00 48 8b d7
0x00007ffb9db3b927:   48 8b cb e8 91 f9 ff ff 45 33 d2 48 85 ed 0f 85
0x00007ffb9db3b937:   6a ff ff ff 45 84 f6 44 8a 6c 24 78 0f 85 a3 16
0x00007ffb9db3b947:   6e 00 48 8b cb 45 84 ed 0f 85 18 01 00 00 e8 86
0x00007ffb9db3b957:   f6 ff ff 90 48 8b 4c 24 60 48 8b 5c 24 68 48 83
0x00007ffb9db3b967:   c4 20 41 5f 41 5e 41 5d 41 5c 5f 5e 5d 48 ff 25
0x00007ffb9db3b977:   9d 37 80 00 4c 8b 40 08 e9 73 ff ff ff 44 8d 41
0x00007ffb9db3b987:   f0 41 8b c0 c1 e8 04 83 f8 03 72 1a 48 8b 82 18
0x00007ffb9db3b997:   04 00 00 48 85 c0 74 26 39 08 0f 84 ad 00 00 00
0x00007ffb9db3b9a7:   48 8b 40 48 eb ed 0f ae e8 41 83 e0 0f 4c 8b 8c
0x00007ffb9db3b9b7:   c2 00 04 00 00 4d 85 c9 0f 85 80 00 00 00 44 38
0x00007ffb9db3b9c7:   92 20 04 00 00 0f 84 22 ff ff ff 8b c1 83 e0 0f
0x00007ffb9db3b9d7:   e9 08 ff ff ff 48 8b 83 80 02 00 00 49 89 04 24
0x00007ffb9db3b9e7:   48 89 bb 80 02 00 00 ff 83 88 02 00 00 48 8b 4f 


Stack slot to memory mapping:
stack at sp + 0 slots: 0x0000022f2e541910 points into unknown readable memory: 0x49080c4508470800 | 00 08 47 08 45 0c 08 49
stack at sp + 1 slots: 0x00a422a5010304a5 is an unknown value
stack at sp + 2 slots: 0x0133c2a700608fa5 is an unknown value
stack at sp + 3 slots: 0x013d78ab00dbb2a9 is an unknown value
stack at sp + 4 slots: 0x0000022f3009ec78 points into unknown readable memory: 0x0000000000040000 | 00 00 04 00 00 00 00 00
stack at sp + 5 slots: 0x000000000000ed07 is an unknown value
stack at sp + 6 slots: 0x0 is NULL
stack at sp + 7 slots: 0x0000000000000014 is an unknown value

VM_Operation (0x0000006f8b6febd0): Exit, mode: safepoint, requested by thread 0x0000022f2ef22990


---------------  P R O C E S S  ---------------

Threads class SMR info:
_java_thread_list=0x0000022f3f19dc50, length=18, elements={
0x0000022f2a10fb40, 0x0000022f2a110820, 0x0000022f2a112510, 0x0000022f2a113f40,
0x0000022f2a114960, 0x0000022f2a1154c0, 0x0000022f2a121860, 0x0000022f2a126580,
0x0000022f2a133c10, 0x0000022f2e5167a0, 0x0000022f2e51d160, 0x0000022f2e7fab80,
0x0000022f306df770, 0x0000022f2ef22990, 0x0000022f2ef21ef0, 0x0000022f2ef22440,
0x0000022f2ef22ee0, 0x0000022f3c4219a0
}

Java Threads: ( => current thread )
  0x0000022f2a10fb40 JavaThread "Reference Handler" daemon [_thread_blocked, id=15864, stack(0x0000006f89800000,0x0000006f89900000)]
  0x0000022f2a110820 JavaThread "Finalizer" daemon [_thread_blocked, id=10868, stack(0x0000006f89900000,0x0000006f89a00000)]
  0x0000022f2a112510 JavaThread "Signal Dispatcher" daemon [_thread_blocked, id=5176, stack(0x0000006f89a00000,0x0000006f89b00000)]
  0x0000022f2a113f40 JavaThread "Attach Listener" daemon [_thread_blocked, id=6392, stack(0x0000006f89b00000,0x0000006f89c00000)]
  0x0000022f2a114960 JavaThread "Service Thread" daemon [_thread_blocked, id=5252, stack(0x0000006f89c00000,0x0000006f89d00000)]
  0x0000022f2a1154c0 JavaThread "Monitor Deflation Thread" daemon [_thread_blocked, id=920, stack(0x0000006f89d00000,0x0000006f89e00000)]
  0x0000022f2a121860 JavaThread "C2 CompilerThread0" daemon [_thread_blocked, id=1052, stack(0x0000006f89e00000,0x0000006f89f00000)]
  0x0000022f2a126580 JavaThread "C1 CompilerThread0" daemon [_thread_blocked, id=4848, stack(0x0000006f89f00000,0x0000006f8a000000)]
  0x0000022f2a133c10 JavaThread "Sweeper thread" daemon [_thread_blocked, id=9868, stack(0x0000006f8a000000,0x0000006f8a100000)]
  0x0000022f2e5167a0 JavaThread "Notification Thread" daemon [_thread_blocked, id=15472, stack(0x0000006f8a100000,0x0000006f8a200000)]
  0x0000022f2e51d160 JavaThread "Common-Cleaner" daemon [_thread_blocked, id=11396, stack(0x0000006f8a300000,0x0000006f8a400000)]
  0x0000022f2e7fab80 JavaThread "Java2D Disposer" daemon [_thread_blocked, id=17080, stack(0x0000006f8a400000,0x0000006f8a500000)]
  0x0000022f306df770 JavaThread "HighResTimerThread" daemon [_thread_blocked, id=1184, stack(0x0000006f8b400000,0x0000006f8b500000)]
  0x0000022f2ef22990 JavaThread "main-FPSAWTAnimator#00-Timer0" [_thread_blocked, id=11920, stack(0x0000006f8b600000,0x0000006f8b700000)]
  0x0000022f2ef21ef0 JavaThread "DestroyJavaVM" [_thread_blocked, id=12196, stack(0x0000006f89100000,0x0000006f89200000)]
  0x0000022f2ef22440 JavaThread "Java Sound Event Dispatcher" daemon [_thread_blocked, id=12544, stack(0x0000006f8ba00000,0x0000006f8bb00000)]
  0x0000022f2ef22ee0 JavaThread "Thread-4" [_thread_blocked, id=2424, stack(0x0000006f8bc00000,0x0000006f8bd00000)]
  0x0000022f3c4219a0 JavaThread "AWT-Shutdown" [_thread_blocked, id=6172, stack(0x0000006f8c200000,0x0000006f8c300000)]

Other Threads:
=>0x0000022f2a0f6440 VMThread "VM Thread" [stack: 0x0000006f89700000,0x0000006f89800000] [id=12844]
  0x0000022f0bb7db80 WorkerThread "GC Thread#0" [stack: 0x0000006f89200000,0x0000006f89300000] [id=748]
  0x0000022f2ee1fba0 WorkerThread "GC Thread#1" [stack: 0x0000006f8ad00000,0x0000006f8ae00000] [id=16876]
  0x0000022f2ee20140 WorkerThread "GC Thread#2" [stack: 0x0000006f8ae00000,0x0000006f8af00000] [id=15720]
  0x0000022f2ee1f330 WorkerThread "GC Thread#3" [stack: 0x0000006f8af00000,0x0000006f8b000000] [id=11872]
  0x0000022f2ee209b0 WorkerThread "GC Thread#4" [stack: 0x0000006f8b000000,0x0000006f8b100000] [id=4464]
  0x0000022f2ee1f060 WorkerThread "GC Thread#5" [stack: 0x0000006f8b100000,0x0000006f8b200000] [id=12464]
  0x0000022f2ee1f600 WorkerThread "GC Thread#6" [stack: 0x0000006f8b200000,0x0000006f8b300000] [id=12332]
  0x0000022f2ee20410 WorkerThread "GC Thread#7" [stack: 0x0000006f8b300000,0x0000006f8b400000] [id=12172]
  0x0000022f0bb8eff0 ConcurrentGCThread "G1 Main Marker" terminated
  0x0000022f0bb8fbc0 WorkerThread "G1 Conc#0" [stack: 0x0000006f89400000,0x0000006f89500000] [id=13256]
  0x0000022f304e4870 WorkerThread "G1 Conc#1" [stack: 0x0000006f8c100000,0x0000006f8c200000] [id=1444]
  0x0000022f0bbed050 ConcurrentGCThread "G1 Refine#0" terminated
  0x0000022f0bbedb90 ConcurrentGCThread "G1 Service" terminated

Threads with active compile tasks:

VM state: at safepoint (shutting down)

VM Mutex/Monitor currently owned by a thread:  ([mutex/lock_event])
[0x0000022f0bb19d70] Threads_lock - owner thread: 0x0000022f2a0f6440
[0x0000022f0bb19f20] Heap_lock - owner thread: 0x0000022f2ef22990

Heap address: 0x0000000085800000, size: 1960 MB, Compressed Oops mode: 32-bit

CDS archive(s) mapped at: [0x0000000800000000-0x0000000800c40000-0x0000000800c40000), size 12845056, SharedBaseAddress: 0x0000000800000000, ArchiveRelocationMode: 0.
Compressed class space mapped at: 0x0000000801000000-0x0000000841000000, reserved size: 1073741824
Narrow klass base: 0x0000000800000000, Narrow klass shift: 0, Narrow klass range: 0x100000000

GC Precious Log:
 CardTable entry size: 512
 Card Set container configuration: InlinePtr #cards 5 size 8 Array Of Cards #cards 12 size 40 Howl #buckets 4 coarsen threshold 1843 Howl Bitmap #cards 512 size 80 coarsen threshold 460 Card regions per heap region 1 cards per card region 2048
 CPUs: 8 total, 8 available
 Memory: 7834M
 Large Page Support: Disabled
 NUMA Support: Disabled
 Compressed Oops: Enabled (32-bit)
 Heap Region Size: 1M
 Heap Min Capacity: 8M
 Heap Initial Capacity: 124M
 Heap Max Capacity: 1960M
 Pre-touch: Disabled
 Parallel Workers: 8
 Concurrent Workers: 2
 Concurrent Refinement Workers: 8
 Periodic GC: Disabled

Heap:
 garbage-first heap   total 191488K, used 89725K [0x0000000085800000, 0x0000000100000000)
  region size 1024K, 5 young (5120K), 3 survivors (3072K)
 Metaspace       used 14296K, committed 14528K, reserved 1114112K
  class space    used 1056K, committed 1152K, reserved 1048576K

Heap Regions: E=young(eden), S=young(survivor), O=old, HS=humongous(starts), HC=humongous(continues), CS=collection set, F=free, OA=open archive, CA=closed archive, TAMS=top-at-mark-start (previous, next)
|   0|0x0000000085800000, 0x0000000085900000, 0x0000000085900000|100%| O|  |TAMS 0x0000000085900000, 0x0000000085800000| Untracked 
|   1|0x0000000085900000, 0x0000000085a00000, 0x0000000085a00000|100%| O|  |TAMS 0x0000000085a00000, 0x0000000085900000| Untracked 
|   2|0x0000000085a00000, 0x0000000085b00000, 0x0000000085b00000|100%| O|  |TAMS 0x0000000085b00000, 0x0000000085a00000| Untracked 
|   3|0x0000000085b00000, 0x0000000085c00000, 0x0000000085c00000|100%| O|  |TAMS 0x0000000085c00000, 0x0000000085b00000| Untracked 
|   4|0x0000000085c00000, 0x0000000085d00000, 0x0000000085d00000|100%|HS|  |TAMS 0x0000000085d00000, 0x0000000085c00000| Complete 
|   5|0x0000000085d00000, 0x0000000085e00000, 0x0000000085e00000|100%|HC|  |TAMS 0x0000000085e00000, 0x0000000085d00000| Complete 
|   6|0x0000000085e00000, 0x0000000085f00000, 0x0000000085f00000|100%|HC|  |TAMS 0x0000000085f00000, 0x0000000085e00000| Complete 
|   7|0x0000000085f00000, 0x0000000086000000, 0x0000000086000000|100%|HC|  |TAMS 0x0000000086000000, 0x0000000085f00000| Complete 
|   8|0x0000000086000000, 0x0000000086100000, 0x0000000086100000|100%| O|  |TAMS 0x0000000086100000, 0x0000000086000000| Untracked 
|   9|0x0000000086100000, 0x0000000086200000, 0x0000000086200000|100%| O|  |TAMS 0x0000000086200000, 0x0000000086100000| Untracked 
|  10|0x0000000086200000, 0x0000000086300000, 0x0000000086300000|100%| O|  |TAMS 0x0000000086300000, 0x0000000086200000| Untracked 
|  11|0x0000000086300000, 0x0000000086400000, 0x0000000086400000|100%| O|  |TAMS 0x0000000086400000, 0x0000000086300000| Untracked 
|  12|0x0000000086400000, 0x0000000086500000, 0x0000000086500000|100%| O|  |TAMS 0x0000000086500000, 0x0000000086400000| Untracked 
|  13|0x0000000086500000, 0x0000000086600000, 0x0000000086600000|100%| O|  |TAMS 0x0000000086600000, 0x0000000086500000| Untracked 
|  14|0x0000000086600000, 0x0000000086700000, 0x0000000086700000|100%| O|  |TAMS 0x0000000086700000, 0x0000000086600000| Untracked 
|  15|0x0000000086700000, 0x0000000086800000, 0x0000000086800000|100%|HS|  |TAMS 0x0000000086800000, 0x0000000086700000| Complete 
|  16|0x0000000086800000, 0x0000000086900000, 0x0000000086900000|100%|HC|  |TAMS 0x0000000086900000, 0x0000000086800000| Complete 
|  17|0x0000000086900000, 0x0000000086a00000, 0x0000000086a00000|100%|HC|  |TAMS 0x0000000086a00000, 0x0000000086900000| Complete 
|  18|0x0000000086a00000, 0x0000000086b00000, 0x0000000086b00000|100%|HC|  |TAMS 0x0000000086b00000, 0x0000000086a00000| Complete 
|  19|0x0000000086b00000, 0x0000000086c00000, 0x0000000086c00000|100%|HS|  |TAMS 0x0000000086c00000, 0x0000000086b00000| Complete 
|  20|0x0000000086c00000, 0x0000000086d00000, 0x0000000086d00000|100%|HC|  |TAMS 0x0000000086d00000, 0x0000000086c00000| Complete 
|  21|0x0000000086d00000, 0x0000000086e00000, 0x0000000086e00000|100%| O|  |TAMS 0x0000000086e00000, 0x0000000086d00000| Untracked 
|  22|0x0000000086e00000, 0x0000000086f00000, 0x0000000086f00000|100%| O|  |TAMS 0x0000000086f00000, 0x0000000086e00000| Untracked 
|  23|0x0000000086f00000, 0x0000000087000000, 0x0000000087000000|100%| O|  |TAMS 0x0000000087000000, 0x0000000086f00000| Untracked 
|  24|0x0000000087000000, 0x0000000087100000, 0x0000000087100000|100%| O|  |TAMS 0x0000000087100000, 0x0000000087000000| Untracked 
|  25|0x0000000087100000, 0x0000000087200000, 0x0000000087200000|100%| O|  |TAMS 0x0000000087200000, 0x0000000087100000| Untracked 
|  26|0x0000000087200000, 0x0000000087300000, 0x0000000087300000|100%| O|  |TAMS 0x0000000087300000, 0x0000000087200000| Untracked 
|  27|0x0000000087300000, 0x0000000087400000, 0x0000000087400000|100%| O|  |TAMS 0x0000000087400000, 0x0000000087300000| Untracked 
|  28|0x0000000087400000, 0x0000000087500000, 0x0000000087500000|100%| O|  |TAMS 0x0000000087500000, 0x0000000087400000| Untracked 
|  29|0x0000000087500000, 0x0000000087600000, 0x0000000087600000|100%| O|  |TAMS 0x0000000087600000, 0x0000000087500000| Untracked 
|  30|0x0000000087600000, 0x0000000087700000, 0x0000000087700000|100%| O|  |TAMS 0x0000000087700000, 0x0000000087600000| Untracked 
|  31|0x0000000087700000, 0x0000000087800000, 0x0000000087800000|100%| O|  |TAMS 0x0000000087800000, 0x0000000087700000| Untracked 
|  32|0x0000000087800000, 0x0000000087900000, 0x0000000087900000|100%| O|  |TAMS 0x0000000087900000, 0x0000000087800000| Untracked 
|  33|0x0000000087900000, 0x0000000087a00000, 0x0000000087a00000|100%| O|  |TAMS 0x0000000087a00000, 0x0000000087900000| Untracked 
|  34|0x0000000087a00000, 0x0000000087b00000, 0x0000000087b00000|100%| O|  |TAMS 0x0000000087b00000, 0x0000000087a00000| Untracked 
|  35|0x0000000087b00000, 0x0000000087c00000, 0x0000000087c00000|100%| O|  |TAMS 0x0000000087c00000, 0x0000000087b00000| Untracked 
|  36|0x0000000087c00000, 0x0000000087d00000, 0x0000000087d00000|100%| O|  |TAMS 0x0000000087d00000, 0x0000000087c00000| Complete 
|  37|0x0000000087d00000, 0x0000000087e00000, 0x0000000087e00000|100%| O|  |TAMS 0x0000000087e00000, 0x0000000087d00000| Untracked 
|  38|0x0000000087e00000, 0x0000000087f00000, 0x0000000087f00000|100%| O|  |TAMS 0x0000000087f00000, 0x0000000087e00000| Untracked 
|  39|0x0000000087f00000, 0x0000000088000000, 0x0000000088000000|100%| O|  |TAMS 0x0000000088000000, 0x0000000087f00000| Untracked 
|  40|0x0000000088000000, 0x0000000088100000, 0x0000000088100000|100%| O|  |TAMS 0x0000000088100000, 0x0000000088000000| Untracked 
|  41|0x0000000088100000, 0x0000000088200000, 0x0000000088200000|100%| O|  |TAMS 0x0000000088100000, 0x0000000088100000| Untracked 
|  42|0x0000000088200000, 0x0000000088300000, 0x0000000088300000|100%| O|  |TAMS 0x0000000088200000, 0x0000000088200000| Untracked 
|  43|0x0000000088300000, 0x0000000088400000, 0x0000000088400000|100%| O|  |TAMS 0x0000000088300000, 0x0000000088300000| Untracked 
|  44|0x0000000088400000, 0x0000000088500000, 0x0000000088500000|100%| O|  |TAMS 0x0000000088400000, 0x0000000088400000| Untracked 
|  45|0x0000000088500000, 0x0000000088600000, 0x0000000088600000|100%| O|  |TAMS 0x0000000088500000, 0x0000000088500000| Untracked 
|  46|0x0000000088600000, 0x0000000088700000, 0x0000000088700000|100%| O|  |TAMS 0x0000000088600000, 0x0000000088600000| Untracked 
|  47|0x0000000088700000, 0x0000000088800000, 0x0000000088800000|100%| O|  |TAMS 0x0000000088700000, 0x0000000088700000| Untracked 
|  48|0x0000000088800000, 0x0000000088900000, 0x0000000088900000|100%| O|  |TAMS 0x0000000088800000, 0x0000000088800000| Untracked 
|  49|0x0000000088900000, 0x0000000088a00000, 0x0000000088a00000|100%| O|  |TAMS 0x0000000088900000, 0x0000000088900000| Untracked 
|  50|0x0000000088a00000, 0x0000000088b00000, 0x0000000088b00000|100%| O|  |TAMS 0x0000000088a00000, 0x0000000088a00000| Untracked 
|  51|0x0000000088b00000, 0x0000000088c00000, 0x0000000088c00000|100%| O|  |TAMS 0x0000000088c00000, 0x0000000088b00000| Untracked 
|  52|0x0000000088c00000, 0x0000000088d00000, 0x0000000088d00000|100%| O|  |TAMS 0x0000000088d00000, 0x0000000088c00000| Untracked 
|  53|0x0000000088d00000, 0x0000000088e00000, 0x0000000088e00000|100%| O|  |TAMS 0x0000000088e00000, 0x0000000088d00000| Untracked 
|  54|0x0000000088e00000, 0x0000000088f00000, 0x0000000088f00000|100%| O|  |TAMS 0x0000000088f00000, 0x0000000088e00000| Untracked 
|  55|0x0000000088f00000, 0x0000000089000000, 0x0000000089000000|100%| O|  |TAMS 0x0000000089000000, 0x0000000088f00000| Untracked 
|  56|0x0000000089000000, 0x0000000089100000, 0x0000000089100000|100%| O|  |TAMS 0x0000000089100000, 0x0000000089000000| Untracked 
|  57|0x0000000089100000, 0x0000000089200000, 0x0000000089200000|100%| O|  |TAMS 0x0000000089200000, 0x0000000089100000| Untracked 
|  58|0x0000000089200000, 0x0000000089300000, 0x0000000089300000|100%| O|  |TAMS 0x0000000089300000, 0x0000000089200000| Untracked 
|  59|0x0000000089300000, 0x0000000089400000, 0x0000000089400000|100%| O|  |TAMS 0x0000000089400000, 0x0000000089300000| Untracked 
|  60|0x0000000089400000, 0x0000000089500000, 0x0000000089500000|100%| O|  |TAMS 0x0000000089500000, 0x0000000089400000| Untracked 
|  61|0x0000000089500000, 0x0000000089600000, 0x0000000089600000|100%| O|  |TAMS 0x0000000089600000, 0x0000000089500000| Untracked 
|  62|0x0000000089600000, 0x0000000089700000, 0x0000000089700000|100%| O|  |TAMS 0x0000000089700000, 0x0000000089600000| Untracked 
|  63|0x0000000089700000, 0x0000000089800000, 0x0000000089800000|100%| O|  |TAMS 0x0000000089800000, 0x0000000089700000| Untracked 
|  64|0x0000000089800000, 0x0000000089900000, 0x0000000089900000|100%| O|  |TAMS 0x0000000089900000, 0x0000000089800000| Complete 
|  65|0x0000000089900000, 0x0000000089a00000, 0x0000000089a00000|100%| O|  |TAMS 0x00000000899fce00, 0x0000000089900000| Complete 
|  66|0x0000000089a00000, 0x0000000089b00000, 0x0000000089b00000|100%| O|  |TAMS 0x0000000089a00000, 0x0000000089a00000| Untracked 
|  67|0x0000000089b00000, 0x0000000089c00000, 0x0000000089c00000|100%| O|  |TAMS 0x0000000089b00000, 0x0000000089b00000| Untracked 
|  68|0x0000000089c00000, 0x0000000089d00000, 0x0000000089d00000|100%| O|  |TAMS 0x0000000089c00000, 0x0000000089c00000| Untracked 
|  69|0x0000000089d00000, 0x0000000089e00000, 0x0000000089e00000|100%| O|  |TAMS 0x0000000089d00000, 0x0000000089d00000| Untracked 
|  70|0x0000000089e00000, 0x0000000089f00000, 0x0000000089f00000|100%| O|  |TAMS 0x0000000089e00000, 0x0000000089e00000| Untracked 
|  71|0x0000000089f00000, 0x0000000089f00000, 0x000000008a000000|  0%| F|  |TAMS 0x0000000089f00000, 0x0000000089f00000| Untracked 
|  72|0x000000008a000000, 0x000000008a000000, 0x000000008a100000|  0%| F|  |TAMS 0x000000008a000000, 0x000000008a000000| Untracked 
|  73|0x000000008a100000, 0x000000008a100000, 0x000000008a200000|  0%| F|  |TAMS 0x000000008a100000, 0x000000008a100000| Untracked 
|  74|0x000000008a200000, 0x000000008a200000, 0x000000008a300000|  0%| F|  |TAMS 0x000000008a200000, 0x000000008a200000| Untracked 
|  75|0x000000008a300000, 0x000000008a300000, 0x000000008a400000|  0%| F|  |TAMS 0x000000008a300000, 0x000000008a300000| Untracked 
|  76|0x000000008a400000, 0x000000008a400000, 0x000000008a500000|  0%| F|  |TAMS 0x000000008a400000, 0x000000008a400000| Untracked 
|  77|0x000000008a500000, 0x000000008a500000, 0x000000008a600000|  0%| F|  |TAMS 0x000000008a500000, 0x000000008a500000| Untracked 
|  78|0x000000008a600000, 0x000000008a600000, 0x000000008a700000|  0%| F|  |TAMS 0x000000008a600000, 0x000000008a600000| Untracked 
|  79|0x000000008a700000, 0x000000008a700000, 0x000000008a800000|  0%| F|  |TAMS 0x000000008a700000, 0x000000008a700000| Untracked 
|  80|0x000000008a800000, 0x000000008a800000, 0x000000008a900000|  0%| F|  |TAMS 0x000000008a800000, 0x000000008a800000| Untracked 
|  81|0x000000008a900000, 0x000000008a900000, 0x000000008aa00000|  0%| F|  |TAMS 0x000000008a900000, 0x000000008a900000| Untracked 
|  82|0x000000008aa00000, 0x000000008aa00000, 0x000000008ab00000|  0%| F|  |TAMS 0x000000008aa00000, 0x000000008aa00000| Untracked 
|  83|0x000000008ab00000, 0x000000008ab00000, 0x000000008ac00000|  0%| F|  |TAMS 0x000000008ab00000, 0x000000008ab00000| Untracked 
|  84|0x000000008ac00000, 0x000000008ac00000, 0x000000008ad00000|  0%| F|  |TAMS 0x000000008ac00000, 0x000000008ac00000| Untracked 
|  85|0x000000008ad00000, 0x000000008ad00000, 0x000000008ae00000|  0%| F|  |TAMS 0x000000008ad00000, 0x000000008ad00000| Untracked 
|  86|0x000000008ae00000, 0x000000008ae00000, 0x000000008af00000|  0%| F|  |TAMS 0x000000008ae00000, 0x000000008ae00000| Untracked 
|  87|0x000000008af00000, 0x000000008af00000, 0x000000008b000000|  0%| F|  |TAMS 0x000000008af00000, 0x000000008af00000| Untracked 
|  88|0x000000008b000000, 0x000000008b000000, 0x000000008b100000|  0%| F|  |TAMS 0x000000008b000000, 0x000000008b000000| Untracked 
|  89|0x000000008b100000, 0x000000008b100000, 0x000000008b200000|  0%| F|  |TAMS 0x000000008b100000, 0x000000008b100000| Untracked 
|  90|0x000000008b200000, 0x000000008b200000, 0x000000008b300000|  0%| F|  |TAMS 0x000000008b200000, 0x000000008b200000| Untracked 
|  91|0x000000008b300000, 0x000000008b300000, 0x000000008b400000|  0%| F|  |TAMS 0x000000008b300000, 0x000000008b300000| Untracked 
|  92|0x000000008b400000, 0x000000008b400000, 0x000000008b500000|  0%| F|  |TAMS 0x000000008b400000, 0x000000008b400000| Untracked 
|  93|0x000000008b500000, 0x000000008b500000, 0x000000008b600000|  0%| F|  |TAMS 0x000000008b500000, 0x000000008b500000| Untracked 
|  94|0x000000008b600000, 0x000000008b600000, 0x000000008b700000|  0%| F|  |TAMS 0x000000008b600000, 0x000000008b600000| Untracked 
|  95|0x000000008b700000, 0x000000008b700000, 0x000000008b800000|  0%| F|  |TAMS 0x000000008b700000, 0x000000008b700000| Untracked 
|  96|0x000000008b800000, 0x000000008b800000, 0x000000008b900000|  0%| F|  |TAMS 0x000000008b800000, 0x000000008b800000| Untracked 
|  97|0x000000008b900000, 0x000000008b900000, 0x000000008ba00000|  0%| F|  |TAMS 0x000000008b900000, 0x000000008b900000| Untracked 
|  98|0x000000008ba00000, 0x000000008ba00000, 0x000000008bb00000|  0%| F|  |TAMS 0x000000008ba00000, 0x000000008ba00000| Untracked 
|  99|0x000000008bb00000, 0x000000008bb00000, 0x000000008bc00000|  0%| F|  |TAMS 0x000000008bb00000, 0x000000008bb00000| Untracked 
| 100|0x000000008bc00000, 0x000000008bc00000, 0x000000008bd00000|  0%| F|  |TAMS 0x000000008bc00000, 0x000000008bc00000| Untracked 
| 101|0x000000008bd00000, 0x000000008bd00000, 0x000000008be00000|  0%| F|  |TAMS 0x000000008bd00000, 0x000000008bd00000| Untracked 
| 102|0x000000008be00000, 0x000000008be00000, 0x000000008bf00000|  0%| F|  |TAMS 0x000000008be00000, 0x000000008be00000| Untracked 
| 103|0x000000008bf00000, 0x000000008bf00000, 0x000000008c000000|  0%| F|  |TAMS 0x000000008bf00000, 0x000000008bf00000| Untracked 
| 104|0x000000008c000000, 0x000000008c000000, 0x000000008c100000|  0%| F|  |TAMS 0x000000008c000000, 0x000000008c000000| Untracked 
| 105|0x000000008c100000, 0x000000008c100000, 0x000000008c200000|  0%| F|  |TAMS 0x000000008c100000, 0x000000008c100000| Untracked 
| 106|0x000000008c200000, 0x000000008c200000, 0x000000008c300000|  0%| F|  |TAMS 0x000000008c200000, 0x000000008c200000| Untracked 
| 107|0x000000008c300000, 0x000000008c300000, 0x000000008c400000|  0%| F|  |TAMS 0x000000008c300000, 0x000000008c300000| Untracked 
| 108|0x000000008c400000, 0x000000008c500000, 0x000000008c500000|100%|HS|  |TAMS 0x000000008c400000, 0x000000008c400000| Complete 
| 109|0x000000008c500000, 0x000000008c600000, 0x000000008c600000|100%|HS|  |TAMS 0x000000008c500000, 0x000000008c500000| Complete 
| 110|0x000000008c600000, 0x000000008c700000, 0x000000008c700000|100%|HC|  |TAMS 0x000000008c600000, 0x000000008c600000| Complete 
| 111|0x000000008c700000, 0x000000008c800000, 0x000000008c800000|100%|HC|  |TAMS 0x000000008c700000, 0x000000008c700000| Complete 
| 112|0x000000008c800000, 0x000000008c900000, 0x000000008c900000|100%|HS|  |TAMS 0x000000008c800000, 0x000000008c800000| Complete 
| 113|0x000000008c900000, 0x000000008ca00000, 0x000000008ca00000|100%|HS|  |TAMS 0x000000008c900000, 0x000000008c900000| Complete 
| 114|0x000000008ca00000, 0x000000008cb00000, 0x000000008cb00000|100%|HC|  |TAMS 0x000000008ca00000, 0x000000008ca00000| Complete 
| 115|0x000000008cb00000, 0x000000008cc00000, 0x000000008cc00000|100%|HC|  |TAMS 0x000000008cb00000, 0x000000008cb00000| Complete 
| 116|0x000000008cc00000, 0x000000008cd00000, 0x000000008cd00000|100%|HS|  |TAMS 0x000000008cc00000, 0x000000008cc00000| Complete 
| 117|0x000000008cd00000, 0x000000008ce00000, 0x000000008ce00000|100%| O|  |TAMS 0x000000008cd00000, 0x000000008cd00000| Untracked 
| 118|0x000000008ce00000, 0x000000008ce00000, 0x000000008cf00000|  0%| F|  |TAMS 0x000000008ce00000, 0x000000008ce00000| Untracked 
| 119|0x000000008cf00000, 0x000000008cf00000, 0x000000008d000000|  0%| F|  |TAMS 0x000000008cf00000, 0x000000008cf00000| Untracked 
| 120|0x000000008d000000, 0x000000008d000000, 0x000000008d100000|  0%| F|  |TAMS 0x000000008d000000, 0x000000008d000000| Untracked 
| 121|0x000000008d100000, 0x000000008d100000, 0x000000008d200000|  0%| F|  |TAMS 0x000000008d100000, 0x000000008d100000| Untracked 
| 122|0x000000008d200000, 0x000000008d200000, 0x000000008d300000|  0%| F|  |TAMS 0x000000008d200000, 0x000000008d200000| Untracked 
| 123|0x000000008d300000, 0x000000008d300000, 0x000000008d400000|  0%| F|  |TAMS 0x000000008d300000, 0x000000008d300000| Untracked 
| 124|0x000000008d400000, 0x000000008d500000, 0x000000008d500000|100%| O|  |TAMS 0x000000008d400000, 0x000000008d400000| Untracked 
| 125|0x000000008d500000, 0x000000008d600000, 0x000000008d600000|100%| O|  |TAMS 0x000000008d500000, 0x000000008d500000| Untracked 
| 126|0x000000008d600000, 0x000000008d6b8400, 0x000000008d700000| 71%| O|  |TAMS 0x000000008d600000, 0x000000008d600000| Untracked 
| 127|0x000000008d700000, 0x000000008d700000, 0x000000008d800000|  0%| F|  |TAMS 0x000000008d700000, 0x000000008d700000| Untracked 
| 128|0x000000008d800000, 0x000000008d800000, 0x000000008d900000|  0%| F|  |TAMS 0x000000008d800000, 0x000000008d800000| Untracked 
| 129|0x000000008d900000, 0x000000008d900000, 0x000000008da00000|  0%| F|  |TAMS 0x000000008d900000, 0x000000008d900000| Untracked 
| 130|0x000000008da00000, 0x000000008da00000, 0x000000008db00000|  0%| F|  |TAMS 0x000000008da00000, 0x000000008da00000| Untracked 
| 131|0x000000008db00000, 0x000000008db00000, 0x000000008dc00000|  0%| F|  |TAMS 0x000000008db00000, 0x000000008db00000| Untracked 
| 132|0x000000008dc00000, 0x000000008dc00000, 0x000000008dd00000|  0%| F|  |TAMS 0x000000008dc00000, 0x000000008dc00000| Untracked 
| 133|0x000000008dd00000, 0x000000008dd00000, 0x000000008de00000|  0%| F|  |TAMS 0x000000008dd00000, 0x000000008dd00000| Untracked 
| 134|0x000000008de00000, 0x000000008de00000, 0x000000008df00000|  0%| F|  |TAMS 0x000000008de00000, 0x000000008de00000| Untracked 
| 135|0x000000008df00000, 0x000000008df00000, 0x000000008e000000|  0%| F|  |TAMS 0x000000008df00000, 0x000000008df00000| Untracked 
| 136|0x000000008e000000, 0x000000008e000000, 0x000000008e100000|  0%| F|  |TAMS 0x000000008e000000, 0x000000008e000000| Untracked 
| 137|0x000000008e100000, 0x000000008e100000, 0x000000008e200000|  0%| F|  |TAMS 0x000000008e100000, 0x000000008e100000| Untracked 
| 138|0x000000008e200000, 0x000000008e200000, 0x000000008e300000|  0%| F|  |TAMS 0x000000008e200000, 0x000000008e200000| Untracked 
| 139|0x000000008e300000, 0x000000008e300000, 0x000000008e400000|  0%| F|  |TAMS 0x000000008e300000, 0x000000008e300000| Untracked 
| 140|0x000000008e400000, 0x000000008e400000, 0x000000008e500000|  0%| F|  |TAMS 0x000000008e400000, 0x000000008e400000| Untracked 
| 141|0x000000008e500000, 0x000000008e500000, 0x000000008e600000|  0%| F|  |TAMS 0x000000008e500000, 0x000000008e500000| Untracked 
| 142|0x000000008e600000, 0x000000008e600000, 0x000000008e700000|  0%| F|  |TAMS 0x000000008e600000, 0x000000008e600000| Untracked 
| 143|0x000000008e700000, 0x000000008e700000, 0x000000008e800000|  0%| F|  |TAMS 0x000000008e700000, 0x000000008e700000| Untracked 
| 144|0x000000008e800000, 0x000000008e800000, 0x000000008e900000|  0%| F|  |TAMS 0x000000008e800000, 0x000000008e800000| Untracked 
| 145|0x000000008e900000, 0x000000008e900000, 0x000000008ea00000|  0%| F|  |TAMS 0x000000008e900000, 0x000000008e900000| Untracked 
| 146|0x000000008ea00000, 0x000000008ea00000, 0x000000008eb00000|  0%| F|  |TAMS 0x000000008ea00000, 0x000000008ea00000| Untracked 
| 147|0x000000008eb00000, 0x000000008eb00000, 0x000000008ec00000|  0%| F|  |TAMS 0x000000008eb00000, 0x000000008eb00000| Untracked 
| 148|0x000000008ec00000, 0x000000008ec00000, 0x000000008ed00000|  0%| F|  |TAMS 0x000000008ec00000, 0x000000008ec00000| Untracked 
| 149|0x000000008ed00000, 0x000000008ed00000, 0x000000008ee00000|  0%| F|  |TAMS 0x000000008ed00000, 0x000000008ed00000| Untracked 
| 150|0x000000008ee00000, 0x000000008ee00000, 0x000000008ef00000|  0%| F|  |TAMS 0x000000008ee00000, 0x000000008ee00000| Untracked 
| 151|0x000000008ef00000, 0x000000008ef00000, 0x000000008f000000|  0%| F|  |TAMS 0x000000008ef00000, 0x000000008ef00000| Untracked 
| 152|0x000000008f000000, 0x000000008f000000, 0x000000008f100000|  0%| F|  |TAMS 0x000000008f000000, 0x000000008f000000| Untracked 
| 153|0x000000008f100000, 0x000000008f100000, 0x000000008f200000|  0%| F|  |TAMS 0x000000008f100000, 0x000000008f100000| Untracked 
| 154|0x000000008f200000, 0x000000008f200000, 0x000000008f300000|  0%| F|  |TAMS 0x000000008f200000, 0x000000008f200000| Untracked 
| 155|0x000000008f300000, 0x000000008f300000, 0x000000008f400000|  0%| F|  |TAMS 0x000000008f300000, 0x000000008f300000| Untracked 
| 156|0x000000008f400000, 0x000000008f400000, 0x000000008f500000|  0%| F|  |TAMS 0x000000008f400000, 0x000000008f400000| Untracked 
| 157|0x000000008f500000, 0x000000008f500000, 0x000000008f600000|  0%| F|  |TAMS 0x000000008f500000, 0x000000008f500000| Untracked 
| 158|0x000000008f600000, 0x000000008f600000, 0x000000008f700000|  0%| F|  |TAMS 0x000000008f600000, 0x000000008f600000| Untracked 
| 159|0x000000008f700000, 0x000000008f700000, 0x000000008f800000|  0%| F|  |TAMS 0x000000008f700000, 0x000000008f700000| Untracked 
| 160|0x000000008f800000, 0x000000008f800000, 0x000000008f900000|  0%| F|  |TAMS 0x000000008f800000, 0x000000008f800000| Untracked 
| 161|0x000000008f900000, 0x000000008f900000, 0x000000008fa00000|  0%| F|  |TAMS 0x000000008f900000, 0x000000008f900000| Untracked 
| 162|0x000000008fa00000, 0x000000008fa00000, 0x000000008fb00000|  0%| F|  |TAMS 0x000000008fa00000, 0x000000008fa00000| Untracked 
| 163|0x000000008fb00000, 0x000000008fb00000, 0x000000008fc00000|  0%| F|  |TAMS 0x000000008fb00000, 0x000000008fb00000| Untracked 
| 164|0x000000008fc00000, 0x000000008fc00000, 0x000000008fd00000|  0%| F|  |TAMS 0x000000008fc00000, 0x000000008fc00000| Untracked 
| 165|0x000000008fd00000, 0x000000008fd00000, 0x000000008fe00000|  0%| F|  |TAMS 0x000000008fd00000, 0x000000008fd00000| Untracked 
| 166|0x000000008fe00000, 0x000000008fe00000, 0x000000008ff00000|  0%| F|  |TAMS 0x000000008fe00000, 0x000000008fe00000| Untracked 
| 167|0x000000008ff00000, 0x000000008ff00000, 0x0000000090000000|  0%| F|  |TAMS 0x000000008ff00000, 0x000000008ff00000| Untracked 
| 168|0x0000000090000000, 0x0000000090000000, 0x0000000090100000|  0%| F|  |TAMS 0x0000000090000000, 0x0000000090000000| Untracked 
| 169|0x0000000090100000, 0x0000000090100000, 0x0000000090200000|  0%| F|  |TAMS 0x0000000090100000, 0x0000000090100000| Untracked 
| 170|0x0000000090200000, 0x0000000090200000, 0x0000000090300000|  0%| F|  |TAMS 0x0000000090200000, 0x0000000090200000| Untracked 
| 171|0x0000000090300000, 0x0000000090300000, 0x0000000090400000|  0%| F|  |TAMS 0x0000000090300000, 0x0000000090300000| Untracked 
| 172|0x0000000090400000, 0x0000000090400000, 0x0000000090500000|  0%| F|  |TAMS 0x0000000090400000, 0x0000000090400000| Untracked 
| 173|0x0000000090500000, 0x0000000090500000, 0x0000000090600000|  0%| F|  |TAMS 0x0000000090500000, 0x0000000090500000| Untracked 
| 174|0x0000000090600000, 0x0000000090600000, 0x0000000090700000|  0%| F|  |TAMS 0x0000000090600000, 0x0000000090600000| Untracked 
| 175|0x0000000090700000, 0x0000000090700000, 0x0000000090800000|  0%| F|  |TAMS 0x0000000090700000, 0x0000000090700000| Untracked 
| 176|0x0000000090800000, 0x0000000090800000, 0x0000000090900000|  0%| F|  |TAMS 0x0000000090800000, 0x0000000090800000| Untracked 
| 177|0x0000000090900000, 0x00000000909e7310, 0x0000000090a00000| 90%| S|CS|TAMS 0x0000000090900000, 0x0000000090900000| Complete 
| 178|0x0000000090a00000, 0x0000000090b00000, 0x0000000090b00000|100%| S|CS|TAMS 0x0000000090a00000, 0x0000000090a00000| Complete 
| 179|0x0000000090b00000, 0x0000000090c00000, 0x0000000090c00000|100%| S|CS|TAMS 0x0000000090b00000, 0x0000000090b00000| Complete 
| 180|0x0000000090c00000, 0x0000000090c00000, 0x0000000090d00000|  0%| F|  |TAMS 0x0000000090c00000, 0x0000000090c00000| Untracked 
| 181|0x0000000090d00000, 0x0000000090d00000, 0x0000000090e00000|  0%| F|  |TAMS 0x0000000090d00000, 0x0000000090d00000| Untracked 
| 182|0x0000000090e00000, 0x0000000090e00000, 0x0000000090f00000|  0%| F|  |TAMS 0x0000000090e00000, 0x0000000090e00000| Untracked 
| 183|0x0000000090f00000, 0x0000000090f00000, 0x0000000091000000|  0%| F|  |TAMS 0x0000000090f00000, 0x0000000090f00000| Untracked 
| 184|0x0000000091000000, 0x0000000091000000, 0x0000000091100000|  0%| F|  |TAMS 0x0000000091000000, 0x0000000091000000| Untracked 
| 185|0x0000000091100000, 0x0000000091154600, 0x0000000091200000| 32%| E|  |TAMS 0x0000000091100000, 0x0000000091100000| Complete 
| 186|0x0000000091200000, 0x0000000091300000, 0x0000000091300000|100%| E|CS|TAMS 0x0000000091200000, 0x0000000091200000| Complete 

Card table byte_map: [0x0000022f231b0000,0x0000022f23590000] _byte_map_base: 0x0000022f22d84000

Marking Bits (Prev, Next): (CMBitMap*) 0x0000022f0bb7f200, (CMBitMap*) 0x0000022f0bb7f1c0
 Prev Bits: [0x0000022f25810000, 0x0000022f276b0000)
 Next Bits: [0x0000022f23970000, 0x0000022f25810000)

Polling page: 0x0000022f09a70000

Metaspace:

Usage:
  Non-class:     12.93 MB used.
      Class:      1.03 MB used.
       Both:     13.96 MB used.

Virtual space:
  Non-class space:       64.00 MB reserved,      13.06 MB ( 20%) committed,  1 nodes.
      Class space:        1.00 GB reserved,       1.12 MB ( <1%) committed,  1 nodes.
             Both:        1.06 GB reserved,      14.19 MB (  1%) committed. 

Chunk freelists:
   Non-Class:  2.05 MB
       Class:  2.82 MB
        Both:  4.86 MB

MaxMetaspaceSize: unlimited
CompressedClassSpaceSize: 1.00 GB
Initial GC threshold: 21.00 MB
Current GC threshold: 23.38 MB
CDS: on
MetaspaceReclaimPolicy: balanced
 - commit_granule_bytes: 65536.
 - commit_granule_words: 8192.
 - virtual_space_node_default_size: 8388608.
 - enlarge_chunks_in_place: 1.
 - new_chunks_are_fully_committed: 0.
 - uncommit_free_chunks: 1.
 - use_allocation_guard: 0.


Internal statistics:

num_allocs_failed_limit: 0.
num_arena_births: 200.
num_arena_deaths: 0.
num_vsnodes_births: 2.
num_vsnodes_deaths: 0.
num_space_committed: 223.
num_space_uncommitted: 0.
num_chunks_returned_to_freelist: 0.
num_chunks_taken_from_freelist: 499.
num_chunk_merges: 0.
num_chunk_splits: 391.
num_chunks_enlarged: 314.
num_inconsistent_stats: 0.

CodeHeap 'non-profiled nmethods': size=120000Kb used=1074Kb max_used=1074Kb free=118925Kb
 bounds [0x0000022f1b560000, 0x0000022f1b7d0000, 0x0000022f22a90000]
CodeHeap 'profiled nmethods': size=120000Kb used=3663Kb max_used=3663Kb free=116336Kb
 bounds [0x0000022f13a90000, 0x0000022f13e30000, 0x0000022f1afc0000]
CodeHeap 'non-nmethods': size=5760Kb used=1649Kb max_used=1688Kb free=4111Kb
 bounds [0x0000022f1afc0000, 0x0000022f1b230000, 0x0000022f1b560000]
 total_blobs=2968 nmethods=2005 adapters=874
 compilation: enabled
              stopped_count=0, restarted_count=0
 full_count=0

Compilation events (20 events):
Event: 3.602 Thread 0x0000022f2a126580 nmethod 1994 0x0000022f13e21290 code [0x0000022f13e21420, 0x0000022f13e21538]
Event: 3.602 Thread 0x0000022f2a126580 1995       3       processing.core.PMatrix3D::sin (7 bytes)
Event: 3.602 Thread 0x0000022f2a126580 nmethod 1995 0x0000022f13e21610 code [0x0000022f13e217a0, 0x0000022f13e218b8]
Event: 3.602 Thread 0x0000022f2a126580 1996       3       processing.opengl.PGraphicsOpenGL::invRotate (133 bytes)
Event: 3.602 Thread 0x0000022f2a126580 nmethod 1996 0x0000022f13e21990 code [0x0000022f13e21ba0, 0x0000022f13e21f68]
Event: 3.602 Thread 0x0000022f2a126580 1997       3       processing.core.PApplet::cos (7 bytes)
Event: 3.602 Thread 0x0000022f2a126580 nmethod 1997 0x0000022f13e22110 code [0x0000022f13e222a0, 0x0000022f13e223b8]
Event: 3.602 Thread 0x0000022f2a126580 1999       3       processing.opengl.PGraphicsOpenGL::getHint (27 bytes)
Event: 3.602 Thread 0x0000022f2a126580 nmethod 1999 0x0000022f13e22490 code [0x0000022f13e22640, 0x0000022f13e22878]
Event: 3.604 Thread 0x0000022f2a121860 nmethod 1998 0x0000022f1b669910 code [0x0000022f1b669ac0, 0x0000022f1b669e68]
Event: 3.605 Thread 0x0000022f2a121860 2000       4       processing.opengl.PShader::setAttributeVBO (34 bytes)
Event: 3.609 Thread 0x0000022f2a121860 nmethod 2000 0x0000022f1b66a290 code [0x0000022f1b66a460, 0x0000022f1b66ab18]
Event: 3.630 Thread 0x0000022f2a121860 2002   !   4       java.util.zip.ZipFile$Source::getEntryPos (195 bytes)
Event: 3.639 Thread 0x0000022f2a121860 nmethod 2002 0x0000022f1b66b710 code [0x0000022f1b66b900, 0x0000022f1b66c250]
Event: 3.674 Thread 0x0000022f2a126580 2003       3       ddf.minim.javasound.FloatSampleBuffer::makeSilence (61 bytes)
Event: 3.675 Thread 0x0000022f2a126580 nmethod 2003 0x0000022f13e22990 code [0x0000022f13e22ba0, 0x0000022f13e23208]
Event: 3.675 Thread 0x0000022f2a126580 2004       3       ddf.minim.MultiChannelBuffer::setChannel (17 bytes)
Event: 3.675 Thread 0x0000022f2a126580 nmethod 2004 0x0000022f13e23490 code [0x0000022f13e23640, 0x0000022f13e23828]
Event: 3.675 Thread 0x0000022f2a126580 2005       3       ddf.minim.MultiChannelBuffer::getChannel (7 bytes)
Event: 3.675 Thread 0x0000022f2a126580 nmethod 2005 0x0000022f13e23910 code [0x0000022f13e23aa0, 0x0000022f13e23bd8]

GC Heap History (12 events):
Event: 0.942 GC heap before
{Heap before GC invocations=0 (full 0):
 garbage-first heap   total 126976K, used 25600K [0x0000000085800000, 0x0000000100000000)
  region size 1024K, 23 young (23552K), 0 survivors (0K)
 Metaspace       used 11604K, committed 11904K, reserved 1114112K
  class space    used 807K, committed 960K, reserved 1048576K
}
Event: 0.951 GC heap after
{Heap after GC invocations=1 (full 0):
 garbage-first heap   total 126976K, used 3115K [0x0000000085800000, 0x0000000100000000)
  region size 1024K, 3 young (3072K), 3 survivors (3072K)
 Metaspace       used 11604K, committed 11904K, reserved 1114112K
  class space    used 807K, committed 960K, reserved 1048576K
}
Event: 1.537 GC heap before
{Heap before GC invocations=1 (full 0):
 garbage-first heap   total 126976K, used 57387K [0x0000000085800000, 0x0000000100000000)
  region size 1024K, 37 young (37888K), 3 survivors (3072K)
 Metaspace       used 13844K, committed 14080K, reserved 1114112K
  class space    used 1039K, committed 1152K, reserved 1048576K
}
Event: 1.540 GC heap after
{Heap after GC invocations=2 (full 0):
 garbage-first heap   total 126976K, used 16069K [0x0000000085800000, 0x0000000100000000)
  region size 1024K, 3 young (3072K), 3 survivors (3072K)
 Metaspace       used 13844K, committed 14080K, reserved 1114112K
  class space    used 1039K, committed 1152K, reserved 1048576K
}
Event: 1.629 GC heap before
{Heap before GC invocations=2 (full 0):
 garbage-first heap   total 126976K, used 87749K [0x0000000085800000, 0x0000000100000000)
  region size 1024K, 73 young (74752K), 3 survivors (3072K)
 Metaspace       used 13921K, committed 14208K, reserved 1114112K
  class space    used 1040K, committed 1152K, reserved 1048576K
}
Event: 1.637 GC heap after
{Heap after GC invocations=3 (full 0):
 garbage-first heap   total 126976K, used 41142K [0x0000000085800000, 0x0000000100000000)
  region size 1024K, 10 young (10240K), 10 survivors (10240K)
 Metaspace       used 13921K, committed 14208K, reserved 1114112K
  class space    used 1040K, committed 1152K, reserved 1048576K
}
Event: 1.653 GC heap before
{Heap before GC invocations=3 (full 0):
 garbage-first heap   total 126976K, used 75958K [0x0000000085800000, 0x0000000100000000)
  region size 1024K, 44 young (45056K), 10 survivors (10240K)
 Metaspace       used 13921K, committed 14208K, reserved 1114112K
  class space    used 1040K, committed 1152K, reserved 1048576K
}
Event: 1.662 GC heap after
{Heap after GC invocations=4 (full 0):
 garbage-first heap   total 126976K, used 63475K [0x0000000085800000, 0x0000000100000000)
  region size 1024K, 6 young (6144K), 6 survivors (6144K)
 Metaspace       used 13921K, committed 14208K, reserved 1114112K
  class space    used 1040K, committed 1152K, reserved 1048576K
}
Event: 1.770 GC heap before
{Heap before GC invocations=4 (full 0):
 garbage-first heap   total 126976K, used 83955K [0x0000000085800000, 0x0000000100000000)
  region size 1024K, 27 young (27648K), 6 survivors (6144K)
 Metaspace       used 14118K, committed 14336K, reserved 1114112K
  class space    used 1051K, committed 1152K, reserved 1048576K
}
Event: 1.775 GC heap after
{Heap after GC invocations=5 (full 0):
 garbage-first heap   total 126976K, used 76288K [0x0000000085800000, 0x0000000100000000)
  region size 1024K, 4 young (4096K), 4 survivors (4096K)
 Metaspace       used 14118K, committed 14336K, reserved 1114112K
  class space    used 1051K, committed 1152K, reserved 1048576K
}
Event: 2.236 GC heap before
{Heap before GC invocations=6 (full 0):
 garbage-first heap   total 191488K, used 131584K [0x0000000085800000, 0x0000000100000000)
  region size 1024K, 17 young (17408K), 4 survivors (4096K)
 Metaspace       used 14203K, committed 14400K, reserved 1114112K
  class space    used 1051K, committed 1152K, reserved 1048576K
}
Event: 2.238 GC heap after
{Heap after GC invocations=7 (full 0):
 garbage-first heap   total 191488K, used 88701K [0x0000000085800000, 0x0000000100000000)
  region size 1024K, 3 young (3072K), 3 survivors (3072K)
 Metaspace       used 14203K, committed 14400K, reserved 1114112K
  class space    used 1051K, committed 1152K, reserved 1048576K
}

Dll operation events (16 events):
Event: 0.006 Loaded shared library C:\Program Files\Java\jdk-19\bin\java.dll
Event: 0.016 Loaded shared library C:\Program Files\Java\jdk-19\bin\jsvml.dll
Event: 0.061 Loaded shared library C:\Program Files\Java\jdk-19\bin\net.dll
Event: 0.066 Loaded shared library C:\Program Files\Java\jdk-19\bin\nio.dll
Event: 0.069 Loaded shared library C:\Program Files\Java\jdk-19\bin\zip.dll
Event: 0.108 Loaded shared library C:\Program Files\Java\jdk-19\bin\jimage.dll
Event: 0.111 Loaded shared library C:\Program Files\Java\jdk-19\bin\awt.dll
Event: 0.425 Loaded shared library C:\Users\dmytr\AppData\Local\Temp\jogamp_0000\file_cache\jln13930473614128986158\jln8951327286511785589\natives\windows-amd64\gluegen_rt.dll
Event: 0.433 Loaded shared library C:\Program Files\Java\jdk-19\bin\jawt.dll
Event: 0.444 Loaded shared library C:\Users\dmytr\AppData\Local\Temp\jogamp_0000\file_cache\jln13930473614128986158\jln8951327286511785589\natives\windows-amd64\nativewindow_awt.dll
Event: 0.471 Loaded shared library C:\Users\dmytr\AppData\Local\Temp\jogamp_0000\file_cache\jln13930473614128986158\jln8951327286511785589\natives\windows-amd64\nativewindow_win32.dll
Event: 0.479 Loaded shared library C:\Users\dmytr\AppData\Local\Temp\jogamp_0000\file_cache\jln13930473614128986158\jln8951327286511785589\natives\windows-amd64\newt_head.dll
Event: 0.665 Loaded shared library C:\Users\dmytr\AppData\Local\Temp\jogamp_0000\file_cache\jln13930473614128986158\jln8951327286511785589\natives\windows-amd64\jogl_desktop.dll
Event: 0.743 Loaded shared library C:\Users\dmytr\AppData\Local\Temp\jogamp_0000\file_cache\jln13930473614128986158\jln8951327286511785589\natives\windows-amd64\jogl_mobile.dll
Event: 1.393 Loaded shared library C:\Program Files\Java\jdk-19\bin\verify.dll
Event: 1.419 Loaded shared library C:\Program Files\Java\jdk-19\bin\jsound.dll

Deoptimization events (20 events):
Event: 3.356 Thread 0x0000022f2ef22990 Uncommon trap: trap_request=0xffffff45 fr.pc=0x0000022f1b636cd4 relative=0x0000000000000134
Event: 3.356 Thread 0x0000022f2ef22990 Uncommon trap: reason=unstable_if action=reinterpret pc=0x0000022f1b636cd4 method=processing.opengl.PShapeOpenGL.setStrokeImpl(I)V @ 5 c2
Event: 3.356 Thread 0x0000022f2ef22990 DEOPT PACKING pc=0x0000022f1b636cd4 sp=0x0000006f8b6febc0
Event: 3.356 Thread 0x0000022f2ef22990 DEOPT UNPACKING pc=0x0000022f1b02a5a3 sp=0x0000006f8b6feb88 mode 2
Event: 3.357 Thread 0x0000022f2ef22990 Uncommon trap: trap_request=0xffffff45 fr.pc=0x0000022f1b639608 relative=0x0000000000000168
Event: 3.357 Thread 0x0000022f2ef22990 Uncommon trap: reason=unstable_if action=reinterpret pc=0x0000022f1b639608 method=processing.opengl.PShapeOpenGL.setStrokeWeight(F)V @ 27 c2
Event: 3.357 Thread 0x0000022f2ef22990 DEOPT PACKING pc=0x0000022f1b639608 sp=0x0000006f8b6fecc0
Event: 3.357 Thread 0x0000022f2ef22990 DEOPT UNPACKING pc=0x0000022f1b02a5a3 sp=0x0000006f8b6fec80 mode 2
Event: 3.357 Thread 0x0000022f2ef22990 Uncommon trap: trap_request=0xffffff45 fr.pc=0x0000022f1b639070 relative=0x0000000000000150
Event: 3.357 Thread 0x0000022f2ef22990 Uncommon trap: reason=unstable_if action=reinterpret pc=0x0000022f1b639070 method=processing.opengl.PGraphicsOpenGL.same(FF)Z @ 10 c2
Event: 3.357 Thread 0x0000022f2ef22990 DEOPT PACKING pc=0x0000022f1b639070 sp=0x0000006f8b6febc0
Event: 3.357 Thread 0x0000022f2ef22990 DEOPT UNPACKING pc=0x0000022f1b02a5a3 sp=0x0000006f8b6feb10 mode 2
Event: 3.358 Thread 0x0000022f2ef22990 Uncommon trap: trap_request=0xffffff45 fr.pc=0x0000022f1b63a710 relative=0x0000000000000250
Event: 3.358 Thread 0x0000022f2ef22990 Uncommon trap: reason=unstable_if action=reinterpret pc=0x0000022f1b63a710 method=processing.opengl.PShapeOpenGL.setFill(I)V @ 27 c2
Event: 3.358 Thread 0x0000022f2ef22990 DEOPT PACKING pc=0x0000022f1b63a710 sp=0x0000006f8b6fecb0
Event: 3.358 Thread 0x0000022f2ef22990 DEOPT UNPACKING pc=0x0000022f1b02a5a3 sp=0x0000006f8b6fec80 mode 2
Event: 3.358 Thread 0x0000022f2ef22990 Uncommon trap: trap_request=0xffffff45 fr.pc=0x0000022f1b63afe4 relative=0x0000000000000224
Event: 3.358 Thread 0x0000022f2ef22990 Uncommon trap: reason=unstable_if action=reinterpret pc=0x0000022f1b63afe4 method=processing.opengl.PShapeOpenGL.setFillImpl(I)V @ 5 c2
Event: 3.358 Thread 0x0000022f2ef22990 DEOPT PACKING pc=0x0000022f1b63afe4 sp=0x0000006f8b6febb0
Event: 3.358 Thread 0x0000022f2ef22990 DEOPT UNPACKING pc=0x0000022f1b02a5a3 sp=0x0000006f8b6feb80 mode 2

Classes loaded (20 events):
Event: 1.490 Loading class java/net/URL$2
Event: 1.490 Loading class java/net/URL$2 done
Event: 1.490 Loading class java/net/URL$1
Event: 1.490 Loading class java/net/URL$1 done
Event: 1.490 Loading class java/net/spi/URLStreamHandlerProvider
Event: 1.490 Loading class java/net/spi/URLStreamHandlerProvider done
Event: 1.694 Loading class java/util/regex/Pattern$LookBehindEndNode
Event: 1.694 Loading class java/util/regex/Pattern$LookBehindEndNode done
Event: 1.694 Loading class java/util/regex/Pattern$NotBehind
Event: 1.694 Loading class java/util/regex/Pattern$NotBehind done
Event: 1.694 Loading class java/util/regex/Pattern$Neg
Event: 1.694 Loading class java/util/regex/Pattern$Neg done
Event: 1.694 Loading class java/util/regex/Pattern$Pos
Event: 1.694 Loading class java/util/regex/Pattern$Pos done
Event: 1.703 Loading class java/util/regex/Pattern$SliceS
Event: 1.703 Loading class java/util/regex/Pattern$SliceS done
Event: 3.352 Loading class java/util/NoSuchElementException
Event: 3.352 Loading class java/util/NoSuchElementException done
Event: 3.603 Loading class java/nio/channels/ClosedChannelException
Event: 3.604 Loading class java/nio/channels/ClosedChannelException done

Classes unloaded (0 events):
No events

Classes redefined (0 events):
No events

Internal exceptions (20 events):
Event: 0.334 Thread 0x0000022f0bb1f880 Exception <a 'java/lang/NoSuchMethodError'{0x000000008ca01ed8}: 'int java.lang.invoke.DirectMethodHandle$Holder.invokeSpecial(java.lang.Object, java.lang.Object, java.lang.Object)'> (0x000000008ca01ed8) 
thrown [s\open\src\hotspot\share\interpreter\linkResolver.cpp, line 774]
Event: 0.348 Thread 0x0000022f0bb1f880 Exception <a 'java/lang/NoSuchMethodError'{0x000000008ca12168}: 'void java.lang.invoke.DirectMethodHandle$Holder.invokeStatic(java.lang.Object, long)'> (0x000000008ca12168) 
thrown [s\open\src\hotspot\share\interpreter\linkResolver.cpp, line 774]
Event: 0.349 Thread 0x0000022f0bb1f880 Exception <a 'java/lang/NoSuchMethodError'{0x000000008ca17758}: 'java.lang.Object java.lang.invoke.DirectMethodHandle$Holder.newInvokeSpecial(java.lang.Object, long)'> (0x000000008ca17758) 
thrown [s\open\src\hotspot\share\interpreter\linkResolver.cpp, line 774]
Event: 0.350 Thread 0x0000022f0bb1f880 Exception <a 'java/lang/NoSuchMethodError'{0x000000008ca1e970}: 'java.lang.Object java.lang.invoke.DirectMethodHandle$Holder.invokeStatic(java.lang.Object, long, java.lang.Object)'> (0x000000008ca1e970) 
thrown [s\open\src\hotspot\share\interpreter\linkResolver.cpp, line 774]
Event: 0.351 Thread 0x0000022f0bb1f880 Exception <a 'java/lang/NoSuchMethodError'{0x000000008ca223a0}: 'java.lang.Object java.lang.invoke.DirectMethodHandle$Holder.invokeStaticInit(java.lang.Object, long, java.lang.Object)'> (0x000000008ca223a0) 
thrown [s\open\src\hotspot\share\interpreter\linkResolver.cpp, line 774]
Event: 0.427 Thread 0x0000022f0bb1f880 Exception <a 'java/lang/NoSuchMethodError'{0x000000008ca60680}: 'int java.lang.invoke.DirectMethodHandle$Holder.invokeStatic(java.lang.Object)'> (0x000000008ca60680) 
thrown [s\open\src\hotspot\share\interpreter\linkResolver.cpp, line 774]
Event: 0.427 Thread 0x0000022f0bb1f880 Exception <a 'java/lang/NoSuchMethodError'{0x000000008ca643b0}: 'int java.lang.invoke.DelegatingMethodHandle$Holder.reinvoke_L(java.lang.Object)'> (0x000000008ca643b0) 
thrown [s\open\src\hotspot\share\interpreter\linkResolver.cpp, line 774]
Event: 0.455 Thread 0x0000022f0bb1f880 Exception <a 'java/lang/NoSuchMethodError'{0x000000008c991640}: 'java.lang.Object java.lang.invoke.DirectMethodHandle$Holder.invokeInterface(java.lang.Object, java.lang.Object)'> (0x000000008c991640) 
thrown [s\open\src\hotspot\share\interpreter\linkResolver.cpp, line 774]
Event: 0.455 Thread 0x0000022f0bb1f880 Exception <a 'java/lang/IncompatibleClassChangeError'{0x000000008c994ee0}: Found class java.lang.Object, but interface was expected> (0x000000008c994ee0) 
thrown [s\open\src\hotspot\share\interpreter\linkResolver.cpp, line 841]
Event: 0.668 Thread 0x0000022f0bb1f880 Exception <a 'java/lang/NoSuchMethodError'{0x000000008c2e1428}: 'long java.lang.invoke.DelegatingMethodHandle$Holder.reinvoke_L(java.lang.Object, java.lang.Object)'> (0x000000008c2e1428) 
thrown [s\open\src\hotspot\share\interpreter\linkResolver.cpp, line 774]
Event: 0.669 Thread 0x0000022f0bb1f880 Exception <a 'java/lang/NoSuchMethodError'{0x000000008c2eb9d8}: 'void java.lang.invoke.DelegatingMethodHandle$Holder.reinvoke_L(java.lang.Object, java.lang.Object, long)'> (0x000000008c2eb9d8) 
thrown [s\open\src\hotspot\share\interpreter\linkResolver.cpp, line 774]
Event: 1.046 Thread 0x0000022f2efa2050 Implicit null exception at 0x0000022f1b5b9e83 to 0x0000022f1b5ba078
Event: 1.046 Thread 0x0000022f2efa2050 Exception <a 'java/lang/NoSuchMethodError'{0x000000008cc4a0c0}: 'void java.lang.invoke.DirectMethodHandle$Holder.invokeSpecial(java.lang.Object, java.lang.Object, java.lang.Object)'> (0x000000008cc4a0c0) 
thrown [s\open\src\hotspot\share\interpreter\linkResolver.cpp, line 774]
Event: 1.051 Thread 0x0000022f2efa2050 Exception <a 'java/lang/NoSuchMethodError'{0x000000008cc60fb8}: 'long java.lang.invoke.Invokers$Holder.invokeExact_MT(java.lang.Object, java.lang.Object, java.lang.Object)'> (0x000000008cc60fb8) 
thrown [s\open\src\hotspot\share\interpreter\linkResolver.cpp, line 774]
Event: 1.386 Thread 0x0000022f2ef22990 Exception <a 'java/lang/NoSuchMethodError'{0x000000008c306658}: 'java.lang.Object java.lang.invoke.DirectMethodHandle$Holder.invokeVirtual(java.lang.Object, java.lang.Object, java.lang.Object)'> (0x000000008c306658) 
thrown [s\open\src\hotspot\share\interpreter\linkResolver.cpp, line 774]
Event: 1.474 Thread 0x0000022f2ef22990 Implicit null exception at 0x0000022f1b5c1bcf to 0x0000022f1b5c1c54
Event: 1.490 Thread 0x0000022f2ef22990 Exception <a 'java/lang/ClassNotFoundException'{0x000000008c085520}: sun/net/www/protocol/c/Handler> (0x000000008c085520) 
thrown [s\open\src\hotspot\share\classfile\systemDictionary.cpp, line 255]
Event: 2.239 Thread 0x0000022f2ef22990 Implicit null exception at 0x0000022f1b6590ac to 0x0000022f1b6590e0
Event: 2.239 Thread 0x0000022f2ef22990 Implicit null exception at 0x0000022f1b6593ac to 0x0000022f1b6593e0
Event: 3.603 Thread 0x0000022f2ef219a0 Exception <a 'java/lang/InterruptedException'{0x00000000912dcbd0}> (0x00000000912dcbd0) 
thrown [s\open\src\hotspot\share\runtime\objectMonitor.cpp, line 1648]

VM Operations (20 events):
Event: 1.394 Executing VM operation: HandshakeAllThreads done
Event: 1.412 Executing VM operation: HandshakeAllThreads
Event: 1.412 Executing VM operation: HandshakeAllThreads done
Event: 1.536 Executing VM operation: G1CollectForAllocation
Event: 1.540 Executing VM operation: G1CollectForAllocation done
Event: 1.629 Executing VM operation: G1CollectForAllocation
Event: 1.637 Executing VM operation: G1CollectForAllocation done
Event: 1.653 Executing VM operation: G1CollectForAllocation
Event: 1.662 Executing VM operation: G1CollectForAllocation done
Event: 1.703 Executing VM operation: HandshakeAllThreads
Event: 1.703 Executing VM operation: HandshakeAllThreads done
Event: 1.770 Executing VM operation: G1TryInitiateConcMark
Event: 1.775 Executing VM operation: G1TryInitiateConcMark done
Event: 1.802 Executing VM operation: G1PauseRemark
Event: 1.803 Executing VM operation: G1PauseRemark done
Event: 1.817 Executing VM operation: G1PauseCleanup
Event: 1.817 Executing VM operation: G1PauseCleanup done
Event: 2.236 Executing VM operation: G1CollectForAllocation
Event: 2.238 Executing VM operation: G1CollectForAllocation done
Event: 3.706 Executing VM operation: Exit

Events (20 events):
Event: 1.470 Thread 0x0000022f2e7fb0c0 Thread exited: 0x0000022f2e7fb0c0
Event: 1.470 Thread 0x0000022f2e93b030 Thread exited: 0x0000022f2e93b030
Event: 1.483 Thread 0x0000022f2ef22ee0 Thread added: 0x0000022f2ef22ee0
Event: 1.504 Thread 0x0000022f30a66130 Thread added: 0x0000022f30a66130
Event: 1.505 Thread 0x0000022f3c240110 Thread added: 0x0000022f3c240110
Event: 2.011 Thread 0x0000022f3c240110 Thread exited: 0x0000022f3c240110
Event: 2.239 Thread 0x0000022f30a66130 Thread exited: 0x0000022f30a66130
Event: 3.358 Thread 0x0000022f3c242270 Thread added: 0x0000022f3c242270
Event: 3.536 Thread 0x0000022f3c242270 Thread exited: 0x0000022f3c242270
Event: 3.603 Thread 0x0000022f2ef219a0 Thread exited: 0x0000022f2ef219a0
Event: 3.603 Thread 0x0000022f2ef219a0 Thread added: 0x0000022f2ef219a0
Event: 3.603 Thread 0x0000022f3c420f00 Thread added: 0x0000022f3c420f00
Event: 3.603 Thread 0x0000022f3c41ff10 Thread added: 0x0000022f3c41ff10
Event: 3.604 Thread 0x0000022f3c4219a0 Thread added: 0x0000022f3c4219a0
Event: 3.604 Thread 0x0000022f3c41ff10 Thread exited: 0x0000022f3c41ff10
Event: 3.604 Thread 0x0000022f2e967ef0 Thread exited: 0x0000022f2e967ef0
Event: 3.606 Thread 0x0000022f2e7fd610 Thread exited: 0x0000022f2e7fd610
Event: 3.629 Thread 0x0000022f2efa2050 Thread exited: 0x0000022f2efa2050
Event: 3.633 Thread 0x0000022f2ef219a0 Thread exited: 0x0000022f2ef219a0
Event: 3.705 Thread 0x0000022f3c420f00 Thread exited: 0x0000022f3c420f00


Dynamic libraries:
0x00007ff7679b0000 - 0x00007ff7679c0000 	C:\Program Files\Java\jdk-19\bin\java.exe
0x00007ffbf89d0000 - 0x00007ffbf8bc8000 	C:\windows\SYSTEM32\ntdll.dll
0x00007ffbf8190000 - 0x00007ffbf824f000 	C:\windows\System32\KERNEL32.DLL
0x00007ffbf62e0000 - 0x00007ffbf65b2000 	C:\windows\System32\KERNELBASE.dll
0x00007ffbf61e0000 - 0x00007ffbf62e0000 	C:\windows\System32\ucrtbase.dll
0x00007ffbed980000 - 0x00007ffbed998000 	C:\Program Files\Java\jdk-19\bin\jli.dll
0x00007ffbeed20000 - 0x00007ffbeed3b000 	C:\Program Files\Java\jdk-19\bin\VCRUNTIME140.dll
0x00007ffbf75e0000 - 0x00007ffbf768e000 	C:\windows\System32\ADVAPI32.dll
0x00007ffbf6c50000 - 0x00007ffbf6cee000 	C:\windows\System32\msvcrt.dll
0x00007ffbf6d00000 - 0x00007ffbf6d9c000 	C:\windows\System32\sechost.dll
0x00007ffbf8060000 - 0x00007ffbf8184000 	C:\windows\System32\RPCRT4.dll
0x00007ffbf7760000 - 0x00007ffbf7901000 	C:\windows\System32\USER32.dll
0x00007ffbf6910000 - 0x00007ffbf6932000 	C:\windows\System32\win32u.dll
0x00007ffbda060000 - 0x00007ffbda2fa000 	C:\windows\WinSxS\amd64_microsoft.windows.common-controls_6595b64144ccf1df_6.0.19041.1110_none_60b5254171f9507e\COMCTL32.dll
0x00007ffbf85b0000 - 0x00007ffbf85db000 	C:\windows\System32\GDI32.dll
0x00007ffbf60d0000 - 0x00007ffbf61df000 	C:\windows\System32\gdi32full.dll
0x00007ffbf6680000 - 0x00007ffbf671d000 	C:\windows\System32\msvcp_win.dll
0x00007ffbe85b0000 - 0x00007ffbe85ba000 	C:\windows\SYSTEM32\VERSION.dll
0x00007ffbf8690000 - 0x00007ffbf86c0000 	C:\windows\System32\IMM32.DLL
0x00007ffbeeeb0000 - 0x00007ffbeeebc000 	C:\Program Files\Java\jdk-19\bin\vcruntime140_1.dll
0x00007ffbed8f0000 - 0x00007ffbed97e000 	C:\Program Files\Java\jdk-19\bin\msvcp140.dll
0x00007ffb9e840000 - 0x00007ffb9f500000 	C:\Program Files\Java\jdk-19\bin\server\jvm.dll
0x00007ffbba330000 - 0x00007ffbba339000 	C:\windows\SYSTEM32\WSOCK32.dll
0x00007ffbf6be0000 - 0x00007ffbf6c4b000 	C:\windows\System32\WS2_32.dll
0x00007ffbd19a0000 - 0x00007ffbd19c7000 	C:\windows\SYSTEM32\WINMM.dll
0x00007ffbf4920000 - 0x00007ffbf4932000 	C:\windows\SYSTEM32\kernel.appcore.dll
0x00007ffbeee90000 - 0x00007ffbeee9a000 	C:\Program Files\Java\jdk-19\bin\jimage.dll
0x00007ffbf3cb0000 - 0x00007ffbf3e94000 	C:\windows\SYSTEM32\DBGHELP.DLL
0x00007ffbd4c40000 - 0x00007ffbd4c75000 	C:\windows\SYSTEM32\dbgcore.DLL
0x00007ffbf6720000 - 0x00007ffbf67a2000 	C:\windows\System32\bcryptPrimitives.dll
0x00007ffbdc7a0000 - 0x00007ffbdc7c6000 	C:\Program Files\Java\jdk-19\bin\java.dll
0x00007ffbdc310000 - 0x00007ffbdc3e7000 	C:\Program Files\Java\jdk-19\bin\jsvml.dll
0x00007ffbf6e90000 - 0x00007ffbf75d5000 	C:\windows\System32\SHELL32.dll
0x00007ffbf4170000 - 0x00007ffbf4902000 	C:\windows\SYSTEM32\windows.storage.dll
0x00007ffbf8250000 - 0x00007ffbf85a5000 	C:\windows\System32\combase.dll
0x00007ffbf5b30000 - 0x00007ffbf5b60000 	C:\windows\SYSTEM32\Wldp.dll
0x00007ffbf87f0000 - 0x00007ffbf889d000 	C:\windows\System32\SHCORE.dll
0x00007ffbf6da0000 - 0x00007ffbf6df5000 	C:\windows\System32\shlwapi.dll
0x00007ffbf6010000 - 0x00007ffbf602f000 	C:\windows\SYSTEM32\profapi.dll
0x00007ffbeaef0000 - 0x00007ffbeaf03000 	C:\Program Files\Java\jdk-19\bin\net.dll
0x00007ffbf05c0000 - 0x00007ffbf06ca000 	C:\windows\SYSTEM32\WINHTTP.dll
0x00007ffbf5890000 - 0x00007ffbf58fa000 	C:\windows\system32\mswsock.dll
0x00007ffbe9e40000 - 0x00007ffbe9e56000 	C:\Program Files\Java\jdk-19\bin\nio.dll
0x00007ffbdc2f0000 - 0x00007ffbdc308000 	C:\Program Files\Java\jdk-19\bin\zip.dll
0x00007ffbd6b30000 - 0x00007ffbd6cc1000 	C:\Program Files\Java\jdk-19\bin\awt.dll
0x00007ffbf88c0000 - 0x00007ffbf898d000 	C:\windows\System32\OLEAUT32.dll
0x00007ffbf3500000 - 0x00007ffbf3590000 	C:\windows\SYSTEM32\apphelp.dll
0x00007ffbf3690000 - 0x00007ffbf372e000 	C:\windows\system32\uxtheme.dll
0x00007ffbf7910000 - 0x00007ffbf7a24000 	C:\windows\System32\MSCTF.dll
0x00007ffbf86c0000 - 0x00007ffbf87ea000 	C:\windows\System32\ole32.dll
0x00007ffbf3a90000 - 0x00007ffbf3abf000 	C:\windows\system32\DWMAPI.DLL
0x00007ffbdcf20000 - 0x00007ffbdd045000 	C:\windows\system32\opengl32.dll
0x00007ffbed800000 - 0x00007ffbed82c000 	C:\windows\SYSTEM32\GLU32.dll
0x00007ffbf5a80000 - 0x00007ffbf5a98000 	C:\windows\SYSTEM32\CRYPTSP.dll
0x00007ffbf5140000 - 0x00007ffbf5174000 	C:\windows\system32\rsaenh.dll
0x00007ffbf69f0000 - 0x00007ffbf6a17000 	C:\windows\System32\bcrypt.dll
0x00007ffbf5f90000 - 0x00007ffbf5fbe000 	C:\windows\SYSTEM32\USERENV.dll
0x00007ffbf5aa0000 - 0x00007ffbf5aac000 	C:\windows\SYSTEM32\CRYPTBASE.dll
0x00007ffbf5530000 - 0x00007ffbf556b000 	C:\windows\SYSTEM32\IPHLPAPI.DLL
0x00007ffbf7690000 - 0x00007ffbf7698000 	C:\windows\System32\NSI.dll
0x00007ffbe9da0000 - 0x00007ffbe9db7000 	C:\windows\SYSTEM32\dhcpcsvc6.DLL
0x00007ffbe9e60000 - 0x00007ffbe9e7d000 	C:\windows\SYSTEM32\dhcpcsvc.DLL
0x00007ffbf5570000 - 0x00007ffbf563b000 	C:\windows\SYSTEM32\DNSAPI.dll
0x000000006e8c0000 - 0x000000006e8cd000 	C:\Users\dmytr\AppData\Local\Temp\jogamp_0000\file_cache\jln13930473614128986158\jln8951327286511785589\natives\windows-amd64\gluegen_rt.dll
0x00007ffbeed10000 - 0x00007ffbeed17000 	C:\Program Files\Java\jdk-19\bin\jawt.dll
0x000000006a440000 - 0x000000006a44d000 	C:\Users\dmytr\AppData\Local\Temp\jogamp_0000\file_cache\jln13930473614128986158\jln8951327286511785589\natives\windows-amd64\nativewindow_awt.dll
0x000000006c100000 - 0x000000006c110000 	C:\Users\dmytr\AppData\Local\Temp\jogamp_0000\file_cache\jln13930473614128986158\jln8951327286511785589\natives\windows-amd64\nativewindow_win32.dll
0x0000000070d80000 - 0x0000000070d93000 	C:\Users\dmytr\AppData\Local\Temp\jogamp_0000\file_cache\jln13930473614128986158\jln8951327286511785589\natives\windows-amd64\newt_head.dll
0x00007ffbefbd0000 - 0x00007ffbefc7e000 	C:\windows\SYSTEM32\mscms.dll
0x00007ffbefbb0000 - 0x00007ffbefbc1000 	C:\windows\SYSTEM32\ColorAdapterClient.dll
0x00007ffbdaa10000 - 0x00007ffbdaa53000 	C:\windows\SYSTEM32\icm32.dll
0x00007ffbf7a40000 - 0x00007ffbf7ea8000 	C:\windows\System32\setupapi.dll
0x00007ffbf6630000 - 0x00007ffbf667e000 	C:\windows\System32\cfgmgr32.dll
0x00007ffbf5e80000 - 0x00007ffbf5eac000 	C:\windows\SYSTEM32\DEVOBJ.dll
0x00007ffbf65c0000 - 0x00007ffbf6629000 	C:\windows\System32\WINTRUST.dll
0x00007ffbf67b0000 - 0x00007ffbf6906000 	C:\windows\System32\CRYPT32.dll
0x00007ffbf5cc0000 - 0x00007ffbf5cd2000 	C:\windows\SYSTEM32\MSASN1.dll
0x0000000064500000 - 0x0000000064585000 	C:\Users\dmytr\AppData\Local\Temp\jogamp_0000\file_cache\jln13930473614128986158\jln8951327286511785589\natives\windows-amd64\jogl_desktop.dll
0x0000000064340000 - 0x0000000064391000 	C:\Users\dmytr\AppData\Local\Temp\jogamp_0000\file_cache\jln13930473614128986158\jln8951327286511785589\natives\windows-amd64\jogl_mobile.dll
0x00007ffbf85e0000 - 0x00007ffbf8689000 	C:\windows\System32\clbcatq.dll
0x00007ffbea780000 - 0x00007ffbea879000 	C:\Windows\System32\AppXDeploymentClient.dll
0x00007ffb9d8b0000 - 0x00007ffb9e83d000 	C:\windows\System32\DriverStore\FileRepository\iigd_dch.inf_amd64_04c961ba9d7827af\igxelpicd64.dll
0x00007ffbf4990000 - 0x00007ffbf4a83000 	C:\windows\system32\dxgi.dll
0x00007ffb9d470000 - 0x00007ffb9d8ac000 	C:\windows\System32\DriverStore\FileRepository\iigd_dch.inf_amd64_04c961ba9d7827af\igdml64.dll
0x00007ffbe7660000 - 0x00007ffbe7996000 	C:\windows\System32\DriverStore\FileRepository\iigd_dch.inf_amd64_04c961ba9d7827af\igdgmm64.dll
0x00007ffbe1f00000 - 0x00007ffbe4c8f000 	C:\windows\System32\DriverStore\FileRepository\iigd_dch.inf_amd64_04c961ba9d7827af\igc64.dll
0x00007ffbf5650000 - 0x00007ffbf569b000 	C:\windows\SYSTEM32\powrprof.dll
0x00007ffbf5510000 - 0x00007ffbf5522000 	C:\windows\SYSTEM32\UMPDC.dll
0x00007ffbdd680000 - 0x00007ffbdd779000 	C:\windows\SYSTEM32\textinputframework.dll
0x00007ffbf32d0000 - 0x00007ffbf33c2000 	C:\windows\System32\CoreMessaging.dll
0x00007ffbf2bf0000 - 0x00007ffbf2f4e000 	C:\windows\System32\CoreUIComponents.dll
0x00007ffbf1b30000 - 0x00007ffbf1c84000 	C:\windows\SYSTEM32\wintypes.dll
0x00007ffbf5280000 - 0x00007ffbf52b3000 	C:\windows\SYSTEM32\ntmarta.dll
0x00007ffbed8e0000 - 0x00007ffbed8f0000 	C:\Program Files\Java\jdk-19\bin\verify.dll
0x00007ffbdc2d0000 - 0x00007ffbdc2e2000 	C:\Program Files\Java\jdk-19\bin\jsound.dll
0x00007ffbd6a90000 - 0x00007ffbd6b2c000 	C:\windows\SYSTEM32\DSOUND.dll
0x00007ffbd7470000 - 0x00007ffbd7496000 	C:\windows\SYSTEM32\winmmbase.dll
0x00007ffbedac0000 - 0x00007ffbedb45000 	C:\windows\System32\MMDevApi.dll
0x00007ffbd6a40000 - 0x00007ffbd6a86000 	C:\windows\SYSTEM32\wdmaud.drv
0x00007ffbef8f0000 - 0x00007ffbef8f9000 	C:\windows\SYSTEM32\ksuser.dll
0x00007ffbf0c80000 - 0x00007ffbf0c8a000 	C:\windows\SYSTEM32\AVRT.dll
0x00007ffbedb50000 - 0x00007ffbedcd2000 	C:\windows\SYSTEM32\AUDIOSES.DLL
0x00007ffbdc930000 - 0x00007ffbdc93d000 	C:\windows\SYSTEM32\msacm32.drv
0x00007ffbda9f0000 - 0x00007ffbdaa0e000 	C:\windows\SYSTEM32\MSACM32.dll
0x00007ffbdc790000 - 0x00007ffbdc79b000 	C:\windows\SYSTEM32\midimap.dll
0x00007ffbdd780000 - 0x00007ffbdd8c1000 	C:\Windows\System32\Windows.UI.dll
0x00007ffbdd520000 - 0x00007ffbdd672000 	C:\Windows\System32\InputHost.dll
0x00007ffbf0510000 - 0x00007ffbf05b1000 	C:\Windows\System32\WindowManagementAPI.dll
0x00007ffbf1860000 - 0x00007ffbf1956000 	C:\Windows\System32\PROPSYS.dll
0x00007ffbeff70000 - 0x00007ffbf0170000 	C:\windows\SYSTEM32\twinapi.appcore.dll
0x00007ffbf37b0000 - 0x00007ffbf37c4000 	C:\windows\SYSTEM32\resourcepolicyclient.dll

dbghelp: loaded successfully - version: 4.0.5 - missing functions: none
symbol engine: initialized successfully - sym options: 0x614 - pdb path: .;C:\Program Files\Java\jdk-19\bin;C:\windows\SYSTEM32;C:\windows\WinSxS\amd64_microsoft.windows.common-controls_6595b64144ccf1df_6.0.19041.1110_none_60b5254171f9507e;C:\Program Files\Java\jdk-19\bin\server;C:\Users\dmytr\AppData\Local\Temp\jogamp_0000\file_cache\jln13930473614128986158\jln8951327286511785589\natives\windows-amd64;C:\windows\System32\DriverStore\FileRepository\iigd_dch.inf_amd64_04c961ba9d7827af

VM Arguments:
java_command: ie.tudublin.Main
java_class_path (initial): ./bin;./lib/minim.jar;./lib/core.jar;./lib/jsminim.jar;./lib/mp3spi1.9.5.jar;./lib/tritonus_share.jar;./lib/tritonus_aos.jar;./lib/jl1.0.1.jar;./lib/sqlite-jdbc-3.23.1.jar;lib/jogl-all.jar;lib/gluegen-rt.jar;lib/gluegen-rt-natives-windows-amd64.jar;lib/gluegen-rt-natives-windows-i586.jar;lib/jogl-all-natives-windows-amd64.jar;lib/jogl-all-natives-windows-i586.jarlib/jogl-all.jar;lib/gluegen-rt.jar;lib/gluegen-rt-natives-windows-amd64.jar;lib/gluegen-rt-natives-windows-i586.jar;lib/jogl-all-natives-windows-amd64.jar;lib/jogl-all-natives-windows-i586.jar
Launcher Type: SUN_STANDARD

[Global flags]
     intx CICompilerCount                          = 4                                         {product} {ergonomic}
     uint ConcGCThreads                            = 2                                         {product} {ergonomic}
     uint G1ConcRefinementThreads                  = 8                                         {product} {ergonomic}
   size_t G1HeapRegionSize                         = 1048576                                   {product} {ergonomic}
    uintx GCDrainStackTargetSize                   = 64                                        {product} {ergonomic}
   size_t InitialHeapSize                          = 130023424                                 {product} {ergonomic}
   size_t MarkStackSize                            = 4194304                                   {product} {ergonomic}
   size_t MaxHeapSize                              = 2055208960                                {product} {ergonomic}
   size_t MaxNewSize                               = 1233125376                                {product} {ergonomic}
   size_t MinHeapDeltaBytes                        = 1048576                                   {product} {ergonomic}
   size_t MinHeapSize                              = 8388608                                   {product} {ergonomic}
    uintx NonNMethodCodeHeapSize                   = 5839372                                {pd product} {ergonomic}
    uintx NonProfiledCodeHeapSize                  = 122909434                              {pd product} {ergonomic}
    uintx ProfiledCodeHeapSize                     = 122909434                              {pd product} {ergonomic}
    uintx ReservedCodeCacheSize                    = 251658240                              {pd product} {ergonomic}
     bool SegmentedCodeCache                       = true                                      {product} {ergonomic}
   size_t SoftMaxHeapSize                          = 2055208960                             {manageable} {ergonomic}
     bool UseCompressedClassPointers               = true                           {product lp64_product} {ergonomic}
     bool UseCompressedOops                        = true                           {product lp64_product} {ergonomic}
     bool UseG1GC                                  = true                                      {product} {ergonomic}
     bool UseLargePagesIndividualAllocation        = false                                  {pd product} {ergonomic}

Logging:
Log output configuration:
 #0: stdout all=off uptime,level,tags foldmultilines=false
 #1: stderr all=off uptime,level,tags foldmultilines=false

Environment Variables:
PATH=C:\Users\dmytr\bin;C:\Program Files\Git\mingw64\bin;C:\Program Files\Git\usr\local\bin;C:\Program Files\Git\usr\bin;C:\Program Files\Git\usr\bin;C:\Program Files\Git\mingw64\bin;C:\Program Files\Git\usr\bin;C:\Users\dmytr\bin;C:\Program Files\Common Files\Oracle\Java\javapath;C:\Python310\Scripts;C:\Python310;C:\windows\system32;C:\windows;C:\windows\System32\Wbem;C:\windows\System32\WindowsPowerShell\v1.0;C:\windows\System32\OpenSSH;C:\ProgramData\chocolatey\bin;C:\Program Files\nodejs;C:\Program Files\GitHub CLI;C:\Program Files\PuTTY;C:\Program Files (x86)\Windows Kits\10\Windows Performance Toolkit;C:\msys64\mingw64\bin;C:\Program Files\dotnet;C:\Program Files\Git\cmd;C:\Users\dmytr\AppData\Local\Microsoft\WindowsApps;C:\Users\dmytr\AppData\Local\Programs\Microsoft VS Code\bin;C:\Users\dmytr\AppData\Roaming\npm;C:\Users\dmytr\AppData\Local\GitHubDesktop\bin;C:\Users\dmytr\Documents\Programming\Pycharm\PyCharm Community Edition 2022.3.1\bin;C:\Program Files\Git\usr\bin\vendor_perl;C:\Program Files\Git\usr\bin\core_perl
USERNAME=dmytr
SHELL=C:\Program Files\Git\usr\bin\bash.exe
DISPLAY=needs-to-be-defined
LANG=en_US.UTF-8
TERM=xterm
TMPDIR=C:\Users\dmytr\AppData\Local\Temp
OS=Windows_NT
PROCESSOR_IDENTIFIER=Intel64 Family 6 Model 140 Stepping 1, GenuineIntel
TMP=C:\Users\dmytr\AppData\Local\Temp
TEMP=C:\Users\dmytr\AppData\Local\Temp



---------------  S Y S T E M  ---------------

OS:
 Windows 10 , 64 bit Build 19041 (10.0.19041.2546)
OS uptime: 3 days 5:21 hours

CPU: total 8 (initial active 8) (4 cores per cpu, 2 threads per core) family 6 model 140 stepping 1 microcode 0x8a, cx8, cmov, fxsr, ht, mmx, 3dnowpref, sse, sse2, sse3, ssse3, sse4.1, sse4.2, popcnt, lzcnt, tsc, tscinvbit, avx, avx2, aes, erms, clmul, bmi1, bmi2, adx, avx512f, avx512dq, avx512cd, avx512bw, avx512vl, sha, fma, vzeroupper, avx512_vpopcntdq, avx512_vpclmulqdq, avx512_vaes, avx512_vnni, clflush, clflushopt, clwb, avx512_vbmi2, avx512_vbmi, rdtscp, rdpid, fsrm, gfni, avx512_bitalg

Memory: 4k page, system-wide physical 7834M (1944M free)
TotalPageFile size 11418M (AvailPageFile size 3962M)
current process WorkingSet (physical memory assigned to process): 619M, peak: 626M
current process commit charge ("private bytes"): 590M, peak: 591M

vm_info: Java HotSpot(TM) 64-Bit Server VM (19.0.2+7-44) for windows-amd64 JRE (19.0.2+7-44), built on 2022-11-30T18:02:09Z by "mach5one" with MS VC++ 17.1 (VS2022)

END.
