#
# A fatal error has been detected by the Java Runtime Environment:
#
#  EXCEPTION_ACCESS_VIOLATION (0xc0000005) at pc=0x00007ffb70dbb8f7, pid=10692, tid=16440
#
# JRE version: Java(TM) SE Runtime Environment (19.0.2+7) (build 19.0.2+7-44)
# Java VM: Java HotSpot(TM) 64-Bit Server VM (19.0.2+7-44, mixed mode, sharing, tiered, compressed oops, compressed class ptrs, g1 gc, windows-amd64)
# Problematic frame:
# C  [igxelpicd64.dll+0x28b8f7]
#
# No core dump will be written. Minidumps are not enabled by default on client versions of Windows
#
# If you would like to submit a bug report, please visit:
#   https://bugreport.java.com/bugreport/crash.jsp
#

---------------  S U M M A R Y ------------

Command Line: ie.tudublin.Main

Host: 11th Gen Intel(R) Core(TM) i5-1135G7 @ 2.40GHz, 8 cores, 7G,  Windows 10 , 64 bit Build 19041 (10.0.19041.2546)
Time: Mon Mar 20 15:37:50 2023 GMT Standard Time elapsed time: 3.871429 seconds (0d 0h 0m 3s)

---------------  T H R E A D  ---------------

Current thread (0x0000020cff070f80):  VMThread "VM Thread" [stack: 0x000000ba2d700000,0x000000ba2d800000] [id=16440]

Stack: [0x000000ba2d700000,0x000000ba2d800000],  sp=0x000000ba2d7fe900,  free space=1018k
Native frames: (J=compiled Java code, j=interpreted, Vv=VM code, C=native code)
C  [igxelpicd64.dll+0x28b8f7]


siginfo: EXCEPTION_ACCESS_VIOLATION (0xc0000005), reading address 0x0000000000035448


Registers:
RAX=0x0000020ca28e3ce0, RBX=0x0000020ca0df5b60, RCX=0x0000000000000002, RDX=0x0000020ca28e3c60
RSP=0x000000ba2d7fe900, RBP=0x0000020cafd6aa70, RSI=0x0000000000000000, RDI=0x0000020ca28e3b70
R8 =0x0000000000000000, R9 =0x0000000000000000, R10=0x0000000000000000, R11=0x0000000000000246
R12=0x0000020ca28e40a8, R13=0x0000000000000000, R14=0x000000000000f500, R15=0x0000000000000016
RIP=0x00007ffb70dbb8f7, EFLAGS=0x0000000000010202


Register to memory mapping:

RIP=0x00007ffb70dbb8f7 igxelpicd64.dll
RAX=0x0000020ca28e3ce0 points into unknown readable memory: 0x000000000000ebde | de eb 00 00 00 00 00 00
RBX=0x0000020ca0df5b60 points into unknown readable memory: 0x37000000bebafe00 | 00 fe ba be 00 00 00 37
RCX=0x0000000000000002 is an unknown value
RDX=0x0000020ca28e3c60 points into unknown readable memory: 0x0000000000000000 | 00 00 00 00 00 00 00 00
RSP=0x000000ba2d7fe900 points into unknown readable memory: 0x0000020ca0df5b60 | 60 5b df a0 0c 02 00 00
RBP=0x0000020cafd6aa70 points into unknown readable memory: 0x0000020ca167b130 | 30 b1 67 a1 0c 02 00 00
RSI=0x0 is NULL
RDI=0x0000020ca28e3b70 points into unknown readable memory: 0x0000020ca167b130 | 30 b1 67 a1 0c 02 00 00
R8 =0x0 is NULL
R9 =0x0 is NULL
R10=0x0 is NULL
R11=0x0000000000000246 is an unknown value
R12=0x0000020ca28e40a8 points into unknown readable memory: 0x0000020cafd6aa70 | 70 aa d6 af 0c 02 00 00
R13=0x0 is NULL
R14=0x000000000000f500 is an unknown value
R15=0x0000000000000016 is an unknown value


Top of Stack: (sp=0x000000ba2d7fe900)
0x000000ba2d7fe900:   0000020ca0df5b60 006514ba02360fb8
0x000000ba2d7fe910:   0000000000000000 000010027a000004
0x000000ba2d7fe920:   0000020ca2b33db8 000000000000f5c0
0x000000ba2d7fe930:   0000000000000000 0000000000000014
0x000000ba2d7fe940:   0000000000000000 0000000000000000
0x000000ba2d7fe950:   000000ba2d7fea60 00007ffb70db2315
0x000000ba2d7fe960:   0000020ca2896fa0 0000020ca0df5b60
0x000000ba2d7fe970:   0000000000000000 000000007a000000
0x000000ba2d7fe980:   000000ba00000b80 0000b80200430000
0x000000ba2d7fe990:   0000000000000000 0140ebe7013b9be7
0x000000ba2d7fe9a0:   0000000000000000 000000007a000004
0x000000ba2d7fe9b0:   01439ff100dd3af0 0000000000000000
0x000000ba2d7fe9c0:   0000258011000001 012fc8f404000400
0x000000ba2d7fe9d0:   0000258011000001 0140000a04000000
0x000000ba2d7fe9e0:   392f00f812020000 416000b4114b00d5
0x000000ba2d7fe9f0:   a87b00902c6800ae 279f00e3fa8a00d1 

Instructions: (pc=0x00007ffb70dbb8f7)
0x00007ffb70dbb7f7:   56 41 57 48 83 ec 20 45 8a e9 48 8b da 48 8b f1
0x00007ffb70dbb807:   48 8b 15 32 62 c4 00 48 8d 48 08 e8 0d 07 dc ff
0x00007ffb70dbb817:   90 48 8b ab 80 02 00 00 48 8b 05 7a 6b b4 00 44
0x00007ffb70dbb827:   8b b8 b8 0a 00 00 45 33 d2 45 8a f2 4c 89 93 80
0x00007ffb70dbb837:   02 00 00 44 89 93 88 02 00 00 4c 89 93 a0 02 00
0x00007ffb70dbb847:   00 4c 89 93 90 02 00 00 48 85 f6 75 38 8b 3d 0e
0x00007ffb70dbb857:   39 c4 00 65 48 8b 04 25 58 00 00 00 b9 14 00 00
0x00007ffb70dbb867:   00 48 8b 04 f8 44 38 14 01 0f 84 01 02 00 00 65
0x00007ffb70dbb877:   48 8b 04 25 58 00 00 00 be 20 00 00 00 48 8b 04
0x00007ffb70dbb887:   f8 48 8b 34 06 48 3b 35 0d 5d c4 00 45 0f 44 fa
0x00007ffb70dbb897:   48 85 ed 0f 84 a9 00 00 00 44 8a 6c 24 70 48 8b
0x00007ffb70dbb8a7:   fd 4c 8d a5 38 05 00 00 49 8b 2c 24 45 84 ed 0f
0x00007ffb70dbb8b7:   85 a1 01 00 00 8b 8b d0 01 00 00 48 8b 05 d7 6a
0x00007ffb70dbb8c7:   b4 00 83 b8 64 03 00 00 02 75 32 48 8d 97 f0 00
0x00007ffb70dbb8d7:   00 00 83 f9 10 0f 83 a2 00 00 00 8b c1 48 c1 e0
0x00007ffb70dbb8e7:   06 48 03 c2 48 85 c0 0f 85 87 00 00 00 4d 8b c2
0x00007ffb70dbb8f7:   4c 3b 86 48 54 03 00 0f 87 75 15 6e 00 4c 39 97
0x00007ffb70dbb907:   90 05 00 00 0f 85 b3 16 6e 00 4c 8b cf 4c 8b c3
0x00007ffb70dbb917:   e8 34 b3 72 00 84 c0 0f 85 b8 00 00 00 48 8b d7
0x00007ffb70dbb927:   48 8b cb e8 91 f9 ff ff 45 33 d2 48 85 ed 0f 85
0x00007ffb70dbb937:   6a ff ff ff 45 84 f6 44 8a 6c 24 78 0f 85 a3 16
0x00007ffb70dbb947:   6e 00 48 8b cb 45 84 ed 0f 85 18 01 00 00 e8 86
0x00007ffb70dbb957:   f6 ff ff 90 48 8b 4c 24 60 48 8b 5c 24 68 48 83
0x00007ffb70dbb967:   c4 20 41 5f 41 5e 41 5d 41 5c 5f 5e 5d 48 ff 25
0x00007ffb70dbb977:   9d 37 80 00 4c 8b 40 08 e9 73 ff ff ff 44 8d 41
0x00007ffb70dbb987:   f0 41 8b c0 c1 e8 04 83 f8 03 72 1a 48 8b 82 18
0x00007ffb70dbb997:   04 00 00 48 85 c0 74 26 39 08 0f 84 ad 00 00 00
0x00007ffb70dbb9a7:   48 8b 40 48 eb ed 0f ae e8 41 83 e0 0f 4c 8b 8c
0x00007ffb70dbb9b7:   c2 00 04 00 00 4d 85 c9 0f 85 80 00 00 00 44 38
0x00007ffb70dbb9c7:   92 20 04 00 00 0f 84 22 ff ff ff 8b c1 83 e0 0f
0x00007ffb70dbb9d7:   e9 08 ff ff ff 48 8b 83 80 02 00 00 49 89 04 24
0x00007ffb70dbb9e7:   48 89 bb 80 02 00 00 ff 83 88 02 00 00 48 8b 4f 


Stack slot to memory mapping:
stack at sp + 0 slots: 0x0000020ca0df5b60 points into unknown readable memory: 0x37000000bebafe00 | 00 fe ba be 00 00 00 37
stack at sp + 1 slots: 0x006514ba02360fb8 is an unknown value
stack at sp + 2 slots: 0x0 is NULL
stack at sp + 3 slots: 0x000010027a000004 is an unknown value
stack at sp + 4 slots: 0x0000020ca2b33db8 points into unknown readable memory: 0x0000000000040000 | 00 00 04 00 00 00 00 00
stack at sp + 5 slots: 0x000000000000f5c0 is an unknown value
stack at sp + 6 slots: 0x0 is NULL
stack at sp + 7 slots: 0x0000000000000014 is an unknown value

VM_Operation (0x000000ba2f4fec50): Exit, mode: safepoint, requested by thread 0x0000020ca2fd9f90


---------------  P R O C E S S  ---------------

Threads class SMR info:
_java_thread_list=0x0000020ca306ec90, length=18, elements={
0x0000020cff08a670, 0x0000020cff08b350, 0x0000020cff08ca30, 0x0000020cff08e460,
0x0000020cff08ee80, 0x0000020cff08f9e0, 0x0000020cff092da0, 0x0000020cff0a06c0,
0x0000020cff0a5050, 0x0000020ca0de2210, 0x0000020ca0de9600, 0x0000020ca1080f20,
0x0000020ca2db05e0, 0x0000020ca2fd9f90, 0x0000020ca2a76a90, 0x0000020ca2a79510,
0x0000020ca2a78520, 0x0000020ca2a78fc0
}

Java Threads: ( => current thread )
  0x0000020cff08a670 JavaThread "Reference Handler" daemon [_thread_blocked, id=740, stack(0x000000ba2d800000,0x000000ba2d900000)]
  0x0000020cff08b350 JavaThread "Finalizer" daemon [_thread_blocked, id=9752, stack(0x000000ba2d900000,0x000000ba2da00000)]
  0x0000020cff08ca30 JavaThread "Signal Dispatcher" daemon [_thread_blocked, id=4480, stack(0x000000ba2da00000,0x000000ba2db00000)]
  0x0000020cff08e460 JavaThread "Attach Listener" daemon [_thread_blocked, id=8428, stack(0x000000ba2db00000,0x000000ba2dc00000)]
  0x0000020cff08ee80 JavaThread "Service Thread" daemon [_thread_blocked, id=12296, stack(0x000000ba2dc00000,0x000000ba2dd00000)]
  0x0000020cff08f9e0 JavaThread "Monitor Deflation Thread" daemon [_thread_blocked, id=12820, stack(0x000000ba2dd00000,0x000000ba2de00000)]
  0x0000020cff092da0 JavaThread "C2 CompilerThread0" daemon [_thread_blocked, id=1124, stack(0x000000ba2de00000,0x000000ba2df00000)]
  0x0000020cff0a06c0 JavaThread "C1 CompilerThread0" daemon [_thread_blocked, id=10284, stack(0x000000ba2df00000,0x000000ba2e000000)]
  0x0000020cff0a5050 JavaThread "Sweeper thread" daemon [_thread_blocked, id=15484, stack(0x000000ba2e000000,0x000000ba2e100000)]
  0x0000020ca0de2210 JavaThread "Notification Thread" daemon [_thread_blocked, id=8180, stack(0x000000ba2e100000,0x000000ba2e200000)]
  0x0000020ca0de9600 JavaThread "Common-Cleaner" daemon [_thread_blocked, id=4184, stack(0x000000ba2e300000,0x000000ba2e400000)]
  0x0000020ca1080f20 JavaThread "Java2D Disposer" daemon [_thread_blocked, id=1196, stack(0x000000ba2e400000,0x000000ba2e500000)]
  0x0000020ca2db05e0 JavaThread "HighResTimerThread" daemon [_thread_blocked, id=9448, stack(0x000000ba2e500000,0x000000ba2e600000)]
  0x0000020ca2fd9f90 JavaThread "main-FPSAWTAnimator#00-Timer0" [_thread_blocked, id=13008, stack(0x000000ba2f400000,0x000000ba2f500000)]
  0x0000020ca2a76a90 JavaThread "DestroyJavaVM" [_thread_blocked, id=6388, stack(0x000000ba2d100000,0x000000ba2d200000)]
  0x0000020ca2a79510 JavaThread "Java Sound Event Dispatcher" daemon [_thread_blocked, id=7940, stack(0x000000ba2f800000,0x000000ba2f900000)]
  0x0000020ca2a78520 JavaThread "Thread-4" [_thread_blocked, id=10128, stack(0x000000ba2fc00000,0x000000ba2fd00000)]
  0x0000020ca2a78fc0 JavaThread "AWT-Shutdown" [_thread_blocked, id=14404, stack(0x000000ba2e700000,0x000000ba2e800000)]

Other Threads:
=>0x0000020cff070f80 VMThread "VM Thread" [stack: 0x000000ba2d700000,0x000000ba2d800000] [id=16440]
  0x0000020cfd72e1e0 WorkerThread "GC Thread#0" [stack: 0x000000ba2d200000,0x000000ba2d300000] [id=7064]
  0x0000020ca1a83c60 WorkerThread "GC Thread#1" [stack: 0x000000ba2ed00000,0x000000ba2ee00000] [id=11968]
  0x0000020ca1a83120 WorkerThread "GC Thread#2" [stack: 0x000000ba2ee00000,0x000000ba2ef00000] [id=3068]
  0x0000020ca1a836c0 WorkerThread "GC Thread#3" [stack: 0x000000ba2ef00000,0x000000ba2f000000] [id=2504]
  0x0000020ca1a84200 WorkerThread "GC Thread#4" [stack: 0x000000ba2f000000,0x000000ba2f100000] [id=9016]
  0x0000020ca1a825e0 WorkerThread "GC Thread#5" [stack: 0x000000ba2f100000,0x000000ba2f200000] [id=1576]
  0x0000020ca1a83990 WorkerThread "GC Thread#6" [stack: 0x000000ba2f200000,0x000000ba2f300000] [id=9744]
  0x0000020ca1a82b80 WorkerThread "GC Thread#7" [stack: 0x000000ba2f300000,0x000000ba2f400000] [id=9440]
  0x0000020cfd73f7f0 ConcurrentGCThread "G1 Main Marker" terminated
  0x0000020cfd7409c0 WorkerThread "G1 Conc#0" [stack: 0x000000ba2d400000,0x000000ba2d500000] [id=15084]
  0x0000020ca311e550 WorkerThread "G1 Conc#1" [stack: 0x000000ba30200000,0x000000ba30300000] [id=1832]
  0x0000020cfef254e0 ConcurrentGCThread "G1 Refine#0" terminated
  0x0000020cfef25f30 ConcurrentGCThread "G1 Service" terminated

Threads with active compile tasks:

VM state: at safepoint (shutting down)

VM Mutex/Monitor currently owned by a thread:  ([mutex/lock_event])
[0x0000020cfb66b870] Threads_lock - owner thread: 0x0000020cff070f80
[0x0000020cfb66b900] Heap_lock - owner thread: 0x0000020ca2fd9f90

Heap address: 0x0000000085800000, size: 1960 MB, Compressed Oops mode: 32-bit

CDS archive(s) mapped at: [0x0000000800000000-0x0000000800c40000-0x0000000800c40000), size 12845056, SharedBaseAddress: 0x0000000800000000, ArchiveRelocationMode: 0.
Compressed class space mapped at: 0x0000000801000000-0x0000000841000000, reserved size: 1073741824
Narrow klass base: 0x0000000800000000, Narrow klass shift: 0, Narrow klass range: 0x100000000

GC Precious Log:
 CardTable entry size: 512
 Card Set container configuration: InlinePtr #cards 5 size 8 Array Of Cards #cards 12 size 40 Howl #buckets 4 coarsen threshold 1843 Howl Bitmap #cards 512 size 80 coarsen threshold 460 Card regions per heap region 1 cards per card region 2048
 CPUs: 8 total, 8 available
 Memory: 7834M
 Large Page Support: Disabled
 NUMA Support: Disabled
 Compressed Oops: Enabled (32-bit)
 Heap Region Size: 1M
 Heap Min Capacity: 8M
 Heap Initial Capacity: 124M
 Heap Max Capacity: 1960M
 Pre-touch: Disabled
 Parallel Workers: 8
 Concurrent Workers: 2
 Concurrent Refinement Workers: 8
 Periodic GC: Disabled

Heap:
 garbage-first heap   total 193536K, used 87191K [0x0000000085800000, 0x0000000100000000)
  region size 1024K, 5 young (5120K), 3 survivors (3072K)
 Metaspace       used 14392K, committed 14592K, reserved 1114112K
  class space    used 1054K, committed 1152K, reserved 1048576K

Heap Regions: E=young(eden), S=young(survivor), O=old, HS=humongous(starts), HC=humongous(continues), CS=collection set, F=free, OA=open archive, CA=closed archive, TAMS=top-at-mark-start (previous, next)
|   0|0x0000000085800000, 0x0000000085900000, 0x0000000085900000|100%| O|  |TAMS 0x0000000085900000, 0x0000000085800000| Complete 
|   1|0x0000000085900000, 0x0000000085a00000, 0x0000000085a00000|100%| O|  |TAMS 0x0000000085a00000, 0x0000000085900000| Untracked 
|   2|0x0000000085a00000, 0x0000000085b00000, 0x0000000085b00000|100%| O|  |TAMS 0x0000000085b00000, 0x0000000085a00000| Untracked 
|   3|0x0000000085b00000, 0x0000000085c00000, 0x0000000085c00000|100%| O|  |TAMS 0x0000000085c00000, 0x0000000085b00000| Untracked 
|   4|0x0000000085c00000, 0x0000000085d00000, 0x0000000085d00000|100%|HS|  |TAMS 0x0000000085d00000, 0x0000000085c00000| Complete 
|   5|0x0000000085d00000, 0x0000000085e00000, 0x0000000085e00000|100%|HC|  |TAMS 0x0000000085e00000, 0x0000000085d00000| Complete 
|   6|0x0000000085e00000, 0x0000000085f00000, 0x0000000085f00000|100%|HC|  |TAMS 0x0000000085f00000, 0x0000000085e00000| Complete 
|   7|0x0000000085f00000, 0x0000000086000000, 0x0000000086000000|100%|HC|  |TAMS 0x0000000086000000, 0x0000000085f00000| Complete 
|   8|0x0000000086000000, 0x0000000086100000, 0x0000000086100000|100%| O|  |TAMS 0x0000000086100000, 0x0000000086000000| Untracked 
|   9|0x0000000086100000, 0x0000000086200000, 0x0000000086200000|100%| O|  |TAMS 0x0000000086200000, 0x0000000086100000| Untracked 
|  10|0x0000000086200000, 0x0000000086300000, 0x0000000086300000|100%| O|  |TAMS 0x0000000086300000, 0x0000000086200000| Untracked 
|  11|0x0000000086300000, 0x0000000086400000, 0x0000000086400000|100%| O|  |TAMS 0x0000000086400000, 0x0000000086300000| Untracked 
|  12|0x0000000086400000, 0x0000000086500000, 0x0000000086500000|100%| O|  |TAMS 0x0000000086500000, 0x0000000086400000| Untracked 
|  13|0x0000000086500000, 0x0000000086600000, 0x0000000086600000|100%| O|  |TAMS 0x0000000086600000, 0x0000000086500000| Untracked 
|  14|0x0000000086600000, 0x0000000086700000, 0x0000000086700000|100%| O|  |TAMS 0x0000000086700000, 0x0000000086600000| Untracked 
|  15|0x0000000086700000, 0x0000000086800000, 0x0000000086800000|100%|HS|  |TAMS 0x0000000086800000, 0x0000000086700000| Complete 
|  16|0x0000000086800000, 0x0000000086900000, 0x0000000086900000|100%|HC|  |TAMS 0x0000000086900000, 0x0000000086800000| Complete 
|  17|0x0000000086900000, 0x0000000086a00000, 0x0000000086a00000|100%|HC|  |TAMS 0x0000000086a00000, 0x0000000086900000| Complete 
|  18|0x0000000086a00000, 0x0000000086b00000, 0x0000000086b00000|100%|HC|  |TAMS 0x0000000086b00000, 0x0000000086a00000| Complete 
|  19|0x0000000086b00000, 0x0000000086c00000, 0x0000000086c00000|100%|HS|  |TAMS 0x0000000086c00000, 0x0000000086b00000| Complete 
|  20|0x0000000086c00000, 0x0000000086d00000, 0x0000000086d00000|100%|HC|  |TAMS 0x0000000086d00000, 0x0000000086c00000| Complete 
|  21|0x0000000086d00000, 0x0000000086e00000, 0x0000000086e00000|100%| O|  |TAMS 0x0000000086e00000, 0x0000000086d00000| Untracked 
|  22|0x0000000086e00000, 0x0000000086f00000, 0x0000000086f00000|100%| O|  |TAMS 0x0000000086f00000, 0x0000000086e00000| Untracked 
|  23|0x0000000086f00000, 0x0000000087000000, 0x0000000087000000|100%| O|  |TAMS 0x0000000087000000, 0x0000000086f00000| Untracked 
|  24|0x0000000087000000, 0x0000000087100000, 0x0000000087100000|100%| O|  |TAMS 0x0000000087100000, 0x0000000087000000| Untracked 
|  25|0x0000000087100000, 0x0000000087200000, 0x0000000087200000|100%| O|  |TAMS 0x0000000087200000, 0x0000000087100000| Untracked 
|  26|0x0000000087200000, 0x0000000087300000, 0x0000000087300000|100%| O|  |TAMS 0x0000000087300000, 0x0000000087200000| Untracked 
|  27|0x0000000087300000, 0x0000000087400000, 0x0000000087400000|100%| O|  |TAMS 0x0000000087400000, 0x0000000087300000| Untracked 
|  28|0x0000000087400000, 0x0000000087500000, 0x0000000087500000|100%| O|  |TAMS 0x0000000087500000, 0x0000000087400000| Untracked 
|  29|0x0000000087500000, 0x0000000087600000, 0x0000000087600000|100%| O|  |TAMS 0x0000000087600000, 0x0000000087500000| Untracked 
|  30|0x0000000087600000, 0x0000000087700000, 0x0000000087700000|100%| O|  |TAMS 0x0000000087700000, 0x0000000087600000| Untracked 
|  31|0x0000000087700000, 0x0000000087800000, 0x0000000087800000|100%| O|  |TAMS 0x0000000087800000, 0x0000000087700000| Untracked 
|  32|0x0000000087800000, 0x0000000087900000, 0x0000000087900000|100%| O|  |TAMS 0x0000000087900000, 0x0000000087800000| Untracked 
|  33|0x0000000087900000, 0x0000000087a00000, 0x0000000087a00000|100%| O|  |TAMS 0x0000000087a00000, 0x0000000087900000| Untracked 
|  34|0x0000000087a00000, 0x0000000087b00000, 0x0000000087b00000|100%| O|  |TAMS 0x0000000087b00000, 0x0000000087a00000| Untracked 
|  35|0x0000000087b00000, 0x0000000087c00000, 0x0000000087c00000|100%| O|  |TAMS 0x0000000087c00000, 0x0000000087b00000| Untracked 
|  36|0x0000000087c00000, 0x0000000087d00000, 0x0000000087d00000|100%| O|  |TAMS 0x0000000087d00000, 0x0000000087c00000| Untracked 
|  37|0x0000000087d00000, 0x0000000087e00000, 0x0000000087e00000|100%| O|  |TAMS 0x0000000087e00000, 0x0000000087d00000| Untracked 
|  38|0x0000000087e00000, 0x0000000087f00000, 0x0000000087f00000|100%| O|  |TAMS 0x0000000087f00000, 0x0000000087e00000| Untracked 
|  39|0x0000000087f00000, 0x0000000088000000, 0x0000000088000000|100%| O|  |TAMS 0x0000000088000000, 0x0000000087f00000| Untracked 
|  40|0x0000000088000000, 0x0000000088100000, 0x0000000088100000|100%|HS|  |TAMS 0x0000000088000000, 0x0000000088000000| Complete 
|  41|0x0000000088100000, 0x0000000088200000, 0x0000000088200000|100%| O|  |TAMS 0x0000000088100000, 0x0000000088100000| Untracked 
|  42|0x0000000088200000, 0x0000000088300000, 0x0000000088300000|100%| O|  |TAMS 0x0000000088200000, 0x0000000088200000| Untracked 
|  43|0x0000000088300000, 0x0000000088400000, 0x0000000088400000|100%| O|  |TAMS 0x0000000088300000, 0x0000000088300000| Untracked 
|  44|0x0000000088400000, 0x0000000088500000, 0x0000000088500000|100%| O|  |TAMS 0x0000000088400000, 0x0000000088400000| Untracked 
|  45|0x0000000088500000, 0x0000000088600000, 0x0000000088600000|100%| O|  |TAMS 0x0000000088500000, 0x0000000088500000| Untracked 
|  46|0x0000000088600000, 0x0000000088700000, 0x0000000088700000|100%| O|  |TAMS 0x0000000088600000, 0x0000000088600000| Untracked 
|  47|0x0000000088700000, 0x0000000088800000, 0x0000000088800000|100%| O|  |TAMS 0x0000000088700000, 0x0000000088700000| Untracked 
|  48|0x0000000088800000, 0x0000000088900000, 0x0000000088900000|100%| O|  |TAMS 0x0000000088800000, 0x0000000088800000| Untracked 
|  49|0x0000000088900000, 0x0000000088a00000, 0x0000000088a00000|100%| O|  |TAMS 0x0000000088900000, 0x0000000088900000| Untracked 
|  50|0x0000000088a00000, 0x0000000088b00000, 0x0000000088b00000|100%| O|  |TAMS 0x0000000088a00000, 0x0000000088a00000| Untracked 
|  51|0x0000000088b00000, 0x0000000088c00000, 0x0000000088c00000|100%| O|  |TAMS 0x0000000088c00000, 0x0000000088b00000| Untracked 
|  52|0x0000000088c00000, 0x0000000088d00000, 0x0000000088d00000|100%| O|  |TAMS 0x0000000088d00000, 0x0000000088c00000| Untracked 
|  53|0x0000000088d00000, 0x0000000088e00000, 0x0000000088e00000|100%| O|  |TAMS 0x0000000088e00000, 0x0000000088d00000| Untracked 
|  54|0x0000000088e00000, 0x0000000088f00000, 0x0000000088f00000|100%| O|  |TAMS 0x0000000088f00000, 0x0000000088e00000| Untracked 
|  55|0x0000000088f00000, 0x0000000089000000, 0x0000000089000000|100%| O|  |TAMS 0x0000000089000000, 0x0000000088f00000| Untracked 
|  56|0x0000000089000000, 0x0000000089100000, 0x0000000089100000|100%| O|  |TAMS 0x0000000089100000, 0x0000000089000000| Untracked 
|  57|0x0000000089100000, 0x0000000089200000, 0x0000000089200000|100%| O|  |TAMS 0x0000000089200000, 0x0000000089100000| Untracked 
|  58|0x0000000089200000, 0x0000000089300000, 0x0000000089300000|100%| O|  |TAMS 0x0000000089300000, 0x0000000089200000| Untracked 
|  59|0x0000000089300000, 0x0000000089400000, 0x0000000089400000|100%| O|  |TAMS 0x0000000089400000, 0x0000000089300000| Untracked 
|  60|0x0000000089400000, 0x0000000089500000, 0x0000000089500000|100%| O|  |TAMS 0x0000000089500000, 0x0000000089400000| Untracked 
|  61|0x0000000089500000, 0x0000000089600000, 0x0000000089600000|100%| O|  |TAMS 0x0000000089600000, 0x0000000089500000| Untracked 
|  62|0x0000000089600000, 0x0000000089700000, 0x0000000089700000|100%| O|  |TAMS 0x0000000089700000, 0x0000000089600000| Untracked 
|  63|0x0000000089700000, 0x0000000089800000, 0x0000000089800000|100%| O|  |TAMS 0x0000000089800000, 0x0000000089700000| Untracked 
|  64|0x0000000089800000, 0x0000000089900000, 0x0000000089900000|100%| O|  |TAMS 0x0000000089900000, 0x0000000089800000| Untracked 
|  65|0x0000000089900000, 0x0000000089a00000, 0x0000000089a00000|100%| O|  |TAMS 0x00000000899ab600, 0x0000000089900000| Complete 
|  66|0x0000000089a00000, 0x0000000089b00000, 0x0000000089b00000|100%| O|  |TAMS 0x0000000089a00000, 0x0000000089a00000| Untracked 
|  67|0x0000000089b00000, 0x0000000089c00000, 0x0000000089c00000|100%| O|  |TAMS 0x0000000089b00000, 0x0000000089b00000| Untracked 
|  68|0x0000000089c00000, 0x0000000089d00000, 0x0000000089d00000|100%| O|  |TAMS 0x0000000089c00000, 0x0000000089c00000| Untracked 
|  69|0x0000000089d00000, 0x0000000089e00000, 0x0000000089e00000|100%| O|  |TAMS 0x0000000089d00000, 0x0000000089d00000| Untracked 
|  70|0x0000000089e00000, 0x0000000089e00000, 0x0000000089f00000|  0%| F|  |TAMS 0x0000000089e00000, 0x0000000089e00000| Untracked 
|  71|0x0000000089f00000, 0x0000000089f00000, 0x000000008a000000|  0%| F|  |TAMS 0x0000000089f00000, 0x0000000089f00000| Untracked 
|  72|0x000000008a000000, 0x000000008a000000, 0x000000008a100000|  0%| F|  |TAMS 0x000000008a000000, 0x000000008a000000| Untracked 
|  73|0x000000008a100000, 0x000000008a100000, 0x000000008a200000|  0%| F|  |TAMS 0x000000008a100000, 0x000000008a100000| Untracked 
|  74|0x000000008a200000, 0x000000008a200000, 0x000000008a300000|  0%| F|  |TAMS 0x000000008a200000, 0x000000008a200000| Untracked 
|  75|0x000000008a300000, 0x000000008a300000, 0x000000008a400000|  0%| F|  |TAMS 0x000000008a300000, 0x000000008a300000| Untracked 
|  76|0x000000008a400000, 0x000000008a400000, 0x000000008a500000|  0%| F|  |TAMS 0x000000008a400000, 0x000000008a400000| Untracked 
|  77|0x000000008a500000, 0x000000008a500000, 0x000000008a600000|  0%| F|  |TAMS 0x000000008a500000, 0x000000008a500000| Untracked 
|  78|0x000000008a600000, 0x000000008a600000, 0x000000008a700000|  0%| F|  |TAMS 0x000000008a600000, 0x000000008a600000| Untracked 
|  79|0x000000008a700000, 0x000000008a700000, 0x000000008a800000|  0%| F|  |TAMS 0x000000008a700000, 0x000000008a700000| Untracked 
|  80|0x000000008a800000, 0x000000008a800000, 0x000000008a900000|  0%| F|  |TAMS 0x000000008a800000, 0x000000008a800000| Untracked 
|  81|0x000000008a900000, 0x000000008a900000, 0x000000008aa00000|  0%| F|  |TAMS 0x000000008a900000, 0x000000008a900000| Untracked 
|  82|0x000000008aa00000, 0x000000008aa00000, 0x000000008ab00000|  0%| F|  |TAMS 0x000000008aa00000, 0x000000008aa00000| Untracked 
|  83|0x000000008ab00000, 0x000000008ab00000, 0x000000008ac00000|  0%| F|  |TAMS 0x000000008ab00000, 0x000000008ab00000| Untracked 
|  84|0x000000008ac00000, 0x000000008ac00000, 0x000000008ad00000|  0%| F|  |TAMS 0x000000008ac00000, 0x000000008ac00000| Untracked 
|  85|0x000000008ad00000, 0x000000008ad00000, 0x000000008ae00000|  0%| F|  |TAMS 0x000000008ad00000, 0x000000008ad00000| Untracked 
|  86|0x000000008ae00000, 0x000000008ae00000, 0x000000008af00000|  0%| F|  |TAMS 0x000000008ae00000, 0x000000008ae00000| Untracked 
|  87|0x000000008af00000, 0x000000008af00000, 0x000000008b000000|  0%| F|  |TAMS 0x000000008af00000, 0x000000008af00000| Untracked 
|  88|0x000000008b000000, 0x000000008b000000, 0x000000008b100000|  0%| F|  |TAMS 0x000000008b000000, 0x000000008b000000| Untracked 
|  89|0x000000008b100000, 0x000000008b100000, 0x000000008b200000|  0%| F|  |TAMS 0x000000008b100000, 0x000000008b100000| Untracked 
|  90|0x000000008b200000, 0x000000008b200000, 0x000000008b300000|  0%| F|  |TAMS 0x000000008b200000, 0x000000008b200000| Untracked 
|  91|0x000000008b300000, 0x000000008b300000, 0x000000008b400000|  0%| F|  |TAMS 0x000000008b300000, 0x000000008b300000| Untracked 
|  92|0x000000008b400000, 0x000000008b400000, 0x000000008b500000|  0%| F|  |TAMS 0x000000008b400000, 0x000000008b400000| Untracked 
|  93|0x000000008b500000, 0x000000008b500000, 0x000000008b600000|  0%| F|  |TAMS 0x000000008b500000, 0x000000008b500000| Untracked 
|  94|0x000000008b600000, 0x000000008b600000, 0x000000008b700000|  0%| F|  |TAMS 0x000000008b600000, 0x000000008b600000| Untracked 
|  95|0x000000008b700000, 0x000000008b700000, 0x000000008b800000|  0%| F|  |TAMS 0x000000008b700000, 0x000000008b700000| Untracked 
|  96|0x000000008b800000, 0x000000008b800000, 0x000000008b900000|  0%| F|  |TAMS 0x000000008b800000, 0x000000008b800000| Untracked 
|  97|0x000000008b900000, 0x000000008b900000, 0x000000008ba00000|  0%| F|  |TAMS 0x000000008b900000, 0x000000008b900000| Untracked 
|  98|0x000000008ba00000, 0x000000008ba00000, 0x000000008bb00000|  0%| F|  |TAMS 0x000000008ba00000, 0x000000008ba00000| Untracked 
|  99|0x000000008bb00000, 0x000000008bb00000, 0x000000008bc00000|  0%| F|  |TAMS 0x000000008bb00000, 0x000000008bb00000| Untracked 
| 100|0x000000008bc00000, 0x000000008bc00000, 0x000000008bd00000|  0%| F|  |TAMS 0x000000008bc00000, 0x000000008bc00000| Untracked 
| 101|0x000000008bd00000, 0x000000008bd00000, 0x000000008be00000|  0%| F|  |TAMS 0x000000008bd00000, 0x000000008bd00000| Untracked 
| 102|0x000000008be00000, 0x000000008be00000, 0x000000008bf00000|  0%| F|  |TAMS 0x000000008be00000, 0x000000008be00000| Untracked 
| 103|0x000000008bf00000, 0x000000008bf00000, 0x000000008c000000|  0%| F|  |TAMS 0x000000008bf00000, 0x000000008bf00000| Untracked 
| 104|0x000000008c000000, 0x000000008c000000, 0x000000008c100000|  0%| F|  |TAMS 0x000000008c000000, 0x000000008c000000| Untracked 
| 105|0x000000008c100000, 0x000000008c100000, 0x000000008c200000|  0%| F|  |TAMS 0x000000008c100000, 0x000000008c100000| Untracked 
| 106|0x000000008c200000, 0x000000008c200000, 0x000000008c300000|  0%| F|  |TAMS 0x000000008c200000, 0x000000008c200000| Untracked 
| 107|0x000000008c300000, 0x000000008c400000, 0x000000008c400000|100%|HS|  |TAMS 0x000000008c300000, 0x000000008c300000| Complete 
| 108|0x000000008c400000, 0x000000008c500000, 0x000000008c500000|100%|HC|  |TAMS 0x000000008c400000, 0x000000008c400000| Complete 
| 109|0x000000008c500000, 0x000000008c600000, 0x000000008c600000|100%|HC|  |TAMS 0x000000008c500000, 0x000000008c500000| Complete 
| 110|0x000000008c600000, 0x000000008c700000, 0x000000008c700000|100%|HS|  |TAMS 0x000000008c600000, 0x000000008c600000| Complete 
| 111|0x000000008c700000, 0x000000008c800000, 0x000000008c800000|100%|HS|  |TAMS 0x000000008c700000, 0x000000008c700000| Complete 
| 112|0x000000008c800000, 0x000000008c900000, 0x000000008c900000|100%|HC|  |TAMS 0x000000008c800000, 0x000000008c800000| Complete 
| 113|0x000000008c900000, 0x000000008ca00000, 0x000000008ca00000|100%|HC|  |TAMS 0x000000008c900000, 0x000000008c900000| Complete 
| 114|0x000000008ca00000, 0x000000008cb00000, 0x000000008cb00000|100%|HS|  |TAMS 0x000000008ca00000, 0x000000008ca00000| Complete 
| 115|0x000000008cb00000, 0x000000008cc00000, 0x000000008cc00000|100%| O|  |TAMS 0x000000008cb00000, 0x000000008cb00000| Untracked 
| 116|0x000000008cc00000, 0x000000008cd00000, 0x000000008cd00000|100%| O|  |TAMS 0x000000008cc00000, 0x000000008cc00000| Untracked 
| 117|0x000000008cd00000, 0x000000008cd00000, 0x000000008ce00000|  0%| F|  |TAMS 0x000000008cd00000, 0x000000008cd00000| Untracked 
| 118|0x000000008ce00000, 0x000000008ce00000, 0x000000008cf00000|  0%| F|  |TAMS 0x000000008ce00000, 0x000000008ce00000| Untracked 
| 119|0x000000008cf00000, 0x000000008cf00000, 0x000000008d000000|  0%| F|  |TAMS 0x000000008cf00000, 0x000000008cf00000| Untracked 
| 120|0x000000008d000000, 0x000000008d000000, 0x000000008d100000|  0%| F|  |TAMS 0x000000008d000000, 0x000000008d000000| Untracked 
| 121|0x000000008d100000, 0x000000008d100000, 0x000000008d200000|  0%| F|  |TAMS 0x000000008d100000, 0x000000008d100000| Untracked 
| 122|0x000000008d200000, 0x000000008d200000, 0x000000008d300000|  0%| F|  |TAMS 0x000000008d200000, 0x000000008d200000| Untracked 
| 123|0x000000008d300000, 0x000000008d300000, 0x000000008d400000|  0%| F|  |TAMS 0x000000008d300000, 0x000000008d300000| Untracked 
| 124|0x000000008d400000, 0x000000008d500000, 0x000000008d500000|100%| O|  |TAMS 0x000000008d400000, 0x000000008d400000| Untracked 
| 125|0x000000008d500000, 0x000000008d55ac00, 0x000000008d600000| 35%| O|  |TAMS 0x000000008d500000, 0x000000008d500000| Untracked 
| 126|0x000000008d600000, 0x000000008d600000, 0x000000008d700000|  0%| F|  |TAMS 0x000000008d600000, 0x000000008d600000| Untracked 
| 127|0x000000008d700000, 0x000000008d700000, 0x000000008d800000|  0%| F|  |TAMS 0x000000008d700000, 0x000000008d700000| Untracked 
| 128|0x000000008d800000, 0x000000008d800000, 0x000000008d900000|  0%| F|  |TAMS 0x000000008d800000, 0x000000008d800000| Untracked 
| 129|0x000000008d900000, 0x000000008d900000, 0x000000008da00000|  0%| F|  |TAMS 0x000000008d900000, 0x000000008d900000| Untracked 
| 130|0x000000008da00000, 0x000000008da00000, 0x000000008db00000|  0%| F|  |TAMS 0x000000008da00000, 0x000000008da00000| Untracked 
| 131|0x000000008db00000, 0x000000008db00000, 0x000000008dc00000|  0%| F|  |TAMS 0x000000008db00000, 0x000000008db00000| Untracked 
| 132|0x000000008dc00000, 0x000000008dc00000, 0x000000008dd00000|  0%| F|  |TAMS 0x000000008dc00000, 0x000000008dc00000| Untracked 
| 133|0x000000008dd00000, 0x000000008dd00000, 0x000000008de00000|  0%| F|  |TAMS 0x000000008dd00000, 0x000000008dd00000| Untracked 
| 134|0x000000008de00000, 0x000000008de00000, 0x000000008df00000|  0%| F|  |TAMS 0x000000008de00000, 0x000000008de00000| Untracked 
| 135|0x000000008df00000, 0x000000008df00000, 0x000000008e000000|  0%| F|  |TAMS 0x000000008df00000, 0x000000008df00000| Untracked 
| 136|0x000000008e000000, 0x000000008e000000, 0x000000008e100000|  0%| F|  |TAMS 0x000000008e000000, 0x000000008e000000| Untracked 
| 137|0x000000008e100000, 0x000000008e100000, 0x000000008e200000|  0%| F|  |TAMS 0x000000008e100000, 0x000000008e100000| Untracked 
| 138|0x000000008e200000, 0x000000008e200000, 0x000000008e300000|  0%| F|  |TAMS 0x000000008e200000, 0x000000008e200000| Untracked 
| 139|0x000000008e300000, 0x000000008e300000, 0x000000008e400000|  0%| F|  |TAMS 0x000000008e300000, 0x000000008e300000| Untracked 
| 140|0x000000008e400000, 0x000000008e400000, 0x000000008e500000|  0%| F|  |TAMS 0x000000008e400000, 0x000000008e400000| Untracked 
| 141|0x000000008e500000, 0x000000008e500000, 0x000000008e600000|  0%| F|  |TAMS 0x000000008e500000, 0x000000008e500000| Untracked 
| 142|0x000000008e600000, 0x000000008e600000, 0x000000008e700000|  0%| F|  |TAMS 0x000000008e600000, 0x000000008e600000| Untracked 
| 143|0x000000008e700000, 0x000000008e700000, 0x000000008e800000|  0%| F|  |TAMS 0x000000008e700000, 0x000000008e700000| Untracked 
| 144|0x000000008e800000, 0x000000008e800000, 0x000000008e900000|  0%| F|  |TAMS 0x000000008e800000, 0x000000008e800000| Untracked 
| 145|0x000000008e900000, 0x000000008e900000, 0x000000008ea00000|  0%| F|  |TAMS 0x000000008e900000, 0x000000008e900000| Untracked 
| 146|0x000000008ea00000, 0x000000008ea00000, 0x000000008eb00000|  0%| F|  |TAMS 0x000000008ea00000, 0x000000008ea00000| Untracked 
| 147|0x000000008eb00000, 0x000000008eb00000, 0x000000008ec00000|  0%| F|  |TAMS 0x000000008eb00000, 0x000000008eb00000| Untracked 
| 148|0x000000008ec00000, 0x000000008ec00000, 0x000000008ed00000|  0%| F|  |TAMS 0x000000008ec00000, 0x000000008ec00000| Untracked 
| 149|0x000000008ed00000, 0x000000008ed00000, 0x000000008ee00000|  0%| F|  |TAMS 0x000000008ed00000, 0x000000008ed00000| Untracked 
| 150|0x000000008ee00000, 0x000000008ee00000, 0x000000008ef00000|  0%| F|  |TAMS 0x000000008ee00000, 0x000000008ee00000| Untracked 
| 151|0x000000008ef00000, 0x000000008ef00000, 0x000000008f000000|  0%| F|  |TAMS 0x000000008ef00000, 0x000000008ef00000| Untracked 
| 152|0x000000008f000000, 0x000000008f000000, 0x000000008f100000|  0%| F|  |TAMS 0x000000008f000000, 0x000000008f000000| Untracked 
| 153|0x000000008f100000, 0x000000008f100000, 0x000000008f200000|  0%| F|  |TAMS 0x000000008f100000, 0x000000008f100000| Untracked 
| 154|0x000000008f200000, 0x000000008f200000, 0x000000008f300000|  0%| F|  |TAMS 0x000000008f200000, 0x000000008f200000| Untracked 
| 155|0x000000008f300000, 0x000000008f300000, 0x000000008f400000|  0%| F|  |TAMS 0x000000008f300000, 0x000000008f300000| Untracked 
| 156|0x000000008f400000, 0x000000008f400000, 0x000000008f500000|  0%| F|  |TAMS 0x000000008f400000, 0x000000008f400000| Untracked 
| 157|0x000000008f500000, 0x000000008f500000, 0x000000008f600000|  0%| F|  |TAMS 0x000000008f500000, 0x000000008f500000| Untracked 
| 158|0x000000008f600000, 0x000000008f600000, 0x000000008f700000|  0%| F|  |TAMS 0x000000008f600000, 0x000000008f600000| Untracked 
| 159|0x000000008f700000, 0x000000008f700000, 0x000000008f800000|  0%| F|  |TAMS 0x000000008f700000, 0x000000008f700000| Untracked 
| 160|0x000000008f800000, 0x000000008f800000, 0x000000008f900000|  0%| F|  |TAMS 0x000000008f800000, 0x000000008f800000| Untracked 
| 161|0x000000008f900000, 0x000000008f900000, 0x000000008fa00000|  0%| F|  |TAMS 0x000000008f900000, 0x000000008f900000| Untracked 
| 162|0x000000008fa00000, 0x000000008fa00000, 0x000000008fb00000|  0%| F|  |TAMS 0x000000008fa00000, 0x000000008fa00000| Untracked 
| 163|0x000000008fb00000, 0x000000008fb00000, 0x000000008fc00000|  0%| F|  |TAMS 0x000000008fb00000, 0x000000008fb00000| Untracked 
| 164|0x000000008fc00000, 0x000000008fc00000, 0x000000008fd00000|  0%| F|  |TAMS 0x000000008fc00000, 0x000000008fc00000| Untracked 
| 165|0x000000008fd00000, 0x000000008fd00000, 0x000000008fe00000|  0%| F|  |TAMS 0x000000008fd00000, 0x000000008fd00000| Untracked 
| 166|0x000000008fe00000, 0x000000008fe00000, 0x000000008ff00000|  0%| F|  |TAMS 0x000000008fe00000, 0x000000008fe00000| Untracked 
| 167|0x000000008ff00000, 0x000000008ff00000, 0x0000000090000000|  0%| F|  |TAMS 0x000000008ff00000, 0x000000008ff00000| Untracked 
| 168|0x0000000090000000, 0x0000000090000000, 0x0000000090100000|  0%| F|  |TAMS 0x0000000090000000, 0x0000000090000000| Untracked 
| 169|0x0000000090100000, 0x0000000090100000, 0x0000000090200000|  0%| F|  |TAMS 0x0000000090100000, 0x0000000090100000| Untracked 
| 170|0x0000000090200000, 0x0000000090200000, 0x0000000090300000|  0%| F|  |TAMS 0x0000000090200000, 0x0000000090200000| Untracked 
| 171|0x0000000090300000, 0x0000000090300000, 0x0000000090400000|  0%| F|  |TAMS 0x0000000090300000, 0x0000000090300000| Untracked 
| 172|0x0000000090400000, 0x0000000090400000, 0x0000000090500000|  0%| F|  |TAMS 0x0000000090400000, 0x0000000090400000| Untracked 
| 173|0x0000000090500000, 0x0000000090500000, 0x0000000090600000|  0%| F|  |TAMS 0x0000000090500000, 0x0000000090500000| Untracked 
| 174|0x0000000090600000, 0x0000000090600000, 0x0000000090700000|  0%| F|  |TAMS 0x0000000090600000, 0x0000000090600000| Untracked 
| 175|0x0000000090700000, 0x0000000090700000, 0x0000000090800000|  0%| F|  |TAMS 0x0000000090700000, 0x0000000090700000| Untracked 
| 176|0x0000000090800000, 0x0000000090800000, 0x0000000090900000|  0%| F|  |TAMS 0x0000000090800000, 0x0000000090800000| Untracked 
| 177|0x0000000090900000, 0x0000000090900000, 0x0000000090a00000|  0%| F|  |TAMS 0x0000000090900000, 0x0000000090900000| Untracked 
| 178|0x0000000090a00000, 0x0000000090acb1d0, 0x0000000090b00000| 79%| S|CS|TAMS 0x0000000090a00000, 0x0000000090a00000| Complete 
| 179|0x0000000090b00000, 0x0000000090c00000, 0x0000000090c00000|100%| S|CS|TAMS 0x0000000090b00000, 0x0000000090b00000| Complete 
| 180|0x0000000090c00000, 0x0000000090d00000, 0x0000000090d00000|100%| S|CS|TAMS 0x0000000090c00000, 0x0000000090c00000| Complete 
| 181|0x0000000090d00000, 0x0000000090d00000, 0x0000000090e00000|  0%| F|  |TAMS 0x0000000090d00000, 0x0000000090d00000| Untracked 
| 182|0x0000000090e00000, 0x0000000090e00000, 0x0000000090f00000|  0%| F|  |TAMS 0x0000000090e00000, 0x0000000090e00000| Untracked 
| 183|0x0000000090f00000, 0x0000000090f00000, 0x0000000091000000|  0%| F|  |TAMS 0x0000000090f00000, 0x0000000090f00000| Untracked 
| 184|0x0000000091000000, 0x0000000091000000, 0x0000000091100000|  0%| F|  |TAMS 0x0000000091000000, 0x0000000091000000| Untracked 
| 185|0x0000000091100000, 0x0000000091100000, 0x0000000091200000|  0%| F|  |TAMS 0x0000000091100000, 0x0000000091100000| Untracked 
| 186|0x0000000091200000, 0x0000000091200000, 0x0000000091300000|  0%| F|  |TAMS 0x0000000091200000, 0x0000000091200000| Untracked 
| 187|0x0000000091300000, 0x0000000091352818, 0x0000000091400000| 32%| E|  |TAMS 0x0000000091300000, 0x0000000091300000| Complete 
| 188|0x0000000091400000, 0x0000000091500000, 0x0000000091500000|100%| E|CS|TAMS 0x0000000091400000, 0x0000000091400000| Complete 

Card table byte_map: [0x0000020cfdeb0000,0x0000020cfe290000] _byte_map_base: 0x0000020cfda84000

Marking Bits (Prev, Next): (CMBitMap*) 0x0000020cfd72f860, (CMBitMap*) 0x0000020cfd72f820
 Prev Bits: [0x0000020c98d40000, 0x0000020c9abe0000)
 Next Bits: [0x0000020c96ea0000, 0x0000020c98d40000)

Polling page: 0x0000020cfb6b0000

Metaspace:

Usage:
  Non-class:     13.03 MB used.
      Class:      1.03 MB used.
       Both:     14.05 MB used.

Virtual space:
  Non-class space:       64.00 MB reserved,      13.12 MB ( 21%) committed,  1 nodes.
      Class space:        1.00 GB reserved,       1.12 MB ( <1%) committed,  1 nodes.
             Both:        1.06 GB reserved,      14.25 MB (  1%) committed. 

Chunk freelists:
   Non-Class:  1.94 MB
       Class:  2.82 MB
        Both:  4.75 MB

MaxMetaspaceSize: unlimited
CompressedClassSpaceSize: 1.00 GB
Initial GC threshold: 21.00 MB
Current GC threshold: 23.25 MB
CDS: on
MetaspaceReclaimPolicy: balanced
 - commit_granule_bytes: 65536.
 - commit_granule_words: 8192.
 - virtual_space_node_default_size: 8388608.
 - enlarge_chunks_in_place: 1.
 - new_chunks_are_fully_committed: 0.
 - uncommit_free_chunks: 1.
 - use_allocation_guard: 0.


Internal statistics:

num_allocs_failed_limit: 0.
num_arena_births: 200.
num_arena_deaths: 0.
num_vsnodes_births: 2.
num_vsnodes_deaths: 0.
num_space_committed: 224.
num_space_uncommitted: 0.
num_chunks_returned_to_freelist: 0.
num_chunks_taken_from_freelist: 503.
num_chunk_merges: 0.
num_chunk_splits: 395.
num_chunks_enlarged: 318.
num_inconsistent_stats: 0.

CodeHeap 'non-profiled nmethods': size=120000Kb used=1124Kb max_used=1124Kb free=118875Kb
 bounds [0x0000020c8f970000, 0x0000020c8fbe0000, 0x0000020c96ea0000]
CodeHeap 'profiled nmethods': size=120000Kb used=3901Kb max_used=3901Kb free=116098Kb
 bounds [0x0000020c87ea0000, 0x0000020c88270000, 0x0000020c8f3d0000]
CodeHeap 'non-nmethods': size=5760Kb used=1650Kb max_used=1678Kb free=4109Kb
 bounds [0x0000020c8f3d0000, 0x0000020c8f640000, 0x0000020c8f970000]
 total_blobs=3051 nmethods=2089 adapters=873
 compilation: enabled
              stopped_count=0, restarted_count=0
 full_count=0

Compilation events (20 events):
Event: 3.628 Thread 0x0000020cff0a06c0 2078       3       jogamp.opengl.GLDrawableImpl::getHandle (10 bytes)
Event: 3.628 Thread 0x0000020cff0a06c0 nmethod 2078 0x0000020c8826b510 code [0x0000020c8826b6c0, 0x0000020c8826b888]
Event: 3.683 Thread 0x0000020cff0a06c0 2079       1       java.nio.DirectShortBufferU::isReadOnly (2 bytes)
Event: 3.683 Thread 0x0000020cff0a06c0 nmethod 2079 0x0000020c8fa88210 code [0x0000020c8fa883a0, 0x0000020c8fa88478]
Event: 3.683 Thread 0x0000020cff0a06c0 2080       1       java.nio.DirectShortBufferU::base (2 bytes)
Event: 3.683 Thread 0x0000020cff0a06c0 nmethod 2080 0x0000020c8fa88510 code [0x0000020c8fa886a0, 0x0000020c8fa88778]
Event: 3.717 Thread 0x0000020cff0a06c0 2081       3       java.nio.IntBuffer::rewind (7 bytes)
Event: 3.717 Thread 0x0000020cff0a06c0 nmethod 2081 0x0000020c8826b990 code [0x0000020c8826bb40, 0x0000020c8826bcb8]
Event: 3.717 Thread 0x0000020cff0a06c0 2082       3       processing.opengl.PGL::updateFloatBuffer (41 bytes)
Event: 3.718 Thread 0x0000020cff0a06c0 nmethod 2082 0x0000020c8826bd90 code [0x0000020c8826bfa0, 0x0000020c8826c6b8]
Event: 3.730 Thread 0x0000020cff0a06c0 2083   !   3       java.nio.DirectIntBufferU::put (37 bytes)
Event: 3.731 Thread 0x0000020cff0a06c0 nmethod 2083 0x0000020c8826c990 code [0x0000020c8826cc00, 0x0000020c8826d638]
Event: 3.731 Thread 0x0000020cff0a06c0 2084   !   3       jdk.internal.misc.ScopedMemoryAccess::putInt (21 bytes)
Event: 3.732 Thread 0x0000020cff0a06c0 nmethod 2084 0x0000020c8826db10 code [0x0000020c8826dd00, 0x0000020c8826e178]
Event: 3.733 Thread 0x0000020cff0a06c0 2085       3       processing.opengl.PGL::updateIntBuffer (41 bytes)
Event: 3.734 Thread 0x0000020cff0a06c0 nmethod 2085 0x0000020c8826e390 code [0x0000020c8826e5a0, 0x0000020c8826ecb8]
Event: 3.750 Thread 0x0000020cff0a06c0 2086       3       processing.opengl.PGraphicsOpenGL$IndexCache::init (83 bytes)
Event: 3.750 Thread 0x0000020cff0a06c0 nmethod 2086 0x0000020c8826ef90 code [0x0000020c8826f160, 0x0000020c8826f478]
Event: 3.773 Thread 0x0000020cff0a06c0 2087       1       jogamp.common.util.locks.RecursiveLockImpl01Unfairish$SingleThreadSync::getQSz (5 bytes)
Event: 3.774 Thread 0x0000020cff0a06c0 nmethod 2087 0x0000020c8fa88810 code [0x0000020c8fa889a0, 0x0000020c8fa88a58]

GC Heap History (12 events):
Event: 1.266 GC heap before
{Heap before GC invocations=0 (full 0):
 garbage-first heap   total 126976K, used 25600K [0x0000000085800000, 0x0000000100000000)
  region size 1024K, 23 young (23552K), 0 survivors (0K)
 Metaspace       used 11606K, committed 11904K, reserved 1114112K
  class space    used 807K, committed 960K, reserved 1048576K
}
Event: 1.276 GC heap after
{Heap after GC invocations=1 (full 0):
 garbage-first heap   total 126976K, used 3115K [0x0000000085800000, 0x0000000100000000)
  region size 1024K, 3 young (3072K), 3 survivors (3072K)
 Metaspace       used 11606K, committed 11904K, reserved 1114112K
  class space    used 807K, committed 960K, reserved 1048576K
}
Event: 2.159 GC heap before
{Heap before GC invocations=1 (full 0):
 garbage-first heap   total 126976K, used 57387K [0x0000000085800000, 0x0000000100000000)
  region size 1024K, 37 young (37888K), 3 survivors (3072K)
 Metaspace       used 13841K, committed 14080K, reserved 1114112K
  class space    used 1038K, committed 1152K, reserved 1048576K
}
Event: 2.164 GC heap after
{Heap after GC invocations=2 (full 0):
 garbage-first heap   total 126976K, used 16146K [0x0000000085800000, 0x0000000100000000)
  region size 1024K, 3 young (3072K), 3 survivors (3072K)
 Metaspace       used 13841K, committed 14080K, reserved 1114112K
  class space    used 1038K, committed 1152K, reserved 1048576K
}
Event: 2.280 GC heap before
{Heap before GC invocations=2 (full 0):
 garbage-first heap   total 126976K, used 87826K [0x0000000085800000, 0x0000000100000000)
  region size 1024K, 73 young (74752K), 3 survivors (3072K)
 Metaspace       used 13918K, committed 14208K, reserved 1114112K
  class space    used 1040K, committed 1152K, reserved 1048576K
}
Event: 2.289 GC heap after
{Heap after GC invocations=3 (full 0):
 garbage-first heap   total 126976K, used 41368K [0x0000000085800000, 0x0000000100000000)
  region size 1024K, 10 young (10240K), 10 survivors (10240K)
 Metaspace       used 13918K, committed 14208K, reserved 1114112K
  class space    used 1040K, committed 1152K, reserved 1048576K
}
Event: 2.310 GC heap before
{Heap before GC invocations=3 (full 0):
 garbage-first heap   total 126976K, used 76184K [0x0000000085800000, 0x0000000100000000)
  region size 1024K, 44 young (45056K), 10 survivors (10240K)
 Metaspace       used 13918K, committed 14208K, reserved 1114112K
  class space    used 1040K, committed 1152K, reserved 1048576K
}
Event: 2.318 GC heap after
{Heap after GC invocations=4 (full 0):
 garbage-first heap   total 126976K, used 63149K [0x0000000085800000, 0x0000000100000000)
  region size 1024K, 6 young (6144K), 6 survivors (6144K)
 Metaspace       used 13918K, committed 14208K, reserved 1114112K
  class space    used 1040K, committed 1152K, reserved 1048576K
}
Event: 2.379 GC heap before
{Heap before GC invocations=4 (full 0):
 garbage-first heap   total 126976K, used 79533K [0x0000000085800000, 0x0000000100000000)
  region size 1024K, 23 young (23552K), 6 survivors (6144K)
 Metaspace       used 14022K, committed 14272K, reserved 1114112K
  class space    used 1040K, committed 1152K, reserved 1048576K
}
Event: 2.385 GC heap after
{Heap after GC invocations=5 (full 0):
 garbage-first heap   total 126976K, used 75264K [0x0000000085800000, 0x0000000100000000)
  region size 1024K, 4 young (4096K), 4 survivors (4096K)
 Metaspace       used 14022K, committed 14272K, reserved 1114112K
  class space    used 1040K, committed 1152K, reserved 1048576K
}
Event: 2.950 GC heap before
{Heap before GC invocations=6 (full 0):
 garbage-first heap   total 193536K, used 131584K [0x0000000085800000, 0x0000000100000000)
  region size 1024K, 19 young (19456K), 4 survivors (4096K)
 Metaspace       used 14268K, committed 14528K, reserved 1114112K
  class space    used 1049K, committed 1152K, reserved 1048576K
}
Event: 2.958 GC heap after
{Heap after GC invocations=7 (full 0):
 garbage-first heap   total 193536K, used 86167K [0x0000000085800000, 0x0000000100000000)
  region size 1024K, 3 young (3072K), 3 survivors (3072K)
 Metaspace       used 14268K, committed 14528K, reserved 1114112K
  class space    used 1049K, committed 1152K, reserved 1048576K
}

Dll operation events (16 events):
Event: 0.009 Loaded shared library C:\Program Files\Java\jdk-19\bin\java.dll
Event: 0.022 Loaded shared library C:\Program Files\Java\jdk-19\bin\jsvml.dll
Event: 0.087 Loaded shared library C:\Program Files\Java\jdk-19\bin\net.dll
Event: 0.090 Loaded shared library C:\Program Files\Java\jdk-19\bin\nio.dll
Event: 0.094 Loaded shared library C:\Program Files\Java\jdk-19\bin\zip.dll
Event: 0.131 Loaded shared library C:\Program Files\Java\jdk-19\bin\jimage.dll
Event: 0.134 Loaded shared library C:\Program Files\Java\jdk-19\bin\awt.dll
Event: 0.473 Loaded shared library C:\Users\dmytr\AppData\Local\Temp\jogamp_0000\file_cache\jln1685996574767529816\jln17206517094817023656\natives\windows-amd64\gluegen_rt.dll
Event: 0.482 Loaded shared library C:\Program Files\Java\jdk-19\bin\jawt.dll
Event: 0.494 Loaded shared library C:\Users\dmytr\AppData\Local\Temp\jogamp_0000\file_cache\jln1685996574767529816\jln17206517094817023656\natives\windows-amd64\nativewindow_awt.dll
Event: 0.525 Loaded shared library C:\Users\dmytr\AppData\Local\Temp\jogamp_0000\file_cache\jln1685996574767529816\jln17206517094817023656\natives\windows-amd64\nativewindow_win32.dll
Event: 0.537 Loaded shared library C:\Users\dmytr\AppData\Local\Temp\jogamp_0000\file_cache\jln1685996574767529816\jln17206517094817023656\natives\windows-amd64\newt_head.dll
Event: 0.749 Loaded shared library C:\Users\dmytr\AppData\Local\Temp\jogamp_0000\file_cache\jln1685996574767529816\jln17206517094817023656\natives\windows-amd64\jogl_desktop.dll
Event: 1.007 Loaded shared library C:\Users\dmytr\AppData\Local\Temp\jogamp_0000\file_cache\jln1685996574767529816\jln17206517094817023656\natives\windows-amd64\jogl_mobile.dll
Event: 1.917 Loaded shared library C:\Program Files\Java\jdk-19\bin\verify.dll
Event: 1.958 Loaded shared library C:\Program Files\Java\jdk-19\bin\jsound.dll

Deoptimization events (20 events):
Event: 2.630 Thread 0x0000020ca2fd9f90 DEOPT PACKING pc=0x0000020c8fa394e8 sp=0x000000ba2f4fe7b0
Event: 2.630 Thread 0x0000020ca2fd9f90 DEOPT UNPACKING pc=0x0000020c8f43a5a3 sp=0x000000ba2f4fe720 mode 2
Event: 2.643 Thread 0x0000020ca2fd9f90 Uncommon trap: trap_request=0xffffff45 fr.pc=0x0000020c8fa2edd4 relative=0x0000000000000134
Event: 2.643 Thread 0x0000020ca2fd9f90 Uncommon trap: reason=unstable_if action=reinterpret pc=0x0000020c8fa2edd4 method=processing.opengl.PShapeOpenGL.setStrokeImpl(I)V @ 5 c2
Event: 2.644 Thread 0x0000020ca2fd9f90 DEOPT PACKING pc=0x0000020c8fa2edd4 sp=0x000000ba2f4feb20
Event: 2.644 Thread 0x0000020ca2fd9f90 DEOPT UNPACKING pc=0x0000020c8f43a5a3 sp=0x000000ba2f4fead8 mode 2
Event: 2.647 Thread 0x0000020ca2fd9f90 Uncommon trap: trap_request=0xffffff45 fr.pc=0x0000020c8fa30c10 relative=0x0000000000000250
Event: 2.647 Thread 0x0000020ca2fd9f90 Uncommon trap: reason=unstable_if action=reinterpret pc=0x0000020c8fa30c10 method=processing.opengl.PShapeOpenGL.setFill(I)V @ 27 c2
Event: 2.647 Thread 0x0000020ca2fd9f90 DEOPT PACKING pc=0x0000020c8fa30c10 sp=0x000000ba2f4fed30
Event: 2.647 Thread 0x0000020ca2fd9f90 DEOPT UNPACKING pc=0x0000020c8f43a5a3 sp=0x000000ba2f4fed00 mode 2
Event: 2.647 Thread 0x0000020ca2fd9f90 Uncommon trap: trap_request=0xffffff45 fr.pc=0x0000020c8fa37264 relative=0x0000000000000224
Event: 2.647 Thread 0x0000020ca2fd9f90 Uncommon trap: reason=unstable_if action=reinterpret pc=0x0000020c8fa37264 method=processing.opengl.PShapeOpenGL.setFillImpl(I)V @ 5 c2
Event: 2.647 Thread 0x0000020ca2fd9f90 DEOPT PACKING pc=0x0000020c8fa37264 sp=0x000000ba2f4fec30
Event: 2.647 Thread 0x0000020ca2fd9f90 DEOPT UNPACKING pc=0x0000020c8f43a5a3 sp=0x000000ba2f4fec00 mode 2
Event: 2.752 Thread 0x0000020ca2a78520 DEOPT PACKING pc=0x0000020c881a1e1c sp=0x000000ba2fcff080
Event: 2.752 Thread 0x0000020ca2a78520 DEOPT UNPACKING pc=0x0000020c8f43b0e3 sp=0x000000ba2fcfe520 mode 0
Event: 3.282 Thread 0x0000020ca2a78520 DEOPT PACKING pc=0x0000020c881f970d sp=0x000000ba2fcfef90
Event: 3.282 Thread 0x0000020ca2a78520 DEOPT UNPACKING pc=0x0000020c8f43b0e3 sp=0x000000ba2fcfe4d8 mode 0
Event: 3.516 Thread 0x0000020ca2fd9f90 DEOPT PACKING pc=0x0000020c8825a0d7 sp=0x000000ba2f4fece0
Event: 3.516 Thread 0x0000020ca2fd9f90 DEOPT UNPACKING pc=0x0000020c8f43b0e3 sp=0x000000ba2f4fe158 mode 0

Classes loaded (20 events):
Event: 2.072 Loading class jdk/internal/misc/ThreadTracker$ThreadRef
Event: 2.072 Loading class jdk/internal/misc/ThreadTracker$ThreadRef done
Event: 2.072 Loading class java/net/URL$2
Event: 2.072 Loading class java/net/URL$2 done
Event: 2.072 Loading class java/net/URL$1
Event: 2.072 Loading class java/net/URL$1 done
Event: 2.072 Loading class java/net/spi/URLStreamHandlerProvider
Event: 2.072 Loading class java/net/spi/URLStreamHandlerProvider done
Event: 2.460 Loading class java/util/regex/Pattern$LookBehindEndNode
Event: 2.460 Loading class java/util/regex/Pattern$LookBehindEndNode done
Event: 2.460 Loading class java/util/regex/Pattern$NotBehind
Event: 2.460 Loading class java/util/regex/Pattern$NotBehind done
Event: 2.461 Loading class java/util/regex/Pattern$Neg
Event: 2.461 Loading class java/util/regex/Pattern$Neg done
Event: 2.461 Loading class java/util/regex/Pattern$Pos
Event: 2.461 Loading class java/util/regex/Pattern$Pos done
Event: 2.473 Loading class java/util/regex/Pattern$SliceS
Event: 2.473 Loading class java/util/regex/Pattern$SliceS done
Event: 3.753 Loading class java/nio/channels/ClosedChannelException
Event: 3.753 Loading class java/nio/channels/ClosedChannelException done

Classes unloaded (0 events):
No events

Classes redefined (0 events):
No events

Internal exceptions (20 events):
Event: 0.301 Thread 0x0000020cfb66e7e0 Exception <a 'java/lang/NoSuchMethodError'{0x000000008cb27b70}: 'java.lang.Object java.lang.invoke.DirectMethodHandle$Holder.invokeStaticInit(java.lang.Object, int, int, int, int)'> (0x000000008cb27b70) 
thrown [s\open\src\hotspot\share\interpreter\linkResolver.cpp, line 774]
Event: 0.343 Thread 0x0000020cfb66e7e0 Exception <a 'java/lang/NoSuchMethodError'{0x000000008cbf6bc8}: 'java.lang.Object java.lang.invoke.DirectMethodHandle$Holder.invokeStaticInit(java.lang.Object, java.lang.Object, int, int, int, int)'> (0x000000008cbf6bc8) 
thrown [s\open\src\hotspot\share\interpreter\linkResolver.cpp, line 774]
Event: 0.348 Thread 0x0000020cfb66e7e0 Exception <a 'java/lang/NoSuchMethodError'{0x000000008ca00948}: 'int java.lang.invoke.DirectMethodHandle$Holder.invokeSpecial(java.lang.Object, java.lang.Object, java.lang.Object)'> (0x000000008ca00948) 
thrown [s\open\src\hotspot\share\interpreter\linkResolver.cpp, line 774]
Event: 0.372 Thread 0x0000020cfb66e7e0 Exception <a 'java/lang/NoSuchMethodError'{0x000000008ca10bd8}: 'void java.lang.invoke.DirectMethodHandle$Holder.invokeStatic(java.lang.Object, long)'> (0x000000008ca10bd8) 
thrown [s\open\src\hotspot\share\interpreter\linkResolver.cpp, line 774]
Event: 0.372 Thread 0x0000020cfb66e7e0 Exception <a 'java/lang/NoSuchMethodError'{0x000000008ca161c8}: 'java.lang.Object java.lang.invoke.DirectMethodHandle$Holder.newInvokeSpecial(java.lang.Object, long)'> (0x000000008ca161c8) 
thrown [s\open\src\hotspot\share\interpreter\linkResolver.cpp, line 774]
Event: 0.374 Thread 0x0000020cfb66e7e0 Exception <a 'java/lang/NoSuchMethodError'{0x000000008ca1d3e0}: 'java.lang.Object java.lang.invoke.DirectMethodHandle$Holder.invokeStatic(java.lang.Object, long, java.lang.Object)'> (0x000000008ca1d3e0) 
thrown [s\open\src\hotspot\share\interpreter\linkResolver.cpp, line 774]
Event: 0.375 Thread 0x0000020cfb66e7e0 Exception <a 'java/lang/NoSuchMethodError'{0x000000008ca20e10}: 'java.lang.Object java.lang.invoke.DirectMethodHandle$Holder.invokeStaticInit(java.lang.Object, long, java.lang.Object)'> (0x000000008ca20e10) 
thrown [s\open\src\hotspot\share\interpreter\linkResolver.cpp, line 774]
Event: 0.475 Thread 0x0000020cfb66e7e0 Exception <a 'java/lang/NoSuchMethodError'{0x000000008ca5f198}: 'int java.lang.invoke.DirectMethodHandle$Holder.invokeStatic(java.lang.Object)'> (0x000000008ca5f198) 
thrown [s\open\src\hotspot\share\interpreter\linkResolver.cpp, line 774]
Event: 0.476 Thread 0x0000020cfb66e7e0 Exception <a 'java/lang/NoSuchMethodError'{0x000000008ca62ec8}: 'int java.lang.invoke.DelegatingMethodHandle$Holder.reinvoke_L(java.lang.Object)'> (0x000000008ca62ec8) 
thrown [s\open\src\hotspot\share\interpreter\linkResolver.cpp, line 774]
Event: 0.506 Thread 0x0000020cfb66e7e0 Exception <a 'java/lang/NoSuchMethodError'{0x000000008c990a30}: 'java.lang.Object java.lang.invoke.DirectMethodHandle$Holder.invokeInterface(java.lang.Object, java.lang.Object)'> (0x000000008c990a30) 
thrown [s\open\src\hotspot\share\interpreter\linkResolver.cpp, line 774]
Event: 0.506 Thread 0x0000020cfb66e7e0 Exception <a 'java/lang/IncompatibleClassChangeError'{0x000000008c9942d0}: Found class java.lang.Object, but interface was expected> (0x000000008c9942d0) 
thrown [s\open\src\hotspot\share\interpreter\linkResolver.cpp, line 841]
Event: 0.753 Thread 0x0000020cfb66e7e0 Exception <a 'java/lang/NoSuchMethodError'{0x000000008c2e9760}: 'long java.lang.invoke.DelegatingMethodHandle$Holder.reinvoke_L(java.lang.Object, java.lang.Object)'> (0x000000008c2e9760) 
thrown [s\open\src\hotspot\share\interpreter\linkResolver.cpp, line 774]
Event: 0.755 Thread 0x0000020cfb66e7e0 Exception <a 'java/lang/NoSuchMethodError'{0x000000008c2f3d10}: 'void java.lang.invoke.DelegatingMethodHandle$Holder.reinvoke_L(java.lang.Object, java.lang.Object, long)'> (0x000000008c2f3d10) 
thrown [s\open\src\hotspot\share\interpreter\linkResolver.cpp, line 774]
Event: 1.388 Thread 0x0000020ca1bfadb0 Implicit null exception at 0x0000020c8f9cb083 to 0x0000020c8f9cb278
Event: 1.388 Thread 0x0000020ca1bfadb0 Exception <a 'java/lang/NoSuchMethodError'{0x000000008cc4a0a8}: 'void java.lang.invoke.DirectMethodHandle$Holder.invokeSpecial(java.lang.Object, java.lang.Object, java.lang.Object)'> (0x000000008cc4a0a8) 
thrown [s\open\src\hotspot\share\interpreter\linkResolver.cpp, line 774]
Event: 1.395 Thread 0x0000020ca1bfadb0 Exception <a 'java/lang/NoSuchMethodError'{0x000000008cc60fa0}: 'long java.lang.invoke.Invokers$Holder.invokeExact_MT(java.lang.Object, java.lang.Object, java.lang.Object)'> (0x000000008cc60fa0) 
thrown [s\open\src\hotspot\share\interpreter\linkResolver.cpp, line 774]
Event: 1.903 Thread 0x0000020ca2fd9f90 Exception <a 'java/lang/NoSuchMethodError'{0x000000008c358258}: 'java.lang.Object java.lang.invoke.DirectMethodHandle$Holder.invokeVirtual(java.lang.Object, java.lang.Object, java.lang.Object)'> (0x000000008c358258) 
thrown [s\open\src\hotspot\share\interpreter\linkResolver.cpp, line 774]
Event: 2.032 Thread 0x0000020ca2fd9f90 Implicit null exception at 0x0000020c8f9d30cf to 0x0000020c8f9d3154
Event: 2.073 Thread 0x0000020ca2fd9f90 Exception <a 'java/lang/ClassNotFoundException'{0x000000008c01ae70}: sun/net/www/protocol/c/Handler> (0x000000008c01ae70) 
thrown [s\open\src\hotspot\share\classfile\systemDictionary.cpp, line 255]
Event: 3.752 Thread 0x0000020ca306e9a0 Exception <a 'java/lang/InterruptedException'{0x00000000914c5f78}> (0x00000000914c5f78) 
thrown [s\open\src\hotspot\share\runtime\objectMonitor.cpp, line 1648]

VM Operations (20 events):
Event: 1.919 Executing VM operation: HandshakeAllThreads done
Event: 1.946 Executing VM operation: HandshakeAllThreads
Event: 1.946 Executing VM operation: HandshakeAllThreads done
Event: 2.158 Executing VM operation: G1CollectForAllocation
Event: 2.164 Executing VM operation: G1CollectForAllocation done
Event: 2.280 Executing VM operation: G1CollectForAllocation
Event: 2.289 Executing VM operation: G1CollectForAllocation done
Event: 2.310 Executing VM operation: G1CollectForAllocation
Event: 2.318 Executing VM operation: G1CollectForAllocation done
Event: 2.379 Executing VM operation: G1TryInitiateConcMark
Event: 2.385 Executing VM operation: G1TryInitiateConcMark done
Event: 2.425 Executing VM operation: G1PauseRemark
Event: 2.426 Executing VM operation: G1PauseRemark done
Event: 2.442 Executing VM operation: G1PauseCleanup
Event: 2.442 Executing VM operation: G1PauseCleanup done
Event: 2.473 Executing VM operation: HandshakeAllThreads
Event: 2.473 Executing VM operation: HandshakeAllThreads done
Event: 2.949 Executing VM operation: G1CollectForAllocation
Event: 2.958 Executing VM operation: G1CollectForAllocation done
Event: 3.854 Executing VM operation: Exit

Events (20 events):
Event: 1.735 Thread 0x0000020ca2fd9f90 Thread added: 0x0000020ca2fd9f90
Event: 1.736 Thread 0x0000020cfb66e7e0 Thread exited: 0x0000020cfb66e7e0
Event: 1.736 Thread 0x0000020ca2a76a90 Thread added: 0x0000020ca2a76a90
Event: 2.012 Thread 0x0000020ca2a79510 Thread added: 0x0000020ca2a79510
Event: 2.057 Thread 0x0000020ca2a78520 Thread added: 0x0000020ca2a78520
Event: 2.096 Thread 0x0000020ca3550190 Thread added: 0x0000020ca3550190
Event: 2.116 Thread 0x0000020ca34e5840 Thread added: 0x0000020ca34e5840
Event: 2.902 Thread 0x0000020ca34e5840 Thread exited: 0x0000020ca34e5840
Event: 3.307 Thread 0x0000020ca3550190 Thread exited: 0x0000020ca3550190
Event: 3.752 Thread 0x0000020ca2a79fb0 Thread added: 0x0000020ca2a79fb0
Event: 3.752 Thread 0x0000020ca306e9a0 Thread exited: 0x0000020ca306e9a0
Event: 3.752 Thread 0x0000020ca2a76fe0 Thread added: 0x0000020ca2a76fe0
Event: 3.752 Thread 0x0000020ca2a78a70 Thread added: 0x0000020ca2a78a70
Event: 3.753 Thread 0x0000020ca2a78fc0 Thread added: 0x0000020ca2a78fc0
Event: 3.753 Thread 0x0000020ca2a78a70 Thread exited: 0x0000020ca2a78a70
Event: 3.753 Thread 0x0000020ca1547020 Thread exited: 0x0000020ca1547020
Event: 3.757 Thread 0x0000020ca10a5a80 Thread exited: 0x0000020ca10a5a80
Event: 3.787 Thread 0x0000020ca1bfadb0 Thread exited: 0x0000020ca1bfadb0
Event: 3.793 Thread 0x0000020ca2a79fb0 Thread exited: 0x0000020ca2a79fb0
Event: 3.854 Thread 0x0000020ca2a76fe0 Thread exited: 0x0000020ca2a76fe0


Dynamic libraries:
0x00007ff6a34e0000 - 0x00007ff6a34f0000 	C:\Program Files\Java\jdk-19\bin\java.exe
0x00007ffbf89d0000 - 0x00007ffbf8bc8000 	C:\windows\SYSTEM32\ntdll.dll
0x00007ffbf8190000 - 0x00007ffbf824f000 	C:\windows\System32\KERNEL32.DLL
0x00007ffbf62e0000 - 0x00007ffbf65b2000 	C:\windows\System32\KERNELBASE.dll
0x00007ffbf61e0000 - 0x00007ffbf62e0000 	C:\windows\System32\ucrtbase.dll
0x00007ffbddda0000 - 0x00007ffbdddb8000 	C:\Program Files\Java\jdk-19\bin\jli.dll
0x00007ffbdddc0000 - 0x00007ffbddddb000 	C:\Program Files\Java\jdk-19\bin\VCRUNTIME140.dll
0x00007ffbf75e0000 - 0x00007ffbf768e000 	C:\windows\System32\ADVAPI32.dll
0x00007ffbf6c50000 - 0x00007ffbf6cee000 	C:\windows\System32\msvcrt.dll
0x00007ffbf6d00000 - 0x00007ffbf6d9c000 	C:\windows\System32\sechost.dll
0x00007ffbf8060000 - 0x00007ffbf8184000 	C:\windows\System32\RPCRT4.dll
0x00007ffbf7760000 - 0x00007ffbf7901000 	C:\windows\System32\USER32.dll
0x00007ffbda060000 - 0x00007ffbda2fa000 	C:\windows\WinSxS\amd64_microsoft.windows.common-controls_6595b64144ccf1df_6.0.19041.1110_none_60b5254171f9507e\COMCTL32.dll
0x00007ffbf6910000 - 0x00007ffbf6932000 	C:\windows\System32\win32u.dll
0x00007ffbf85b0000 - 0x00007ffbf85db000 	C:\windows\System32\GDI32.dll
0x00007ffbf60d0000 - 0x00007ffbf61df000 	C:\windows\System32\gdi32full.dll
0x00007ffbf6680000 - 0x00007ffbf671d000 	C:\windows\System32\msvcp_win.dll
0x00007ffbe85b0000 - 0x00007ffbe85ba000 	C:\windows\SYSTEM32\VERSION.dll
0x00007ffbf8690000 - 0x00007ffbf86c0000 	C:\windows\System32\IMM32.DLL
0x00007ffbef5a0000 - 0x00007ffbef5ac000 	C:\Program Files\Java\jdk-19\bin\vcruntime140_1.dll
0x00007ffbdc360000 - 0x00007ffbdc3ee000 	C:\Program Files\Java\jdk-19\bin\msvcp140.dll
0x00007ffb99d40000 - 0x00007ffb9aa00000 	C:\Program Files\Java\jdk-19\bin\server\jvm.dll
0x00007ffbee060000 - 0x00007ffbee069000 	C:\windows\SYSTEM32\WSOCK32.dll
0x00007ffbd19a0000 - 0x00007ffbd19c7000 	C:\windows\SYSTEM32\WINMM.dll
0x00007ffbf6be0000 - 0x00007ffbf6c4b000 	C:\windows\System32\WS2_32.dll
0x00007ffbf4920000 - 0x00007ffbf4932000 	C:\windows\SYSTEM32\kernel.appcore.dll
0x00007ffbeaed0000 - 0x00007ffbeaeda000 	C:\Program Files\Java\jdk-19\bin\jimage.dll
0x00007ffbf3cb0000 - 0x00007ffbf3e94000 	C:\windows\SYSTEM32\DBGHELP.DLL
0x00007ffbd4c40000 - 0x00007ffbd4c75000 	C:\windows\SYSTEM32\dbgcore.DLL
0x00007ffbf6720000 - 0x00007ffbf67a2000 	C:\windows\System32\bcryptPrimitives.dll
0x00007ffbddd70000 - 0x00007ffbddd96000 	C:\Program Files\Java\jdk-19\bin\java.dll
0x00007ffbbfa80000 - 0x00007ffbbfb57000 	C:\Program Files\Java\jdk-19\bin\jsvml.dll
0x00007ffbf6e90000 - 0x00007ffbf75d5000 	C:\windows\System32\SHELL32.dll
0x00007ffbf4170000 - 0x00007ffbf4902000 	C:\windows\SYSTEM32\windows.storage.dll
0x00007ffbf8250000 - 0x00007ffbf85a5000 	C:\windows\System32\combase.dll
0x00007ffbf5b30000 - 0x00007ffbf5b60000 	C:\windows\SYSTEM32\Wldp.dll
0x00007ffbf87f0000 - 0x00007ffbf889d000 	C:\windows\System32\SHCORE.dll
0x00007ffbf6da0000 - 0x00007ffbf6df5000 	C:\windows\System32\shlwapi.dll
0x00007ffbf6010000 - 0x00007ffbf602f000 	C:\windows\SYSTEM32\profapi.dll
0x00007ffbddd50000 - 0x00007ffbddd63000 	C:\Program Files\Java\jdk-19\bin\net.dll
0x00007ffbf05c0000 - 0x00007ffbf06ca000 	C:\windows\SYSTEM32\WINHTTP.dll
0x00007ffbf5890000 - 0x00007ffbf58fa000 	C:\windows\system32\mswsock.dll
0x00007ffbdcbf0000 - 0x00007ffbdcc06000 	C:\Program Files\Java\jdk-19\bin\nio.dll
0x00007ffbdcbd0000 - 0x00007ffbdcbe8000 	C:\Program Files\Java\jdk-19\bin\zip.dll
0x00007ffbbaca0000 - 0x00007ffbbae31000 	C:\Program Files\Java\jdk-19\bin\awt.dll
0x00007ffbf88c0000 - 0x00007ffbf898d000 	C:\windows\System32\OLEAUT32.dll
0x00007ffbf3500000 - 0x00007ffbf3590000 	C:\windows\SYSTEM32\apphelp.dll
0x00007ffbf3690000 - 0x00007ffbf372e000 	C:\windows\system32\uxtheme.dll
0x00007ffbf7910000 - 0x00007ffbf7a24000 	C:\windows\System32\MSCTF.dll
0x00007ffbf86c0000 - 0x00007ffbf87ea000 	C:\windows\System32\ole32.dll
0x00007ffbf3a90000 - 0x00007ffbf3abf000 	C:\windows\system32\DWMAPI.DLL
0x00007ffbda880000 - 0x00007ffbda9a5000 	C:\windows\system32\opengl32.dll
0x00007ffbdee90000 - 0x00007ffbdeebc000 	C:\windows\SYSTEM32\GLU32.dll
0x00007ffbf5a80000 - 0x00007ffbf5a98000 	C:\windows\SYSTEM32\CRYPTSP.dll
0x00007ffbf5140000 - 0x00007ffbf5174000 	C:\windows\system32\rsaenh.dll
0x00007ffbf69f0000 - 0x00007ffbf6a17000 	C:\windows\System32\bcrypt.dll
0x00007ffbf5f90000 - 0x00007ffbf5fbe000 	C:\windows\SYSTEM32\USERENV.dll
0x00007ffbf5aa0000 - 0x00007ffbf5aac000 	C:\windows\SYSTEM32\CRYPTBASE.dll
0x00007ffbf5530000 - 0x00007ffbf556b000 	C:\windows\SYSTEM32\IPHLPAPI.DLL
0x00007ffbf7690000 - 0x00007ffbf7698000 	C:\windows\System32\NSI.dll
0x00007ffbe9da0000 - 0x00007ffbe9db7000 	C:\windows\SYSTEM32\dhcpcsvc6.DLL
0x00007ffbe9e60000 - 0x00007ffbe9e7d000 	C:\windows\SYSTEM32\dhcpcsvc.DLL
0x00007ffbf5570000 - 0x00007ffbf563b000 	C:\windows\SYSTEM32\DNSAPI.dll
0x000000006e8c0000 - 0x000000006e8cd000 	C:\Users\dmytr\AppData\Local\Temp\jogamp_0000\file_cache\jln1685996574767529816\jln17206517094817023656\natives\windows-amd64\gluegen_rt.dll
0x00007ffbddd40000 - 0x00007ffbddd47000 	C:\Program Files\Java\jdk-19\bin\jawt.dll
0x000000006a440000 - 0x000000006a44d000 	C:\Users\dmytr\AppData\Local\Temp\jogamp_0000\file_cache\jln1685996574767529816\jln17206517094817023656\natives\windows-amd64\nativewindow_awt.dll
0x000000006c100000 - 0x000000006c110000 	C:\Users\dmytr\AppData\Local\Temp\jogamp_0000\file_cache\jln1685996574767529816\jln17206517094817023656\natives\windows-amd64\nativewindow_win32.dll
0x0000000070d80000 - 0x0000000070d93000 	C:\Users\dmytr\AppData\Local\Temp\jogamp_0000\file_cache\jln1685996574767529816\jln17206517094817023656\natives\windows-amd64\newt_head.dll
0x00007ffbefbd0000 - 0x00007ffbefc7e000 	C:\windows\SYSTEM32\mscms.dll
0x00007ffbefbb0000 - 0x00007ffbefbc1000 	C:\windows\SYSTEM32\ColorAdapterClient.dll
0x00007ffbdc310000 - 0x00007ffbdc353000 	C:\windows\SYSTEM32\icm32.dll
0x00007ffbf7a40000 - 0x00007ffbf7ea8000 	C:\windows\System32\setupapi.dll
0x00007ffbf6630000 - 0x00007ffbf667e000 	C:\windows\System32\cfgmgr32.dll
0x00007ffbf5e80000 - 0x00007ffbf5eac000 	C:\windows\SYSTEM32\DEVOBJ.dll
0x00007ffbf65c0000 - 0x00007ffbf6629000 	C:\windows\System32\WINTRUST.dll
0x00007ffbf67b0000 - 0x00007ffbf6906000 	C:\windows\System32\CRYPT32.dll
0x00007ffbf5cc0000 - 0x00007ffbf5cd2000 	C:\windows\SYSTEM32\MSASN1.dll
0x0000000064500000 - 0x0000000064585000 	C:\Users\dmytr\AppData\Local\Temp\jogamp_0000\file_cache\jln1685996574767529816\jln17206517094817023656\natives\windows-amd64\jogl_desktop.dll
0x0000000064340000 - 0x0000000064391000 	C:\Users\dmytr\AppData\Local\Temp\jogamp_0000\file_cache\jln1685996574767529816\jln17206517094817023656\natives\windows-amd64\jogl_mobile.dll
0x00007ffbf85e0000 - 0x00007ffbf8689000 	C:\windows\System32\clbcatq.dll
0x00007ffbea780000 - 0x00007ffbea879000 	C:\Windows\System32\AppXDeploymentClient.dll
0x00007ffb70b30000 - 0x00007ffb71abd000 	C:\windows\System32\DriverStore\FileRepository\iigd_dch.inf_amd64_04c961ba9d7827af\igxelpicd64.dll
0x00007ffbf4990000 - 0x00007ffbf4a83000 	C:\windows\system32\dxgi.dll
0x00007ffbae3f0000 - 0x00007ffbae82c000 	C:\windows\System32\DriverStore\FileRepository\iigd_dch.inf_amd64_04c961ba9d7827af\igdml64.dll
0x00007ffbe7660000 - 0x00007ffbe7996000 	C:\windows\System32\DriverStore\FileRepository\iigd_dch.inf_amd64_04c961ba9d7827af\igdgmm64.dll
0x00007ffbe1f00000 - 0x00007ffbe4c8f000 	C:\windows\System32\DriverStore\FileRepository\iigd_dch.inf_amd64_04c961ba9d7827af\igc64.dll
0x00007ffbf5650000 - 0x00007ffbf569b000 	C:\windows\SYSTEM32\powrprof.dll
0x00007ffbf5510000 - 0x00007ffbf5522000 	C:\windows\SYSTEM32\UMPDC.dll
0x00007ffbdd680000 - 0x00007ffbdd779000 	C:\windows\SYSTEM32\textinputframework.dll
0x00007ffbf2bf0000 - 0x00007ffbf2f4e000 	C:\windows\System32\CoreUIComponents.dll
0x00007ffbf32d0000 - 0x00007ffbf33c2000 	C:\windows\System32\CoreMessaging.dll
0x00007ffbf5280000 - 0x00007ffbf52b3000 	C:\windows\SYSTEM32\ntmarta.dll
0x00007ffbf1b30000 - 0x00007ffbf1c84000 	C:\windows\SYSTEM32\wintypes.dll
0x00007ffbdcbc0000 - 0x00007ffbdcbd0000 	C:\Program Files\Java\jdk-19\bin\verify.dll
0x00007ffbdcba0000 - 0x00007ffbdcbb2000 	C:\Program Files\Java\jdk-19\bin\jsound.dll
0x00007ffbb3a20000 - 0x00007ffbb3abc000 	C:\windows\SYSTEM32\DSOUND.dll
0x00007ffbd7470000 - 0x00007ffbd7496000 	C:\windows\SYSTEM32\winmmbase.dll
0x00007ffbedac0000 - 0x00007ffbedb45000 	C:\windows\System32\MMDevApi.dll
0x00007ffbc1bb0000 - 0x00007ffbc1bf6000 	C:\windows\SYSTEM32\wdmaud.drv
0x00007ffbef8f0000 - 0x00007ffbef8f9000 	C:\windows\SYSTEM32\ksuser.dll
0x00007ffbf0c80000 - 0x00007ffbf0c8a000 	C:\windows\SYSTEM32\AVRT.dll
0x00007ffbedb50000 - 0x00007ffbedcd2000 	C:\windows\SYSTEM32\AUDIOSES.DLL
0x00007ffbdcac0000 - 0x00007ffbdcacd000 	C:\windows\SYSTEM32\msacm32.drv
0x00007ffbdc2c0000 - 0x00007ffbdc2de000 	C:\windows\SYSTEM32\MSACM32.dll
0x00007ffbdc2b0000 - 0x00007ffbdc2bb000 	C:\windows\SYSTEM32\midimap.dll
0x00007ffbdd780000 - 0x00007ffbdd8c1000 	C:\Windows\System32\Windows.UI.dll
0x00007ffbf0510000 - 0x00007ffbf05b1000 	C:\Windows\System32\WindowManagementAPI.dll
0x00007ffbdd520000 - 0x00007ffbdd672000 	C:\Windows\System32\InputHost.dll
0x00007ffbeff70000 - 0x00007ffbf0170000 	C:\windows\SYSTEM32\twinapi.appcore.dll
0x00007ffbf1860000 - 0x00007ffbf1956000 	C:\Windows\System32\PROPSYS.dll
0x00007ffbf37b0000 - 0x00007ffbf37c4000 	C:\windows\SYSTEM32\resourcepolicyclient.dll

dbghelp: loaded successfully - version: 4.0.5 - missing functions: none
symbol engine: initialized successfully - sym options: 0x614 - pdb path: .;C:\Program Files\Java\jdk-19\bin;C:\windows\SYSTEM32;C:\windows\WinSxS\amd64_microsoft.windows.common-controls_6595b64144ccf1df_6.0.19041.1110_none_60b5254171f9507e;C:\Program Files\Java\jdk-19\bin\server;C:\Users\dmytr\AppData\Local\Temp\jogamp_0000\file_cache\jln1685996574767529816\jln17206517094817023656\natives\windows-amd64;C:\windows\System32\DriverStore\FileRepository\iigd_dch.inf_amd64_04c961ba9d7827af

VM Arguments:
java_command: ie.tudublin.Main
java_class_path (initial): ./bin;./lib/minim.jar;./lib/core.jar;./lib/jsminim.jar;./lib/mp3spi1.9.5.jar;./lib/tritonus_share.jar;./lib/tritonus_aos.jar;./lib/jl1.0.1.jar;./lib/sqlite-jdbc-3.23.1.jar;lib/jogl-all.jar;lib/gluegen-rt.jar;lib/gluegen-rt-natives-windows-amd64.jar;lib/gluegen-rt-natives-windows-i586.jar;lib/jogl-all-natives-windows-amd64.jar;lib/jogl-all-natives-windows-i586.jarlib/jogl-all.jar;lib/gluegen-rt.jar;lib/gluegen-rt-natives-windows-amd64.jar;lib/gluegen-rt-natives-windows-i586.jar;lib/jogl-all-natives-windows-amd64.jar;lib/jogl-all-natives-windows-i586.jar
Launcher Type: SUN_STANDARD

[Global flags]
     intx CICompilerCount                          = 4                                         {product} {ergonomic}
     uint ConcGCThreads                            = 2                                         {product} {ergonomic}
     uint G1ConcRefinementThreads                  = 8                                         {product} {ergonomic}
   size_t G1HeapRegionSize                         = 1048576                                   {product} {ergonomic}
    uintx GCDrainStackTargetSize                   = 64                                        {product} {ergonomic}
   size_t InitialHeapSize                          = 130023424                                 {product} {ergonomic}
   size_t MarkStackSize                            = 4194304                                   {product} {ergonomic}
   size_t MaxHeapSize                              = 2055208960                                {product} {ergonomic}
   size_t MaxNewSize                               = 1233125376                                {product} {ergonomic}
   size_t MinHeapDeltaBytes                        = 1048576                                   {product} {ergonomic}
   size_t MinHeapSize                              = 8388608                                   {product} {ergonomic}
    uintx NonNMethodCodeHeapSize                   = 5839372                                {pd product} {ergonomic}
    uintx NonProfiledCodeHeapSize                  = 122909434                              {pd product} {ergonomic}
    uintx ProfiledCodeHeapSize                     = 122909434                              {pd product} {ergonomic}
    uintx ReservedCodeCacheSize                    = 251658240                              {pd product} {ergonomic}
     bool SegmentedCodeCache                       = true                                      {product} {ergonomic}
   size_t SoftMaxHeapSize                          = 2055208960                             {manageable} {ergonomic}
     bool UseCompressedClassPointers               = true                           {product lp64_product} {ergonomic}
     bool UseCompressedOops                        = true                           {product lp64_product} {ergonomic}
     bool UseG1GC                                  = true                                      {product} {ergonomic}
     bool UseLargePagesIndividualAllocation        = false                                  {pd product} {ergonomic}

Logging:
Log output configuration:
 #0: stdout all=off uptime,level,tags foldmultilines=false
 #1: stderr all=off uptime,level,tags foldmultilines=false

Environment Variables:
PATH=C:\Users\dmytr\bin;C:\Program Files\Git\mingw64\bin;C:\Program Files\Git\usr\local\bin;C:\Program Files\Git\usr\bin;C:\Program Files\Git\usr\bin;C:\Program Files\Git\mingw64\bin;C:\Program Files\Git\usr\bin;C:\Users\dmytr\bin;C:\Program Files\Common Files\Oracle\Java\javapath;C:\Python310\Scripts;C:\Python310;C:\windows\system32;C:\windows;C:\windows\System32\Wbem;C:\windows\System32\WindowsPowerShell\v1.0;C:\windows\System32\OpenSSH;C:\ProgramData\chocolatey\bin;C:\Program Files\nodejs;C:\Program Files\GitHub CLI;C:\Program Files\PuTTY;C:\Program Files (x86)\Windows Kits\10\Windows Performance Toolkit;C:\msys64\mingw64\bin;C:\Program Files\dotnet;C:\Program Files\Git\cmd;C:\Users\dmytr\AppData\Local\Microsoft\WindowsApps;C:\Users\dmytr\AppData\Local\Programs\Microsoft VS Code\bin;C:\Users\dmytr\AppData\Roaming\npm;C:\Users\dmytr\AppData\Local\GitHubDesktop\bin;C:\Users\dmytr\Documents\Programming\Pycharm\PyCharm Community Edition 2022.3.1\bin;C:\Program Files\Git\usr\bin\vendor_perl;C:\Program Files\Git\usr\bin\core_perl
USERNAME=dmytr
SHELL=C:\Program Files\Git\usr\bin\bash.exe
DISPLAY=needs-to-be-defined
LANG=en_US.UTF-8
TERM=xterm
TMPDIR=C:\Users\dmytr\AppData\Local\Temp
OS=Windows_NT
PROCESSOR_IDENTIFIER=Intel64 Family 6 Model 140 Stepping 1, GenuineIntel
TMP=C:\Users\dmytr\AppData\Local\Temp
TEMP=C:\Users\dmytr\AppData\Local\Temp



---------------  S Y S T E M  ---------------

OS:
 Windows 10 , 64 bit Build 19041 (10.0.19041.2546)
OS uptime: 3 days 4:50 hours

CPU: total 8 (initial active 8) (4 cores per cpu, 2 threads per core) family 6 model 140 stepping 1 microcode 0x8a, cx8, cmov, fxsr, ht, mmx, 3dnowpref, sse, sse2, sse3, ssse3, sse4.1, sse4.2, popcnt, lzcnt, tsc, tscinvbit, avx, avx2, aes, erms, clmul, bmi1, bmi2, adx, avx512f, avx512dq, avx512cd, avx512bw, avx512vl, sha, fma, vzeroupper, avx512_vpopcntdq, avx512_vpclmulqdq, avx512_vaes, avx512_vnni, clflush, clflushopt, clwb, avx512_vbmi2, avx512_vbmi, rdtscp, rdpid, fsrm, gfni, avx512_bitalg

Memory: 4k page, system-wide physical 7834M (1690M free)
TotalPageFile size 11418M (AvailPageFile size 3546M)
current process WorkingSet (physical memory assigned to process): 424M, peak: 444M
current process commit charge ("private bytes"): 434M, peak: 461M

vm_info: Java HotSpot(TM) 64-Bit Server VM (19.0.2+7-44) for windows-amd64 JRE (19.0.2+7-44), built on 2022-11-30T18:02:09Z by "mach5one" with MS VC++ 17.1 (VS2022)

END.
