#
# A fatal error has been detected by the Java Runtime Environment:
#
#  EXCEPTION_ACCESS_VIOLATION (0xc0000005) at pc=0x00007ffbaca6b8f7, pid=5660, tid=16880
#
# JRE version: Java(TM) SE Runtime Environment (19.0.2+7) (build 19.0.2+7-44)
# Java VM: Java HotSpot(TM) 64-Bit Server VM (19.0.2+7-44, mixed mode, sharing, tiered, compressed oops, compressed class ptrs, g1 gc, windows-amd64)
# Problematic frame:
# C  [igxelpicd64.dll+0x28b8f7]
#
# No core dump will be written. Minidumps are not enabled by default on client versions of Windows
#
# If you would like to submit a bug report, please visit:
#   https://bugreport.java.com/bugreport/crash.jsp
#

---------------  S U M M A R Y ------------

Command Line: ie.tudublin.Main

Host: 11th Gen Intel(R) Core(TM) i5-1135G7 @ 2.40GHz, 8 cores, 7G,  Windows 10 , 64 bit Build 19041 (10.0.19041.2546)
Time: Mon Mar 20 16:41:16 2023 GMT Standard Time elapsed time: 12.500532 seconds (0d 0h 0m 12s)

---------------  T H R E A D  ---------------

Current thread (0x000002636e3b6670):  VMThread "VM Thread" [stack: 0x000000c81b100000,0x000000c81b200000] [id=16880]

Stack: [0x000000c81b100000,0x000000c81b200000],  sp=0x000000c81b1fe230,  free space=1016k
Native frames: (J=compiled Java code, j=interpreted, Vv=VM code, C=native code)
C  [igxelpicd64.dll+0x28b8f7]


siginfo: EXCEPTION_ACCESS_VIOLATION (0xc0000005), reading address 0x0000000000035448


Registers:
RAX=0x000002630b3bc6d0, RBX=0x000002637291c890, RCX=0x0000000000000002, RDX=0x000002630b3bc650
RSP=0x000000c81b1fe230, RBP=0x000002630b3bbf90, RSI=0x0000000000000000, RDI=0x000002630b3bc560
R8 =0x00000000001a16c2, R9 =0x0000000000000000, R10=0x0000000000000000, R11=0x0000000000000246
R12=0x000002630b3bca98, R13=0x0000000000000000, R14=0x00000000001a2600, R15=0x0000000000000016
RIP=0x00007ffbaca6b8f7, EFLAGS=0x0000000000010202


Register to memory mapping:

RIP=0x00007ffbaca6b8f7 igxelpicd64.dll
RAX=0x000002630b3bc6d0 points into unknown readable memory: 0x00000000001a22ef | ef 22 1a 00 00 00 00 00
RBX=0x000002637291c890 points into unknown readable memory: 0x00007ffbad280000 | 00 00 28 ad fb 7f 00 00
RCX=0x0000000000000002 is an unknown value
RDX=0x000002630b3bc650 points into unknown readable memory: 0x0000000000000000 | 00 00 00 00 00 00 00 00
RSP=0x000000c81b1fe230 points into unknown readable memory: 0x000002637291c890 | 90 c8 91 72 63 02 00 00
RBP=0x000002630b3bbf90 points into unknown readable memory: 0x00000263741a6250 | 50 62 1a 74 63 02 00 00
RSI=0x0 is NULL
RDI=0x000002630b3bc560 points into unknown readable memory: 0x00000263741a6250 | 50 62 1a 74 63 02 00 00
R8 =0x00000000001a16c2 is an unknown value
R9 =0x0 is NULL
R10=0x0 is NULL
R11=0x0000000000000246 is an unknown value
R12=0x000002630b3bca98 points into unknown readable memory: 0x000002630b3bbf90 | 90 bf 3b 0b 63 02 00 00
R13=0x0 is NULL
R14=0x00000000001a2600 is an unknown value
R15=0x0000000000000016 is an unknown value


Top of Stack: (sp=0x000000c81b1fe230)
0x000000c81b1fe230:   000002637291c890 00cfdba4006af7a3
0x000000c81b1fe240:   0000000000000000 000010027a000004
0x000000c81b1fe250:   00000263743a41f8 00000000001a26e3
0x000000c81b1fe260:   0000000000000000 0000000000000014
0x000000c81b1fe270:   0000000000000000 0000000000000000
0x000000c81b1fe280:   000000c81b1fe390 00007ffbaca62315
0x000000c81b1fe290:   00000263741d5c70 000002637291c890
0x000000c81b1fe2a0:   0000000000000000 001000187a000000
0x000000c81b1fe2b0:   000000c800002098 0000b8020cb20000
0x000000c81b1fe2c0:   0000000000000000 00fb8ed6014b83d3
0x000000c81b1fe2d0:   0000000000000000 000000007a000004
0x000000c81b1fe2e0:   00d719da014411d9 0000000000000000
0x000000c81b1fe2f0:   00d130dc00621cdc 01c6a8df01410bdd
0x000000c81b1fe300:   0136d8df0122d5df 012f19e301c8f5e0
0x000000c81b1fe310:   012bb9e6009b19e6 013b9be7013016e7
0x000000c81b1fe320:   01c6a4e80140ebe7 00f5d1e900a78ae9 

Instructions: (pc=0x00007ffbaca6b8f7)
0x00007ffbaca6b7f7:   56 41 57 48 83 ec 20 45 8a e9 48 8b da 48 8b f1
0x00007ffbaca6b807:   48 8b 15 32 62 c4 00 48 8d 48 08 e8 0d 07 dc ff
0x00007ffbaca6b817:   90 48 8b ab 80 02 00 00 48 8b 05 7a 6b b4 00 44
0x00007ffbaca6b827:   8b b8 b8 0a 00 00 45 33 d2 45 8a f2 4c 89 93 80
0x00007ffbaca6b837:   02 00 00 44 89 93 88 02 00 00 4c 89 93 a0 02 00
0x00007ffbaca6b847:   00 4c 89 93 90 02 00 00 48 85 f6 75 38 8b 3d 0e
0x00007ffbaca6b857:   39 c4 00 65 48 8b 04 25 58 00 00 00 b9 14 00 00
0x00007ffbaca6b867:   00 48 8b 04 f8 44 38 14 01 0f 84 01 02 00 00 65
0x00007ffbaca6b877:   48 8b 04 25 58 00 00 00 be 20 00 00 00 48 8b 04
0x00007ffbaca6b887:   f8 48 8b 34 06 48 3b 35 0d 5d c4 00 45 0f 44 fa
0x00007ffbaca6b897:   48 85 ed 0f 84 a9 00 00 00 44 8a 6c 24 70 48 8b
0x00007ffbaca6b8a7:   fd 4c 8d a5 38 05 00 00 49 8b 2c 24 45 84 ed 0f
0x00007ffbaca6b8b7:   85 a1 01 00 00 8b 8b d0 01 00 00 48 8b 05 d7 6a
0x00007ffbaca6b8c7:   b4 00 83 b8 64 03 00 00 02 75 32 48 8d 97 f0 00
0x00007ffbaca6b8d7:   00 00 83 f9 10 0f 83 a2 00 00 00 8b c1 48 c1 e0
0x00007ffbaca6b8e7:   06 48 03 c2 48 85 c0 0f 85 87 00 00 00 4d 8b c2
0x00007ffbaca6b8f7:   4c 3b 86 48 54 03 00 0f 87 75 15 6e 00 4c 39 97
0x00007ffbaca6b907:   90 05 00 00 0f 85 b3 16 6e 00 4c 8b cf 4c 8b c3
0x00007ffbaca6b917:   e8 34 b3 72 00 84 c0 0f 85 b8 00 00 00 48 8b d7
0x00007ffbaca6b927:   48 8b cb e8 91 f9 ff ff 45 33 d2 48 85 ed 0f 85
0x00007ffbaca6b937:   6a ff ff ff 45 84 f6 44 8a 6c 24 78 0f 85 a3 16
0x00007ffbaca6b947:   6e 00 48 8b cb 45 84 ed 0f 85 18 01 00 00 e8 86
0x00007ffbaca6b957:   f6 ff ff 90 48 8b 4c 24 60 48 8b 5c 24 68 48 83
0x00007ffbaca6b967:   c4 20 41 5f 41 5e 41 5d 41 5c 5f 5e 5d 48 ff 25
0x00007ffbaca6b977:   9d 37 80 00 4c 8b 40 08 e9 73 ff ff ff 44 8d 41
0x00007ffbaca6b987:   f0 41 8b c0 c1 e8 04 83 f8 03 72 1a 48 8b 82 18
0x00007ffbaca6b997:   04 00 00 48 85 c0 74 26 39 08 0f 84 ad 00 00 00
0x00007ffbaca6b9a7:   48 8b 40 48 eb ed 0f ae e8 41 83 e0 0f 4c 8b 8c
0x00007ffbaca6b9b7:   c2 00 04 00 00 4d 85 c9 0f 85 80 00 00 00 44 38
0x00007ffbaca6b9c7:   92 20 04 00 00 0f 84 22 ff ff ff 8b c1 83 e0 0f
0x00007ffbaca6b9d7:   e9 08 ff ff ff 48 8b 83 80 02 00 00 49 89 04 24
0x00007ffbaca6b9e7:   48 89 bb 80 02 00 00 ff 83 88 02 00 00 48 8b 4f 


Stack slot to memory mapping:
stack at sp + 0 slots: 0x000002637291c890 points into unknown readable memory: 0x00007ffbad280000 | 00 00 28 ad fb 7f 00 00
stack at sp + 1 slots: 0x00cfdba4006af7a3 is an unknown value
stack at sp + 2 slots: 0x0 is NULL
stack at sp + 3 slots: 0x000010027a000004 is an unknown value
stack at sp + 4 slots: 0x00000263743a41f8 points into unknown readable memory: 0x0000000000040000 | 00 00 04 00 00 00 00 00
stack at sp + 5 slots: 0x00000000001a26e3 is an unknown value
stack at sp + 6 slots: 0x0 is NULL
stack at sp + 7 slots: 0x0000000000000014 is an unknown value

VM_Operation (0x000000c81d0fe870): Exit, mode: safepoint, requested by thread 0x00000263728faa90


---------------  P R O C E S S  ---------------

Threads class SMR info:
_java_thread_list=0x000002637447b2c0, length=18, elements={
0x000002636e3d2de0, 0x000002636e3d3800, 0x000002636e3d45e0, 0x000002636e3d53c0,
0x000002636e3d6060, 0x000002636e3d6a80, 0x000002636e3da840, 0x000002636e3db2f0,
0x000002636e3e7c90, 0x00000263728fbfd0, 0x00000263728fca70, 0x00000263728fb530,
0x00000263728f9ff0, 0x00000263728faa90, 0x00000263742ffee0, 0x0000026374300430,
0x0000026374300980, 0x0000026374303ea0
}

Java Threads: ( => current thread )
  0x000002636e3d2de0 JavaThread "Reference Handler" daemon [_thread_blocked, id=12972, stack(0x000000c81b200000,0x000000c81b300000)]
  0x000002636e3d3800 JavaThread "Finalizer" daemon [_thread_blocked, id=516, stack(0x000000c81b300000,0x000000c81b400000)]
  0x000002636e3d45e0 JavaThread "Signal Dispatcher" daemon [_thread_blocked, id=12224, stack(0x000000c81b400000,0x000000c81b500000)]
  0x000002636e3d53c0 JavaThread "Attach Listener" daemon [_thread_blocked, id=13192, stack(0x000000c81b500000,0x000000c81b600000)]
  0x000002636e3d6060 JavaThread "Service Thread" daemon [_thread_blocked, id=10184, stack(0x000000c81b600000,0x000000c81b700000)]
  0x000002636e3d6a80 JavaThread "Monitor Deflation Thread" daemon [_thread_blocked, id=10780, stack(0x000000c81b700000,0x000000c81b800000)]
  0x000002636e3da840 JavaThread "C2 CompilerThread0" daemon [_thread_blocked, id=4412, stack(0x000000c81b800000,0x000000c81b900000)]
  0x000002636e3db2f0 JavaThread "C1 CompilerThread0" daemon [_thread_blocked, id=3324, stack(0x000000c81b900000,0x000000c81ba00000)]
  0x000002636e3e7c90 JavaThread "Sweeper thread" daemon [_thread_blocked, id=16356, stack(0x000000c81ba00000,0x000000c81bb00000)]
  0x00000263728fbfd0 JavaThread "Notification Thread" daemon [_thread_blocked, id=10028, stack(0x000000c81bb00000,0x000000c81bc00000)]
  0x00000263728fca70 JavaThread "Common-Cleaner" daemon [_thread_blocked, id=1968, stack(0x000000c81bd00000,0x000000c81be00000)]
  0x00000263728fb530 JavaThread "Java2D Disposer" daemon [_thread_blocked, id=16288, stack(0x000000c81be00000,0x000000c81bf00000)]
  0x00000263728f9ff0 JavaThread "HighResTimerThread" daemon [_thread_blocked, id=1936, stack(0x000000c81ce00000,0x000000c81cf00000)]
  0x00000263728faa90 JavaThread "main-FPSAWTAnimator#00-Timer0" [_thread_blocked, id=7044, stack(0x000000c81d000000,0x000000c81d100000)]
  0x00000263742ffee0 JavaThread "DestroyJavaVM" [_thread_blocked, id=15700, stack(0x000000c81ab00000,0x000000c81ac00000)]
  0x0000026374300430 JavaThread "Java Sound Event Dispatcher" daemon [_thread_blocked, id=5796, stack(0x000000c81d400000,0x000000c81d500000)]
  0x0000026374300980 JavaThread "Thread-4" [_thread_blocked, id=7212, stack(0x000000c81bf00000,0x000000c81c000000)]
  0x0000026374303ea0 JavaThread "AWT-Shutdown" [_thread_blocked, id=644, stack(0x000000c81dc00000,0x000000c81dd00000)]

Other Threads:
=>0x000002636e3b6670 VMThread "VM Thread" [stack: 0x000000c81b100000,0x000000c81b200000] [id=16880]
  0x000002634df14fe0 WorkerThread "GC Thread#0" [stack: 0x000000c81ac00000,0x000000c81ad00000] [id=2088]
  0x000002637339b810 WorkerThread "GC Thread#1" [stack: 0x000000c81c700000,0x000000c81c800000] [id=5156]
  0x000002637339c080 WorkerThread "GC Thread#2" [stack: 0x000000c81c800000,0x000000c81c900000] [id=3028]
  0x000002637339bae0 WorkerThread "GC Thread#3" [stack: 0x000000c81c900000,0x000000c81ca00000] [id=11700]
  0x000002637339c350 WorkerThread "GC Thread#4" [stack: 0x000000c81ca00000,0x000000c81cb00000] [id=10464]
  0x000002637339cbc0 WorkerThread "GC Thread#5" [stack: 0x000000c81cb00000,0x000000c81cc00000] [id=7104]
  0x000002637339c620 WorkerThread "GC Thread#6" [stack: 0x000000c81cc00000,0x000000c81cd00000] [id=628]
  0x000002637339c8f0 WorkerThread "GC Thread#7" [stack: 0x000000c81cd00000,0x000000c81ce00000] [id=1808]
  0x000002634df26450 ConcurrentGCThread "G1 Main Marker" terminated
  0x000002634df27020 WorkerThread "G1 Conc#0" [stack: 0x000000c81ae00000,0x000000c81af00000] [id=3500]
  0x0000026374407c40 WorkerThread "G1 Conc#1" [stack: 0x000000c81d900000,0x000000c81da00000] [id=10508]
  0x000002634df7e6c0 ConcurrentGCThread "G1 Refine#0" terminated
  0x000002636e2713a0 ConcurrentGCThread "G1 Service" terminated

Threads with active compile tasks:

VM state: at safepoint (shutting down)

VM Mutex/Monitor currently owned by a thread:  ([mutex/lock_event])
[0x000002634deb2150] Threads_lock - owner thread: 0x000002636e3b6670
[0x000002634deb21e0] Heap_lock - owner thread: 0x00000263728faa90

Heap address: 0x0000000085800000, size: 1960 MB, Compressed Oops mode: 32-bit

CDS archive(s) mapped at: [0x0000000800000000-0x0000000800c40000-0x0000000800c40000), size 12845056, SharedBaseAddress: 0x0000000800000000, ArchiveRelocationMode: 0.
Compressed class space mapped at: 0x0000000801000000-0x0000000841000000, reserved size: 1073741824
Narrow klass base: 0x0000000800000000, Narrow klass shift: 0, Narrow klass range: 0x100000000

GC Precious Log:
 CardTable entry size: 512
 Card Set container configuration: InlinePtr #cards 5 size 8 Array Of Cards #cards 12 size 40 Howl #buckets 4 coarsen threshold 1843 Howl Bitmap #cards 512 size 80 coarsen threshold 460 Card regions per heap region 1 cards per card region 2048
 CPUs: 8 total, 8 available
 Memory: 7834M
 Large Page Support: Disabled
 NUMA Support: Disabled
 Compressed Oops: Enabled (32-bit)
 Heap Region Size: 1M
 Heap Min Capacity: 8M
 Heap Initial Capacity: 124M
 Heap Max Capacity: 1960M
 Pre-touch: Disabled
 Parallel Workers: 8
 Concurrent Workers: 2
 Concurrent Refinement Workers: 8
 Periodic GC: Disabled

Heap:
 garbage-first heap   total 150528K, used 79137K [0x0000000085800000, 0x0000000100000000)
  region size 1024K, 6 young (6144K), 3 survivors (3072K)
 Metaspace       used 14798K, committed 15040K, reserved 1114112K
  class space    used 1056K, committed 1152K, reserved 1048576K

Heap Regions: E=young(eden), S=young(survivor), O=old, HS=humongous(starts), HC=humongous(continues), CS=collection set, F=free, OA=open archive, CA=closed archive, TAMS=top-at-mark-start (previous, next)
|   0|0x0000000085800000, 0x0000000085900000, 0x0000000085900000|100%| O|  |TAMS 0x0000000085900000, 0x0000000085800000| Untracked 
|   1|0x0000000085900000, 0x0000000085a00000, 0x0000000085a00000|100%| O|  |TAMS 0x0000000085a00000, 0x0000000085900000| Untracked 
|   2|0x0000000085a00000, 0x0000000085b00000, 0x0000000085b00000|100%| O|  |TAMS 0x0000000085b00000, 0x0000000085a00000| Untracked 
|   3|0x0000000085b00000, 0x0000000085c00000, 0x0000000085c00000|100%| O|  |TAMS 0x0000000085c00000, 0x0000000085b00000| Untracked 
|   4|0x0000000085c00000, 0x0000000085d00000, 0x0000000085d00000|100%|HS|  |TAMS 0x0000000085d00000, 0x0000000085c00000| Complete 
|   5|0x0000000085d00000, 0x0000000085e00000, 0x0000000085e00000|100%|HC|  |TAMS 0x0000000085e00000, 0x0000000085d00000| Complete 
|   6|0x0000000085e00000, 0x0000000085f00000, 0x0000000085f00000|100%|HC|  |TAMS 0x0000000085f00000, 0x0000000085e00000| Complete 
|   7|0x0000000085f00000, 0x0000000086000000, 0x0000000086000000|100%|HC|  |TAMS 0x0000000086000000, 0x0000000085f00000| Complete 
|   8|0x0000000086000000, 0x0000000086100000, 0x0000000086100000|100%| O|  |TAMS 0x0000000086100000, 0x0000000086000000| Untracked 
|   9|0x0000000086100000, 0x0000000086200000, 0x0000000086200000|100%| O|  |TAMS 0x0000000086200000, 0x0000000086100000| Untracked 
|  10|0x0000000086200000, 0x0000000086300000, 0x0000000086300000|100%| O|  |TAMS 0x0000000086300000, 0x0000000086200000| Untracked 
|  11|0x0000000086300000, 0x0000000086400000, 0x0000000086400000|100%| O|  |TAMS 0x0000000086400000, 0x0000000086300000| Untracked 
|  12|0x0000000086400000, 0x0000000086500000, 0x0000000086500000|100%| O|  |TAMS 0x0000000086500000, 0x0000000086400000| Untracked 
|  13|0x0000000086500000, 0x0000000086600000, 0x0000000086600000|100%| O|  |TAMS 0x0000000086600000, 0x0000000086500000| Untracked 
|  14|0x0000000086600000, 0x0000000086700000, 0x0000000086700000|100%| O|  |TAMS 0x0000000086700000, 0x0000000086600000| Untracked 
|  15|0x0000000086700000, 0x0000000086800000, 0x0000000086800000|100%|HS|  |TAMS 0x0000000086800000, 0x0000000086700000| Complete 
|  16|0x0000000086800000, 0x0000000086900000, 0x0000000086900000|100%|HC|  |TAMS 0x0000000086900000, 0x0000000086800000| Complete 
|  17|0x0000000086900000, 0x0000000086a00000, 0x0000000086a00000|100%|HC|  |TAMS 0x0000000086a00000, 0x0000000086900000| Complete 
|  18|0x0000000086a00000, 0x0000000086b00000, 0x0000000086b00000|100%|HC|  |TAMS 0x0000000086b00000, 0x0000000086a00000| Complete 
|  19|0x0000000086b00000, 0x0000000086c00000, 0x0000000086c00000|100%|HS|  |TAMS 0x0000000086c00000, 0x0000000086b00000| Complete 
|  20|0x0000000086c00000, 0x0000000086d00000, 0x0000000086d00000|100%|HC|  |TAMS 0x0000000086d00000, 0x0000000086c00000| Complete 
|  21|0x0000000086d00000, 0x0000000086e00000, 0x0000000086e00000|100%| O|  |TAMS 0x0000000086e00000, 0x0000000086d00000| Untracked 
|  22|0x0000000086e00000, 0x0000000086f00000, 0x0000000086f00000|100%| O|  |TAMS 0x0000000086f00000, 0x0000000086e00000| Untracked 
|  23|0x0000000086f00000, 0x0000000087000000, 0x0000000087000000|100%| O|  |TAMS 0x0000000087000000, 0x0000000086f00000| Untracked 
|  24|0x0000000087000000, 0x0000000087100000, 0x0000000087100000|100%| O|  |TAMS 0x0000000087100000, 0x0000000087000000| Untracked 
|  25|0x0000000087100000, 0x0000000087200000, 0x0000000087200000|100%| O|  |TAMS 0x0000000087200000, 0x0000000087100000| Untracked 
|  26|0x0000000087200000, 0x0000000087300000, 0x0000000087300000|100%| O|  |TAMS 0x0000000087300000, 0x0000000087200000| Untracked 
|  27|0x0000000087300000, 0x0000000087400000, 0x0000000087400000|100%| O|  |TAMS 0x0000000087400000, 0x0000000087300000| Untracked 
|  28|0x0000000087400000, 0x0000000087500000, 0x0000000087500000|100%| O|  |TAMS 0x0000000087500000, 0x0000000087400000| Untracked 
|  29|0x0000000087500000, 0x0000000087600000, 0x0000000087600000|100%| O|  |TAMS 0x0000000087600000, 0x0000000087500000| Untracked 
|  30|0x0000000087600000, 0x0000000087700000, 0x0000000087700000|100%| O|  |TAMS 0x0000000087700000, 0x0000000087600000| Untracked 
|  31|0x0000000087700000, 0x0000000087800000, 0x0000000087800000|100%| O|  |TAMS 0x0000000087800000, 0x0000000087700000| Untracked 
|  32|0x0000000087800000, 0x0000000087900000, 0x0000000087900000|100%| O|  |TAMS 0x0000000087900000, 0x0000000087800000| Untracked 
|  33|0x0000000087900000, 0x0000000087a00000, 0x0000000087a00000|100%| O|  |TAMS 0x0000000087a00000, 0x0000000087900000| Untracked 
|  34|0x0000000087a00000, 0x0000000087b00000, 0x0000000087b00000|100%| O|  |TAMS 0x0000000087b00000, 0x0000000087a00000| Untracked 
|  35|0x0000000087b00000, 0x0000000087c00000, 0x0000000087c00000|100%| O|  |TAMS 0x0000000087c00000, 0x0000000087b00000| Untracked 
|  36|0x0000000087c00000, 0x0000000087d00000, 0x0000000087d00000|100%| O|  |TAMS 0x0000000087d00000, 0x0000000087c00000| Untracked 
|  37|0x0000000087d00000, 0x0000000087e00000, 0x0000000087e00000|100%| O|  |TAMS 0x0000000087e00000, 0x0000000087d00000| Untracked 
|  38|0x0000000087e00000, 0x0000000087f00000, 0x0000000087f00000|100%| O|  |TAMS 0x0000000087e00000, 0x0000000087e00000| Untracked 
|  39|0x0000000087f00000, 0x0000000088000000, 0x0000000088000000|100%| O|  |TAMS 0x0000000087f00000, 0x0000000087f00000| Untracked 
|  40|0x0000000088000000, 0x0000000088100000, 0x0000000088100000|100%| O|  |TAMS 0x0000000088100000, 0x0000000088000000| Complete 
|  41|0x0000000088100000, 0x0000000088200000, 0x0000000088200000|100%| O|  |TAMS 0x0000000088100000, 0x0000000088100000| Untracked 
|  42|0x0000000088200000, 0x0000000088300000, 0x0000000088300000|100%| O|  |TAMS 0x0000000088200000, 0x0000000088200000| Untracked 
|  43|0x0000000088300000, 0x0000000088400000, 0x0000000088400000|100%| O|  |TAMS 0x0000000088300000, 0x0000000088300000| Untracked 
|  44|0x0000000088400000, 0x0000000088500000, 0x0000000088500000|100%| O|  |TAMS 0x0000000088400000, 0x0000000088400000| Untracked 
|  45|0x0000000088500000, 0x0000000088600000, 0x0000000088600000|100%| O|  |TAMS 0x0000000088500000, 0x0000000088500000| Untracked 
|  46|0x0000000088600000, 0x0000000088700000, 0x0000000088700000|100%| O|  |TAMS 0x0000000088600000, 0x0000000088600000| Untracked 
|  47|0x0000000088700000, 0x0000000088800000, 0x0000000088800000|100%| O|  |TAMS 0x0000000088700000, 0x0000000088700000| Untracked 
|  48|0x0000000088800000, 0x0000000088900000, 0x0000000088900000|100%| O|  |TAMS 0x0000000088800000, 0x0000000088800000| Untracked 
|  49|0x0000000088900000, 0x0000000088a00000, 0x0000000088a00000|100%| O|  |TAMS 0x0000000088900000, 0x0000000088900000| Untracked 
|  50|0x0000000088a00000, 0x0000000088b00000, 0x0000000088b00000|100%| O|  |TAMS 0x0000000088a00000, 0x0000000088a00000| Untracked 
|  51|0x0000000088b00000, 0x0000000088c00000, 0x0000000088c00000|100%| O|  |TAMS 0x0000000088c00000, 0x0000000088b00000| Untracked 
|  52|0x0000000088c00000, 0x0000000088d00000, 0x0000000088d00000|100%| O|  |TAMS 0x0000000088d00000, 0x0000000088c00000| Untracked 
|  53|0x0000000088d00000, 0x0000000088e00000, 0x0000000088e00000|100%| O|  |TAMS 0x0000000088e00000, 0x0000000088d00000| Untracked 
|  54|0x0000000088e00000, 0x0000000088f00000, 0x0000000088f00000|100%| O|  |TAMS 0x0000000088f00000, 0x0000000088e00000| Untracked 
|  55|0x0000000088f00000, 0x0000000089000000, 0x0000000089000000|100%| O|  |TAMS 0x0000000089000000, 0x0000000088f00000| Untracked 
|  56|0x0000000089000000, 0x0000000089100000, 0x0000000089100000|100%| O|  |TAMS 0x0000000089100000, 0x0000000089000000| Untracked 
|  57|0x0000000089100000, 0x0000000089200000, 0x0000000089200000|100%| O|  |TAMS 0x0000000089200000, 0x0000000089100000| Untracked 
|  58|0x0000000089200000, 0x0000000089300000, 0x0000000089300000|100%| O|  |TAMS 0x0000000089300000, 0x0000000089200000| Untracked 
|  59|0x0000000089300000, 0x0000000089400000, 0x0000000089400000|100%| O|  |TAMS 0x0000000089400000, 0x0000000089300000| Untracked 
|  60|0x0000000089400000, 0x0000000089500000, 0x0000000089500000|100%| O|  |TAMS 0x0000000089500000, 0x0000000089400000| Untracked 
|  61|0x0000000089500000, 0x0000000089600000, 0x0000000089600000|100%| O|  |TAMS 0x0000000089600000, 0x0000000089500000| Untracked 
|  62|0x0000000089600000, 0x0000000089700000, 0x0000000089700000|100%| O|  |TAMS 0x0000000089700000, 0x0000000089600000| Untracked 
|  63|0x0000000089700000, 0x0000000089800000, 0x0000000089800000|100%| O|  |TAMS 0x0000000089800000, 0x0000000089700000| Untracked 
|  64|0x0000000089800000, 0x0000000089900000, 0x0000000089900000|100%| O|  |TAMS 0x0000000089900000, 0x0000000089800000| Complete 
|  65|0x0000000089900000, 0x0000000089a00000, 0x0000000089a00000|100%| O|  |TAMS 0x0000000089955c00, 0x0000000089900000| Untracked 
|  66|0x0000000089a00000, 0x0000000089b00000, 0x0000000089b00000|100%| O|  |TAMS 0x0000000089a00000, 0x0000000089a00000| Untracked 
|  67|0x0000000089b00000, 0x0000000089c00000, 0x0000000089c00000|100%| O|  |TAMS 0x0000000089b00000, 0x0000000089b00000| Untracked 
|  68|0x0000000089c00000, 0x0000000089d00000, 0x0000000089d00000|100%| O|  |TAMS 0x0000000089c00000, 0x0000000089c00000| Untracked 
|  69|0x0000000089d00000, 0x0000000089e00000, 0x0000000089e00000|100%| O|  |TAMS 0x0000000089d00000, 0x0000000089d00000| Untracked 
|  70|0x0000000089e00000, 0x0000000089e00000, 0x0000000089f00000|  0%| F|  |TAMS 0x0000000089e00000, 0x0000000089e00000| Untracked 
|  71|0x0000000089f00000, 0x0000000089f00000, 0x000000008a000000|  0%| F|  |TAMS 0x0000000089f00000, 0x0000000089f00000| Untracked 
|  72|0x000000008a000000, 0x000000008a000000, 0x000000008a100000|  0%| F|  |TAMS 0x000000008a000000, 0x000000008a000000| Untracked 
|  73|0x000000008a100000, 0x000000008a100000, 0x000000008a200000|  0%| F|  |TAMS 0x000000008a100000, 0x000000008a100000| Untracked 
|  74|0x000000008a200000, 0x000000008a200000, 0x000000008a300000|  0%| F|  |TAMS 0x000000008a200000, 0x000000008a200000| Untracked 
|  75|0x000000008a300000, 0x000000008a400000, 0x000000008a400000|100%|HS|  |TAMS 0x000000008a300000, 0x000000008a300000| Complete 
|  76|0x000000008a400000, 0x000000008a500000, 0x000000008a500000|100%| O|  |TAMS 0x000000008a400000, 0x000000008a400000| Untracked 
|  77|0x000000008a500000, 0x000000008a5b7e00, 0x000000008a600000| 71%| O|  |TAMS 0x000000008a500000, 0x000000008a500000| Untracked 
|  78|0x000000008a600000, 0x000000008a600000, 0x000000008a700000|  0%| F|  |TAMS 0x000000008a600000, 0x000000008a600000| Untracked 
|  79|0x000000008a700000, 0x000000008a700000, 0x000000008a800000|  0%| F|  |TAMS 0x000000008a700000, 0x000000008a700000| Untracked 
|  80|0x000000008a800000, 0x000000008a800000, 0x000000008a900000|  0%| F|  |TAMS 0x000000008a800000, 0x000000008a800000| Untracked 
|  81|0x000000008a900000, 0x000000008a900000, 0x000000008aa00000|  0%| F|  |TAMS 0x000000008a900000, 0x000000008a900000| Untracked 
|  82|0x000000008aa00000, 0x000000008aa00000, 0x000000008ab00000|  0%| F|  |TAMS 0x000000008aa00000, 0x000000008aa00000| Untracked 
|  83|0x000000008ab00000, 0x000000008ab00000, 0x000000008ac00000|  0%| F|  |TAMS 0x000000008ab00000, 0x000000008ab00000| Untracked 
|  84|0x000000008ac00000, 0x000000008ac00000, 0x000000008ad00000|  0%| F|  |TAMS 0x000000008ac00000, 0x000000008ac00000| Untracked 
|  85|0x000000008ad00000, 0x000000008ad00000, 0x000000008ae00000|  0%| F|  |TAMS 0x000000008ad00000, 0x000000008ad00000| Untracked 
|  86|0x000000008ae00000, 0x000000008ae00000, 0x000000008af00000|  0%| F|  |TAMS 0x000000008ae00000, 0x000000008ae00000| Untracked 
|  87|0x000000008af00000, 0x000000008af00000, 0x000000008b000000|  0%| F|  |TAMS 0x000000008af00000, 0x000000008af00000| Untracked 
|  88|0x000000008b000000, 0x000000008b000000, 0x000000008b100000|  0%| F|  |TAMS 0x000000008b000000, 0x000000008b000000| Untracked 
|  89|0x000000008b100000, 0x000000008b100000, 0x000000008b200000|  0%| F|  |TAMS 0x000000008b100000, 0x000000008b100000| Untracked 
|  90|0x000000008b200000, 0x000000008b200000, 0x000000008b300000|  0%| F|  |TAMS 0x000000008b200000, 0x000000008b200000| Untracked 
|  91|0x000000008b300000, 0x000000008b300000, 0x000000008b400000|  0%| F|  |TAMS 0x000000008b300000, 0x000000008b300000| Untracked 
|  92|0x000000008b400000, 0x000000008b400000, 0x000000008b500000|  0%| F|  |TAMS 0x000000008b400000, 0x000000008b400000| Untracked 
|  93|0x000000008b500000, 0x000000008b500000, 0x000000008b600000|  0%| F|  |TAMS 0x000000008b500000, 0x000000008b500000| Untracked 
|  94|0x000000008b600000, 0x000000008b600000, 0x000000008b700000|  0%| F|  |TAMS 0x000000008b600000, 0x000000008b600000| Untracked 
|  95|0x000000008b700000, 0x000000008b700000, 0x000000008b800000|  0%| F|  |TAMS 0x000000008b700000, 0x000000008b700000| Untracked 
|  96|0x000000008b800000, 0x000000008b800000, 0x000000008b900000|  0%| F|  |TAMS 0x000000008b800000, 0x000000008b800000| Untracked 
|  97|0x000000008b900000, 0x000000008b900000, 0x000000008ba00000|  0%| F|  |TAMS 0x000000008b900000, 0x000000008b900000| Untracked 
|  98|0x000000008ba00000, 0x000000008ba00000, 0x000000008bb00000|  0%| F|  |TAMS 0x000000008ba00000, 0x000000008ba00000| Untracked 
|  99|0x000000008bb00000, 0x000000008bb00000, 0x000000008bc00000|  0%| F|  |TAMS 0x000000008bb00000, 0x000000008bb00000| Untracked 
| 100|0x000000008bc00000, 0x000000008bc00000, 0x000000008bd00000|  0%| F|  |TAMS 0x000000008bc00000, 0x000000008bc00000| Untracked 
| 101|0x000000008bd00000, 0x000000008bd00000, 0x000000008be00000|  0%| F|  |TAMS 0x000000008bd00000, 0x000000008bd00000| Untracked 
| 102|0x000000008be00000, 0x000000008be00000, 0x000000008bf00000|  0%| F|  |TAMS 0x000000008be00000, 0x000000008be00000| Untracked 
| 103|0x000000008bf00000, 0x000000008bf00000, 0x000000008c000000|  0%| F|  |TAMS 0x000000008bf00000, 0x000000008bf00000| Untracked 
| 104|0x000000008c000000, 0x000000008c000000, 0x000000008c100000|  0%| F|  |TAMS 0x000000008c000000, 0x000000008c000000| Untracked 
| 105|0x000000008c100000, 0x000000008c100000, 0x000000008c200000|  0%| F|  |TAMS 0x000000008c100000, 0x000000008c100000| Untracked 
| 106|0x000000008c200000, 0x000000008c200000, 0x000000008c300000|  0%| F|  |TAMS 0x000000008c200000, 0x000000008c200000| Untracked 
| 107|0x000000008c300000, 0x000000008c300000, 0x000000008c400000|  0%| F|  |TAMS 0x000000008c300000, 0x000000008c300000| Untracked 
| 108|0x000000008c400000, 0x000000008c400000, 0x000000008c500000|  0%| F|  |TAMS 0x000000008c400000, 0x000000008c400000| Untracked 
| 109|0x000000008c500000, 0x000000008c500000, 0x000000008c600000|  0%| F|  |TAMS 0x000000008c500000, 0x000000008c500000| Untracked 
| 110|0x000000008c600000, 0x000000008c600000, 0x000000008c700000|  0%| F|  |TAMS 0x000000008c600000, 0x000000008c600000| Untracked 
| 111|0x000000008c700000, 0x000000008c700000, 0x000000008c800000|  0%| F|  |TAMS 0x000000008c700000, 0x000000008c700000| Untracked 
| 112|0x000000008c800000, 0x000000008c800000, 0x000000008c900000|  0%| F|  |TAMS 0x000000008c800000, 0x000000008c800000| Untracked 
| 113|0x000000008c900000, 0x000000008c900000, 0x000000008ca00000|  0%| F|  |TAMS 0x000000008c900000, 0x000000008c900000| Untracked 
| 114|0x000000008ca00000, 0x000000008ca00000, 0x000000008cb00000|  0%| F|  |TAMS 0x000000008ca00000, 0x000000008ca00000| Untracked 
| 115|0x000000008cb00000, 0x000000008cb00000, 0x000000008cc00000|  0%| F|  |TAMS 0x000000008cb00000, 0x000000008cb00000| Untracked 
| 116|0x000000008cc00000, 0x000000008cc00000, 0x000000008cd00000|  0%| F|  |TAMS 0x000000008cc00000, 0x000000008cc00000| Untracked 
| 117|0x000000008cd00000, 0x000000008cd00000, 0x000000008ce00000|  0%| F|  |TAMS 0x000000008cd00000, 0x000000008cd00000| Untracked 
| 118|0x000000008ce00000, 0x000000008ce00000, 0x000000008cf00000|  0%| F|  |TAMS 0x000000008ce00000, 0x000000008ce00000| Untracked 
| 119|0x000000008cf00000, 0x000000008cf00000, 0x000000008d000000|  0%| F|  |TAMS 0x000000008cf00000, 0x000000008cf00000| Untracked 
| 120|0x000000008d000000, 0x000000008d000000, 0x000000008d100000|  0%| F|  |TAMS 0x000000008d000000, 0x000000008d000000| Untracked 
| 121|0x000000008d100000, 0x000000008d100000, 0x000000008d200000|  0%| F|  |TAMS 0x000000008d100000, 0x000000008d100000| Untracked 
| 122|0x000000008d200000, 0x000000008d200000, 0x000000008d300000|  0%| F|  |TAMS 0x000000008d200000, 0x000000008d200000| Untracked 
| 123|0x000000008d300000, 0x000000008d300000, 0x000000008d400000|  0%| F|  |TAMS 0x000000008d300000, 0x000000008d300000| Untracked 
| 124|0x000000008d400000, 0x000000008d400000, 0x000000008d500000|  0%| F|  |TAMS 0x000000008d400000, 0x000000008d400000| Untracked 
| 125|0x000000008d500000, 0x000000008d500000, 0x000000008d600000|  0%| F|  |TAMS 0x000000008d500000, 0x000000008d500000| Untracked 
| 126|0x000000008d600000, 0x000000008d600000, 0x000000008d700000|  0%| F|  |TAMS 0x000000008d600000, 0x000000008d600000| Untracked 
| 127|0x000000008d700000, 0x000000008d700000, 0x000000008d800000|  0%| F|  |TAMS 0x000000008d700000, 0x000000008d700000| Untracked 
| 128|0x000000008d800000, 0x000000008d800000, 0x000000008d900000|  0%| F|  |TAMS 0x000000008d800000, 0x000000008d800000| Untracked 
| 129|0x000000008d900000, 0x000000008d900000, 0x000000008da00000|  0%| F|  |TAMS 0x000000008d900000, 0x000000008d900000| Untracked 
| 130|0x000000008da00000, 0x000000008da00000, 0x000000008db00000|  0%| F|  |TAMS 0x000000008da00000, 0x000000008da00000| Untracked 
| 131|0x000000008db00000, 0x000000008db00000, 0x000000008dc00000|  0%| F|  |TAMS 0x000000008db00000, 0x000000008db00000| Untracked 
| 132|0x000000008dc00000, 0x000000008dc00000, 0x000000008dd00000|  0%| F|  |TAMS 0x000000008dc00000, 0x000000008dc00000| Untracked 
| 133|0x000000008dd00000, 0x000000008dd00000, 0x000000008de00000|  0%| F|  |TAMS 0x000000008dd00000, 0x000000008dd00000| Untracked 
| 134|0x000000008de00000, 0x000000008de00000, 0x000000008df00000|  0%| F|  |TAMS 0x000000008de00000, 0x000000008de00000| Untracked 
| 135|0x000000008df00000, 0x000000008df00000, 0x000000008e000000|  0%| F|  |TAMS 0x000000008df00000, 0x000000008df00000| Untracked 
| 136|0x000000008e000000, 0x000000008e000000, 0x000000008e100000|  0%| F|  |TAMS 0x000000008e000000, 0x000000008e000000| Untracked 
| 137|0x000000008e100000, 0x000000008e100000, 0x000000008e200000|  0%| F|  |TAMS 0x000000008e100000, 0x000000008e100000| Untracked 
| 138|0x000000008e200000, 0x000000008e2906a0, 0x000000008e300000| 56%| S|CS|TAMS 0x000000008e200000, 0x000000008e200000| Complete 
| 139|0x000000008e300000, 0x000000008e400000, 0x000000008e400000|100%| S|CS|TAMS 0x000000008e300000, 0x000000008e300000| Complete 
| 140|0x000000008e400000, 0x000000008e500000, 0x000000008e500000|100%| S|CS|TAMS 0x000000008e400000, 0x000000008e400000| Complete 
| 141|0x000000008e500000, 0x000000008e500000, 0x000000008e600000|  0%| F|  |TAMS 0x000000008e500000, 0x000000008e500000| Untracked 
| 142|0x000000008e600000, 0x000000008e600000, 0x000000008e700000|  0%| F|  |TAMS 0x000000008e600000, 0x000000008e600000| Untracked 
| 143|0x000000008e700000, 0x000000008e700000, 0x000000008e800000|  0%| F|  |TAMS 0x000000008e700000, 0x000000008e700000| Untracked 
| 144|0x000000008e800000, 0x000000008e8c14d0, 0x000000008e900000| 75%| E|  |TAMS 0x000000008e800000, 0x000000008e800000| Complete 
| 145|0x000000008e900000, 0x000000008ea00000, 0x000000008ea00000|100%| E|CS|TAMS 0x000000008e900000, 0x000000008e900000| Complete 
| 146|0x000000008ea00000, 0x000000008eb00000, 0x000000008eb00000|100%| E|CS|TAMS 0x000000008ea00000, 0x000000008ea00000| Complete 

Card table byte_map: [0x0000026367430000,0x0000026367810000] _byte_map_base: 0x0000026367004000

Marking Bits (Prev, Next): (CMBitMap*) 0x000002634df16660, (CMBitMap*) 0x000002634df16620
 Prev Bits: [0x0000026369a90000, 0x000002636b930000)
 Next Bits: [0x0000026367bf0000, 0x0000026369a90000)

Polling page: 0x000002634dca0000

Metaspace:

Usage:
  Non-class:     13.42 MB used.
      Class:      1.03 MB used.
       Both:     14.45 MB used.

Virtual space:
  Non-class space:       64.00 MB reserved,      13.56 MB ( 21%) committed,  1 nodes.
      Class space:        1.00 GB reserved,       1.12 MB ( <1%) committed,  1 nodes.
             Both:        1.06 GB reserved,      14.69 MB (  1%) committed. 

Chunk freelists:
   Non-Class:  1.59 MB
       Class:  2.82 MB
        Both:  4.41 MB

MaxMetaspaceSize: unlimited
CompressedClassSpaceSize: 1.00 GB
Initial GC threshold: 21.00 MB
Current GC threshold: 23.38 MB
CDS: on
MetaspaceReclaimPolicy: balanced
 - commit_granule_bytes: 65536.
 - commit_granule_words: 8192.
 - virtual_space_node_default_size: 8388608.
 - enlarge_chunks_in_place: 1.
 - new_chunks_are_fully_committed: 0.
 - uncommit_free_chunks: 1.
 - use_allocation_guard: 0.


Internal statistics:

num_allocs_failed_limit: 0.
num_arena_births: 200.
num_arena_deaths: 0.
num_vsnodes_births: 2.
num_vsnodes_deaths: 0.
num_space_committed: 231.
num_space_uncommitted: 0.
num_chunks_returned_to_freelist: 0.
num_chunks_taken_from_freelist: 513.
num_chunk_merges: 0.
num_chunk_splits: 405.
num_chunks_enlarged: 329.
num_inconsistent_stats: 0.

CodeHeap 'non-profiled nmethods': size=120000Kb used=1380Kb max_used=1380Kb free=118619Kb
 bounds [0x000002635f0c0000, 0x000002635f330000, 0x00000263665f0000]
CodeHeap 'profiled nmethods': size=120000Kb used=4919Kb max_used=4919Kb free=115080Kb
 bounds [0x00000263575f0000, 0x0000026357ac0000, 0x000002635eb20000]
CodeHeap 'non-nmethods': size=5760Kb used=1652Kb max_used=1687Kb free=4107Kb
 bounds [0x000002635eb20000, 0x000002635ed90000, 0x000002635f0c0000]
 total_blobs=3489 nmethods=2526 adapters=874
 compilation: enabled
              stopped_count=0, restarted_count=0
 full_count=0

Compilation events (20 events):
Event: 12.014 Thread 0x000002636e3db2f0 2517       3       processing.opengl.PGraphicsOpenGL::ambientLight (11 bytes)
Event: 12.014 Thread 0x000002636e3db2f0 nmethod 2517 0x0000026357ab6890 code [0x0000026357ab6a60, 0x0000026357ab6c48]
Event: 12.014 Thread 0x000002636e3db2f0 2518       3       processing.opengl.PGraphicsOpenGL::ambientLight (132 bytes)
Event: 12.014 Thread 0x000002636e3db2f0 nmethod 2518 0x0000026357ab6d10 code [0x0000026357ab6fa0, 0x0000026357ab7c58]
Event: 12.014 Thread 0x000002636e3db2f0 2519       3       processing.opengl.PGraphicsOpenGL::lightAmbient (51 bytes)
Event: 12.014 Thread 0x000002636e3db2f0 nmethod 2519 0x0000026357ab8190 code [0x0000026357ab8340, 0x0000026357ab85a8]
Event: 12.014 Thread 0x000002636e3db2f0 2520       3       processing.opengl.PGraphicsOpenGL::noLightDiffuse (34 bytes)
Event: 12.014 Thread 0x000002636e3db2f0 nmethod 2520 0x0000026357ab8710 code [0x0000026357ab88c0, 0x0000026357ab8a58]
Event: 12.014 Thread 0x000002636e3db2f0 2521       3       processing.opengl.PGraphicsOpenGL::noLightSpecular (34 bytes)
Event: 12.014 Thread 0x000002636e3db2f0 nmethod 2521 0x0000026357ab8b90 code [0x0000026357ab8d40, 0x0000026357ab8ed8]
Event: 12.014 Thread 0x000002636e3db2f0 2522       3       processing.opengl.PGraphicsOpenGL::lightFalloff (35 bytes)
Event: 12.014 Thread 0x000002636e3db2f0 nmethod 2522 0x0000026357ab9010 code [0x0000026357ab91c0, 0x0000026357ab9358]
Event: 12.096 Thread 0x000002636e3db2f0 2523       3       processing.opengl.PGraphicsOpenGL::createPolyBuffers (316 bytes)
Event: 12.097 Thread 0x000002636e3db2f0 nmethod 2523 0x0000026357ab9490 code [0x0000026357ab9860, 0x0000026357abbb58]
Event: 12.097 Thread 0x000002636e3db2f0 2524       3       processing.opengl.PGraphicsOpenGL::createLineBuffers (130 bytes)
Event: 12.097 Thread 0x000002636e3db2f0 nmethod 2524 0x0000026357abc410 code [0x0000026357abc660, 0x0000026357abd318]
Event: 12.098 Thread 0x000002636e3db2f0 2525       3       processing.opengl.PGraphicsOpenGL$TessGeometry::updateLineVerticesBuffer (18 bytes)
Event: 12.098 Thread 0x000002636e3db2f0 nmethod 2525 0x0000026357abd690 code [0x0000026357abd840, 0x0000026357abd9a8]
Event: 12.098 Thread 0x000002636e3db2f0 2526       3       processing.opengl.PGraphicsOpenGL$TessGeometry::updateLineDirectionsBuffer (18 bytes)
Event: 12.098 Thread 0x000002636e3db2f0 nmethod 2526 0x0000026357abda90 code [0x0000026357abdc40, 0x0000026357abdda8]

GC Heap History (12 events):
Event: 0.877 GC heap before
{Heap before GC invocations=0 (full 0):
 garbage-first heap   total 126976K, used 25600K [0x0000000085800000, 0x0000000100000000)
  region size 1024K, 23 young (23552K), 0 survivors (0K)
 Metaspace       used 11608K, committed 11904K, reserved 1114112K
  class space    used 807K, committed 960K, reserved 1048576K
}
Event: 0.887 GC heap after
{Heap after GC invocations=1 (full 0):
 garbage-first heap   total 126976K, used 3115K [0x0000000085800000, 0x0000000100000000)
  region size 1024K, 3 young (3072K), 3 survivors (3072K)
 Metaspace       used 11608K, committed 11904K, reserved 1114112K
  class space    used 807K, committed 960K, reserved 1048576K
}
Event: 1.488 GC heap before
{Heap before GC invocations=1 (full 0):
 garbage-first heap   total 126976K, used 57387K [0x0000000085800000, 0x0000000100000000)
  region size 1024K, 37 young (37888K), 3 survivors (3072K)
 Metaspace       used 13844K, committed 14080K, reserved 1114112K
  class space    used 1039K, committed 1152K, reserved 1048576K
}
Event: 1.491 GC heap after
{Heap after GC invocations=2 (full 0):
 garbage-first heap   total 126976K, used 16073K [0x0000000085800000, 0x0000000100000000)
  region size 1024K, 3 young (3072K), 3 survivors (3072K)
 Metaspace       used 13844K, committed 14080K, reserved 1114112K
  class space    used 1039K, committed 1152K, reserved 1048576K
}
Event: 1.618 GC heap before
{Heap before GC invocations=2 (full 0):
 garbage-first heap   total 126976K, used 87753K [0x0000000085800000, 0x0000000100000000)
  region size 1024K, 73 young (74752K), 3 survivors (3072K)
 Metaspace       used 13920K, committed 14208K, reserved 1114112K
  class space    used 1040K, committed 1152K, reserved 1048576K
}
Event: 1.629 GC heap after
{Heap after GC invocations=3 (full 0):
 garbage-first heap   total 126976K, used 41414K [0x0000000085800000, 0x0000000100000000)
  region size 1024K, 10 young (10240K), 10 survivors (10240K)
 Metaspace       used 13920K, committed 14208K, reserved 1114112K
  class space    used 1040K, committed 1152K, reserved 1048576K
}
Event: 1.649 GC heap before
{Heap before GC invocations=3 (full 0):
 garbage-first heap   total 126976K, used 76230K [0x0000000085800000, 0x0000000100000000)
  region size 1024K, 44 young (45056K), 10 survivors (10240K)
 Metaspace       used 13920K, committed 14208K, reserved 1114112K
  class space    used 1040K, committed 1152K, reserved 1048576K
}
Event: 1.659 GC heap after
{Heap after GC invocations=4 (full 0):
 garbage-first heap   total 126976K, used 62807K [0x0000000085800000, 0x0000000100000000)
  region size 1024K, 6 young (6144K), 6 survivors (6144K)
 Metaspace       used 13920K, committed 14208K, reserved 1114112K
  class space    used 1040K, committed 1152K, reserved 1048576K
}
Event: 1.779 GC heap before
{Heap before GC invocations=4 (full 0):
 garbage-first heap   total 126976K, used 82263K [0x0000000085800000, 0x0000000100000000)
  region size 1024K, 27 young (27648K), 6 survivors (6144K)
 Metaspace       used 14119K, committed 14336K, reserved 1114112K
  class space    used 1051K, committed 1152K, reserved 1048576K
}
Event: 1.783 GC heap after
{Heap after GC invocations=5 (full 0):
 garbage-first heap   total 126976K, used 75264K [0x0000000085800000, 0x0000000100000000)
  region size 1024K, 4 young (4096K), 4 survivors (4096K)
 Metaspace       used 14119K, committed 14336K, reserved 1114112K
  class space    used 1051K, committed 1152K, reserved 1048576K
}
Event: 10.284 GC heap before
{Heap before GC invocations=6 (full 0):
 garbage-first heap   total 150528K, used 94720K [0x0000000085800000, 0x0000000100000000)
  region size 1024K, 20 young (20480K), 4 survivors (4096K)
 Metaspace       used 14713K, committed 14976K, reserved 1114112K
  class space    used 1052K, committed 1152K, reserved 1048576K
}
Event: 10.287 GC heap after
{Heap after GC invocations=7 (full 0):
 garbage-first heap   total 150528K, used 77089K [0x0000000085800000, 0x0000000100000000)
  region size 1024K, 3 young (3072K), 3 survivors (3072K)
 Metaspace       used 14713K, committed 14976K, reserved 1114112K
  class space    used 1052K, committed 1152K, reserved 1048576K
}

Dll operation events (16 events):
Event: 0.004 Loaded shared library C:\Program Files\Java\jdk-19\bin\java.dll
Event: 0.011 Loaded shared library C:\Program Files\Java\jdk-19\bin\jsvml.dll
Event: 0.043 Loaded shared library C:\Program Files\Java\jdk-19\bin\net.dll
Event: 0.045 Loaded shared library C:\Program Files\Java\jdk-19\bin\nio.dll
Event: 0.048 Loaded shared library C:\Program Files\Java\jdk-19\bin\zip.dll
Event: 0.078 Loaded shared library C:\Program Files\Java\jdk-19\bin\jimage.dll
Event: 0.082 Loaded shared library C:\Program Files\Java\jdk-19\bin\awt.dll
Event: 0.357 Loaded shared library C:\Users\dmytr\AppData\Local\Temp\jogamp_0000\file_cache\jln10861699002455643555\jln13395740455617951503\natives\windows-amd64\gluegen_rt.dll
Event: 0.365 Loaded shared library C:\Program Files\Java\jdk-19\bin\jawt.dll
Event: 0.380 Loaded shared library C:\Users\dmytr\AppData\Local\Temp\jogamp_0000\file_cache\jln10861699002455643555\jln13395740455617951503\natives\windows-amd64\nativewindow_awt.dll
Event: 0.405 Loaded shared library C:\Users\dmytr\AppData\Local\Temp\jogamp_0000\file_cache\jln10861699002455643555\jln13395740455617951503\natives\windows-amd64\nativewindow_win32.dll
Event: 0.416 Loaded shared library C:\Users\dmytr\AppData\Local\Temp\jogamp_0000\file_cache\jln10861699002455643555\jln13395740455617951503\natives\windows-amd64\newt_head.dll
Event: 0.601 Loaded shared library C:\Users\dmytr\AppData\Local\Temp\jogamp_0000\file_cache\jln10861699002455643555\jln13395740455617951503\natives\windows-amd64\jogl_desktop.dll
Event: 0.680 Loaded shared library C:\Users\dmytr\AppData\Local\Temp\jogamp_0000\file_cache\jln10861699002455643555\jln13395740455617951503\natives\windows-amd64\jogl_mobile.dll
Event: 1.321 Loaded shared library C:\Program Files\Java\jdk-19\bin\verify.dll
Event: 1.352 Loaded shared library C:\Program Files\Java\jdk-19\bin\jsound.dll

Deoptimization events (20 events):
Event: 3.371 Thread 0x00000263728faa90 DEOPT PACKING pc=0x000002635f198264 sp=0x000000c81d0fe7f0
Event: 3.371 Thread 0x00000263728faa90 DEOPT UNPACKING pc=0x000002635eb8a5a3 sp=0x000000c81d0fe7c0 mode 2
Event: 4.122 Thread 0x0000026374300980 DEOPT PACKING pc=0x000002635793d4ea sp=0x000000c81bfff160
Event: 4.122 Thread 0x0000026374300980 DEOPT UNPACKING pc=0x000002635eb8b0e3 sp=0x000000c81bffe610 mode 0
Event: 4.146 Thread 0x00000263728faa90 DEOPT PACKING pc=0x00000263579b3cd7 sp=0x000000c81d0fe8a0
Event: 4.146 Thread 0x00000263728faa90 DEOPT UNPACKING pc=0x000002635eb8b0e3 sp=0x000000c81d0fdd18 mode 0
Event: 6.696 Thread 0x00000263728faa90 DEOPT PACKING pc=0x00000263579f6efb sp=0x000000c81d0fe820
Event: 6.696 Thread 0x00000263728faa90 DEOPT UNPACKING pc=0x000002635eb8b0e3 sp=0x000000c81d0fdcf0 mode 0
Event: 6.729 Thread 0x00000263728faa90 DEOPT PACKING pc=0x00000263579f8fa5 sp=0x000000c81d0fe8a0
Event: 6.729 Thread 0x00000263728faa90 DEOPT UNPACKING pc=0x000002635eb8b0e3 sp=0x000000c81d0fdd50 mode 0
Event: 6.762 Thread 0x00000263728faa90 DEOPT PACKING pc=0x00000263579fa3a3 sp=0x000000c81d0fe9c0
Event: 6.762 Thread 0x00000263728faa90 DEOPT UNPACKING pc=0x000002635eb8b0e3 sp=0x000000c81d0fde78 mode 0
Event: 6.962 Thread 0x00000263728faa90 DEOPT PACKING pc=0x00000263579f878d sp=0x000000c81d0fe9a0
Event: 6.962 Thread 0x00000263728faa90 DEOPT UNPACKING pc=0x000002635eb8b0e3 sp=0x000000c81d0fde58 mode 0
Event: 8.346 Thread 0x00000263728faa90 DEOPT PACKING pc=0x00000263579f7a93 sp=0x000000c81d0fe830
Event: 8.346 Thread 0x00000263728faa90 DEOPT UNPACKING pc=0x000002635eb8b0e3 sp=0x000000c81d0fdcf0 mode 0
Event: 12.402 Thread 0x00000263728fd510 Uncommon trap: trap_request=0xffffff45 fr.pc=0x000002635f1f6200 relative=0x0000000000000060
Event: 12.402 Thread 0x00000263728fd510 Uncommon trap: reason=unstable_if action=reinterpret pc=0x000002635f1f6200 method=java.util.HashMap.values()Ljava/util/Collection; @ 6 c2
Event: 12.402 Thread 0x00000263728fd510 DEOPT PACKING pc=0x000002635f1f6200 sp=0x000000c81c3fef90
Event: 12.402 Thread 0x00000263728fd510 DEOPT UNPACKING pc=0x000002635eb8a5a3 sp=0x000000c81c3fef28 mode 2

Classes loaded (20 events):
Event: 1.423 Loading class java/net/URL$2
Event: 1.423 Loading class java/net/URL$2 done
Event: 1.423 Loading class java/net/URL$1
Event: 1.423 Loading class java/net/URL$1 done
Event: 1.423 Loading class java/net/spi/URLStreamHandlerProvider
Event: 1.423 Loading class java/net/spi/URLStreamHandlerProvider done
Event: 1.693 Loading class java/util/regex/Pattern$LookBehindEndNode
Event: 1.693 Loading class java/util/regex/Pattern$LookBehindEndNode done
Event: 1.693 Loading class java/util/regex/Pattern$NotBehind
Event: 1.693 Loading class java/util/regex/Pattern$NotBehind done
Event: 1.693 Loading class java/util/regex/Pattern$Neg
Event: 1.693 Loading class java/util/regex/Pattern$Neg done
Event: 1.693 Loading class java/util/regex/Pattern$Pos
Event: 1.693 Loading class java/util/regex/Pattern$Pos done
Event: 1.704 Loading class java/util/regex/Pattern$SliceS
Event: 1.704 Loading class java/util/regex/Pattern$SliceS done
Event: 3.367 Loading class java/util/NoSuchElementException
Event: 3.367 Loading class java/util/NoSuchElementException done
Event: 12.382 Loading class java/nio/channels/ClosedChannelException
Event: 12.382 Loading class java/nio/channels/ClosedChannelException done

Classes unloaded (0 events):
No events

Classes redefined (0 events):
No events

Internal exceptions (20 events):
Event: 0.222 Thread 0x000002634deb7510 Exception <a 'java/lang/NoSuchMethodError'{0x000000008cb28f38}: 'java.lang.Object java.lang.invoke.DirectMethodHandle$Holder.invokeStaticInit(java.lang.Object, int, int, int, int)'> (0x000000008cb28f38) 
thrown [s\open\src\hotspot\share\interpreter\linkResolver.cpp, line 774]
Event: 0.255 Thread 0x000002634deb7510 Exception <a 'java/lang/NoSuchMethodError'{0x000000008cbf7aa0}: 'java.lang.Object java.lang.invoke.DirectMethodHandle$Holder.invokeStaticInit(java.lang.Object, java.lang.Object, int, int, int, int)'> (0x000000008cbf7aa0) 
thrown [s\open\src\hotspot\share\interpreter\linkResolver.cpp, line 774]
Event: 0.259 Thread 0x000002634deb7510 Exception <a 'java/lang/NoSuchMethodError'{0x000000008ca017c8}: 'int java.lang.invoke.DirectMethodHandle$Holder.invokeSpecial(java.lang.Object, java.lang.Object, java.lang.Object)'> (0x000000008ca017c8) 
thrown [s\open\src\hotspot\share\interpreter\linkResolver.cpp, line 774]
Event: 0.274 Thread 0x000002634deb7510 Exception <a 'java/lang/NoSuchMethodError'{0x000000008ca11a58}: 'void java.lang.invoke.DirectMethodHandle$Holder.invokeStatic(java.lang.Object, long)'> (0x000000008ca11a58) 
thrown [s\open\src\hotspot\share\interpreter\linkResolver.cpp, line 774]
Event: 0.275 Thread 0x000002634deb7510 Exception <a 'java/lang/NoSuchMethodError'{0x000000008ca17048}: 'java.lang.Object java.lang.invoke.DirectMethodHandle$Holder.newInvokeSpecial(java.lang.Object, long)'> (0x000000008ca17048) 
thrown [s\open\src\hotspot\share\interpreter\linkResolver.cpp, line 774]
Event: 0.276 Thread 0x000002634deb7510 Exception <a 'java/lang/NoSuchMethodError'{0x000000008ca1e260}: 'java.lang.Object java.lang.invoke.DirectMethodHandle$Holder.invokeStatic(java.lang.Object, long, java.lang.Object)'> (0x000000008ca1e260) 
thrown [s\open\src\hotspot\share\interpreter\linkResolver.cpp, line 774]
Event: 0.276 Thread 0x000002634deb7510 Exception <a 'java/lang/NoSuchMethodError'{0x000000008ca21c90}: 'java.lang.Object java.lang.invoke.DirectMethodHandle$Holder.invokeStaticInit(java.lang.Object, long, java.lang.Object)'> (0x000000008ca21c90) 
thrown [s\open\src\hotspot\share\interpreter\linkResolver.cpp, line 774]
Event: 0.358 Thread 0x000002634deb7510 Exception <a 'java/lang/NoSuchMethodError'{0x000000008ca60090}: 'int java.lang.invoke.DirectMethodHandle$Holder.invokeStatic(java.lang.Object)'> (0x000000008ca60090) 
thrown [s\open\src\hotspot\share\interpreter\linkResolver.cpp, line 774]
Event: 0.359 Thread 0x000002634deb7510 Exception <a 'java/lang/NoSuchMethodError'{0x000000008ca63dc0}: 'int java.lang.invoke.DelegatingMethodHandle$Holder.reinvoke_L(java.lang.Object)'> (0x000000008ca63dc0) 
thrown [s\open\src\hotspot\share\interpreter\linkResolver.cpp, line 774]
Event: 0.389 Thread 0x000002634deb7510 Exception <a 'java/lang/NoSuchMethodError'{0x000000008c991148}: 'java.lang.Object java.lang.invoke.DirectMethodHandle$Holder.invokeInterface(java.lang.Object, java.lang.Object)'> (0x000000008c991148) 
thrown [s\open\src\hotspot\share\interpreter\linkResolver.cpp, line 774]
Event: 0.389 Thread 0x000002634deb7510 Exception <a 'java/lang/IncompatibleClassChangeError'{0x000000008c9949e8}: Found class java.lang.Object, but interface was expected> (0x000000008c9949e8) 
thrown [s\open\src\hotspot\share\interpreter\linkResolver.cpp, line 841]
Event: 0.603 Thread 0x000002634deb7510 Exception <a 'java/lang/NoSuchMethodError'{0x000000008c2e14f8}: 'long java.lang.invoke.DelegatingMethodHandle$Holder.reinvoke_L(java.lang.Object, java.lang.Object)'> (0x000000008c2e14f8) 
thrown [s\open\src\hotspot\share\interpreter\linkResolver.cpp, line 774]
Event: 0.603 Thread 0x000002634deb7510 Exception <a 'java/lang/NoSuchMethodError'{0x000000008c2ebaa8}: 'void java.lang.invoke.DelegatingMethodHandle$Holder.reinvoke_L(java.lang.Object, java.lang.Object, long)'> (0x000000008c2ebaa8) 
thrown [s\open\src\hotspot\share\interpreter\linkResolver.cpp, line 774]
Event: 0.976 Thread 0x00000263728fd510 Implicit null exception at 0x000002635f11a583 to 0x000002635f11a778
Event: 0.976 Thread 0x00000263728fd510 Exception <a 'java/lang/NoSuchMethodError'{0x000000008cc4a090}: 'void java.lang.invoke.DirectMethodHandle$Holder.invokeSpecial(java.lang.Object, java.lang.Object, java.lang.Object)'> (0x000000008cc4a090) 
thrown [s\open\src\hotspot\share\interpreter\linkResolver.cpp, line 774]
Event: 0.982 Thread 0x00000263728fd510 Exception <a 'java/lang/NoSuchMethodError'{0x000000008cc60f88}: 'long java.lang.invoke.Invokers$Holder.invokeExact_MT(java.lang.Object, java.lang.Object, java.lang.Object)'> (0x000000008cc60f88) 
thrown [s\open\src\hotspot\share\interpreter\linkResolver.cpp, line 774]
Event: 1.312 Thread 0x00000263728faa90 Exception <a 'java/lang/NoSuchMethodError'{0x000000008c306370}: 'java.lang.Object java.lang.invoke.DirectMethodHandle$Holder.invokeVirtual(java.lang.Object, java.lang.Object, java.lang.Object)'> (0x000000008c306370) 
thrown [s\open\src\hotspot\share\interpreter\linkResolver.cpp, line 774]
Event: 1.404 Thread 0x00000263728faa90 Implicit null exception at 0x000002635f1222cf to 0x000002635f122354
Event: 1.424 Thread 0x00000263728faa90 Exception <a 'java/lang/ClassNotFoundException'{0x000000008c073e58}: sun/net/www/protocol/c/Handler> (0x000000008c073e58) 
thrown [s\open\src\hotspot\share\classfile\systemDictionary.cpp, line 255]
Event: 12.381 Thread 0x00000263728fa540 Exception <a 'java/lang/InterruptedException'{0x000000008e82cf00}> (0x000000008e82cf00) 
thrown [s\open\src\hotspot\share\runtime\objectMonitor.cpp, line 1648]

VM Operations (20 events):
Event: 1.827 Executing VM operation: G1PauseCleanup done
Event: 2.828 Executing VM operation: Cleanup
Event: 2.828 Executing VM operation: Cleanup done
Event: 4.828 Executing VM operation: Cleanup
Event: 4.828 Executing VM operation: Cleanup done
Event: 5.198 Executing VM operation: HandshakeAllThreads
Event: 5.198 Executing VM operation: HandshakeAllThreads done
Event: 6.199 Executing VM operation: Cleanup
Event: 6.199 Executing VM operation: Cleanup done
Event: 7.199 Executing VM operation: Cleanup
Event: 7.200 Executing VM operation: Cleanup done
Event: 8.200 Executing VM operation: Cleanup
Event: 8.200 Executing VM operation: Cleanup done
Event: 9.201 Executing VM operation: Cleanup
Event: 9.201 Executing VM operation: Cleanup done
Event: 10.284 Executing VM operation: G1CollectForAllocation
Event: 10.287 Executing VM operation: G1CollectForAllocation done
Event: 12.288 Executing VM operation: Cleanup
Event: 12.288 Executing VM operation: Cleanup done
Event: 12.483 Executing VM operation: Exit

Events (20 events):
Event: 1.410 Thread 0x00000263728fba80 Thread exited: 0x00000263728fba80
Event: 1.410 Thread 0x00000263728fc520 Thread exited: 0x00000263728fc520
Event: 1.416 Thread 0x0000026374300980 Thread added: 0x0000026374300980
Event: 1.440 Thread 0x0000026372ead250 Thread added: 0x0000026372ead250
Event: 1.455 Thread 0x0000026301233070 Thread added: 0x0000026301233070
Event: 2.023 Thread 0x0000026301233070 Thread exited: 0x0000026301233070
Event: 2.323 Thread 0x0000026372ead250 Thread exited: 0x0000026372ead250
Event: 4.397 Thread 0x0000026301a52710 Thread added: 0x0000026301a52710
Event: 4.513 Thread 0x0000026301a52710 Thread exited: 0x0000026301a52710
Event: 12.381 Thread 0x00000263728fa540 Thread exited: 0x00000263728fa540
Event: 12.381 Thread 0x0000026374303400 Thread added: 0x0000026374303400
Event: 12.381 Thread 0x0000026374306920 Thread added: 0x0000026374306920
Event: 12.381 Thread 0x0000026374303950 Thread added: 0x0000026374303950
Event: 12.382 Thread 0x0000026374303ea0 Thread added: 0x0000026374303ea0
Event: 12.382 Thread 0x00000263728fcfc0 Thread exited: 0x00000263728fcfc0
Event: 12.382 Thread 0x0000026374303950 Thread exited: 0x0000026374303950
Event: 12.385 Thread 0x00000263728fafe0 Thread exited: 0x00000263728fafe0
Event: 12.406 Thread 0x00000263728fd510 Thread exited: 0x00000263728fd510
Event: 12.408 Thread 0x0000026374303400 Thread exited: 0x0000026374303400
Event: 12.482 Thread 0x0000026374306920 Thread exited: 0x0000026374306920


Dynamic libraries:
0x00007ff7679b0000 - 0x00007ff7679c0000 	C:\Program Files\Java\jdk-19\bin\java.exe
0x00007ffbf89d0000 - 0x00007ffbf8bc8000 	C:\windows\SYSTEM32\ntdll.dll
0x00007ffbf8190000 - 0x00007ffbf824f000 	C:\windows\System32\KERNEL32.DLL
0x00007ffbf62e0000 - 0x00007ffbf65b2000 	C:\windows\System32\KERNELBASE.dll
0x00007ffbf61e0000 - 0x00007ffbf62e0000 	C:\windows\System32\ucrtbase.dll
0x00007ffbef530000 - 0x00007ffbef548000 	C:\Program Files\Java\jdk-19\bin\jli.dll
0x00007ffbf75e0000 - 0x00007ffbf768e000 	C:\windows\System32\ADVAPI32.dll
0x00007ffbeed20000 - 0x00007ffbeed3b000 	C:\Program Files\Java\jdk-19\bin\VCRUNTIME140.dll
0x00007ffbf6c50000 - 0x00007ffbf6cee000 	C:\windows\System32\msvcrt.dll
0x00007ffbf6d00000 - 0x00007ffbf6d9c000 	C:\windows\System32\sechost.dll
0x00007ffbf8060000 - 0x00007ffbf8184000 	C:\windows\System32\RPCRT4.dll
0x00007ffbf7760000 - 0x00007ffbf7901000 	C:\windows\System32\USER32.dll
0x00007ffbf6910000 - 0x00007ffbf6932000 	C:\windows\System32\win32u.dll
0x00007ffbda060000 - 0x00007ffbda2fa000 	C:\windows\WinSxS\amd64_microsoft.windows.common-controls_6595b64144ccf1df_6.0.19041.1110_none_60b5254171f9507e\COMCTL32.dll
0x00007ffbf85b0000 - 0x00007ffbf85db000 	C:\windows\System32\GDI32.dll
0x00007ffbf60d0000 - 0x00007ffbf61df000 	C:\windows\System32\gdi32full.dll
0x00007ffbf6680000 - 0x00007ffbf671d000 	C:\windows\System32\msvcp_win.dll
0x00007ffbe85b0000 - 0x00007ffbe85ba000 	C:\windows\SYSTEM32\VERSION.dll
0x00007ffbf8690000 - 0x00007ffbf86c0000 	C:\windows\System32\IMM32.DLL
0x00007ffbf19b0000 - 0x00007ffbf19bc000 	C:\Program Files\Java\jdk-19\bin\vcruntime140_1.dll
0x00007ffbeae80000 - 0x00007ffbeaf0e000 	C:\Program Files\Java\jdk-19\bin\msvcp140.dll
0x00007ffbad770000 - 0x00007ffbae430000 	C:\Program Files\Java\jdk-19\bin\server\jvm.dll
0x00007ffbba330000 - 0x00007ffbba339000 	C:\windows\SYSTEM32\WSOCK32.dll
0x00007ffbd19a0000 - 0x00007ffbd19c7000 	C:\windows\SYSTEM32\WINMM.dll
0x00007ffbf6be0000 - 0x00007ffbf6c4b000 	C:\windows\System32\WS2_32.dll
0x00007ffbf4920000 - 0x00007ffbf4932000 	C:\windows\SYSTEM32\kernel.appcore.dll
0x00007ffbeeeb0000 - 0x00007ffbeeeba000 	C:\Program Files\Java\jdk-19\bin\jimage.dll
0x00007ffbf3cb0000 - 0x00007ffbf3e94000 	C:\windows\SYSTEM32\DBGHELP.DLL
0x00007ffbd4c40000 - 0x00007ffbd4c75000 	C:\windows\SYSTEM32\dbgcore.DLL
0x00007ffbf6720000 - 0x00007ffbf67a2000 	C:\windows\System32\bcryptPrimitives.dll
0x00007ffbeae50000 - 0x00007ffbeae76000 	C:\Program Files\Java\jdk-19\bin\java.dll
0x00007ffbddd00000 - 0x00007ffbdddd7000 	C:\Program Files\Java\jdk-19\bin\jsvml.dll
0x00007ffbf6e90000 - 0x00007ffbf75d5000 	C:\windows\System32\SHELL32.dll
0x00007ffbf4170000 - 0x00007ffbf4902000 	C:\windows\SYSTEM32\windows.storage.dll
0x00007ffbf8250000 - 0x00007ffbf85a5000 	C:\windows\System32\combase.dll
0x00007ffbf5b30000 - 0x00007ffbf5b60000 	C:\windows\SYSTEM32\Wldp.dll
0x00007ffbf87f0000 - 0x00007ffbf889d000 	C:\windows\System32\SHCORE.dll
0x00007ffbf6da0000 - 0x00007ffbf6df5000 	C:\windows\System32\shlwapi.dll
0x00007ffbf6010000 - 0x00007ffbf602f000 	C:\windows\SYSTEM32\profapi.dll
0x00007ffbeeca0000 - 0x00007ffbeecb3000 	C:\Program Files\Java\jdk-19\bin\net.dll
0x00007ffbf05c0000 - 0x00007ffbf06ca000 	C:\windows\SYSTEM32\WINHTTP.dll
0x00007ffbf5890000 - 0x00007ffbf58fa000 	C:\windows\system32\mswsock.dll
0x00007ffbee060000 - 0x00007ffbee076000 	C:\Program Files\Java\jdk-19\bin\nio.dll
0x00007ffbeae30000 - 0x00007ffbeae48000 	C:\Program Files\Java\jdk-19\bin\zip.dll
0x00007ffbda610000 - 0x00007ffbda7a1000 	C:\Program Files\Java\jdk-19\bin\awt.dll
0x00007ffbf88c0000 - 0x00007ffbf898d000 	C:\windows\System32\OLEAUT32.dll
0x00007ffbf3500000 - 0x00007ffbf3590000 	C:\windows\SYSTEM32\apphelp.dll
0x00007ffbf3690000 - 0x00007ffbf372e000 	C:\windows\system32\uxtheme.dll
0x00007ffbf7910000 - 0x00007ffbf7a24000 	C:\windows\System32\MSCTF.dll
0x00007ffbf86c0000 - 0x00007ffbf87ea000 	C:\windows\System32\ole32.dll
0x00007ffbf3a90000 - 0x00007ffbf3abf000 	C:\windows\system32\DWMAPI.DLL
0x00007ffbdcf20000 - 0x00007ffbdd045000 	C:\windows\system32\opengl32.dll
0x00007ffbed800000 - 0x00007ffbed82c000 	C:\windows\SYSTEM32\GLU32.dll
0x00007ffbf5a80000 - 0x00007ffbf5a98000 	C:\windows\SYSTEM32\CRYPTSP.dll
0x00007ffbf5140000 - 0x00007ffbf5174000 	C:\windows\system32\rsaenh.dll
0x00007ffbf69f0000 - 0x00007ffbf6a17000 	C:\windows\System32\bcrypt.dll
0x00007ffbf5f90000 - 0x00007ffbf5fbe000 	C:\windows\SYSTEM32\USERENV.dll
0x00007ffbf5aa0000 - 0x00007ffbf5aac000 	C:\windows\SYSTEM32\CRYPTBASE.dll
0x00007ffbf5530000 - 0x00007ffbf556b000 	C:\windows\SYSTEM32\IPHLPAPI.DLL
0x00007ffbf7690000 - 0x00007ffbf7698000 	C:\windows\System32\NSI.dll
0x00007ffbe9da0000 - 0x00007ffbe9db7000 	C:\windows\SYSTEM32\dhcpcsvc6.DLL
0x00007ffbe9e60000 - 0x00007ffbe9e7d000 	C:\windows\SYSTEM32\dhcpcsvc.DLL
0x00007ffbf5570000 - 0x00007ffbf563b000 	C:\windows\SYSTEM32\DNSAPI.dll
0x000000006e8c0000 - 0x000000006e8cd000 	C:\Users\dmytr\AppData\Local\Temp\jogamp_0000\file_cache\jln10861699002455643555\jln13395740455617951503\natives\windows-amd64\gluegen_rt.dll
0x00007ffbeee90000 - 0x00007ffbeee97000 	C:\Program Files\Java\jdk-19\bin\jawt.dll
0x000000006a440000 - 0x000000006a44d000 	C:\Users\dmytr\AppData\Local\Temp\jogamp_0000\file_cache\jln10861699002455643555\jln13395740455617951503\natives\windows-amd64\nativewindow_awt.dll
0x000000006c100000 - 0x000000006c110000 	C:\Users\dmytr\AppData\Local\Temp\jogamp_0000\file_cache\jln10861699002455643555\jln13395740455617951503\natives\windows-amd64\nativewindow_win32.dll
0x0000000070d80000 - 0x0000000070d93000 	C:\Users\dmytr\AppData\Local\Temp\jogamp_0000\file_cache\jln10861699002455643555\jln13395740455617951503\natives\windows-amd64\newt_head.dll
0x00007ffbefbd0000 - 0x00007ffbefc7e000 	C:\windows\SYSTEM32\mscms.dll
0x00007ffbefbb0000 - 0x00007ffbefbc1000 	C:\windows\SYSTEM32\ColorAdapterClient.dll
0x00007ffbeade0000 - 0x00007ffbeae23000 	C:\windows\SYSTEM32\icm32.dll
0x00007ffbf7a40000 - 0x00007ffbf7ea8000 	C:\windows\System32\setupapi.dll
0x00007ffbf6630000 - 0x00007ffbf667e000 	C:\windows\System32\cfgmgr32.dll
0x00007ffbf5e80000 - 0x00007ffbf5eac000 	C:\windows\SYSTEM32\DEVOBJ.dll
0x00007ffbf65c0000 - 0x00007ffbf6629000 	C:\windows\System32\WINTRUST.dll
0x00007ffbf67b0000 - 0x00007ffbf6906000 	C:\windows\System32\CRYPT32.dll
0x00007ffbf5cc0000 - 0x00007ffbf5cd2000 	C:\windows\SYSTEM32\MSASN1.dll
0x0000000064500000 - 0x0000000064585000 	C:\Users\dmytr\AppData\Local\Temp\jogamp_0000\file_cache\jln10861699002455643555\jln13395740455617951503\natives\windows-amd64\jogl_desktop.dll
0x0000000064340000 - 0x0000000064391000 	C:\Users\dmytr\AppData\Local\Temp\jogamp_0000\file_cache\jln10861699002455643555\jln13395740455617951503\natives\windows-amd64\jogl_mobile.dll
0x00007ffbf85e0000 - 0x00007ffbf8689000 	C:\windows\System32\clbcatq.dll
0x00007ffbea780000 - 0x00007ffbea879000 	C:\Windows\System32\AppXDeploymentClient.dll
0x00007ffbac7e0000 - 0x00007ffbad76d000 	C:\windows\System32\DriverStore\FileRepository\iigd_dch.inf_amd64_04c961ba9d7827af\igxelpicd64.dll
0x00007ffbf4990000 - 0x00007ffbf4a83000 	C:\windows\system32\dxgi.dll
0x00007ffbb3d20000 - 0x00007ffbb415c000 	C:\windows\System32\DriverStore\FileRepository\iigd_dch.inf_amd64_04c961ba9d7827af\igdml64.dll
0x00007ffbe7660000 - 0x00007ffbe7996000 	C:\windows\System32\DriverStore\FileRepository\iigd_dch.inf_amd64_04c961ba9d7827af\igdgmm64.dll
0x00007ffbe1f00000 - 0x00007ffbe4c8f000 	C:\windows\System32\DriverStore\FileRepository\iigd_dch.inf_amd64_04c961ba9d7827af\igc64.dll
0x00007ffbf5650000 - 0x00007ffbf569b000 	C:\windows\SYSTEM32\powrprof.dll
0x00007ffbf5510000 - 0x00007ffbf5522000 	C:\windows\SYSTEM32\UMPDC.dll
0x00007ffbdd680000 - 0x00007ffbdd779000 	C:\windows\SYSTEM32\textinputframework.dll
0x00007ffbf2bf0000 - 0x00007ffbf2f4e000 	C:\windows\System32\CoreUIComponents.dll
0x00007ffbf32d0000 - 0x00007ffbf33c2000 	C:\windows\System32\CoreMessaging.dll
0x00007ffbf5280000 - 0x00007ffbf52b3000 	C:\windows\SYSTEM32\ntmarta.dll
0x00007ffbf1b30000 - 0x00007ffbf1c84000 	C:\windows\SYSTEM32\wintypes.dll
0x00007ffbeed10000 - 0x00007ffbeed20000 	C:\Program Files\Java\jdk-19\bin\verify.dll
0x00007ffbeadc0000 - 0x00007ffbeadd2000 	C:\Program Files\Java\jdk-19\bin\jsound.dll
0x00007ffbdcd70000 - 0x00007ffbdce0c000 	C:\windows\SYSTEM32\DSOUND.dll
0x00007ffbd7470000 - 0x00007ffbd7496000 	C:\windows\SYSTEM32\winmmbase.dll
0x00007ffbedac0000 - 0x00007ffbedb45000 	C:\windows\System32\MMDevApi.dll
0x00007ffbde270000 - 0x00007ffbde2b6000 	C:\windows\SYSTEM32\wdmaud.drv
0x00007ffbef8f0000 - 0x00007ffbef8f9000 	C:\windows\SYSTEM32\ksuser.dll
0x00007ffbf0c80000 - 0x00007ffbf0c8a000 	C:\windows\SYSTEM32\AVRT.dll
0x00007ffbedb50000 - 0x00007ffbedcd2000 	C:\windows\SYSTEM32\AUDIOSES.DLL
0x00007ffbeadb0000 - 0x00007ffbeadbd000 	C:\windows\SYSTEM32\msacm32.drv
0x00007ffbe9e40000 - 0x00007ffbe9e5e000 	C:\windows\SYSTEM32\MSACM32.dll
0x00007ffbeada0000 - 0x00007ffbeadab000 	C:\windows\SYSTEM32\midimap.dll
0x00007ffbdd780000 - 0x00007ffbdd8c1000 	C:\Windows\System32\Windows.UI.dll
0x00007ffbf0510000 - 0x00007ffbf05b1000 	C:\Windows\System32\WindowManagementAPI.dll
0x00007ffbdd520000 - 0x00007ffbdd672000 	C:\Windows\System32\InputHost.dll
0x00007ffbeff70000 - 0x00007ffbf0170000 	C:\windows\SYSTEM32\twinapi.appcore.dll
0x00007ffbf1860000 - 0x00007ffbf1956000 	C:\Windows\System32\PROPSYS.dll
0x00007ffbf37b0000 - 0x00007ffbf37c4000 	C:\windows\SYSTEM32\resourcepolicyclient.dll

dbghelp: loaded successfully - version: 4.0.5 - missing functions: none
symbol engine: initialized successfully - sym options: 0x614 - pdb path: .;C:\Program Files\Java\jdk-19\bin;C:\windows\SYSTEM32;C:\windows\WinSxS\amd64_microsoft.windows.common-controls_6595b64144ccf1df_6.0.19041.1110_none_60b5254171f9507e;C:\Program Files\Java\jdk-19\bin\server;C:\Users\dmytr\AppData\Local\Temp\jogamp_0000\file_cache\jln10861699002455643555\jln13395740455617951503\natives\windows-amd64;C:\windows\System32\DriverStore\FileRepository\iigd_dch.inf_amd64_04c961ba9d7827af

VM Arguments:
java_command: ie.tudublin.Main
java_class_path (initial): ./bin;./lib/minim.jar;./lib/core.jar;./lib/jsminim.jar;./lib/mp3spi1.9.5.jar;./lib/tritonus_share.jar;./lib/tritonus_aos.jar;./lib/jl1.0.1.jar;./lib/sqlite-jdbc-3.23.1.jar;lib/jogl-all.jar;lib/gluegen-rt.jar;lib/gluegen-rt-natives-windows-amd64.jar;lib/gluegen-rt-natives-windows-i586.jar;lib/jogl-all-natives-windows-amd64.jar;lib/jogl-all-natives-windows-i586.jarlib/jogl-all.jar;lib/gluegen-rt.jar;lib/gluegen-rt-natives-windows-amd64.jar;lib/gluegen-rt-natives-windows-i586.jar;lib/jogl-all-natives-windows-amd64.jar;lib/jogl-all-natives-windows-i586.jar
Launcher Type: SUN_STANDARD

[Global flags]
     intx CICompilerCount                          = 4                                         {product} {ergonomic}
     uint ConcGCThreads                            = 2                                         {product} {ergonomic}
     uint G1ConcRefinementThreads                  = 8                                         {product} {ergonomic}
   size_t G1HeapRegionSize                         = 1048576                                   {product} {ergonomic}
    uintx GCDrainStackTargetSize                   = 64                                        {product} {ergonomic}
   size_t InitialHeapSize                          = 130023424                                 {product} {ergonomic}
   size_t MarkStackSize                            = 4194304                                   {product} {ergonomic}
   size_t MaxHeapSize                              = 2055208960                                {product} {ergonomic}
   size_t MaxNewSize                               = 1233125376                                {product} {ergonomic}
   size_t MinHeapDeltaBytes                        = 1048576                                   {product} {ergonomic}
   size_t MinHeapSize                              = 8388608                                   {product} {ergonomic}
    uintx NonNMethodCodeHeapSize                   = 5839372                                {pd product} {ergonomic}
    uintx NonProfiledCodeHeapSize                  = 122909434                              {pd product} {ergonomic}
    uintx ProfiledCodeHeapSize                     = 122909434                              {pd product} {ergonomic}
    uintx ReservedCodeCacheSize                    = 251658240                              {pd product} {ergonomic}
     bool SegmentedCodeCache                       = true                                      {product} {ergonomic}
   size_t SoftMaxHeapSize                          = 2055208960                             {manageable} {ergonomic}
     bool UseCompressedClassPointers               = true                           {product lp64_product} {ergonomic}
     bool UseCompressedOops                        = true                           {product lp64_product} {ergonomic}
     bool UseG1GC                                  = true                                      {product} {ergonomic}
     bool UseLargePagesIndividualAllocation        = false                                  {pd product} {ergonomic}

Logging:
Log output configuration:
 #0: stdout all=off uptime,level,tags foldmultilines=false
 #1: stderr all=off uptime,level,tags foldmultilines=false

Environment Variables:
PATH=C:\Users\dmytr\bin;C:\Program Files\Git\mingw64\bin;C:\Program Files\Git\usr\local\bin;C:\Program Files\Git\usr\bin;C:\Program Files\Git\usr\bin;C:\Program Files\Git\mingw64\bin;C:\Program Files\Git\usr\bin;C:\Users\dmytr\bin;C:\Program Files\Common Files\Oracle\Java\javapath;C:\Python310\Scripts;C:\Python310;C:\windows\system32;C:\windows;C:\windows\System32\Wbem;C:\windows\System32\WindowsPowerShell\v1.0;C:\windows\System32\OpenSSH;C:\ProgramData\chocolatey\bin;C:\Program Files\nodejs;C:\Program Files\GitHub CLI;C:\Program Files\PuTTY;C:\Program Files (x86)\Windows Kits\10\Windows Performance Toolkit;C:\msys64\mingw64\bin;C:\Program Files\dotnet;C:\Program Files\Git\cmd;C:\Users\dmytr\AppData\Local\Microsoft\WindowsApps;C:\Users\dmytr\AppData\Local\Programs\Microsoft VS Code\bin;C:\Users\dmytr\AppData\Roaming\npm;C:\Users\dmytr\AppData\Local\GitHubDesktop\bin;C:\Users\dmytr\Documents\Programming\Pycharm\PyCharm Community Edition 2022.3.1\bin;C:\Program Files\Git\usr\bin\vendor_perl;C:\Program Files\Git\usr\bin\core_perl
USERNAME=dmytr
SHELL=C:\Program Files\Git\usr\bin\bash.exe
DISPLAY=needs-to-be-defined
LANG=en_US.UTF-8
TERM=xterm
TMPDIR=C:\Users\dmytr\AppData\Local\Temp
OS=Windows_NT
PROCESSOR_IDENTIFIER=Intel64 Family 6 Model 140 Stepping 1, GenuineIntel
TMP=C:\Users\dmytr\AppData\Local\Temp
TEMP=C:\Users\dmytr\AppData\Local\Temp



---------------  S Y S T E M  ---------------

OS:
 Windows 10 , 64 bit Build 19041 (10.0.19041.2546)
OS uptime: 3 days 5:53 hours

CPU: total 8 (initial active 8) (4 cores per cpu, 2 threads per core) family 6 model 140 stepping 1 microcode 0x8a, cx8, cmov, fxsr, ht, mmx, 3dnowpref, sse, sse2, sse3, ssse3, sse4.1, sse4.2, popcnt, lzcnt, tsc, tscinvbit, avx, avx2, aes, erms, clmul, bmi1, bmi2, adx, avx512f, avx512dq, avx512cd, avx512bw, avx512vl, sha, fma, vzeroupper, avx512_vpopcntdq, avx512_vpclmulqdq, avx512_vaes, avx512_vnni, clflush, clflushopt, clwb, avx512_vbmi2, avx512_vbmi, rdtscp, rdpid, fsrm, gfni, avx512_bitalg

Memory: 4k page, system-wide physical 7834M (2314M free)
TotalPageFile size 11418M (AvailPageFile size 4083M)
current process WorkingSet (physical memory assigned to process): 536M, peak: 606M
current process commit charge ("private bytes"): 461M, peak: 539M

vm_info: Java HotSpot(TM) 64-Bit Server VM (19.0.2+7-44) for windows-amd64 JRE (19.0.2+7-44), built on 2022-11-30T18:02:09Z by "mach5one" with MS VC++ 17.1 (VS2022)

END.
