#
# A fatal error has been detected by the Java Runtime Environment:
#
#  EXCEPTION_ACCESS_VIOLATION (0xc0000005) at pc=0x00007ffba965b8f7, pid=6224, tid=16400
#
# JRE version: Java(TM) SE Runtime Environment (19.0.2+7) (build 19.0.2+7-44)
# Java VM: Java HotSpot(TM) 64-Bit Server VM (19.0.2+7-44, mixed mode, sharing, tiered, compressed oops, compressed class ptrs, g1 gc, windows-amd64)
# Problematic frame:
# C  [igxelpicd64.dll+0x28b8f7]
#
# No core dump will be written. Minidumps are not enabled by default on client versions of Windows
#
# If you would like to submit a bug report, please visit:
#   https://bugreport.java.com/bugreport/crash.jsp
#

---------------  S U M M A R Y ------------

Command Line: ie.tudublin.Main

Host: 11th Gen Intel(R) Core(TM) i5-1135G7 @ 2.40GHz, 8 cores, 7G,  Windows 10 , 64 bit Build 19041 (10.0.19041.2546)
Time: Mon Mar 20 14:45:17 2023 GMT Standard Time elapsed time: 57.130566 seconds (0d 0h 0m 57s)

---------------  T H R E A D  ---------------

Current thread (0x00000170a4eeef00):  VMThread "VM Thread" [stack: 0x0000004d85500000,0x0000004d85600000] [id=16400]

Stack: [0x0000004d85500000,0x0000004d85600000],  sp=0x0000004d855fe620,  free space=1017k
Native frames: (J=compiled Java code, j=interpreted, Vv=VM code, C=native code)
C  [igxelpicd64.dll+0x28b8f7]


siginfo: EXCEPTION_ACCESS_VIOLATION (0xc0000005), reading address 0x0000000000035448


Registers:
RAX=0x00000170b7500570, RBX=0x00000170a92425a0, RCX=0x0000000000000002, RDX=0x00000170b75004f0
RSP=0x0000004d855fe620, RBP=0x00000170aaf37540, RSI=0x0000000000000000, RDI=0x00000170b7500400
R8 =0x0000000000000000, R9 =0x0000000000000000, R10=0x0000000000000000, R11=0x0000000000000246
R12=0x00000170b7500938, R13=0x0000000000000000, R14=0x00000000003abd00, R15=0x0000000000000016
RIP=0x00007ffba965b8f7, EFLAGS=0x0000000000010202


Register to memory mapping:

RIP=0x00007ffba965b8f7 igxelpicd64.dll
RAX=0x00000170b7500570 points into unknown readable memory: 0x00000000003ab4c0 | c0 b4 3a 00 00 00 00 00
RBX=0x00000170a92425a0 points into unknown readable memory: 0x34000000bebafe00 | 00 fe ba be 00 00 00 34
RCX=0x0000000000000002 is an unknown value
RDX=0x00000170b75004f0 points into unknown readable memory: 0x0000000000000000 | 00 00 00 00 00 00 00 00
RSP=0x0000004d855fe620 points into unknown readable memory: 0x00000170a92425a0 | a0 25 24 a9 70 01 00 00
RBP=0x00000170aaf37540 points into unknown readable memory: 0x00000170a9edd950 | 50 d9 ed a9 70 01 00 00
RSI=0x0 is NULL
RDI=0x00000170b7500400 points into unknown readable memory: 0x00000170a9edd950 | 50 d9 ed a9 70 01 00 00
R8 =0x0 is NULL
R9 =0x0 is NULL
R10=0x0 is NULL
R11=0x0000000000000246 is an unknown value
R12=0x00000170b7500938 points into unknown readable memory: 0x00000170aaf37540 | 40 75 f3 aa 70 01 00 00
R13=0x0 is NULL
R14=0x00000000003abd00 is an unknown value
R15=0x0000000000000016 is an unknown value


Top of Stack: (sp=0x0000004d855fe620)
0x0000004d855fe620:   00000170a92425a0 007ed8da00d719da
0x0000004d855fe630:   0000000000000000 000010027a000004
0x0000004d855fe640:   00000170aaecb1b8 00000000003abdfe
0x0000004d855fe650:   0000000000000000 0000000000000014
0x0000004d855fe660:   0000000000000000 0000000000000000
0x0000004d855fe670:   0000004d855fe780 00007ffba9652315
0x0000004d855fe680:   00000170a9eea530 00000170a92425a0
0x0000004d855fe690:   0000000000000000 000000007a000000
0x0000004d855fe6a0:   0000004d00000b80 0000b80200250000
0x0000004d855fe6b0:   0000000000000000 ada500ff279f00e3
0x0000004d855fe6c0:   0000000000000000 000000007a000004
0x0000004d855fe6d0:   00a9682a01656518 0000000000000000
0x0000004d855fe6e0:   0000258011000001 6927000004000400
0x0000004d855fe6f0:   0000258011000001 0000014304000000
0x0000004d855fe700:   0000004d007cecc0 00007ffbf89ed23b
0x0000004d855fe710:   0000000000000001 0000004d855fe8c0 

Instructions: (pc=0x00007ffba965b8f7)
0x00007ffba965b7f7:   56 41 57 48 83 ec 20 45 8a e9 48 8b da 48 8b f1
0x00007ffba965b807:   48 8b 15 32 62 c4 00 48 8d 48 08 e8 0d 07 dc ff
0x00007ffba965b817:   90 48 8b ab 80 02 00 00 48 8b 05 7a 6b b4 00 44
0x00007ffba965b827:   8b b8 b8 0a 00 00 45 33 d2 45 8a f2 4c 89 93 80
0x00007ffba965b837:   02 00 00 44 89 93 88 02 00 00 4c 89 93 a0 02 00
0x00007ffba965b847:   00 4c 89 93 90 02 00 00 48 85 f6 75 38 8b 3d 0e
0x00007ffba965b857:   39 c4 00 65 48 8b 04 25 58 00 00 00 b9 14 00 00
0x00007ffba965b867:   00 48 8b 04 f8 44 38 14 01 0f 84 01 02 00 00 65
0x00007ffba965b877:   48 8b 04 25 58 00 00 00 be 20 00 00 00 48 8b 04
0x00007ffba965b887:   f8 48 8b 34 06 48 3b 35 0d 5d c4 00 45 0f 44 fa
0x00007ffba965b897:   48 85 ed 0f 84 a9 00 00 00 44 8a 6c 24 70 48 8b
0x00007ffba965b8a7:   fd 4c 8d a5 38 05 00 00 49 8b 2c 24 45 84 ed 0f
0x00007ffba965b8b7:   85 a1 01 00 00 8b 8b d0 01 00 00 48 8b 05 d7 6a
0x00007ffba965b8c7:   b4 00 83 b8 64 03 00 00 02 75 32 48 8d 97 f0 00
0x00007ffba965b8d7:   00 00 83 f9 10 0f 83 a2 00 00 00 8b c1 48 c1 e0
0x00007ffba965b8e7:   06 48 03 c2 48 85 c0 0f 85 87 00 00 00 4d 8b c2
0x00007ffba965b8f7:   4c 3b 86 48 54 03 00 0f 87 75 15 6e 00 4c 39 97
0x00007ffba965b907:   90 05 00 00 0f 85 b3 16 6e 00 4c 8b cf 4c 8b c3
0x00007ffba965b917:   e8 34 b3 72 00 84 c0 0f 85 b8 00 00 00 48 8b d7
0x00007ffba965b927:   48 8b cb e8 91 f9 ff ff 45 33 d2 48 85 ed 0f 85
0x00007ffba965b937:   6a ff ff ff 45 84 f6 44 8a 6c 24 78 0f 85 a3 16
0x00007ffba965b947:   6e 00 48 8b cb 45 84 ed 0f 85 18 01 00 00 e8 86
0x00007ffba965b957:   f6 ff ff 90 48 8b 4c 24 60 48 8b 5c 24 68 48 83
0x00007ffba965b967:   c4 20 41 5f 41 5e 41 5d 41 5c 5f 5e 5d 48 ff 25
0x00007ffba965b977:   9d 37 80 00 4c 8b 40 08 e9 73 ff ff ff 44 8d 41
0x00007ffba965b987:   f0 41 8b c0 c1 e8 04 83 f8 03 72 1a 48 8b 82 18
0x00007ffba965b997:   04 00 00 48 85 c0 74 26 39 08 0f 84 ad 00 00 00
0x00007ffba965b9a7:   48 8b 40 48 eb ed 0f ae e8 41 83 e0 0f 4c 8b 8c
0x00007ffba965b9b7:   c2 00 04 00 00 4d 85 c9 0f 85 80 00 00 00 44 38
0x00007ffba965b9c7:   92 20 04 00 00 0f 84 22 ff ff ff 8b c1 83 e0 0f
0x00007ffba965b9d7:   e9 08 ff ff ff 48 8b 83 80 02 00 00 49 89 04 24
0x00007ffba965b9e7:   48 89 bb 80 02 00 00 ff 83 88 02 00 00 48 8b 4f 


Stack slot to memory mapping:
stack at sp + 0 slots: 0x00000170a92425a0 points into unknown readable memory: 0x34000000bebafe00 | 00 fe ba be 00 00 00 34
stack at sp + 1 slots: 0x007ed8da00d719da is an unknown value
stack at sp + 2 slots: 0x0 is NULL
stack at sp + 3 slots: 0x000010027a000004 is an unknown value
stack at sp + 4 slots: 0x00000170aaecb1b8 points into unknown readable memory: 0x0000000000040000 | 00 00 04 00 00 00 00 00
stack at sp + 5 slots: 0x00000000003abdfe is an unknown value
stack at sp + 6 slots: 0x0 is NULL
stack at sp + 7 slots: 0x0000000000000014 is an unknown value

VM_Operation (0x0000004d872fee80): Exit, mode: safepoint, requested by thread 0x00000170a91000d0


---------------  P R O C E S S  ---------------

Threads class SMR info:
_java_thread_list=0x00000170b7483550, length=18, elements={
0x00000170a4f09970, 0x00000170a4f0a700, 0x00000170a4f0d550, 0x00000170a4f0e020,
0x00000170a4f0ea90, 0x00000170a4f192d0, 0x00000170a4f22220, 0x00000170a4f22e70,
0x00000170a91035f0, 0x00000170a9101b60, 0x00000170a9102600, 0x00000170a91020b0,
0x00000170a91030a0, 0x00000170a91000d0, 0x00000170a9100620, 0x00000170ab8a9ff0,
0x00000170ab8a3060, 0x00000170ab8a6580
}

Java Threads: ( => current thread )
  0x00000170a4f09970 JavaThread "Reference Handler" daemon [_thread_blocked, id=3444, stack(0x0000004d85600000,0x0000004d85700000)]
  0x00000170a4f0a700 JavaThread "Finalizer" daemon [_thread_blocked, id=8700, stack(0x0000004d85700000,0x0000004d85800000)]
  0x00000170a4f0d550 JavaThread "Signal Dispatcher" daemon [_thread_blocked, id=16992, stack(0x0000004d85800000,0x0000004d85900000)]
  0x00000170a4f0e020 JavaThread "Attach Listener" daemon [_thread_blocked, id=15696, stack(0x0000004d85900000,0x0000004d85a00000)]
  0x00000170a4f0ea90 JavaThread "Service Thread" daemon [_thread_blocked, id=2904, stack(0x0000004d85a00000,0x0000004d85b00000)]
  0x00000170a4f192d0 JavaThread "Monitor Deflation Thread" daemon [_thread_blocked, id=4456, stack(0x0000004d85b00000,0x0000004d85c00000)]
  0x00000170a4f22220 JavaThread "C2 CompilerThread0" daemon [_thread_blocked, id=9820, stack(0x0000004d85c00000,0x0000004d85d00000)]
  0x00000170a4f22e70 JavaThread "C1 CompilerThread0" daemon [_thread_blocked, id=1236, stack(0x0000004d85d00000,0x0000004d85e00000)]
  0x00000170a91035f0 JavaThread "Sweeper thread" daemon [_thread_blocked, id=9728, stack(0x0000004d85e00000,0x0000004d85f00000)]
  0x00000170a9101b60 JavaThread "Notification Thread" daemon [_thread_blocked, id=7336, stack(0x0000004d85f00000,0x0000004d86000000)]
  0x00000170a9102600 JavaThread "Common-Cleaner" daemon [_thread_blocked, id=2716, stack(0x0000004d86100000,0x0000004d86200000)]
  0x00000170a91020b0 JavaThread "Java2D Disposer" daemon [_thread_blocked, id=7452, stack(0x0000004d86200000,0x0000004d86300000)]
  0x00000170a91030a0 JavaThread "HighResTimerThread" daemon [_thread_blocked, id=2184, stack(0x0000004d86300000,0x0000004d86400000)]
  0x00000170a91000d0 JavaThread "main-FPSAWTAnimator#00-Timer0" [_thread_blocked, id=17016, stack(0x0000004d87200000,0x0000004d87300000)]
  0x00000170a9100620 JavaThread "DestroyJavaVM" [_thread_blocked, id=15352, stack(0x0000004d84f00000,0x0000004d85000000)]
  0x00000170ab8a9ff0 JavaThread "Java Sound Event Dispatcher" daemon [_thread_blocked, id=5752, stack(0x0000004d87600000,0x0000004d87700000)]
  0x00000170ab8a3060 JavaThread "Thread-4" [_thread_blocked, id=9260, stack(0x0000004d87a00000,0x0000004d87b00000)]
  0x00000170ab8a6580 JavaThread "AWT-Shutdown" [_thread_blocked, id=16324, stack(0x0000004d88100000,0x0000004d88200000)]

Other Threads:
=>0x00000170a4eeef00 VMThread "VM Thread" [stack: 0x0000004d85500000,0x0000004d85600000] [id=16400]
  0x0000017084a0dfb0 WorkerThread "GC Thread#0" [stack: 0x0000004d85000000,0x0000004d85100000] [id=2492]
  0x00000170a9f46140 WorkerThread "GC Thread#1" [stack: 0x0000004d86b00000,0x0000004d86c00000] [id=12408]
  0x00000170a9f44ac0 WorkerThread "GC Thread#2" [stack: 0x0000004d86c00000,0x0000004d86d00000] [id=17244]
  0x00000170a9f45ba0 WorkerThread "GC Thread#3" [stack: 0x0000004d86d00000,0x0000004d86e00000] [id=7008]
  0x00000170a9f45e70 WorkerThread "GC Thread#4" [stack: 0x0000004d86e00000,0x0000004d86f00000] [id=5504]
  0x00000170a9f46410 WorkerThread "GC Thread#5" [stack: 0x0000004d86f00000,0x0000004d87000000] [id=3332]
  0x00000170a9f45600 WorkerThread "GC Thread#6" [stack: 0x0000004d87000000,0x0000004d87100000] [id=600]
  0x00000170a9f44d90 WorkerThread "GC Thread#7" [stack: 0x0000004d87100000,0x0000004d87200000] [id=2676]
  0x0000017084a1f330 ConcurrentGCThread "G1 Main Marker" terminated
  0x0000017084a1fe10 WorkerThread "G1 Conc#0" [stack: 0x0000004d85200000,0x0000004d85300000] [id=1472]
  0x00000170aaf2dd10 WorkerThread "G1 Conc#1" [stack: 0x0000004d87d00000,0x0000004d87e00000] [id=10452]
  0x00000170a4da6160 ConcurrentGCThread "G1 Refine#0" terminated
  0x00000170a4da6bb0 ConcurrentGCThread "G1 Service" terminated

Threads with active compile tasks:

VM state: at safepoint (shutting down)

VM Mutex/Monitor currently owned by a thread:  ([mutex/lock_event])
[0x00000170849ab010] Threads_lock - owner thread: 0x00000170a4eeef00
[0x00000170849a9900] Heap_lock - owner thread: 0x00000170a91000d0

Heap address: 0x0000000085800000, size: 1960 MB, Compressed Oops mode: 32-bit

CDS archive(s) mapped at: [0x0000000800000000-0x0000000800c40000-0x0000000800c40000), size 12845056, SharedBaseAddress: 0x0000000800000000, ArchiveRelocationMode: 0.
Compressed class space mapped at: 0x0000000801000000-0x0000000841000000, reserved size: 1073741824
Narrow klass base: 0x0000000800000000, Narrow klass shift: 0, Narrow klass range: 0x100000000

GC Precious Log:
 CardTable entry size: 512
 Card Set container configuration: InlinePtr #cards 5 size 8 Array Of Cards #cards 12 size 40 Howl #buckets 4 coarsen threshold 1843 Howl Bitmap #cards 512 size 80 coarsen threshold 460 Card regions per heap region 1 cards per card region 2048
 CPUs: 8 total, 8 available
 Memory: 7834M
 Large Page Support: Disabled
 NUMA Support: Disabled
 Compressed Oops: Enabled (32-bit)
 Heap Region Size: 1M
 Heap Min Capacity: 8M
 Heap Initial Capacity: 124M
 Heap Max Capacity: 1960M
 Pre-touch: Disabled
 Parallel Workers: 8
 Concurrent Workers: 2
 Concurrent Refinement Workers: 8
 Periodic GC: Disabled

Heap:
 garbage-first heap   total 186368K, used 116356K [0x0000000085800000, 0x0000000100000000)
  region size 1024K, 32 young (32768K), 1 survivors (1024K)
 Metaspace       used 14664K, committed 14848K, reserved 1114112K
  class space    used 1054K, committed 1152K, reserved 1048576K

Heap Regions: E=young(eden), S=young(survivor), O=old, HS=humongous(starts), HC=humongous(continues), CS=collection set, F=free, OA=open archive, CA=closed archive, TAMS=top-at-mark-start (previous, next)
|   0|0x0000000085800000, 0x0000000085900000, 0x0000000085900000|100%| O|  |TAMS 0x0000000085900000, 0x0000000085800000| Untracked 
|   1|0x0000000085900000, 0x0000000085a00000, 0x0000000085a00000|100%| O|  |TAMS 0x0000000085a00000, 0x0000000085900000| Untracked 
|   2|0x0000000085a00000, 0x0000000085b00000, 0x0000000085b00000|100%| O|  |TAMS 0x0000000085b00000, 0x0000000085a00000| Untracked 
|   3|0x0000000085b00000, 0x0000000085c00000, 0x0000000085c00000|100%| O|  |TAMS 0x0000000085c00000, 0x0000000085b00000| Untracked 
|   4|0x0000000085c00000, 0x0000000085d00000, 0x0000000085d00000|100%|HS|  |TAMS 0x0000000085d00000, 0x0000000085c00000| Complete 
|   5|0x0000000085d00000, 0x0000000085e00000, 0x0000000085e00000|100%|HC|  |TAMS 0x0000000085e00000, 0x0000000085d00000| Complete 
|   6|0x0000000085e00000, 0x0000000085f00000, 0x0000000085f00000|100%|HC|  |TAMS 0x0000000085f00000, 0x0000000085e00000| Complete 
|   7|0x0000000085f00000, 0x0000000086000000, 0x0000000086000000|100%|HC|  |TAMS 0x0000000086000000, 0x0000000085f00000| Complete 
|   8|0x0000000086000000, 0x0000000086100000, 0x0000000086100000|100%| O|  |TAMS 0x0000000086100000, 0x0000000086000000| Untracked 
|   9|0x0000000086100000, 0x0000000086200000, 0x0000000086200000|100%| O|  |TAMS 0x0000000086200000, 0x0000000086100000| Untracked 
|  10|0x0000000086200000, 0x0000000086300000, 0x0000000086300000|100%| O|  |TAMS 0x0000000086300000, 0x0000000086200000| Untracked 
|  11|0x0000000086300000, 0x0000000086400000, 0x0000000086400000|100%| O|  |TAMS 0x0000000086400000, 0x0000000086300000| Untracked 
|  12|0x0000000086400000, 0x0000000086500000, 0x0000000086500000|100%| O|  |TAMS 0x0000000086500000, 0x0000000086400000| Untracked 
|  13|0x0000000086500000, 0x0000000086600000, 0x0000000086600000|100%| O|  |TAMS 0x0000000086600000, 0x0000000086500000| Untracked 
|  14|0x0000000086600000, 0x0000000086700000, 0x0000000086700000|100%| O|  |TAMS 0x0000000086700000, 0x0000000086600000| Untracked 
|  15|0x0000000086700000, 0x0000000086800000, 0x0000000086800000|100%|HS|  |TAMS 0x0000000086800000, 0x0000000086700000| Complete 
|  16|0x0000000086800000, 0x0000000086900000, 0x0000000086900000|100%|HC|  |TAMS 0x0000000086900000, 0x0000000086800000| Complete 
|  17|0x0000000086900000, 0x0000000086a00000, 0x0000000086a00000|100%|HC|  |TAMS 0x0000000086a00000, 0x0000000086900000| Complete 
|  18|0x0000000086a00000, 0x0000000086b00000, 0x0000000086b00000|100%|HC|  |TAMS 0x0000000086b00000, 0x0000000086a00000| Complete 
|  19|0x0000000086b00000, 0x0000000086c00000, 0x0000000086c00000|100%|HS|  |TAMS 0x0000000086c00000, 0x0000000086b00000| Complete 
|  20|0x0000000086c00000, 0x0000000086d00000, 0x0000000086d00000|100%|HC|  |TAMS 0x0000000086d00000, 0x0000000086c00000| Complete 
|  21|0x0000000086d00000, 0x0000000086e00000, 0x0000000086e00000|100%| O|  |TAMS 0x0000000086e00000, 0x0000000086d00000| Untracked 
|  22|0x0000000086e00000, 0x0000000086f00000, 0x0000000086f00000|100%| O|  |TAMS 0x0000000086f00000, 0x0000000086e00000| Untracked 
|  23|0x0000000086f00000, 0x0000000087000000, 0x0000000087000000|100%| O|  |TAMS 0x0000000087000000, 0x0000000086f00000| Untracked 
|  24|0x0000000087000000, 0x0000000087100000, 0x0000000087100000|100%| O|  |TAMS 0x0000000087100000, 0x0000000087000000| Untracked 
|  25|0x0000000087100000, 0x0000000087200000, 0x0000000087200000|100%| O|  |TAMS 0x0000000087200000, 0x0000000087100000| Untracked 
|  26|0x0000000087200000, 0x0000000087300000, 0x0000000087300000|100%| O|  |TAMS 0x0000000087300000, 0x0000000087200000| Untracked 
|  27|0x0000000087300000, 0x0000000087400000, 0x0000000087400000|100%| O|  |TAMS 0x0000000087400000, 0x0000000087300000| Untracked 
|  28|0x0000000087400000, 0x0000000087500000, 0x0000000087500000|100%| O|  |TAMS 0x0000000087500000, 0x0000000087400000| Untracked 
|  29|0x0000000087500000, 0x0000000087600000, 0x0000000087600000|100%| O|  |TAMS 0x0000000087600000, 0x0000000087500000| Untracked 
|  30|0x0000000087600000, 0x0000000087700000, 0x0000000087700000|100%| O|  |TAMS 0x0000000087700000, 0x0000000087600000| Untracked 
|  31|0x0000000087700000, 0x0000000087800000, 0x0000000087800000|100%| O|  |TAMS 0x0000000087800000, 0x0000000087700000| Untracked 
|  32|0x0000000087800000, 0x0000000087900000, 0x0000000087900000|100%| O|  |TAMS 0x0000000087900000, 0x0000000087800000| Untracked 
|  33|0x0000000087900000, 0x0000000087900000, 0x0000000087a00000|  0%| F|  |TAMS 0x0000000087900000, 0x0000000087900000| Untracked 
|  34|0x0000000087a00000, 0x0000000087b00000, 0x0000000087b00000|100%| O|  |TAMS 0x0000000087b00000, 0x0000000087a00000| Untracked 
|  35|0x0000000087b00000, 0x0000000087b00000, 0x0000000087c00000|  0%| F|  |TAMS 0x0000000087b00000, 0x0000000087b00000| Untracked 
|  36|0x0000000087c00000, 0x0000000087d00000, 0x0000000087d00000|100%| O|  |TAMS 0x0000000087d00000, 0x0000000087c00000| Untracked 
|  37|0x0000000087d00000, 0x0000000087e00000, 0x0000000087e00000|100%| O|  |TAMS 0x0000000087e00000, 0x0000000087d00000| Untracked 
|  38|0x0000000087e00000, 0x0000000087f00000, 0x0000000087f00000|100%| O|  |TAMS 0x0000000087f00000, 0x0000000087e00000| Untracked 
|  39|0x0000000087f00000, 0x0000000088000000, 0x0000000088000000|100%| O|  |TAMS 0x0000000088000000, 0x0000000087f00000| Untracked 
|  40|0x0000000088000000, 0x0000000088100000, 0x0000000088100000|100%| O|  |TAMS 0x0000000088100000, 0x0000000088000000| Untracked 
|  41|0x0000000088100000, 0x0000000088200000, 0x0000000088200000|100%| O|  |TAMS 0x0000000088100000, 0x0000000088100000| Untracked 
|  42|0x0000000088200000, 0x0000000088300000, 0x0000000088300000|100%| O|  |TAMS 0x0000000088200000, 0x0000000088200000| Untracked 
|  43|0x0000000088300000, 0x0000000088400000, 0x0000000088400000|100%| O|  |TAMS 0x0000000088300000, 0x0000000088300000| Untracked 
|  44|0x0000000088400000, 0x0000000088500000, 0x0000000088500000|100%| O|  |TAMS 0x0000000088400000, 0x0000000088400000| Untracked 
|  45|0x0000000088500000, 0x0000000088600000, 0x0000000088600000|100%| O|  |TAMS 0x0000000088500000, 0x0000000088500000| Untracked 
|  46|0x0000000088600000, 0x0000000088700000, 0x0000000088700000|100%| O|  |TAMS 0x0000000088600000, 0x0000000088600000| Untracked 
|  47|0x0000000088700000, 0x0000000088800000, 0x0000000088800000|100%| O|  |TAMS 0x0000000088700000, 0x0000000088700000| Untracked 
|  48|0x0000000088800000, 0x0000000088900000, 0x0000000088900000|100%| O|  |TAMS 0x0000000088800000, 0x0000000088800000| Untracked 
|  49|0x0000000088900000, 0x0000000088a00000, 0x0000000088a00000|100%| O|  |TAMS 0x0000000088900000, 0x0000000088900000| Untracked 
|  50|0x0000000088a00000, 0x0000000088b00000, 0x0000000088b00000|100%| O|  |TAMS 0x0000000088a00000, 0x0000000088a00000| Untracked 
|  51|0x0000000088b00000, 0x0000000088c00000, 0x0000000088c00000|100%| O|  |TAMS 0x0000000088c00000, 0x0000000088b00000| Untracked 
|  52|0x0000000088c00000, 0x0000000088d00000, 0x0000000088d00000|100%| O|  |TAMS 0x0000000088d00000, 0x0000000088c00000| Untracked 
|  53|0x0000000088d00000, 0x0000000088e00000, 0x0000000088e00000|100%| O|  |TAMS 0x0000000088e00000, 0x0000000088d00000| Untracked 
|  54|0x0000000088e00000, 0x0000000088f00000, 0x0000000088f00000|100%| O|  |TAMS 0x0000000088f00000, 0x0000000088e00000| Untracked 
|  55|0x0000000088f00000, 0x0000000089000000, 0x0000000089000000|100%| O|  |TAMS 0x0000000089000000, 0x0000000088f00000| Untracked 
|  56|0x0000000089000000, 0x0000000089100000, 0x0000000089100000|100%| O|  |TAMS 0x0000000089100000, 0x0000000089000000| Untracked 
|  57|0x0000000089100000, 0x0000000089200000, 0x0000000089200000|100%| O|  |TAMS 0x0000000089200000, 0x0000000089100000| Untracked 
|  58|0x0000000089200000, 0x0000000089300000, 0x0000000089300000|100%| O|  |TAMS 0x0000000089300000, 0x0000000089200000| Untracked 
|  59|0x0000000089300000, 0x0000000089400000, 0x0000000089400000|100%| O|  |TAMS 0x0000000089400000, 0x0000000089300000| Untracked 
|  60|0x0000000089400000, 0x0000000089500000, 0x0000000089500000|100%| O|  |TAMS 0x0000000089500000, 0x0000000089400000| Untracked 
|  61|0x0000000089500000, 0x0000000089600000, 0x0000000089600000|100%| O|  |TAMS 0x0000000089600000, 0x0000000089500000| Untracked 
|  62|0x0000000089600000, 0x0000000089700000, 0x0000000089700000|100%| O|  |TAMS 0x0000000089700000, 0x0000000089600000| Untracked 
|  63|0x0000000089700000, 0x0000000089800000, 0x0000000089800000|100%| O|  |TAMS 0x0000000089800000, 0x0000000089700000| Untracked 
|  64|0x0000000089800000, 0x0000000089900000, 0x0000000089900000|100%| O|  |TAMS 0x0000000089900000, 0x0000000089800000| Untracked 
|  65|0x0000000089900000, 0x0000000089a00000, 0x0000000089a00000|100%| O|  |TAMS 0x00000000899ae600, 0x0000000089900000| Untracked 
|  66|0x0000000089a00000, 0x0000000089b00000, 0x0000000089b00000|100%| O|  |TAMS 0x0000000089a00000, 0x0000000089a00000| Untracked 
|  67|0x0000000089b00000, 0x0000000089c00000, 0x0000000089c00000|100%| O|  |TAMS 0x0000000089b00000, 0x0000000089b00000| Untracked 
|  68|0x0000000089c00000, 0x0000000089d00000, 0x0000000089d00000|100%| O|  |TAMS 0x0000000089c00000, 0x0000000089c00000| Untracked 
|  69|0x0000000089d00000, 0x0000000089e00000, 0x0000000089e00000|100%| O|  |TAMS 0x0000000089d00000, 0x0000000089d00000| Untracked 
|  70|0x0000000089e00000, 0x0000000089f00000, 0x0000000089f00000|100%| O|  |TAMS 0x0000000089e00000, 0x0000000089e00000| Untracked 
|  71|0x0000000089f00000, 0x000000008a000000, 0x000000008a000000|100%| O|  |TAMS 0x0000000089f00000, 0x0000000089f00000| Untracked 
|  72|0x000000008a000000, 0x000000008a088c00, 0x000000008a100000| 53%| O|  |TAMS 0x000000008a000000, 0x000000008a000000| Untracked 
|  73|0x000000008a100000, 0x000000008a100000, 0x000000008a200000|  0%| F|  |TAMS 0x000000008a100000, 0x000000008a100000| Untracked 
|  74|0x000000008a200000, 0x000000008a200000, 0x000000008a300000|  0%| F|  |TAMS 0x000000008a200000, 0x000000008a200000| Untracked 
|  75|0x000000008a300000, 0x000000008a300000, 0x000000008a400000|  0%| F|  |TAMS 0x000000008a300000, 0x000000008a300000| Untracked 
|  76|0x000000008a400000, 0x000000008a400000, 0x000000008a500000|  0%| F|  |TAMS 0x000000008a400000, 0x000000008a400000| Untracked 
|  77|0x000000008a500000, 0x000000008a500000, 0x000000008a600000|  0%| F|  |TAMS 0x000000008a500000, 0x000000008a500000| Untracked 
|  78|0x000000008a600000, 0x000000008a600000, 0x000000008a700000|  0%| F|  |TAMS 0x000000008a600000, 0x000000008a600000| Untracked 
|  79|0x000000008a700000, 0x000000008a700000, 0x000000008a800000|  0%| F|  |TAMS 0x000000008a700000, 0x000000008a700000| Untracked 
|  80|0x000000008a800000, 0x000000008a800000, 0x000000008a900000|  0%| F|  |TAMS 0x000000008a800000, 0x000000008a800000| Untracked 
|  81|0x000000008a900000, 0x000000008a900000, 0x000000008aa00000|  0%| F|  |TAMS 0x000000008a900000, 0x000000008a900000| Untracked 
|  82|0x000000008aa00000, 0x000000008aa00000, 0x000000008ab00000|  0%| F|  |TAMS 0x000000008aa00000, 0x000000008aa00000| Untracked 
|  83|0x000000008ab00000, 0x000000008ab00000, 0x000000008ac00000|  0%| F|  |TAMS 0x000000008ab00000, 0x000000008ab00000| Untracked 
|  84|0x000000008ac00000, 0x000000008ac00000, 0x000000008ad00000|  0%| F|  |TAMS 0x000000008ac00000, 0x000000008ac00000| Untracked 
|  85|0x000000008ad00000, 0x000000008ad00000, 0x000000008ae00000|  0%| F|  |TAMS 0x000000008ad00000, 0x000000008ad00000| Untracked 
|  86|0x000000008ae00000, 0x000000008ae00000, 0x000000008af00000|  0%| F|  |TAMS 0x000000008ae00000, 0x000000008ae00000| Untracked 
|  87|0x000000008af00000, 0x000000008af00000, 0x000000008b000000|  0%| F|  |TAMS 0x000000008af00000, 0x000000008af00000| Untracked 
|  88|0x000000008b000000, 0x000000008b000000, 0x000000008b100000|  0%| F|  |TAMS 0x000000008b000000, 0x000000008b000000| Untracked 
|  89|0x000000008b100000, 0x000000008b100000, 0x000000008b200000|  0%| F|  |TAMS 0x000000008b100000, 0x000000008b100000| Untracked 
|  90|0x000000008b200000, 0x000000008b200000, 0x000000008b300000|  0%| F|  |TAMS 0x000000008b200000, 0x000000008b200000| Untracked 
|  91|0x000000008b300000, 0x000000008b300000, 0x000000008b400000|  0%| F|  |TAMS 0x000000008b300000, 0x000000008b300000| Untracked 
|  92|0x000000008b400000, 0x000000008b400000, 0x000000008b500000|  0%| F|  |TAMS 0x000000008b400000, 0x000000008b400000| Untracked 
|  93|0x000000008b500000, 0x000000008b500000, 0x000000008b600000|  0%| F|  |TAMS 0x000000008b500000, 0x000000008b500000| Untracked 
|  94|0x000000008b600000, 0x000000008b600000, 0x000000008b700000|  0%| F|  |TAMS 0x000000008b600000, 0x000000008b600000| Untracked 
|  95|0x000000008b700000, 0x000000008b700000, 0x000000008b800000|  0%| F|  |TAMS 0x000000008b700000, 0x000000008b700000| Untracked 
|  96|0x000000008b800000, 0x000000008b800000, 0x000000008b900000|  0%| F|  |TAMS 0x000000008b800000, 0x000000008b800000| Untracked 
|  97|0x000000008b900000, 0x000000008b900000, 0x000000008ba00000|  0%| F|  |TAMS 0x000000008b900000, 0x000000008b900000| Untracked 
|  98|0x000000008ba00000, 0x000000008ba00000, 0x000000008bb00000|  0%| F|  |TAMS 0x000000008ba00000, 0x000000008ba00000| Untracked 
|  99|0x000000008bb00000, 0x000000008bb00000, 0x000000008bc00000|  0%| F|  |TAMS 0x000000008bb00000, 0x000000008bb00000| Untracked 
| 100|0x000000008bc00000, 0x000000008bc00000, 0x000000008bd00000|  0%| F|  |TAMS 0x000000008bc00000, 0x000000008bc00000| Untracked 
| 101|0x000000008bd00000, 0x000000008bd00000, 0x000000008be00000|  0%| F|  |TAMS 0x000000008bd00000, 0x000000008bd00000| Untracked 
| 102|0x000000008be00000, 0x000000008be00000, 0x000000008bf00000|  0%| F|  |TAMS 0x000000008be00000, 0x000000008be00000| Untracked 
| 103|0x000000008bf00000, 0x000000008bf00000, 0x000000008c000000|  0%| F|  |TAMS 0x000000008bf00000, 0x000000008bf00000| Untracked 
| 104|0x000000008c000000, 0x000000008c000000, 0x000000008c100000|  0%| F|  |TAMS 0x000000008c000000, 0x000000008c000000| Untracked 
| 105|0x000000008c100000, 0x000000008c100000, 0x000000008c200000|  0%| F|  |TAMS 0x000000008c100000, 0x000000008c100000| Untracked 
| 106|0x000000008c200000, 0x000000008c200000, 0x000000008c300000|  0%| F|  |TAMS 0x000000008c200000, 0x000000008c200000| Untracked 
| 107|0x000000008c300000, 0x000000008c400000, 0x000000008c400000|100%|HS|  |TAMS 0x000000008c300000, 0x000000008c300000| Complete 
| 108|0x000000008c400000, 0x000000008c500000, 0x000000008c500000|100%|HS|  |TAMS 0x000000008c400000, 0x000000008c400000| Complete 
| 109|0x000000008c500000, 0x000000008c600000, 0x000000008c600000|100%|HC|  |TAMS 0x000000008c500000, 0x000000008c500000| Complete 
| 110|0x000000008c600000, 0x000000008c700000, 0x000000008c700000|100%|HC|  |TAMS 0x000000008c600000, 0x000000008c600000| Complete 
| 111|0x000000008c700000, 0x000000008c800000, 0x000000008c800000|100%|HS|  |TAMS 0x000000008c700000, 0x000000008c700000| Complete 
| 112|0x000000008c800000, 0x000000008c900000, 0x000000008c900000|100%|HS|  |TAMS 0x000000008c800000, 0x000000008c800000| Complete 
| 113|0x000000008c900000, 0x000000008ca00000, 0x000000008ca00000|100%|HC|  |TAMS 0x000000008c900000, 0x000000008c900000| Complete 
| 114|0x000000008ca00000, 0x000000008cb00000, 0x000000008cb00000|100%|HC|  |TAMS 0x000000008ca00000, 0x000000008ca00000| Complete 
| 115|0x000000008cb00000, 0x000000008cc00000, 0x000000008cc00000|100%|HS|  |TAMS 0x000000008cb00000, 0x000000008cb00000| Complete 
| 116|0x000000008cc00000, 0x000000008cd00000, 0x000000008cd00000|100%| O|  |TAMS 0x000000008cc00000, 0x000000008cc00000| Untracked 
| 117|0x000000008cd00000, 0x000000008ce00000, 0x000000008ce00000|100%| O|  |TAMS 0x000000008cd00000, 0x000000008cd00000| Untracked 
| 118|0x000000008ce00000, 0x000000008ce00000, 0x000000008cf00000|  0%| F|  |TAMS 0x000000008ce00000, 0x000000008ce00000| Untracked 
| 119|0x000000008cf00000, 0x000000008cf00000, 0x000000008d000000|  0%| F|  |TAMS 0x000000008cf00000, 0x000000008cf00000| Untracked 
| 120|0x000000008d000000, 0x000000008d000000, 0x000000008d100000|  0%| F|  |TAMS 0x000000008d000000, 0x000000008d000000| Untracked 
| 121|0x000000008d100000, 0x000000008d100000, 0x000000008d200000|  0%| F|  |TAMS 0x000000008d100000, 0x000000008d100000| Untracked 
| 122|0x000000008d200000, 0x000000008d200000, 0x000000008d300000|  0%| F|  |TAMS 0x000000008d200000, 0x000000008d200000| Untracked 
| 123|0x000000008d300000, 0x000000008d300000, 0x000000008d400000|  0%| F|  |TAMS 0x000000008d300000, 0x000000008d300000| Untracked 
| 124|0x000000008d400000, 0x000000008d500000, 0x000000008d500000|100%| O|  |TAMS 0x000000008d400000, 0x000000008d400000| Untracked 
| 125|0x000000008d500000, 0x000000008d600000, 0x000000008d600000|100%| O|  |TAMS 0x000000008d500000, 0x000000008d500000| Untracked 
| 126|0x000000008d600000, 0x000000008d600000, 0x000000008d700000|  0%| F|  |TAMS 0x000000008d600000, 0x000000008d600000| Untracked 
| 127|0x000000008d700000, 0x000000008d700000, 0x000000008d800000|  0%| F|  |TAMS 0x000000008d700000, 0x000000008d700000| Untracked 
| 128|0x000000008d800000, 0x000000008d800000, 0x000000008d900000|  0%| F|  |TAMS 0x000000008d800000, 0x000000008d800000| Untracked 
| 129|0x000000008d900000, 0x000000008d900000, 0x000000008da00000|  0%| F|  |TAMS 0x000000008d900000, 0x000000008d900000| Untracked 
| 130|0x000000008da00000, 0x000000008da00000, 0x000000008db00000|  0%| F|  |TAMS 0x000000008da00000, 0x000000008da00000| Untracked 
| 131|0x000000008db00000, 0x000000008db00000, 0x000000008dc00000|  0%| F|  |TAMS 0x000000008db00000, 0x000000008db00000| Untracked 
| 132|0x000000008dc00000, 0x000000008dc00000, 0x000000008dd00000|  0%| F|  |TAMS 0x000000008dc00000, 0x000000008dc00000| Untracked 
| 133|0x000000008dd00000, 0x000000008dd00000, 0x000000008de00000|  0%| F|  |TAMS 0x000000008dd00000, 0x000000008dd00000| Untracked 
| 134|0x000000008de00000, 0x000000008de00000, 0x000000008df00000|  0%| F|  |TAMS 0x000000008de00000, 0x000000008de00000| Untracked 
| 135|0x000000008df00000, 0x000000008df00000, 0x000000008e000000|  0%| F|  |TAMS 0x000000008df00000, 0x000000008df00000| Untracked 
| 136|0x000000008e000000, 0x000000008e000000, 0x000000008e100000|  0%| F|  |TAMS 0x000000008e000000, 0x000000008e000000| Untracked 
| 137|0x000000008e100000, 0x000000008e100000, 0x000000008e200000|  0%| F|  |TAMS 0x000000008e100000, 0x000000008e100000| Untracked 
| 138|0x000000008e200000, 0x000000008e200000, 0x000000008e300000|  0%| F|  |TAMS 0x000000008e200000, 0x000000008e200000| Untracked 
| 139|0x000000008e300000, 0x000000008e300000, 0x000000008e400000|  0%| F|  |TAMS 0x000000008e300000, 0x000000008e300000| Untracked 
| 140|0x000000008e400000, 0x000000008e400000, 0x000000008e500000|  0%| F|  |TAMS 0x000000008e400000, 0x000000008e400000| Untracked 
| 141|0x000000008e500000, 0x000000008e500000, 0x000000008e600000|  0%| F|  |TAMS 0x000000008e500000, 0x000000008e500000| Untracked 
| 142|0x000000008e600000, 0x000000008e600000, 0x000000008e700000|  0%| F|  |TAMS 0x000000008e600000, 0x000000008e600000| Untracked 
| 143|0x000000008e700000, 0x000000008e700000, 0x000000008e800000|  0%| F|  |TAMS 0x000000008e700000, 0x000000008e700000| Untracked 
| 144|0x000000008e800000, 0x000000008e800000, 0x000000008e900000|  0%| F|  |TAMS 0x000000008e800000, 0x000000008e800000| Untracked 
| 145|0x000000008e900000, 0x000000008e900000, 0x000000008ea00000|  0%| F|  |TAMS 0x000000008e900000, 0x000000008e900000| Untracked 
| 146|0x000000008ea00000, 0x000000008ea00000, 0x000000008eb00000|  0%| F|  |TAMS 0x000000008ea00000, 0x000000008ea00000| Untracked 
| 147|0x000000008eb00000, 0x000000008eb00000, 0x000000008ec00000|  0%| F|  |TAMS 0x000000008eb00000, 0x000000008eb00000| Untracked 
| 148|0x000000008ec00000, 0x000000008ec00000, 0x000000008ed00000|  0%| F|  |TAMS 0x000000008ec00000, 0x000000008ec00000| Untracked 
| 149|0x000000008ed00000, 0x000000008ed00000, 0x000000008ee00000|  0%| F|  |TAMS 0x000000008ed00000, 0x000000008ed00000| Untracked 
| 150|0x000000008ee00000, 0x000000008ee62748, 0x000000008ef00000| 38%| E|  |TAMS 0x000000008ee00000, 0x000000008ee00000| Complete 
| 151|0x000000008ef00000, 0x000000008f000000, 0x000000008f000000|100%| E|CS|TAMS 0x000000008ef00000, 0x000000008ef00000| Complete 
| 152|0x000000008f000000, 0x000000008f100000, 0x000000008f100000|100%| E|CS|TAMS 0x000000008f000000, 0x000000008f000000| Complete 
| 153|0x000000008f100000, 0x000000008f200000, 0x000000008f200000|100%| E|CS|TAMS 0x000000008f100000, 0x000000008f100000| Complete 
| 154|0x000000008f200000, 0x000000008f300000, 0x000000008f300000|100%| E|CS|TAMS 0x000000008f200000, 0x000000008f200000| Complete 
| 155|0x000000008f300000, 0x000000008f400000, 0x000000008f400000|100%| E|CS|TAMS 0x000000008f300000, 0x000000008f300000| Complete 
| 156|0x000000008f400000, 0x000000008f500000, 0x000000008f500000|100%| E|CS|TAMS 0x000000008f400000, 0x000000008f400000| Complete 
| 157|0x000000008f500000, 0x000000008f600000, 0x000000008f600000|100%| E|CS|TAMS 0x000000008f500000, 0x000000008f500000| Complete 
| 158|0x000000008f600000, 0x000000008f700000, 0x000000008f700000|100%| E|CS|TAMS 0x000000008f600000, 0x000000008f600000| Complete 
| 159|0x000000008f700000, 0x000000008f800000, 0x000000008f800000|100%| E|CS|TAMS 0x000000008f700000, 0x000000008f700000| Complete 
| 160|0x000000008f800000, 0x000000008f900000, 0x000000008f900000|100%| E|CS|TAMS 0x000000008f800000, 0x000000008f800000| Complete 
| 161|0x000000008f900000, 0x000000008fa00000, 0x000000008fa00000|100%| E|CS|TAMS 0x000000008f900000, 0x000000008f900000| Complete 
| 162|0x000000008fa00000, 0x000000008fb00000, 0x000000008fb00000|100%| E|CS|TAMS 0x000000008fa00000, 0x000000008fa00000| Complete 
| 163|0x000000008fb00000, 0x000000008fc00000, 0x000000008fc00000|100%| E|CS|TAMS 0x000000008fb00000, 0x000000008fb00000| Complete 
| 164|0x000000008fc00000, 0x000000008fd00000, 0x000000008fd00000|100%| E|CS|TAMS 0x000000008fc00000, 0x000000008fc00000| Complete 
| 165|0x000000008fd00000, 0x000000008fe00000, 0x000000008fe00000|100%| E|CS|TAMS 0x000000008fd00000, 0x000000008fd00000| Complete 
| 166|0x000000008fe00000, 0x000000008ff00000, 0x000000008ff00000|100%| E|CS|TAMS 0x000000008fe00000, 0x000000008fe00000| Complete 
| 167|0x000000008ff00000, 0x0000000090000000, 0x0000000090000000|100%| E|CS|TAMS 0x000000008ff00000, 0x000000008ff00000| Complete 
| 168|0x0000000090000000, 0x0000000090100000, 0x0000000090100000|100%| E|CS|TAMS 0x0000000090000000, 0x0000000090000000| Complete 
| 169|0x0000000090100000, 0x0000000090200000, 0x0000000090200000|100%| E|CS|TAMS 0x0000000090100000, 0x0000000090100000| Complete 
| 170|0x0000000090200000, 0x0000000090300000, 0x0000000090300000|100%| E|CS|TAMS 0x0000000090200000, 0x0000000090200000| Complete 
| 171|0x0000000090300000, 0x0000000090400000, 0x0000000090400000|100%| E|CS|TAMS 0x0000000090300000, 0x0000000090300000| Complete 
| 172|0x0000000090400000, 0x0000000090500000, 0x0000000090500000|100%| E|CS|TAMS 0x0000000090400000, 0x0000000090400000| Complete 
| 173|0x0000000090500000, 0x0000000090600000, 0x0000000090600000|100%| E|CS|TAMS 0x0000000090500000, 0x0000000090500000| Complete 
| 174|0x0000000090600000, 0x0000000090700000, 0x0000000090700000|100%| E|CS|TAMS 0x0000000090600000, 0x0000000090600000| Complete 
| 175|0x0000000090700000, 0x0000000090718640, 0x0000000090800000|  9%| S|CS|TAMS 0x0000000090700000, 0x0000000090700000| Complete 
| 176|0x0000000090800000, 0x0000000090900000, 0x0000000090900000|100%| E|CS|TAMS 0x0000000090800000, 0x0000000090800000| Complete 
| 177|0x0000000090900000, 0x0000000090a00000, 0x0000000090a00000|100%| E|CS|TAMS 0x0000000090900000, 0x0000000090900000| Complete 
| 178|0x0000000090a00000, 0x0000000090b00000, 0x0000000090b00000|100%| E|CS|TAMS 0x0000000090a00000, 0x0000000090a00000| Complete 
| 179|0x0000000090b00000, 0x0000000090c00000, 0x0000000090c00000|100%| E|CS|TAMS 0x0000000090b00000, 0x0000000090b00000| Complete 
| 180|0x0000000090c00000, 0x0000000090d00000, 0x0000000090d00000|100%| E|CS|TAMS 0x0000000090c00000, 0x0000000090c00000| Complete 
| 181|0x0000000090d00000, 0x0000000090e00000, 0x0000000090e00000|100%| E|CS|TAMS 0x0000000090d00000, 0x0000000090d00000| Complete 

Card table byte_map: [0x000001709df30000,0x000001709e310000] _byte_map_base: 0x000001709db04000

Marking Bits (Prev, Next): (CMBitMap*) 0x0000017084a0f540, (CMBitMap*) 0x0000017084a0f500
 Prev Bits: [0x00000170a0590000, 0x00000170a2430000)
 Next Bits: [0x000001709e6f0000, 0x00000170a0590000)

Polling page: 0x0000017084870000

Metaspace:

Usage:
  Non-class:     13.29 MB used.
      Class:      1.03 MB used.
       Both:     14.32 MB used.

Virtual space:
  Non-class space:       64.00 MB reserved,      13.38 MB ( 21%) committed,  1 nodes.
      Class space:        1.00 GB reserved,       1.12 MB ( <1%) committed,  1 nodes.
             Both:        1.06 GB reserved,      14.50 MB (  1%) committed. 

Chunk freelists:
   Non-Class:  1.69 MB
       Class:  2.82 MB
        Both:  4.50 MB

MaxMetaspaceSize: unlimited
CompressedClassSpaceSize: 1.00 GB
Initial GC threshold: 21.00 MB
Current GC threshold: 23.25 MB
CDS: on
MetaspaceReclaimPolicy: balanced
 - commit_granule_bytes: 65536.
 - commit_granule_words: 8192.
 - virtual_space_node_default_size: 8388608.
 - enlarge_chunks_in_place: 1.
 - new_chunks_are_fully_committed: 0.
 - uncommit_free_chunks: 1.
 - use_allocation_guard: 0.


Internal statistics:

num_allocs_failed_limit: 0.
num_arena_births: 200.
num_arena_deaths: 0.
num_vsnodes_births: 2.
num_vsnodes_deaths: 0.
num_space_committed: 228.
num_space_uncommitted: 0.
num_chunks_returned_to_freelist: 0.
num_chunks_taken_from_freelist: 510.
num_chunk_merges: 0.
num_chunk_splits: 401.
num_chunks_enlarged: 325.
num_inconsistent_stats: 0.

CodeHeap 'non-profiled nmethods': size=120000Kb used=1463Kb max_used=1463Kb free=118536Kb
 bounds [0x0000017095bb0000, 0x0000017095e20000, 0x000001709d0e0000]
CodeHeap 'profiled nmethods': size=120000Kb used=4559Kb max_used=4559Kb free=115441Kb
 bounds [0x000001708e0e0000, 0x000001708e560000, 0x0000017095610000]
CodeHeap 'non-nmethods': size=5760Kb used=1650Kb max_used=1685Kb free=4109Kb
 bounds [0x0000017095610000, 0x0000017095880000, 0x0000017095bb0000]
 total_blobs=3396 nmethods=2434 adapters=873
 compilation: enabled
              stopped_count=0, restarted_count=0
 full_count=0

Compilation events (20 events):
Event: 47.461 Thread 0x00000170a4f22220 2424       4       jogamp.opengl.GLDrawableImpl::lockSurface (103 bytes)
Event: 47.471 Thread 0x00000170a4f22220 nmethod 2424 0x0000017095d19110 code [0x0000017095d19320, 0x0000017095d19940]
Event: 47.473 Thread 0x00000170a4f22220 2425   !   4       jogamp.newt.WindowImpl::unlockSurface (73 bytes)
Event: 47.487 Thread 0x00000170a4f22220 nmethod 2425 0x0000017095d19f10 code [0x0000017095d1a120, 0x0000017095d1aee8]
Event: 47.487 Thread 0x00000170a4f22220 2426  s    4       jogamp.opengl.FPSCounterImpl::tickFPS (144 bytes)
Event: 47.488 Thread 0x00000170a4f22220 nmethod 2426 0x0000017095d1b610 code [0x0000017095d1b7a0, 0x0000017095d1b958]
Event: 47.490 Thread 0x00000170a4f22220 2427       4       processing.opengl.PGraphicsOpenGL::lightSpecular (38 bytes)
Event: 47.492 Thread 0x00000170a4f22220 nmethod 2427 0x0000017095d1ba10 code [0x0000017095d1bba0, 0x0000017095d1bca8]
Event: 47.492 Thread 0x00000170a4f22220 2428       4       processing.core.PApplet::color (122 bytes)
Event: 47.494 Thread 0x00000170a4f22220 nmethod 2428 0x0000017095d1be10 code [0x0000017095d1bfa0, 0x0000017095d1c088]
Event: 48.409 Thread 0x00000170a4f22220 2429       4       jogamp.opengl.gl4.GL4bcImpl::glGetString (68 bytes)
Event: 48.412 Thread 0x00000170a4f22220 nmethod 2429 0x0000017095d1c190 code [0x0000017095d1c320, 0x0000017095d1c468]
Event: 48.545 Thread 0x00000170a4f22220 2430       4       jogamp.opengl.gl4.GL4bcImpl::glDisable (43 bytes)
Event: 48.548 Thread 0x00000170a4f22220 nmethod 2430 0x0000017095d1c610 code [0x0000017095d1c7a0, 0x0000017095d1c888]
Event: 48.558 Thread 0x00000170a4f22220 2431       4       processing.opengl.PGraphicsOpenGL::lightPosition (165 bytes)
Event: 48.562 Thread 0x00000170a4f22220 nmethod 2431 0x0000017095d1c990 code [0x0000017095d1cb40, 0x0000017095d1cd38]
Event: 49.625 Thread 0x00000170a4f22220 2432       4       processing.opengl.PGraphicsOpenGL::translate (8 bytes)
Event: 49.629 Thread 0x00000170a4f22220 nmethod 2432 0x0000017095d1ce90 code [0x0000017095d1d080, 0x0000017095d1d388]
Event: 55.991 Thread 0x00000170a4f22220 2433       4       processing.opengl.PJOGL::getPixelScale (46 bytes)
Event: 55.993 Thread 0x00000170a4f22220 nmethod 2433 0x0000017095d1d510 code [0x0000017095d1d6c0, 0x0000017095d1d7b8]

GC Heap History (14 events):
Event: 1.192 GC heap before
{Heap before GC invocations=0 (full 0):
 garbage-first heap   total 126976K, used 25600K [0x0000000085800000, 0x0000000100000000)
  region size 1024K, 23 young (23552K), 0 survivors (0K)
 Metaspace       used 11602K, committed 11904K, reserved 1114112K
  class space    used 807K, committed 960K, reserved 1048576K
}
Event: 1.203 GC heap after
{Heap after GC invocations=1 (full 0):
 garbage-first heap   total 126976K, used 3115K [0x0000000085800000, 0x0000000100000000)
  region size 1024K, 3 young (3072K), 3 survivors (3072K)
 Metaspace       used 11602K, committed 11904K, reserved 1114112K
  class space    used 807K, committed 960K, reserved 1048576K
}
Event: 2.172 GC heap before
{Heap before GC invocations=1 (full 0):
 garbage-first heap   total 126976K, used 57387K [0x0000000085800000, 0x0000000100000000)
  region size 1024K, 37 young (37888K), 3 survivors (3072K)
 Metaspace       used 13836K, committed 14080K, reserved 1114112K
  class space    used 1038K, committed 1152K, reserved 1048576K
}
Event: 2.176 GC heap after
{Heap after GC invocations=2 (full 0):
 garbage-first heap   total 126976K, used 16281K [0x0000000085800000, 0x0000000100000000)
  region size 1024K, 3 young (3072K), 3 survivors (3072K)
 Metaspace       used 13836K, committed 14080K, reserved 1114112K
  class space    used 1038K, committed 1152K, reserved 1048576K
}
Event: 2.291 GC heap before
{Heap before GC invocations=2 (full 0):
 garbage-first heap   total 126976K, used 87961K [0x0000000085800000, 0x0000000100000000)
  region size 1024K, 73 young (74752K), 3 survivors (3072K)
 Metaspace       used 13913K, committed 14144K, reserved 1114112K
  class space    used 1040K, committed 1152K, reserved 1048576K
}
Event: 2.300 GC heap after
{Heap after GC invocations=3 (full 0):
 garbage-first heap   total 126976K, used 41689K [0x0000000085800000, 0x0000000100000000)
  region size 1024K, 10 young (10240K), 10 survivors (10240K)
 Metaspace       used 13913K, committed 14144K, reserved 1114112K
  class space    used 1040K, committed 1152K, reserved 1048576K
}
Event: 2.320 GC heap before
{Heap before GC invocations=3 (full 0):
 garbage-first heap   total 126976K, used 76505K [0x0000000085800000, 0x0000000100000000)
  region size 1024K, 44 young (45056K), 10 survivors (10240K)
 Metaspace       used 13913K, committed 14144K, reserved 1114112K
  class space    used 1040K, committed 1152K, reserved 1048576K
}
Event: 2.331 GC heap after
{Heap after GC invocations=4 (full 0):
 garbage-first heap   total 126976K, used 63161K [0x0000000085800000, 0x0000000100000000)
  region size 1024K, 6 young (6144K), 6 survivors (6144K)
 Metaspace       used 13913K, committed 14144K, reserved 1114112K
  class space    used 1040K, committed 1152K, reserved 1048576K
}
Event: 2.405 GC heap before
{Heap before GC invocations=4 (full 0):
 garbage-first heap   total 126976K, used 79545K [0x0000000085800000, 0x0000000100000000)
  region size 1024K, 23 young (23552K), 6 survivors (6144K)
 Metaspace       used 14016K, committed 14208K, reserved 1114112K
  class space    used 1040K, committed 1152K, reserved 1048576K
}
Event: 2.412 GC heap after
{Heap after GC invocations=5 (full 0):
 garbage-first heap   total 126976K, used 75264K [0x0000000085800000, 0x0000000100000000)
  region size 1024K, 4 young (4096K), 4 survivors (4096K)
 Metaspace       used 14016K, committed 14208K, reserved 1114112K
  class space    used 1040K, committed 1152K, reserved 1048576K
}
Event: 2.728 GC heap before
{Heap before GC invocations=6 (full 0):
 garbage-first heap   total 186368K, used 132608K [0x0000000085800000, 0x0000000100000000)
  region size 1024K, 19 young (19456K), 4 survivors (4096K)
 Metaspace       used 14146K, committed 14400K, reserved 1114112K
  class space    used 1049K, committed 1152K, reserved 1048576K
}
Event: 2.733 GC heap after
{Heap after GC invocations=7 (full 0):
 garbage-first heap   total 186368K, used 87540K [0x0000000085800000, 0x0000000100000000)
  region size 1024K, 3 young (3072K), 3 survivors (3072K)
 Metaspace       used 14146K, committed 14400K, reserved 1114112K
  class space    used 1049K, committed 1152K, reserved 1048576K
}
Event: 11.787 GC heap before
{Heap before GC invocations=7 (full 0):
 garbage-first heap   total 186368K, used 93684K [0x0000000085800000, 0x0000000100000000)
  region size 1024K, 9 young (9216K), 3 survivors (3072K)
 Metaspace       used 14613K, committed 14848K, reserved 1114112K
  class space    used 1049K, committed 1152K, reserved 1048576K
}
Event: 11.790 GC heap after
{Heap after GC invocations=8 (full 0):
 garbage-first heap   total 186368K, used 85636K [0x0000000085800000, 0x0000000100000000)
  region size 1024K, 1 young (1024K), 1 survivors (1024K)
 Metaspace       used 14613K, committed 14848K, reserved 1114112K
  class space    used 1049K, committed 1152K, reserved 1048576K
}

Dll operation events (16 events):
Event: 0.010 Loaded shared library C:\Program Files\Java\jdk-19\bin\java.dll
Event: 0.025 Loaded shared library C:\Program Files\Java\jdk-19\bin\jsvml.dll
Event: 0.088 Loaded shared library C:\Program Files\Java\jdk-19\bin\net.dll
Event: 0.090 Loaded shared library C:\Program Files\Java\jdk-19\bin\nio.dll
Event: 0.094 Loaded shared library C:\Program Files\Java\jdk-19\bin\zip.dll
Event: 0.129 Loaded shared library C:\Program Files\Java\jdk-19\bin\jimage.dll
Event: 0.132 Loaded shared library C:\Program Files\Java\jdk-19\bin\awt.dll
Event: 0.466 Loaded shared library C:\Users\dmytr\AppData\Local\Temp\jogamp_0000\file_cache\jln6188864559007448441\jln7135383923032529881\natives\windows-amd64\gluegen_rt.dll
Event: 0.477 Loaded shared library C:\Program Files\Java\jdk-19\bin\jawt.dll
Event: 0.491 Loaded shared library C:\Users\dmytr\AppData\Local\Temp\jogamp_0000\file_cache\jln6188864559007448441\jln7135383923032529881\natives\windows-amd64\nativewindow_awt.dll
Event: 0.520 Loaded shared library C:\Users\dmytr\AppData\Local\Temp\jogamp_0000\file_cache\jln6188864559007448441\jln7135383923032529881\natives\windows-amd64\nativewindow_win32.dll
Event: 0.532 Loaded shared library C:\Users\dmytr\AppData\Local\Temp\jogamp_0000\file_cache\jln6188864559007448441\jln7135383923032529881\natives\windows-amd64\newt_head.dll
Event: 0.748 Loaded shared library C:\Users\dmytr\AppData\Local\Temp\jogamp_0000\file_cache\jln6188864559007448441\jln7135383923032529881\natives\windows-amd64\jogl_desktop.dll
Event: 0.950 Loaded shared library C:\Users\dmytr\AppData\Local\Temp\jogamp_0000\file_cache\jln6188864559007448441\jln7135383923032529881\natives\windows-amd64\jogl_mobile.dll
Event: 1.821 Loaded shared library C:\Program Files\Java\jdk-19\bin\verify.dll
Event: 1.868 Loaded shared library C:\Program Files\Java\jdk-19\bin\jsound.dll

Deoptimization events (20 events):
Event: 6.224 Thread 0x00000170a91000d0 DEOPT PACKING pc=0x000001708e4aca0d sp=0x0000004d872fefb0
Event: 6.224 Thread 0x00000170a91000d0 DEOPT UNPACKING pc=0x000001709567b0e3 sp=0x0000004d872fe468 mode 0
Event: 7.624 Thread 0x00000170a91000d0 DEOPT PACKING pc=0x000001708e4b0d13 sp=0x0000004d872fee30
Event: 7.624 Thread 0x00000170a91000d0 DEOPT UNPACKING pc=0x000001709567b0e3 sp=0x0000004d872fe2f0 mode 0
Event: 56.996 Thread 0x00000170ab8a7570 Uncommon trap: trap_request=0xffffffde fr.pc=0x0000017095d14558 relative=0x0000000000000418
Event: 56.996 Thread 0x00000170ab8a7570 Uncommon trap: reason=class_check action=maybe_recompile pc=0x0000017095d14558 method=java.util.HashMap.removeNode(ILjava/lang/Object;Ljava/lang/Object;ZZ)Ljava/util/HashMap$Node; @ 283 c2
Event: 56.996 Thread 0x00000170ab8a7570 DEOPT PACKING pc=0x0000017095d14558 sp=0x0000004d87bfefd0
Event: 56.996 Thread 0x00000170ab8a7570 DEOPT UNPACKING pc=0x000001709567a5a3 sp=0x0000004d87bfef48 mode 2
Event: 57.017 Thread 0x00000170a9101610 Uncommon trap: trap_request=0xffffff45 fr.pc=0x0000017095cfa280 relative=0x0000000000000060
Event: 57.017 Thread 0x00000170a9101610 Uncommon trap: reason=unstable_if action=reinterpret pc=0x0000017095cfa280 method=java.util.HashMap.values()Ljava/util/Collection; @ 6 c2
Event: 57.017 Thread 0x00000170a9101610 DEOPT PACKING pc=0x0000017095cfa280 sp=0x0000004d867fef10
Event: 57.017 Thread 0x00000170a9101610 DEOPT UNPACKING pc=0x000001709567a5a3 sp=0x0000004d867feea8 mode 2
Event: 57.017 Thread 0x00000170a9101610 Uncommon trap: trap_request=0xffffffde fr.pc=0x0000017095d195f0 relative=0x00000000000002d0
Event: 57.017 Thread 0x00000170a9101610 Uncommon trap: reason=class_check action=maybe_recompile pc=0x0000017095d195f0 method=jogamp.opengl.GLDrawableImpl.lockSurface()I @ 4 c2
Event: 57.017 Thread 0x00000170a9101610 DEOPT PACKING pc=0x0000017095d195f0 sp=0x0000004d867fee30
Event: 57.017 Thread 0x00000170a9101610 DEOPT UNPACKING pc=0x000001709567a5a3 sp=0x0000004d867fede8 mode 2
Event: 57.018 Thread 0x00000170a9101610 Uncommon trap: trap_request=0xffffffde fr.pc=0x0000017095d195f0 relative=0x00000000000002d0
Event: 57.018 Thread 0x00000170a9101610 Uncommon trap: reason=class_check action=maybe_recompile pc=0x0000017095d195f0 method=jogamp.opengl.GLDrawableImpl.lockSurface()I @ 4 c2
Event: 57.018 Thread 0x00000170a9101610 DEOPT PACKING pc=0x0000017095d195f0 sp=0x0000004d867fec30
Event: 57.018 Thread 0x00000170a9101610 DEOPT UNPACKING pc=0x000001709567a5a3 sp=0x0000004d867febe0 mode 2

Classes loaded (20 events):
Event: 2.051 Loading class jdk/internal/misc/ThreadTracker$ThreadRef
Event: 2.051 Loading class jdk/internal/misc/ThreadTracker$ThreadRef done
Event: 2.051 Loading class java/net/URL$2
Event: 2.051 Loading class java/net/URL$2 done
Event: 2.051 Loading class java/net/URL$1
Event: 2.051 Loading class java/net/URL$1 done
Event: 2.051 Loading class java/net/spi/URLStreamHandlerProvider
Event: 2.051 Loading class java/net/spi/URLStreamHandlerProvider done
Event: 2.495 Loading class java/util/regex/Pattern$LookBehindEndNode
Event: 2.495 Loading class java/util/regex/Pattern$LookBehindEndNode done
Event: 2.495 Loading class java/util/regex/Pattern$NotBehind
Event: 2.495 Loading class java/util/regex/Pattern$NotBehind done
Event: 2.495 Loading class java/util/regex/Pattern$Neg
Event: 2.495 Loading class java/util/regex/Pattern$Neg done
Event: 2.496 Loading class java/util/regex/Pattern$Pos
Event: 2.496 Loading class java/util/regex/Pattern$Pos done
Event: 2.504 Loading class java/util/regex/Pattern$SliceS
Event: 2.504 Loading class java/util/regex/Pattern$SliceS done
Event: 56.997 Loading class java/nio/channels/ClosedChannelException
Event: 56.997 Loading class java/nio/channels/ClosedChannelException done

Classes unloaded (0 events):
No events

Classes redefined (0 events):
No events

Internal exceptions (20 events):
Event: 0.296 Thread 0x00000170849afda0 Exception <a 'java/lang/NoSuchMethodError'{0x000000008cb28b10}: 'java.lang.Object java.lang.invoke.DirectMethodHandle$Holder.invokeStaticInit(java.lang.Object, int, int, int, int)'> (0x000000008cb28b10) 
thrown [s\open\src\hotspot\share\interpreter\linkResolver.cpp, line 774]
Event: 0.336 Thread 0x00000170849afda0 Exception <a 'java/lang/NoSuchMethodError'{0x000000008cbf8a60}: 'java.lang.Object java.lang.invoke.DirectMethodHandle$Holder.invokeStaticInit(java.lang.Object, java.lang.Object, int, int, int, int)'> (0x000000008cbf8a60) 
thrown [s\open\src\hotspot\share\interpreter\linkResolver.cpp, line 774]
Event: 0.342 Thread 0x00000170849afda0 Exception <a 'java/lang/NoSuchMethodError'{0x000000008ca026d0}: 'int java.lang.invoke.DirectMethodHandle$Holder.invokeSpecial(java.lang.Object, java.lang.Object, java.lang.Object)'> (0x000000008ca026d0) 
thrown [s\open\src\hotspot\share\interpreter\linkResolver.cpp, line 774]
Event: 0.358 Thread 0x00000170849afda0 Exception <a 'java/lang/NoSuchMethodError'{0x000000008ca12960}: 'void java.lang.invoke.DirectMethodHandle$Holder.invokeStatic(java.lang.Object, long)'> (0x000000008ca12960) 
thrown [s\open\src\hotspot\share\interpreter\linkResolver.cpp, line 774]
Event: 0.359 Thread 0x00000170849afda0 Exception <a 'java/lang/NoSuchMethodError'{0x000000008ca17f50}: 'java.lang.Object java.lang.invoke.DirectMethodHandle$Holder.newInvokeSpecial(java.lang.Object, long)'> (0x000000008ca17f50) 
thrown [s\open\src\hotspot\share\interpreter\linkResolver.cpp, line 774]
Event: 0.361 Thread 0x00000170849afda0 Exception <a 'java/lang/NoSuchMethodError'{0x000000008ca1f168}: 'java.lang.Object java.lang.invoke.DirectMethodHandle$Holder.invokeStatic(java.lang.Object, long, java.lang.Object)'> (0x000000008ca1f168) 
thrown [s\open\src\hotspot\share\interpreter\linkResolver.cpp, line 774]
Event: 0.361 Thread 0x00000170849afda0 Exception <a 'java/lang/NoSuchMethodError'{0x000000008ca22b98}: 'java.lang.Object java.lang.invoke.DirectMethodHandle$Holder.invokeStaticInit(java.lang.Object, long, java.lang.Object)'> (0x000000008ca22b98) 
thrown [s\open\src\hotspot\share\interpreter\linkResolver.cpp, line 774]
Event: 0.469 Thread 0x00000170849afda0 Exception <a 'java/lang/NoSuchMethodError'{0x000000008ca60f68}: 'int java.lang.invoke.DirectMethodHandle$Holder.invokeStatic(java.lang.Object)'> (0x000000008ca60f68) 
thrown [s\open\src\hotspot\share\interpreter\linkResolver.cpp, line 774]
Event: 0.469 Thread 0x00000170849afda0 Exception <a 'java/lang/NoSuchMethodError'{0x000000008ca64c98}: 'int java.lang.invoke.DelegatingMethodHandle$Holder.reinvoke_L(java.lang.Object)'> (0x000000008ca64c98) 
thrown [s\open\src\hotspot\share\interpreter\linkResolver.cpp, line 774]
Event: 0.501 Thread 0x00000170849afda0 Exception <a 'java/lang/NoSuchMethodError'{0x000000008c993970}: 'java.lang.Object java.lang.invoke.DirectMethodHandle$Holder.invokeInterface(java.lang.Object, java.lang.Object)'> (0x000000008c993970) 
thrown [s\open\src\hotspot\share\interpreter\linkResolver.cpp, line 774]
Event: 0.501 Thread 0x00000170849afda0 Exception <a 'java/lang/IncompatibleClassChangeError'{0x000000008c997210}: Found class java.lang.Object, but interface was expected> (0x000000008c997210) 
thrown [s\open\src\hotspot\share\interpreter\linkResolver.cpp, line 841]
Event: 0.752 Thread 0x00000170849afda0 Exception <a 'java/lang/NoSuchMethodError'{0x000000008c2e9690}: 'long java.lang.invoke.DelegatingMethodHandle$Holder.reinvoke_L(java.lang.Object, java.lang.Object)'> (0x000000008c2e9690) 
thrown [s\open\src\hotspot\share\interpreter\linkResolver.cpp, line 774]
Event: 0.753 Thread 0x00000170849afda0 Exception <a 'java/lang/NoSuchMethodError'{0x000000008c2f3c40}: 'void java.lang.invoke.DelegatingMethodHandle$Holder.reinvoke_L(java.lang.Object, java.lang.Object, long)'> (0x000000008c2f3c40) 
thrown [s\open\src\hotspot\share\interpreter\linkResolver.cpp, line 774]
Event: 1.316 Thread 0x00000170a9101610 Implicit null exception at 0x0000017095c0c503 to 0x0000017095c0c6f8
Event: 1.316 Thread 0x00000170a9101610 Exception <a 'java/lang/NoSuchMethodError'{0x000000008cc4a0a8}: 'void java.lang.invoke.DirectMethodHandle$Holder.invokeSpecial(java.lang.Object, java.lang.Object, java.lang.Object)'> (0x000000008cc4a0a8) 
thrown [s\open\src\hotspot\share\interpreter\linkResolver.cpp, line 774]
Event: 1.323 Thread 0x00000170a9101610 Exception <a 'java/lang/NoSuchMethodError'{0x000000008cc60fa0}: 'long java.lang.invoke.Invokers$Holder.invokeExact_MT(java.lang.Object, java.lang.Object, java.lang.Object)'> (0x000000008cc60fa0) 
thrown [s\open\src\hotspot\share\interpreter\linkResolver.cpp, line 774]
Event: 1.800 Thread 0x00000170a91000d0 Exception <a 'java/lang/NoSuchMethodError'{0x000000008c305f58}: 'java.lang.Object java.lang.invoke.DirectMethodHandle$Holder.invokeVirtual(java.lang.Object, java.lang.Object, java.lang.Object)'> (0x000000008c305f58) 
thrown [s\open\src\hotspot\share\interpreter\linkResolver.cpp, line 774]
Event: 1.997 Thread 0x00000170a91000d0 Implicit null exception at 0x0000017095c1424f to 0x0000017095c142d4
Event: 2.052 Thread 0x00000170a91000d0 Exception <a 'java/lang/ClassNotFoundException'{0x000000008c1e4d50}: sun/net/www/protocol/c/Handler> (0x000000008c1e4d50) 
thrown [s\open\src\hotspot\share\classfile\systemDictionary.cpp, line 255]
Event: 56.994 Thread 0x00000170a91010c0 Exception <a 'java/lang/InterruptedException'{0x000000008ef962f0}> (0x000000008ef962f0) 
thrown [s\open\src\hotspot\share\runtime\objectMonitor.cpp, line 1648]

VM Operations (20 events):
Event: 11.790 Executing VM operation: G1CollectForAllocation done
Event: 13.791 Executing VM operation: Cleanup
Event: 13.791 Executing VM operation: Cleanup done
Event: 18.794 Executing VM operation: Cleanup
Event: 18.795 Executing VM operation: Cleanup done
Event: 25.797 Executing VM operation: Cleanup
Event: 25.797 Executing VM operation: Cleanup done
Event: 32.800 Executing VM operation: Cleanup
Event: 32.801 Executing VM operation: Cleanup done
Event: 44.807 Executing VM operation: Cleanup
Event: 44.808 Executing VM operation: Cleanup done
Event: 46.808 Executing VM operation: Cleanup
Event: 46.808 Executing VM operation: Cleanup done
Event: 47.808 Executing VM operation: Cleanup
Event: 47.808 Executing VM operation: Cleanup done
Event: 48.809 Executing VM operation: Cleanup
Event: 48.809 Executing VM operation: Cleanup done
Event: 49.809 Executing VM operation: Cleanup
Event: 49.809 Executing VM operation: Cleanup done
Event: 57.097 Executing VM operation: Exit

Events (20 events):
Event: 1.654 Thread 0x00000170a91000d0 Thread added: 0x00000170a91000d0
Event: 1.655 Thread 0x00000170849afda0 Thread exited: 0x00000170849afda0
Event: 1.655 Thread 0x00000170a9100620 Thread added: 0x00000170a9100620
Event: 1.963 Thread 0x00000170ab8a9ff0 Thread added: 0x00000170ab8a9ff0
Event: 2.026 Thread 0x00000170ab8a3060 Thread added: 0x00000170ab8a3060
Event: 2.100 Thread 0x00000170ab85b800 Thread added: 0x00000170ab85b800
Event: 2.101 Thread 0x00000170ab8f6e60 Thread added: 0x00000170ab8f6e60
Event: 3.007 Thread 0x00000170ab8f6e60 Thread exited: 0x00000170ab8f6e60
Event: 3.509 Thread 0x00000170ab85b800 Thread exited: 0x00000170ab85b800
Event: 56.994 Thread 0x00000170ab8a7570 Thread added: 0x00000170ab8a7570
Event: 56.994 Thread 0x00000170a91010c0 Thread exited: 0x00000170a91010c0
Event: 56.994 Thread 0x00000170ab8a9aa0 Thread added: 0x00000170ab8a9aa0
Event: 56.995 Thread 0x00000170ab8a3b00 Thread added: 0x00000170ab8a3b00
Event: 56.996 Thread 0x00000170ab8a6580 Thread added: 0x00000170ab8a6580
Event: 56.997 Thread 0x00000170ab8a3b00 Thread exited: 0x00000170ab8a3b00
Event: 56.997 Thread 0x00000170a9100b70 Thread exited: 0x00000170a9100b70
Event: 56.999 Thread 0x00000170a9102b50 Thread exited: 0x00000170a9102b50
Event: 57.049 Thread 0x00000170a9101610 Thread exited: 0x00000170a9101610
Event: 57.055 Thread 0x00000170ab8a7570 Thread exited: 0x00000170ab8a7570
Event: 57.097 Thread 0x00000170ab8a9aa0 Thread exited: 0x00000170ab8a9aa0


Dynamic libraries:
0x00007ff6a34e0000 - 0x00007ff6a34f0000 	C:\Program Files\Java\jdk-19\bin\java.exe
0x00007ffbf89d0000 - 0x00007ffbf8bc8000 	C:\windows\SYSTEM32\ntdll.dll
0x00007ffbf8190000 - 0x00007ffbf824f000 	C:\windows\System32\KERNEL32.DLL
0x00007ffbf62e0000 - 0x00007ffbf65b2000 	C:\windows\System32\KERNELBASE.dll
0x00007ffbf61e0000 - 0x00007ffbf62e0000 	C:\windows\System32\ucrtbase.dll
0x00007ffbeb0e0000 - 0x00007ffbeb0f8000 	C:\Program Files\Java\jdk-19\bin\jli.dll
0x00007ffbf75e0000 - 0x00007ffbf768e000 	C:\windows\System32\ADVAPI32.dll
0x00007ffbf6c50000 - 0x00007ffbf6cee000 	C:\windows\System32\msvcrt.dll
0x00007ffbee060000 - 0x00007ffbee07b000 	C:\Program Files\Java\jdk-19\bin\VCRUNTIME140.dll
0x00007ffbf6d00000 - 0x00007ffbf6d9c000 	C:\windows\System32\sechost.dll
0x00007ffbf8060000 - 0x00007ffbf8184000 	C:\windows\System32\RPCRT4.dll
0x00007ffbf7760000 - 0x00007ffbf7901000 	C:\windows\System32\USER32.dll
0x00007ffbf6910000 - 0x00007ffbf6932000 	C:\windows\System32\win32u.dll
0x00007ffbda060000 - 0x00007ffbda2fa000 	C:\windows\WinSxS\amd64_microsoft.windows.common-controls_6595b64144ccf1df_6.0.19041.1110_none_60b5254171f9507e\COMCTL32.dll
0x00007ffbf85b0000 - 0x00007ffbf85db000 	C:\windows\System32\GDI32.dll
0x00007ffbf60d0000 - 0x00007ffbf61df000 	C:\windows\System32\gdi32full.dll
0x00007ffbf6680000 - 0x00007ffbf671d000 	C:\windows\System32\msvcp_win.dll
0x00007ffbe85b0000 - 0x00007ffbe85ba000 	C:\windows\SYSTEM32\VERSION.dll
0x00007ffbf8690000 - 0x00007ffbf86c0000 	C:\windows\System32\IMM32.DLL
0x00007ffbef580000 - 0x00007ffbef58c000 	C:\Program Files\Java\jdk-19\bin\vcruntime140_1.dll
0x00007ffbdcb00000 - 0x00007ffbdcb8e000 	C:\Program Files\Java\jdk-19\bin\msvcp140.dll
0x00007ffbaa360000 - 0x00007ffbab020000 	C:\Program Files\Java\jdk-19\bin\server\jvm.dll
0x00007ffbef0a0000 - 0x00007ffbef0a9000 	C:\windows\SYSTEM32\WSOCK32.dll
0x00007ffbd19a0000 - 0x00007ffbd19c7000 	C:\windows\SYSTEM32\WINMM.dll
0x00007ffbf6be0000 - 0x00007ffbf6c4b000 	C:\windows\System32\WS2_32.dll
0x00007ffbf4920000 - 0x00007ffbf4932000 	C:\windows\SYSTEM32\kernel.appcore.dll
0x00007ffbef0f0000 - 0x00007ffbef0fa000 	C:\Program Files\Java\jdk-19\bin\jimage.dll
0x00007ffbf3cb0000 - 0x00007ffbf3e94000 	C:\windows\SYSTEM32\DBGHELP.DLL
0x00007ffbd4c40000 - 0x00007ffbd4c75000 	C:\windows\SYSTEM32\dbgcore.DLL
0x00007ffbf6720000 - 0x00007ffbf67a2000 	C:\windows\System32\bcryptPrimitives.dll
0x00007ffbeb0b0000 - 0x00007ffbeb0d6000 	C:\Program Files\Java\jdk-19\bin\java.dll
0x00007ffbc2ca0000 - 0x00007ffbc2d77000 	C:\Program Files\Java\jdk-19\bin\jsvml.dll
0x00007ffbf6e90000 - 0x00007ffbf75d5000 	C:\windows\System32\SHELL32.dll
0x00007ffbf4170000 - 0x00007ffbf4902000 	C:\windows\SYSTEM32\windows.storage.dll
0x00007ffbf8250000 - 0x00007ffbf85a5000 	C:\windows\System32\combase.dll
0x00007ffbf5b30000 - 0x00007ffbf5b60000 	C:\windows\SYSTEM32\Wldp.dll
0x00007ffbf87f0000 - 0x00007ffbf889d000 	C:\windows\System32\SHCORE.dll
0x00007ffbf6da0000 - 0x00007ffbf6df5000 	C:\windows\System32\shlwapi.dll
0x00007ffbf6010000 - 0x00007ffbf602f000 	C:\windows\SYSTEM32\profapi.dll
0x00007ffbeb090000 - 0x00007ffbeb0a3000 	C:\Program Files\Java\jdk-19\bin\net.dll
0x00007ffbf05c0000 - 0x00007ffbf06ca000 	C:\windows\SYSTEM32\WINHTTP.dll
0x00007ffbf5890000 - 0x00007ffbf58fa000 	C:\windows\system32\mswsock.dll
0x00007ffbeacd0000 - 0x00007ffbeace6000 	C:\Program Files\Java\jdk-19\bin\nio.dll
0x00007ffbeacb0000 - 0x00007ffbeacc8000 	C:\Program Files\Java\jdk-19\bin\zip.dll
0x00007ffbb29a0000 - 0x00007ffbb2b31000 	C:\Program Files\Java\jdk-19\bin\awt.dll
0x00007ffbf88c0000 - 0x00007ffbf898d000 	C:\windows\System32\OLEAUT32.dll
0x00007ffbf3500000 - 0x00007ffbf3590000 	C:\windows\SYSTEM32\apphelp.dll
0x00007ffbf3690000 - 0x00007ffbf372e000 	C:\windows\system32\uxtheme.dll
0x00007ffbf7910000 - 0x00007ffbf7a24000 	C:\windows\System32\MSCTF.dll
0x00007ffbf86c0000 - 0x00007ffbf87ea000 	C:\windows\System32\ole32.dll
0x00007ffbf3a90000 - 0x00007ffbf3abf000 	C:\windows\system32\DWMAPI.DLL
0x00007ffbda880000 - 0x00007ffbda9a5000 	C:\windows\system32\opengl32.dll
0x00007ffbdee90000 - 0x00007ffbdeebc000 	C:\windows\SYSTEM32\GLU32.dll
0x00007ffbf5a80000 - 0x00007ffbf5a98000 	C:\windows\SYSTEM32\CRYPTSP.dll
0x00007ffbf5140000 - 0x00007ffbf5174000 	C:\windows\system32\rsaenh.dll
0x00007ffbf69f0000 - 0x00007ffbf6a17000 	C:\windows\System32\bcrypt.dll
0x00007ffbf5f90000 - 0x00007ffbf5fbe000 	C:\windows\SYSTEM32\USERENV.dll
0x00007ffbf5aa0000 - 0x00007ffbf5aac000 	C:\windows\SYSTEM32\CRYPTBASE.dll
0x00007ffbf5530000 - 0x00007ffbf556b000 	C:\windows\SYSTEM32\IPHLPAPI.DLL
0x00007ffbf7690000 - 0x00007ffbf7698000 	C:\windows\System32\NSI.dll
0x00007ffbe9da0000 - 0x00007ffbe9db7000 	C:\windows\SYSTEM32\dhcpcsvc6.DLL
0x00007ffbe9e60000 - 0x00007ffbe9e7d000 	C:\windows\SYSTEM32\dhcpcsvc.DLL
0x00007ffbf5570000 - 0x00007ffbf563b000 	C:\windows\SYSTEM32\DNSAPI.dll
0x000000006e8c0000 - 0x000000006e8cd000 	C:\Users\dmytr\AppData\Local\Temp\jogamp_0000\file_cache\jln6188864559007448441\jln7135383923032529881\natives\windows-amd64\gluegen_rt.dll
0x00007ffbeed70000 - 0x00007ffbeed77000 	C:\Program Files\Java\jdk-19\bin\jawt.dll
0x000000006a440000 - 0x000000006a44d000 	C:\Users\dmytr\AppData\Local\Temp\jogamp_0000\file_cache\jln6188864559007448441\jln7135383923032529881\natives\windows-amd64\nativewindow_awt.dll
0x000000006c100000 - 0x000000006c110000 	C:\Users\dmytr\AppData\Local\Temp\jogamp_0000\file_cache\jln6188864559007448441\jln7135383923032529881\natives\windows-amd64\nativewindow_win32.dll
0x0000000070d80000 - 0x0000000070d93000 	C:\Users\dmytr\AppData\Local\Temp\jogamp_0000\file_cache\jln6188864559007448441\jln7135383923032529881\natives\windows-amd64\newt_head.dll
0x00007ffbefbd0000 - 0x00007ffbefc7e000 	C:\windows\SYSTEM32\mscms.dll
0x00007ffbefbb0000 - 0x00007ffbefbc1000 	C:\windows\SYSTEM32\ColorAdapterClient.dll
0x00007ffbdc2c0000 - 0x00007ffbdc303000 	C:\windows\SYSTEM32\icm32.dll
0x00007ffbf7a40000 - 0x00007ffbf7ea8000 	C:\windows\System32\setupapi.dll
0x00007ffbf6630000 - 0x00007ffbf667e000 	C:\windows\System32\cfgmgr32.dll
0x00007ffbf5e80000 - 0x00007ffbf5eac000 	C:\windows\SYSTEM32\DEVOBJ.dll
0x00007ffbf65c0000 - 0x00007ffbf6629000 	C:\windows\System32\WINTRUST.dll
0x00007ffbf67b0000 - 0x00007ffbf6906000 	C:\windows\System32\CRYPT32.dll
0x00007ffbf5cc0000 - 0x00007ffbf5cd2000 	C:\windows\SYSTEM32\MSASN1.dll
0x0000000064500000 - 0x0000000064585000 	C:\Users\dmytr\AppData\Local\Temp\jogamp_0000\file_cache\jln6188864559007448441\jln7135383923032529881\natives\windows-amd64\jogl_desktop.dll
0x0000000064340000 - 0x0000000064391000 	C:\Users\dmytr\AppData\Local\Temp\jogamp_0000\file_cache\jln6188864559007448441\jln7135383923032529881\natives\windows-amd64\jogl_mobile.dll
0x00007ffbf85e0000 - 0x00007ffbf8689000 	C:\windows\System32\clbcatq.dll
0x00007ffbea780000 - 0x00007ffbea879000 	C:\Windows\System32\AppXDeploymentClient.dll
0x00007ffba93d0000 - 0x00007ffbaa35d000 	C:\windows\System32\DriverStore\FileRepository\iigd_dch.inf_amd64_04c961ba9d7827af\igxelpicd64.dll
0x00007ffbf4990000 - 0x00007ffbf4a83000 	C:\windows\system32\dxgi.dll
0x00007ffbacd20000 - 0x00007ffbad15c000 	C:\windows\System32\DriverStore\FileRepository\iigd_dch.inf_amd64_04c961ba9d7827af\igdml64.dll
0x00007ffbe7660000 - 0x00007ffbe7996000 	C:\windows\System32\DriverStore\FileRepository\iigd_dch.inf_amd64_04c961ba9d7827af\igdgmm64.dll
0x00007ffbe1f00000 - 0x00007ffbe4c8f000 	C:\windows\System32\DriverStore\FileRepository\iigd_dch.inf_amd64_04c961ba9d7827af\igc64.dll
0x00007ffbf5650000 - 0x00007ffbf569b000 	C:\windows\SYSTEM32\powrprof.dll
0x00007ffbf5510000 - 0x00007ffbf5522000 	C:\windows\SYSTEM32\UMPDC.dll
0x00007ffbdd680000 - 0x00007ffbdd779000 	C:\windows\SYSTEM32\textinputframework.dll
0x00007ffbf32d0000 - 0x00007ffbf33c2000 	C:\windows\System32\CoreMessaging.dll
0x00007ffbf2bf0000 - 0x00007ffbf2f4e000 	C:\windows\System32\CoreUIComponents.dll
0x00007ffbf5280000 - 0x00007ffbf52b3000 	C:\windows\SYSTEM32\ntmarta.dll
0x00007ffbf1b30000 - 0x00007ffbf1c84000 	C:\windows\SYSTEM32\wintypes.dll
0x00007ffbeae00000 - 0x00007ffbeae10000 	C:\Program Files\Java\jdk-19\bin\verify.dll
0x00007ffbeac50000 - 0x00007ffbeac62000 	C:\Program Files\Java\jdk-19\bin\jsound.dll
0x00007ffbb2cf0000 - 0x00007ffbb2d8c000 	C:\windows\SYSTEM32\DSOUND.dll
0x00007ffbd7470000 - 0x00007ffbd7496000 	C:\windows\SYSTEM32\winmmbase.dll
0x00007ffbedac0000 - 0x00007ffbedb45000 	C:\windows\System32\MMDevApi.dll
0x00007ffbdc270000 - 0x00007ffbdc2b6000 	C:\windows\SYSTEM32\wdmaud.drv
0x00007ffbf0c80000 - 0x00007ffbf0c8a000 	C:\windows\SYSTEM32\AVRT.dll
0x00007ffbef8f0000 - 0x00007ffbef8f9000 	C:\windows\SYSTEM32\ksuser.dll
0x00007ffbedb50000 - 0x00007ffbedcd2000 	C:\windows\SYSTEM32\AUDIOSES.DLL
0x00007ffbeac40000 - 0x00007ffbeac4d000 	C:\windows\SYSTEM32\msacm32.drv
0x00007ffbddcb0000 - 0x00007ffbddcce000 	C:\windows\SYSTEM32\MSACM32.dll
0x00007ffbdee80000 - 0x00007ffbdee8b000 	C:\windows\SYSTEM32\midimap.dll
0x00007ffbdd780000 - 0x00007ffbdd8c1000 	C:\Windows\System32\Windows.UI.dll
0x00007ffbf0510000 - 0x00007ffbf05b1000 	C:\Windows\System32\WindowManagementAPI.dll
0x00007ffbdd520000 - 0x00007ffbdd672000 	C:\Windows\System32\InputHost.dll
0x00007ffbeff70000 - 0x00007ffbf0170000 	C:\windows\SYSTEM32\twinapi.appcore.dll
0x00007ffbf1860000 - 0x00007ffbf1956000 	C:\Windows\System32\PROPSYS.dll
0x00007ffbf37b0000 - 0x00007ffbf37c4000 	C:\windows\SYSTEM32\resourcepolicyclient.dll

dbghelp: loaded successfully - version: 4.0.5 - missing functions: none
symbol engine: initialized successfully - sym options: 0x614 - pdb path: .;C:\Program Files\Java\jdk-19\bin;C:\windows\SYSTEM32;C:\windows\WinSxS\amd64_microsoft.windows.common-controls_6595b64144ccf1df_6.0.19041.1110_none_60b5254171f9507e;C:\Program Files\Java\jdk-19\bin\server;C:\Users\dmytr\AppData\Local\Temp\jogamp_0000\file_cache\jln6188864559007448441\jln7135383923032529881\natives\windows-amd64;C:\windows\System32\DriverStore\FileRepository\iigd_dch.inf_amd64_04c961ba9d7827af

VM Arguments:
java_command: ie.tudublin.Main
java_class_path (initial): ./bin;./lib/minim.jar;./lib/core.jar;./lib/jsminim.jar;./lib/mp3spi1.9.5.jar;./lib/tritonus_share.jar;./lib/tritonus_aos.jar;./lib/jl1.0.1.jar;./lib/sqlite-jdbc-3.23.1.jar;lib/jogl-all.jar;lib/gluegen-rt.jar;lib/gluegen-rt-natives-windows-amd64.jar;lib/gluegen-rt-natives-windows-i586.jar;lib/jogl-all-natives-windows-amd64.jar;lib/jogl-all-natives-windows-i586.jarlib/jogl-all.jar;lib/gluegen-rt.jar;lib/gluegen-rt-natives-windows-amd64.jar;lib/gluegen-rt-natives-windows-i586.jar;lib/jogl-all-natives-windows-amd64.jar;lib/jogl-all-natives-windows-i586.jar
Launcher Type: SUN_STANDARD

[Global flags]
     intx CICompilerCount                          = 4                                         {product} {ergonomic}
     uint ConcGCThreads                            = 2                                         {product} {ergonomic}
     uint G1ConcRefinementThreads                  = 8                                         {product} {ergonomic}
   size_t G1HeapRegionSize                         = 1048576                                   {product} {ergonomic}
    uintx GCDrainStackTargetSize                   = 64                                        {product} {ergonomic}
   size_t InitialHeapSize                          = 130023424                                 {product} {ergonomic}
   size_t MarkStackSize                            = 4194304                                   {product} {ergonomic}
   size_t MaxHeapSize                              = 2055208960                                {product} {ergonomic}
   size_t MaxNewSize                               = 1233125376                                {product} {ergonomic}
   size_t MinHeapDeltaBytes                        = 1048576                                   {product} {ergonomic}
   size_t MinHeapSize                              = 8388608                                   {product} {ergonomic}
    uintx NonNMethodCodeHeapSize                   = 5839372                                {pd product} {ergonomic}
    uintx NonProfiledCodeHeapSize                  = 122909434                              {pd product} {ergonomic}
    uintx ProfiledCodeHeapSize                     = 122909434                              {pd product} {ergonomic}
    uintx ReservedCodeCacheSize                    = 251658240                              {pd product} {ergonomic}
     bool SegmentedCodeCache                       = true                                      {product} {ergonomic}
   size_t SoftMaxHeapSize                          = 2055208960                             {manageable} {ergonomic}
     bool UseCompressedClassPointers               = true                           {product lp64_product} {ergonomic}
     bool UseCompressedOops                        = true                           {product lp64_product} {ergonomic}
     bool UseG1GC                                  = true                                      {product} {ergonomic}
     bool UseLargePagesIndividualAllocation        = false                                  {pd product} {ergonomic}

Logging:
Log output configuration:
 #0: stdout all=off uptime,level,tags foldmultilines=false
 #1: stderr all=off uptime,level,tags foldmultilines=false

Environment Variables:
PATH=C:\Users\dmytr\bin;C:\Program Files\Git\mingw64\bin;C:\Program Files\Git\usr\local\bin;C:\Program Files\Git\usr\bin;C:\Program Files\Git\usr\bin;C:\Program Files\Git\mingw64\bin;C:\Program Files\Git\usr\bin;C:\Users\dmytr\bin;C:\Program Files\Common Files\Oracle\Java\javapath;C:\Python310\Scripts;C:\Python310;C:\windows\system32;C:\windows;C:\windows\System32\Wbem;C:\windows\System32\WindowsPowerShell\v1.0;C:\windows\System32\OpenSSH;C:\ProgramData\chocolatey\bin;C:\Program Files\nodejs;C:\Program Files\GitHub CLI;C:\Program Files\PuTTY;C:\Program Files (x86)\Windows Kits\10\Windows Performance Toolkit;C:\msys64\mingw64\bin;C:\Program Files\dotnet;C:\Program Files\Git\cmd;C:\Users\dmytr\AppData\Local\Microsoft\WindowsApps;C:\Users\dmytr\AppData\Local\Programs\Microsoft VS Code\bin;C:\Users\dmytr\AppData\Roaming\npm;C:\Users\dmytr\AppData\Local\GitHubDesktop\bin;C:\Users\dmytr\Documents\Programming\Pycharm\PyCharm Community Edition 2022.3.1\bin;C:\Program Files\Git\usr\bin\vendor_perl;C:\Program Files\Git\usr\bin\core_perl
USERNAME=dmytr
SHELL=C:\Program Files\Git\usr\bin\bash.exe
DISPLAY=needs-to-be-defined
LANG=en_US.UTF-8
TERM=xterm
TMPDIR=C:\Users\dmytr\AppData\Local\Temp
OS=Windows_NT
PROCESSOR_IDENTIFIER=Intel64 Family 6 Model 140 Stepping 1, GenuineIntel
TMP=C:\Users\dmytr\AppData\Local\Temp
TEMP=C:\Users\dmytr\AppData\Local\Temp



---------------  S Y S T E M  ---------------

OS:
 Windows 10 , 64 bit Build 19041 (10.0.19041.2546)
OS uptime: 3 days 3:57 hours

CPU: total 8 (initial active 8) (4 cores per cpu, 2 threads per core) family 6 model 140 stepping 1 microcode 0x8a, cx8, cmov, fxsr, ht, mmx, 3dnowpref, sse, sse2, sse3, ssse3, sse4.1, sse4.2, popcnt, lzcnt, tsc, tscinvbit, avx, avx2, aes, erms, clmul, bmi1, bmi2, adx, avx512f, avx512dq, avx512cd, avx512bw, avx512vl, sha, fma, vzeroupper, avx512_vpopcntdq, avx512_vpclmulqdq, avx512_vaes, avx512_vnni, clflush, clflushopt, clwb, avx512_vbmi2, avx512_vbmi, rdtscp, rdpid, fsrm, gfni, avx512_bitalg

Memory: 4k page, system-wide physical 7834M (1619M free)
TotalPageFile size 11418M (AvailPageFile size 3465M)
current process WorkingSet (physical memory assigned to process): 430M, peak: 442M
current process commit charge ("private bytes"): 404M, peak: 453M

vm_info: Java HotSpot(TM) 64-Bit Server VM (19.0.2+7-44) for windows-amd64 JRE (19.0.2+7-44), built on 2022-11-30T18:02:09Z by "mach5one" with MS VC++ 17.1 (VS2022)

END.
