#
# A fatal error has been detected by the Java Runtime Environment:
#
#  EXCEPTION_ACCESS_VIOLATION (0xc0000005) at pc=0x00007ffba692b8f7, pid=1700, tid=17060
#
# JRE version: Java(TM) SE Runtime Environment (19.0.2+7) (build 19.0.2+7-44)
# Java VM: Java HotSpot(TM) 64-Bit Server VM (19.0.2+7-44, mixed mode, sharing, tiered, compressed oops, compressed class ptrs, g1 gc, windows-amd64)
# Problematic frame:
# C  [igxelpicd64.dll+0x28b8f7]
#
# No core dump will be written. Minidumps are not enabled by default on client versions of Windows
#
# If you would like to submit a bug report, please visit:
#   https://bugreport.java.com/bugreport/crash.jsp
#

---------------  S U M M A R Y ------------

Command Line: ie.tudublin.Main

Host: 11th Gen Intel(R) Core(TM) i5-1135G7 @ 2.40GHz, 8 cores, 7G,  Windows 10 , 64 bit Build 19041 (10.0.19041.2546)
Time: Sun Mar 19 00:27:49 2023 GMT Standard Time elapsed time: 6.883479 seconds (0d 0h 0m 6s)

---------------  T H R E A D  ---------------

Current thread (0x000001b379ef0b60):  VMThread "VM Thread" [stack: 0x00000027f3500000,0x00000027f3600000] [id=17060]

Stack: [0x00000027f3500000,0x00000027f3600000],  sp=0x00000027f35fe290,  free space=1016k
Native frames: (J=compiled Java code, j=interpreted, Vv=VM code, C=native code)
C  [igxelpicd64.dll+0x28b8f7]


siginfo: EXCEPTION_ACCESS_VIOLATION (0xc0000005), reading address 0x0000000000035448


Registers:
RAX=0x000001b30fc7cf60, RBX=0x000001b37e229720, RCX=0x0000000000000002, RDX=0x000001b30fc7cee0
RSP=0x00000027f35fe290, RBP=0x0000000000000000, RSI=0x0000000000000000, RDI=0x000001b30fc7cdf0
R8 =0x0000000000000000, R9 =0x0000000000000000, R10=0x0000000000000000, R11=0x0000000000000246
R12=0x000001b30fc7d328, R13=0x0000000000000000, R14=0x0000000000040200, R15=0x0000000000000016
RIP=0x00007ffba692b8f7, EFLAGS=0x0000000000010206


Register to memory mapping:

RIP=0x00007ffba692b8f7 igxelpicd64.dll
RAX=0x000001b30fc7cf60 points into unknown readable memory: 0x000000000003fe38 | 38 fe 03 00 00 00 00 00
RBX=0x000001b37e229720 points into unknown readable memory: 0x00007ffba7140000 | 00 00 14 a7 fb 7f 00 00
RCX=0x0000000000000002 is an unknown value
RDX=0x000001b30fc7cee0 points into unknown readable memory: 0x0000000000000000 | 00 00 00 00 00 00 00 00
RSP=0x00000027f35fe290 points into unknown readable memory: 0x000001b37e229720 | 20 97 22 7e b3 01 00 00
RBP=0x0 is NULL
RSI=0x0 is NULL
RDI=0x000001b30fc7cdf0 points into unknown readable memory: 0x000001b37eb7aaf0 | f0 aa b7 7e b3 01 00 00
R8 =0x0 is NULL
R9 =0x0 is NULL
R10=0x0 is NULL
R11=0x0000000000000246 is an unknown value
R12=0x000001b30fc7d328 points into unknown readable memory: 0x0000000000000000 | 00 00 00 00 00 00 00 00
R13=0x0 is NULL
R14=0x0000000000040200 is an unknown value
R15=0x0000000000000016 is an unknown value


Top of Stack: (sp=0x00000027f35fe290)
0x00000027f35fe290:   000001b37e229720 013d78ab00dbb2a9
0x00000027f35fe2a0:   0000000000000000 000010027a000004
0x00000027f35fe2b0:   000001b30f36dc78 0000000000040238
0x00000027f35fe2c0:   0000000000000000 0000000000000014
0x00000027f35fe2d0:   0000000000000000 0000000000000000
0x00000027f35fe2e0:   00000027f35fe3f0 00007ffba6922315
0x00000027f35fe2f0:   000001b37eed5490 000001b37e229720
0x00000027f35fe300:   0000000000000000 000000007a000000
0x00000027f35fe310:   0000002700000b68 0000b80200430000
0x00000027f35fe320:   0000000000000000 007ed8da014411d9
0x00000027f35fe330:   0000000000000000 000000007a000004
0x00000027f35fe340:   0122d5df01c6a8df 0000000000000000
0x00000027f35fe350:   0000258011000001 013016e704000400
0x00000027f35fe360:   0000258011000001 00a78ae904000000
0x00000027f35fe370:   014e0ef000f5d1e9 01439ff100dd3af0
0x00000027f35fe380:   014089f3008cc7f2 005e74f4012806f4 

Instructions: (pc=0x00007ffba692b8f7)
0x00007ffba692b7f7:   56 41 57 48 83 ec 20 45 8a e9 48 8b da 48 8b f1
0x00007ffba692b807:   48 8b 15 32 62 c4 00 48 8d 48 08 e8 0d 07 dc ff
0x00007ffba692b817:   90 48 8b ab 80 02 00 00 48 8b 05 7a 6b b4 00 44
0x00007ffba692b827:   8b b8 b8 0a 00 00 45 33 d2 45 8a f2 4c 89 93 80
0x00007ffba692b837:   02 00 00 44 89 93 88 02 00 00 4c 89 93 a0 02 00
0x00007ffba692b847:   00 4c 89 93 90 02 00 00 48 85 f6 75 38 8b 3d 0e
0x00007ffba692b857:   39 c4 00 65 48 8b 04 25 58 00 00 00 b9 14 00 00
0x00007ffba692b867:   00 48 8b 04 f8 44 38 14 01 0f 84 01 02 00 00 65
0x00007ffba692b877:   48 8b 04 25 58 00 00 00 be 20 00 00 00 48 8b 04
0x00007ffba692b887:   f8 48 8b 34 06 48 3b 35 0d 5d c4 00 45 0f 44 fa
0x00007ffba692b897:   48 85 ed 0f 84 a9 00 00 00 44 8a 6c 24 70 48 8b
0x00007ffba692b8a7:   fd 4c 8d a5 38 05 00 00 49 8b 2c 24 45 84 ed 0f
0x00007ffba692b8b7:   85 a1 01 00 00 8b 8b d0 01 00 00 48 8b 05 d7 6a
0x00007ffba692b8c7:   b4 00 83 b8 64 03 00 00 02 75 32 48 8d 97 f0 00
0x00007ffba692b8d7:   00 00 83 f9 10 0f 83 a2 00 00 00 8b c1 48 c1 e0
0x00007ffba692b8e7:   06 48 03 c2 48 85 c0 0f 85 87 00 00 00 4d 8b c2
0x00007ffba692b8f7:   4c 3b 86 48 54 03 00 0f 87 75 15 6e 00 4c 39 97
0x00007ffba692b907:   90 05 00 00 0f 85 b3 16 6e 00 4c 8b cf 4c 8b c3
0x00007ffba692b917:   e8 34 b3 72 00 84 c0 0f 85 b8 00 00 00 48 8b d7
0x00007ffba692b927:   48 8b cb e8 91 f9 ff ff 45 33 d2 48 85 ed 0f 85
0x00007ffba692b937:   6a ff ff ff 45 84 f6 44 8a 6c 24 78 0f 85 a3 16
0x00007ffba692b947:   6e 00 48 8b cb 45 84 ed 0f 85 18 01 00 00 e8 86
0x00007ffba692b957:   f6 ff ff 90 48 8b 4c 24 60 48 8b 5c 24 68 48 83
0x00007ffba692b967:   c4 20 41 5f 41 5e 41 5d 41 5c 5f 5e 5d 48 ff 25
0x00007ffba692b977:   9d 37 80 00 4c 8b 40 08 e9 73 ff ff ff 44 8d 41
0x00007ffba692b987:   f0 41 8b c0 c1 e8 04 83 f8 03 72 1a 48 8b 82 18
0x00007ffba692b997:   04 00 00 48 85 c0 74 26 39 08 0f 84 ad 00 00 00
0x00007ffba692b9a7:   48 8b 40 48 eb ed 0f ae e8 41 83 e0 0f 4c 8b 8c
0x00007ffba692b9b7:   c2 00 04 00 00 4d 85 c9 0f 85 80 00 00 00 44 38
0x00007ffba692b9c7:   92 20 04 00 00 0f 84 22 ff ff ff 8b c1 83 e0 0f
0x00007ffba692b9d7:   e9 08 ff ff ff 48 8b 83 80 02 00 00 49 89 04 24
0x00007ffba692b9e7:   48 89 bb 80 02 00 00 ff 83 88 02 00 00 48 8b 4f 


Stack slot to memory mapping:
stack at sp + 0 slots: 0x000001b37e229720 points into unknown readable memory: 0x00007ffba7140000 | 00 00 14 a7 fb 7f 00 00
stack at sp + 1 slots: 0x013d78ab00dbb2a9 is an unknown value
stack at sp + 2 slots: 0x0 is NULL
stack at sp + 3 slots: 0x000010027a000004 is an unknown value
stack at sp + 4 slots: 0x000001b30f36dc78 points into unknown readable memory: 0x0000000000040000 | 00 00 04 00 00 00 00 00
stack at sp + 5 slots: 0x0000000000040238 is an unknown value
stack at sp + 6 slots: 0x0 is NULL
stack at sp + 7 slots: 0x0000000000000014 is an unknown value

VM_Operation (0x00000027f52fe860): Exit, mode: safepoint, requested by thread 0x000001b37e1dbd20


---------------  P R O C E S S  ---------------

Threads class SMR info:
_java_thread_list=0x000001b30ffc5b80, length=18, elements={
0x000001b379f09a50, 0x000001b379f0a470, 0x000001b379f0cfe0, 0x000001b379f0da00,
0x000001b379f0ebc0, 0x000001b379f15510, 0x000001b379f17a60, 0x000001b379f18b70,
0x000001b379f1f1e0, 0x000001b37e1dc7c0, 0x000001b37e1da290, 0x000001b37e1dc270,
0x000001b37e1dd260, 0x000001b37e1dbd20, 0x000001b37e1db7d0, 0x000001b37e1dcd10,
0x000001b31b52fea0, 0x000001b31b52e410
}

Java Threads: ( => current thread )
  0x000001b379f09a50 JavaThread "Reference Handler" daemon [_thread_blocked, id=4248, stack(0x00000027f3600000,0x00000027f3700000)]
  0x000001b379f0a470 JavaThread "Finalizer" daemon [_thread_blocked, id=11428, stack(0x00000027f3700000,0x00000027f3800000)]
  0x000001b379f0cfe0 JavaThread "Signal Dispatcher" daemon [_thread_blocked, id=6012, stack(0x00000027f3800000,0x00000027f3900000)]
  0x000001b379f0da00 JavaThread "Attach Listener" daemon [_thread_blocked, id=4940, stack(0x00000027f3900000,0x00000027f3a00000)]
  0x000001b379f0ebc0 JavaThread "Service Thread" daemon [_thread_blocked, id=8548, stack(0x00000027f3a00000,0x00000027f3b00000)]
  0x000001b379f15510 JavaThread "Monitor Deflation Thread" daemon [_thread_blocked, id=5788, stack(0x00000027f3b00000,0x00000027f3c00000)]
  0x000001b379f17a60 JavaThread "C2 CompilerThread0" daemon [_thread_blocked, id=15580, stack(0x00000027f3c00000,0x00000027f3d00000)]
  0x000001b379f18b70 JavaThread "C1 CompilerThread0" daemon [_thread_blocked, id=10312, stack(0x00000027f3d00000,0x00000027f3e00000)]
  0x000001b379f1f1e0 JavaThread "Sweeper thread" daemon [_thread_blocked, id=8856, stack(0x00000027f3e00000,0x00000027f3f00000)]
  0x000001b37e1dc7c0 JavaThread "Notification Thread" daemon [_thread_blocked, id=8260, stack(0x00000027f3f00000,0x00000027f4000000)]
  0x000001b37e1da290 JavaThread "Common-Cleaner" daemon [_thread_blocked, id=3488, stack(0x00000027f4100000,0x00000027f4200000)]
  0x000001b37e1dc270 JavaThread "Java2D Disposer" daemon [_thread_blocked, id=9620, stack(0x00000027f4200000,0x00000027f4300000)]
  0x000001b37e1dd260 JavaThread "HighResTimerThread" daemon [_thread_blocked, id=16548, stack(0x00000027f4300000,0x00000027f4400000)]
  0x000001b37e1dbd20 JavaThread "main-FPSAWTAnimator#00-Timer0" [_thread_blocked, id=13656, stack(0x00000027f5200000,0x00000027f5300000)]
  0x000001b37e1db7d0 JavaThread "DestroyJavaVM" [_thread_blocked, id=2184, stack(0x00000027f2f00000,0x00000027f3000000)]
  0x000001b37e1dcd10 JavaThread "Java Sound Event Dispatcher" daemon [_thread_blocked, id=10968, stack(0x00000027f5600000,0x00000027f5700000)]
  0x000001b31b52fea0 JavaThread "Thread-4" [_thread_blocked, id=8632, stack(0x00000027f5a00000,0x00000027f5b00000)]
  0x000001b31b52e410 JavaThread "AWT-Shutdown" [_thread_blocked, id=5660, stack(0x00000027f4500000,0x00000027f4600000)]

Other Threads:
=>0x000001b379ef0b60 VMThread "VM Thread" [stack: 0x00000027f3500000,0x00000027f3600000] [id=17060]
  0x000001b368a0f450 WorkerThread "GC Thread#0" [stack: 0x00000027f3000000,0x00000027f3100000] [id=8760]
  0x000001b37ef778f0 WorkerThread "GC Thread#1" [stack: 0x00000027f4b00000,0x00000027f4c00000] [id=15856]
  0x000001b37ef77080 WorkerThread "GC Thread#2" [stack: 0x00000027f4c00000,0x00000027f4d00000] [id=15320]
  0x000001b37ef789d0 WorkerThread "GC Thread#3" [stack: 0x00000027f4d00000,0x00000027f4e00000] [id=12804]
  0x000001b37ef77bc0 WorkerThread "GC Thread#4" [stack: 0x00000027f4e00000,0x00000027f4f00000] [id=3156]
  0x000001b37ef77620 WorkerThread "GC Thread#5" [stack: 0x00000027f4f00000,0x00000027f5000000] [id=7004]
  0x000001b37ef77350 WorkerThread "GC Thread#6" [stack: 0x00000027f5000000,0x00000027f5100000] [id=4160]
  0x000001b37ef77e90 WorkerThread "GC Thread#7" [stack: 0x00000027f5100000,0x00000027f5200000] [id=13400]
  0x000001b368a20a60 ConcurrentGCThread "G1 Main Marker" terminated
  0x000001b368a21c30 WorkerThread "G1 Conc#0" [stack: 0x00000027f3200000,0x00000027f3300000] [id=12440]
  0x000001b368a7e9f0 ConcurrentGCThread "G1 Refine#0" terminated
  0x000001b379da79f0 ConcurrentGCThread "G1 Service" terminated

Threads with active compile tasks:

VM state: at safepoint (shutting down)

VM Mutex/Monitor currently owned by a thread:  ([mutex/lock_event])
[0x000001b3689ac6d0] Threads_lock - owner thread: 0x000001b379ef0b60
[0x000001b3689acc70] Heap_lock - owner thread: 0x000001b37e1dbd20

Heap address: 0x0000000085800000, size: 1960 MB, Compressed Oops mode: 32-bit

CDS archive(s) mapped at: [0x0000000800000000-0x0000000800c40000-0x0000000800c40000), size 12845056, SharedBaseAddress: 0x0000000800000000, ArchiveRelocationMode: 0.
Compressed class space mapped at: 0x0000000801000000-0x0000000841000000, reserved size: 1073741824
Narrow klass base: 0x0000000800000000, Narrow klass shift: 0, Narrow klass range: 0x100000000

GC Precious Log:
 CardTable entry size: 512
 Card Set container configuration: InlinePtr #cards 5 size 8 Array Of Cards #cards 12 size 40 Howl #buckets 4 coarsen threshold 1843 Howl Bitmap #cards 512 size 80 coarsen threshold 460 Card regions per heap region 1 cards per card region 2048
 CPUs: 8 total, 8 available
 Memory: 7834M
 Large Page Support: Disabled
 NUMA Support: Disabled
 Compressed Oops: Enabled (32-bit)
 Heap Region Size: 1M
 Heap Min Capacity: 8M
 Heap Initial Capacity: 124M
 Heap Max Capacity: 1960M
 Pre-touch: Disabled
 Parallel Workers: 8
 Concurrent Workers: 2
 Concurrent Refinement Workers: 8
 Periodic GC: Disabled

Heap:
 garbage-first heap   total 126976K, used 46123K [0x0000000085800000, 0x0000000100000000)
  region size 1024K, 27 young (27648K), 3 survivors (3072K)
 Metaspace       used 14164K, committed 14400K, reserved 1114112K
  class space    used 1043K, committed 1152K, reserved 1048576K

Heap Regions: E=young(eden), S=young(survivor), O=old, HS=humongous(starts), HC=humongous(continues), CS=collection set, F=free, OA=open archive, CA=closed archive, TAMS=top-at-mark-start (previous, next)
|   0|0x0000000085800000, 0x0000000085900000, 0x0000000085900000|100%|HS|  |TAMS 0x0000000085800000, 0x0000000085800000| Complete 
|   1|0x0000000085900000, 0x0000000085a00000, 0x0000000085a00000|100%|HS|  |TAMS 0x0000000085900000, 0x0000000085900000| Complete 
|   2|0x0000000085a00000, 0x0000000085b00000, 0x0000000085b00000|100%|HC|  |TAMS 0x0000000085a00000, 0x0000000085a00000| Complete 
|   3|0x0000000085b00000, 0x0000000085b0ac00, 0x0000000085c00000|  4%| O|  |TAMS 0x0000000085b00000, 0x0000000085b00000| Untracked 
|   4|0x0000000085c00000, 0x0000000085d00000, 0x0000000085d00000|100%|HS|  |TAMS 0x0000000085c00000, 0x0000000085c00000| Complete 
|   5|0x0000000085d00000, 0x0000000085e00000, 0x0000000085e00000|100%|HC|  |TAMS 0x0000000085d00000, 0x0000000085d00000| Complete 
|   6|0x0000000085e00000, 0x0000000085f00000, 0x0000000085f00000|100%|HC|  |TAMS 0x0000000085e00000, 0x0000000085e00000| Complete 
|   7|0x0000000085f00000, 0x0000000086000000, 0x0000000086000000|100%|HC|  |TAMS 0x0000000085f00000, 0x0000000085f00000| Complete 
|   8|0x0000000086000000, 0x0000000086100000, 0x0000000086100000|100%|HS|  |TAMS 0x0000000086000000, 0x0000000086000000| Complete 
|   9|0x0000000086100000, 0x0000000086200000, 0x0000000086200000|100%|HC|  |TAMS 0x0000000086100000, 0x0000000086100000| Complete 
|  10|0x0000000086200000, 0x0000000086300000, 0x0000000086300000|100%|HC|  |TAMS 0x0000000086200000, 0x0000000086200000| Complete 
|  11|0x0000000086300000, 0x0000000086400000, 0x0000000086400000|100%|HC|  |TAMS 0x0000000086300000, 0x0000000086300000| Complete 
|  12|0x0000000086400000, 0x0000000086500000, 0x0000000086500000|100%|HS|  |TAMS 0x0000000086400000, 0x0000000086400000| Complete 
|  13|0x0000000086500000, 0x0000000086600000, 0x0000000086600000|100%|HC|  |TAMS 0x0000000086500000, 0x0000000086500000| Complete 
|  14|0x0000000086600000, 0x0000000086700000, 0x0000000086700000|100%|HC|  |TAMS 0x0000000086600000, 0x0000000086600000| Complete 
|  15|0x0000000086700000, 0x0000000086800000, 0x0000000086800000|100%|HS|  |TAMS 0x0000000086700000, 0x0000000086700000| Complete 
|  16|0x0000000086800000, 0x0000000086900000, 0x0000000086900000|100%|HC|  |TAMS 0x0000000086800000, 0x0000000086800000| Complete 
|  17|0x0000000086900000, 0x0000000086a00000, 0x0000000086a00000|100%|HC|  |TAMS 0x0000000086900000, 0x0000000086900000| Complete 
|  18|0x0000000086a00000, 0x0000000086b00000, 0x0000000086b00000|100%|HC|  |TAMS 0x0000000086a00000, 0x0000000086a00000| Complete 
|  19|0x0000000086b00000, 0x0000000086c00000, 0x0000000086c00000|100%|HS|  |TAMS 0x0000000086b00000, 0x0000000086b00000| Complete 
|  20|0x0000000086c00000, 0x0000000086d00000, 0x0000000086d00000|100%|HC|  |TAMS 0x0000000086c00000, 0x0000000086c00000| Complete 
|  21|0x0000000086d00000, 0x0000000086d00000, 0x0000000086e00000|  0%| F|  |TAMS 0x0000000086d00000, 0x0000000086d00000| Untracked 
|  22|0x0000000086e00000, 0x0000000086e00000, 0x0000000086f00000|  0%| F|  |TAMS 0x0000000086e00000, 0x0000000086e00000| Untracked 
|  23|0x0000000086f00000, 0x0000000086f00000, 0x0000000087000000|  0%| F|  |TAMS 0x0000000086f00000, 0x0000000086f00000| Untracked 
|  24|0x0000000087000000, 0x0000000087000000, 0x0000000087100000|  0%| F|  |TAMS 0x0000000087000000, 0x0000000087000000| Untracked 
|  25|0x0000000087100000, 0x0000000087100000, 0x0000000087200000|  0%| F|  |TAMS 0x0000000087100000, 0x0000000087100000| Untracked 
|  26|0x0000000087200000, 0x0000000087200000, 0x0000000087300000|  0%| F|  |TAMS 0x0000000087200000, 0x0000000087200000| Untracked 
|  27|0x0000000087300000, 0x0000000087300000, 0x0000000087400000|  0%| F|  |TAMS 0x0000000087300000, 0x0000000087300000| Untracked 
|  28|0x0000000087400000, 0x0000000087400000, 0x0000000087500000|  0%| F|  |TAMS 0x0000000087400000, 0x0000000087400000| Untracked 
|  29|0x0000000087500000, 0x0000000087500000, 0x0000000087600000|  0%| F|  |TAMS 0x0000000087500000, 0x0000000087500000| Untracked 
|  30|0x0000000087600000, 0x0000000087600000, 0x0000000087700000|  0%| F|  |TAMS 0x0000000087600000, 0x0000000087600000| Untracked 
|  31|0x0000000087700000, 0x0000000087700000, 0x0000000087800000|  0%| F|  |TAMS 0x0000000087700000, 0x0000000087700000| Untracked 
|  32|0x0000000087800000, 0x0000000087800000, 0x0000000087900000|  0%| F|  |TAMS 0x0000000087800000, 0x0000000087800000| Untracked 
|  33|0x0000000087900000, 0x0000000087900000, 0x0000000087a00000|  0%| F|  |TAMS 0x0000000087900000, 0x0000000087900000| Untracked 
|  34|0x0000000087a00000, 0x0000000087a00000, 0x0000000087b00000|  0%| F|  |TAMS 0x0000000087a00000, 0x0000000087a00000| Untracked 
|  35|0x0000000087b00000, 0x0000000087b00000, 0x0000000087c00000|  0%| F|  |TAMS 0x0000000087b00000, 0x0000000087b00000| Untracked 
|  36|0x0000000087c00000, 0x0000000087c00000, 0x0000000087d00000|  0%| F|  |TAMS 0x0000000087c00000, 0x0000000087c00000| Untracked 
|  37|0x0000000087d00000, 0x0000000087d00000, 0x0000000087e00000|  0%| F|  |TAMS 0x0000000087d00000, 0x0000000087d00000| Untracked 
|  38|0x0000000087e00000, 0x0000000087e00000, 0x0000000087f00000|  0%| F|  |TAMS 0x0000000087e00000, 0x0000000087e00000| Untracked 
|  39|0x0000000087f00000, 0x0000000087f00000, 0x0000000088000000|  0%| F|  |TAMS 0x0000000087f00000, 0x0000000087f00000| Untracked 
|  40|0x0000000088000000, 0x0000000088000000, 0x0000000088100000|  0%| F|  |TAMS 0x0000000088000000, 0x0000000088000000| Untracked 
|  41|0x0000000088100000, 0x0000000088100000, 0x0000000088200000|  0%| F|  |TAMS 0x0000000088100000, 0x0000000088100000| Untracked 
|  42|0x0000000088200000, 0x0000000088200000, 0x0000000088300000|  0%| F|  |TAMS 0x0000000088200000, 0x0000000088200000| Untracked 
|  43|0x0000000088300000, 0x0000000088300000, 0x0000000088400000|  0%| F|  |TAMS 0x0000000088300000, 0x0000000088300000| Untracked 
|  44|0x0000000088400000, 0x0000000088400000, 0x0000000088500000|  0%| F|  |TAMS 0x0000000088400000, 0x0000000088400000| Untracked 
|  45|0x0000000088500000, 0x0000000088500000, 0x0000000088600000|  0%| F|  |TAMS 0x0000000088500000, 0x0000000088500000| Untracked 
|  46|0x0000000088600000, 0x0000000088600000, 0x0000000088700000|  0%| F|  |TAMS 0x0000000088600000, 0x0000000088600000| Untracked 
|  47|0x0000000088700000, 0x0000000088700000, 0x0000000088800000|  0%| F|  |TAMS 0x0000000088700000, 0x0000000088700000| Untracked 
|  48|0x0000000088800000, 0x0000000088800000, 0x0000000088900000|  0%| F|  |TAMS 0x0000000088800000, 0x0000000088800000| Untracked 
|  49|0x0000000088900000, 0x0000000088900000, 0x0000000088a00000|  0%| F|  |TAMS 0x0000000088900000, 0x0000000088900000| Untracked 
|  50|0x0000000088a00000, 0x0000000088a00000, 0x0000000088b00000|  0%| F|  |TAMS 0x0000000088a00000, 0x0000000088a00000| Untracked 
|  51|0x0000000088b00000, 0x0000000088b00000, 0x0000000088c00000|  0%| F|  |TAMS 0x0000000088b00000, 0x0000000088b00000| Untracked 
|  52|0x0000000088c00000, 0x0000000088c00000, 0x0000000088d00000|  0%| F|  |TAMS 0x0000000088c00000, 0x0000000088c00000| Untracked 
|  53|0x0000000088d00000, 0x0000000088d00000, 0x0000000088e00000|  0%| F|  |TAMS 0x0000000088d00000, 0x0000000088d00000| Untracked 
|  54|0x0000000088e00000, 0x0000000088e00000, 0x0000000088f00000|  0%| F|  |TAMS 0x0000000088e00000, 0x0000000088e00000| Untracked 
|  55|0x0000000088f00000, 0x0000000088f00000, 0x0000000089000000|  0%| F|  |TAMS 0x0000000088f00000, 0x0000000088f00000| Untracked 
|  56|0x0000000089000000, 0x0000000089000000, 0x0000000089100000|  0%| F|  |TAMS 0x0000000089000000, 0x0000000089000000| Untracked 
|  57|0x0000000089100000, 0x0000000089100000, 0x0000000089200000|  0%| F|  |TAMS 0x0000000089100000, 0x0000000089100000| Untracked 
|  58|0x0000000089200000, 0x0000000089200000, 0x0000000089300000|  0%| F|  |TAMS 0x0000000089200000, 0x0000000089200000| Untracked 
|  59|0x0000000089300000, 0x0000000089300000, 0x0000000089400000|  0%| F|  |TAMS 0x0000000089300000, 0x0000000089300000| Untracked 
|  60|0x0000000089400000, 0x0000000089400000, 0x0000000089500000|  0%| F|  |TAMS 0x0000000089400000, 0x0000000089400000| Untracked 
|  61|0x0000000089500000, 0x0000000089500000, 0x0000000089600000|  0%| F|  |TAMS 0x0000000089500000, 0x0000000089500000| Untracked 
|  62|0x0000000089600000, 0x0000000089600000, 0x0000000089700000|  0%| F|  |TAMS 0x0000000089600000, 0x0000000089600000| Untracked 
|  63|0x0000000089700000, 0x0000000089700000, 0x0000000089800000|  0%| F|  |TAMS 0x0000000089700000, 0x0000000089700000| Untracked 
|  64|0x0000000089800000, 0x0000000089800000, 0x0000000089900000|  0%| F|  |TAMS 0x0000000089800000, 0x0000000089800000| Untracked 
|  65|0x0000000089900000, 0x0000000089900000, 0x0000000089a00000|  0%| F|  |TAMS 0x0000000089900000, 0x0000000089900000| Untracked 
|  66|0x0000000089a00000, 0x0000000089a00000, 0x0000000089b00000|  0%| F|  |TAMS 0x0000000089a00000, 0x0000000089a00000| Untracked 
|  67|0x0000000089b00000, 0x0000000089b00000, 0x0000000089c00000|  0%| F|  |TAMS 0x0000000089b00000, 0x0000000089b00000| Untracked 
|  68|0x0000000089c00000, 0x0000000089c00000, 0x0000000089d00000|  0%| F|  |TAMS 0x0000000089c00000, 0x0000000089c00000| Untracked 
|  69|0x0000000089d00000, 0x0000000089d00000, 0x0000000089e00000|  0%| F|  |TAMS 0x0000000089d00000, 0x0000000089d00000| Untracked 
|  70|0x0000000089e00000, 0x0000000089e00000, 0x0000000089f00000|  0%| F|  |TAMS 0x0000000089e00000, 0x0000000089e00000| Untracked 
|  71|0x0000000089f00000, 0x0000000089f00000, 0x000000008a000000|  0%| F|  |TAMS 0x0000000089f00000, 0x0000000089f00000| Untracked 
|  72|0x000000008a000000, 0x000000008a000000, 0x000000008a100000|  0%| F|  |TAMS 0x000000008a000000, 0x000000008a000000| Untracked 
|  73|0x000000008a100000, 0x000000008a100000, 0x000000008a200000|  0%| F|  |TAMS 0x000000008a100000, 0x000000008a100000| Untracked 
|  74|0x000000008a200000, 0x000000008a200000, 0x000000008a300000|  0%| F|  |TAMS 0x000000008a200000, 0x000000008a200000| Untracked 
|  75|0x000000008a300000, 0x000000008a300000, 0x000000008a400000|  0%| F|  |TAMS 0x000000008a300000, 0x000000008a300000| Untracked 
|  76|0x000000008a400000, 0x000000008a400000, 0x000000008a500000|  0%| F|  |TAMS 0x000000008a400000, 0x000000008a400000| Untracked 
|  77|0x000000008a500000, 0x000000008a500000, 0x000000008a600000|  0%| F|  |TAMS 0x000000008a500000, 0x000000008a500000| Untracked 
|  78|0x000000008a600000, 0x000000008a600000, 0x000000008a700000|  0%| F|  |TAMS 0x000000008a600000, 0x000000008a600000| Untracked 
|  79|0x000000008a700000, 0x000000008a700000, 0x000000008a800000|  0%| F|  |TAMS 0x000000008a700000, 0x000000008a700000| Untracked 
|  80|0x000000008a800000, 0x000000008a800000, 0x000000008a900000|  0%| F|  |TAMS 0x000000008a800000, 0x000000008a800000| Untracked 
|  81|0x000000008a900000, 0x000000008a900000, 0x000000008aa00000|  0%| F|  |TAMS 0x000000008a900000, 0x000000008a900000| Untracked 
|  82|0x000000008aa00000, 0x000000008aa00000, 0x000000008ab00000|  0%| F|  |TAMS 0x000000008aa00000, 0x000000008aa00000| Untracked 
|  83|0x000000008ab00000, 0x000000008ab00000, 0x000000008ac00000|  0%| F|  |TAMS 0x000000008ab00000, 0x000000008ab00000| Untracked 
|  84|0x000000008ac00000, 0x000000008ac00000, 0x000000008ad00000|  0%| F|  |TAMS 0x000000008ac00000, 0x000000008ac00000| Untracked 
|  85|0x000000008ad00000, 0x000000008ad00000, 0x000000008ae00000|  0%| F|  |TAMS 0x000000008ad00000, 0x000000008ad00000| Untracked 
|  86|0x000000008ae00000, 0x000000008ae00000, 0x000000008af00000|  0%| F|  |TAMS 0x000000008ae00000, 0x000000008ae00000| Untracked 
|  87|0x000000008af00000, 0x000000008af00000, 0x000000008b000000|  0%| F|  |TAMS 0x000000008af00000, 0x000000008af00000| Untracked 
|  88|0x000000008b000000, 0x000000008b000000, 0x000000008b100000|  0%| F|  |TAMS 0x000000008b000000, 0x000000008b000000| Untracked 
|  89|0x000000008b100000, 0x000000008b100000, 0x000000008b200000|  0%| F|  |TAMS 0x000000008b100000, 0x000000008b100000| Untracked 
|  90|0x000000008b200000, 0x000000008b200000, 0x000000008b300000|  0%| F|  |TAMS 0x000000008b200000, 0x000000008b200000| Untracked 
|  91|0x000000008b300000, 0x000000008b300000, 0x000000008b400000|  0%| F|  |TAMS 0x000000008b300000, 0x000000008b300000| Untracked 
|  92|0x000000008b400000, 0x000000008b400000, 0x000000008b500000|  0%| F|  |TAMS 0x000000008b400000, 0x000000008b400000| Untracked 
|  93|0x000000008b500000, 0x000000008b500000, 0x000000008b600000|  0%| F|  |TAMS 0x000000008b500000, 0x000000008b500000| Untracked 
|  94|0x000000008b600000, 0x000000008b600000, 0x000000008b700000|  0%| F|  |TAMS 0x000000008b600000, 0x000000008b600000| Untracked 
|  95|0x000000008b700000, 0x000000008b700000, 0x000000008b800000|  0%| F|  |TAMS 0x000000008b700000, 0x000000008b700000| Untracked 
|  96|0x000000008b800000, 0x000000008b800000, 0x000000008b900000|  0%| F|  |TAMS 0x000000008b800000, 0x000000008b800000| Untracked 
|  97|0x000000008b900000, 0x000000008b9a7cc0, 0x000000008ba00000| 65%| E|  |TAMS 0x000000008b900000, 0x000000008b900000| Complete 
|  98|0x000000008ba00000, 0x000000008bb00000, 0x000000008bb00000|100%| S|CS|TAMS 0x000000008ba00000, 0x000000008ba00000| Complete 
|  99|0x000000008bb00000, 0x000000008bc00000, 0x000000008bc00000|100%| S|CS|TAMS 0x000000008bb00000, 0x000000008bb00000| Complete 
| 100|0x000000008bc00000, 0x000000008bd00000, 0x000000008bd00000|100%| S|CS|TAMS 0x000000008bc00000, 0x000000008bc00000| Complete 
| 101|0x000000008bd00000, 0x000000008be00000, 0x000000008be00000|100%| E|CS|TAMS 0x000000008bd00000, 0x000000008bd00000| Complete 
| 102|0x000000008be00000, 0x000000008bf00000, 0x000000008bf00000|100%| E|CS|TAMS 0x000000008be00000, 0x000000008be00000| Complete 
| 103|0x000000008bf00000, 0x000000008c000000, 0x000000008c000000|100%| E|CS|TAMS 0x000000008bf00000, 0x000000008bf00000| Complete 
| 104|0x000000008c000000, 0x000000008c100000, 0x000000008c100000|100%| E|CS|TAMS 0x000000008c000000, 0x000000008c000000| Complete 
| 105|0x000000008c100000, 0x000000008c200000, 0x000000008c200000|100%| E|CS|TAMS 0x000000008c100000, 0x000000008c100000| Complete 
| 106|0x000000008c200000, 0x000000008c300000, 0x000000008c300000|100%| E|  |TAMS 0x000000008c200000, 0x000000008c200000| Complete 
| 107|0x000000008c300000, 0x000000008c400000, 0x000000008c400000|100%| E|CS|TAMS 0x000000008c300000, 0x000000008c300000| Complete 
| 108|0x000000008c400000, 0x000000008c500000, 0x000000008c500000|100%| E|CS|TAMS 0x000000008c400000, 0x000000008c400000| Complete 
| 109|0x000000008c500000, 0x000000008c600000, 0x000000008c600000|100%| E|CS|TAMS 0x000000008c500000, 0x000000008c500000| Complete 
| 110|0x000000008c600000, 0x000000008c700000, 0x000000008c700000|100%| E|CS|TAMS 0x000000008c600000, 0x000000008c600000| Complete 
| 111|0x000000008c700000, 0x000000008c800000, 0x000000008c800000|100%| E|CS|TAMS 0x000000008c700000, 0x000000008c700000| Complete 
| 112|0x000000008c800000, 0x000000008c900000, 0x000000008c900000|100%| E|CS|TAMS 0x000000008c800000, 0x000000008c800000| Complete 
| 113|0x000000008c900000, 0x000000008ca00000, 0x000000008ca00000|100%| E|CS|TAMS 0x000000008c900000, 0x000000008c900000| Complete 
| 114|0x000000008ca00000, 0x000000008cb00000, 0x000000008cb00000|100%| E|CS|TAMS 0x000000008ca00000, 0x000000008ca00000| Complete 
| 115|0x000000008cb00000, 0x000000008cc00000, 0x000000008cc00000|100%| E|CS|TAMS 0x000000008cb00000, 0x000000008cb00000| Complete 
| 116|0x000000008cc00000, 0x000000008cd00000, 0x000000008cd00000|100%| E|CS|TAMS 0x000000008cc00000, 0x000000008cc00000| Complete 
| 117|0x000000008cd00000, 0x000000008ce00000, 0x000000008ce00000|100%| E|CS|TAMS 0x000000008cd00000, 0x000000008cd00000| Complete 
| 118|0x000000008ce00000, 0x000000008cf00000, 0x000000008cf00000|100%| E|CS|TAMS 0x000000008ce00000, 0x000000008ce00000| Complete 
| 119|0x000000008cf00000, 0x000000008d000000, 0x000000008d000000|100%| E|CS|TAMS 0x000000008cf00000, 0x000000008cf00000| Complete 
| 120|0x000000008d000000, 0x000000008d100000, 0x000000008d100000|100%| E|CS|TAMS 0x000000008d000000, 0x000000008d000000| Complete 
| 121|0x000000008d100000, 0x000000008d200000, 0x000000008d200000|100%| E|CS|TAMS 0x000000008d100000, 0x000000008d100000| Complete 
| 122|0x000000008d200000, 0x000000008d300000, 0x000000008d300000|100%| E|CS|TAMS 0x000000008d200000, 0x000000008d200000| Complete 
| 123|0x000000008d300000, 0x000000008d400000, 0x000000008d400000|100%| E|CS|TAMS 0x000000008d300000, 0x000000008d300000| Complete 

Card table byte_map: [0x000001b372f70000,0x000001b373350000] _byte_map_base: 0x000001b372b44000

Marking Bits (Prev, Next): (CMBitMap*) 0x000001b368a10a90, (CMBitMap*) 0x000001b368a10ad0
 Prev Bits: [0x000001b373730000, 0x000001b3755d0000)
 Next Bits: [0x000001b3755d0000, 0x000001b377470000)

Polling page: 0x000001b368a80000

Metaspace:

Usage:
  Non-class:     12.81 MB used.
      Class:      1.02 MB used.
       Both:     13.83 MB used.

Virtual space:
  Non-class space:       64.00 MB reserved,      12.94 MB ( 20%) committed,  1 nodes.
      Class space:        1.00 GB reserved,       1.12 MB ( <1%) committed,  1 nodes.
             Both:        1.06 GB reserved,      14.06 MB (  1%) committed. 

Chunk freelists:
   Non-Class:  2.12 MB
       Class:  2.82 MB
        Both:  4.94 MB

MaxMetaspaceSize: unlimited
CompressedClassSpaceSize: 1.00 GB
Initial GC threshold: 21.00 MB
Current GC threshold: 21.00 MB
CDS: on
MetaspaceReclaimPolicy: balanced
 - commit_granule_bytes: 65536.
 - commit_granule_words: 8192.
 - virtual_space_node_default_size: 8388608.
 - enlarge_chunks_in_place: 1.
 - new_chunks_are_fully_committed: 0.
 - uncommit_free_chunks: 1.
 - use_allocation_guard: 0.


Internal statistics:

num_allocs_failed_limit: 0.
num_arena_births: 200.
num_arena_deaths: 0.
num_vsnodes_births: 2.
num_vsnodes_deaths: 0.
num_space_committed: 221.
num_space_uncommitted: 0.
num_chunks_returned_to_freelist: 0.
num_chunks_taken_from_freelist: 497.
num_chunk_merges: 0.
num_chunk_splits: 389.
num_chunks_enlarged: 312.
num_inconsistent_stats: 0.

CodeHeap 'non-profiled nmethods': size=120000Kb used=668Kb max_used=668Kb free=119332Kb
 bounds [0x000001b307ad0000, 0x000001b307d40000, 0x000001b30f000000]
CodeHeap 'profiled nmethods': size=120000Kb used=3237Kb max_used=3237Kb free=116762Kb
 bounds [0x000001b300000000, 0x000001b300330000, 0x000001b307530000]
CodeHeap 'non-nmethods': size=5760Kb used=1648Kb max_used=1674Kb free=4111Kb
 bounds [0x000001b307530000, 0x000001b3077a0000, 0x000001b307ad0000]
 total_blobs=2725 nmethods=1763 adapters=873
 compilation: enabled
              stopped_count=0, restarted_count=0
 full_count=0

Compilation events (20 events):
Event: 6.688 Thread 0x000001b379f18b70 1746       3       processing.core.PApplet::background (24 bytes)
Event: 6.688 Thread 0x000001b379f18b70 nmethod 1746 0x000001b30031fc10 code [0x000001b30031fe00, 0x000001b300320438]
Event: 6.688 Thread 0x000001b379f18b70 1747       3       c21376161.Dima::Visual (255 bytes)
Event: 6.690 Thread 0x000001b379f18b70 nmethod 1747 0x000001b300320610 code [0x000001b300320d20, 0x000001b3003243a8]
Event: 6.701 Thread 0x000001b379f18b70 1755       3       processing.opengl.PGraphicsOpenGL::lineBufferContextIsOutdated (20 bytes)
Event: 6.701 Thread 0x000001b379f18b70 nmethod 1755 0x000001b300325210 code [0x000001b3003253c0, 0x000001b3003256b8]
Event: 6.745 Thread 0x000001b379f18b70 1757  s    3       ddf.minim.SignalSplitter::samples (78 bytes)
Event: 6.745 Thread 0x000001b379f18b70 nmethod 1757 0x000001b300325790 code [0x000001b3003259e0, 0x000001b300326538]
Event: 6.745 Thread 0x000001b379f18b70 1758       3       ddf.minim.StereoBuffer::samples (33 bytes)
Event: 6.745 Thread 0x000001b379f18b70 nmethod 1758 0x000001b300326a10 code [0x000001b300326be0, 0x000001b300326e98]
Event: 6.745 Thread 0x000001b379f18b70 1759       3       ddf.minim.Controller::update (133 bytes)
Event: 6.746 Thread 0x000001b379f18b70 nmethod 1759 0x000001b300327010 code [0x000001b300327280, 0x000001b300327b98]
Event: 6.746 Thread 0x000001b379f18b70 1760       3       ddf.minim.javasound.FloatSampleBuffer::convertToByteArray (13 bytes)
Event: 6.746 Thread 0x000001b379f18b70 nmethod 1760 0x000001b300327e10 code [0x000001b300327fc0, 0x000001b300328148]
Event: 6.746 Thread 0x000001b379f18b70 1761       3       ddf.minim.javasound.FloatSampleBuffer::convertToByteArray (135 bytes)
Event: 6.746 Thread 0x000001b379f18b70 nmethod 1761 0x000001b300328210 code [0x000001b300328440, 0x000001b300328df8]
Event: 6.746 Thread 0x000001b379f18b70 1762       3       ddf.minim.javasound.FloatSampleBuffer::getConvertDitherBits (75 bytes)
Event: 6.746 Thread 0x000001b379f18b70 nmethod 1762 0x000001b300329090 code [0x000001b300329260, 0x000001b300329518]
Event: 6.786 Thread 0x000001b379f17a60 1763       4       java.lang.invoke.MethodType::checkSlotCount (33 bytes)
Event: 6.786 Thread 0x000001b379f17a60 nmethod 1763 0x000001b307b76d10 code [0x000001b307b76e80, 0x000001b307b76ef8]

GC Heap History (2 events):
Event: 1.338 GC heap before
{Heap before GC invocations=0 (full 0):
 garbage-first heap   total 126976K, used 25600K [0x0000000085800000, 0x0000000100000000)
  region size 1024K, 23 young (23552K), 0 survivors (0K)
 Metaspace       used 11604K, committed 11904K, reserved 1114112K
  class space    used 807K, committed 960K, reserved 1048576K
}
Event: 1.351 GC heap after
{Heap after GC invocations=1 (full 0):
 garbage-first heap   total 126976K, used 3115K [0x0000000085800000, 0x0000000100000000)
  region size 1024K, 3 young (3072K), 3 survivors (3072K)
 Metaspace       used 11604K, committed 11904K, reserved 1114112K
  class space    used 807K, committed 960K, reserved 1048576K
}

Dll operation events (16 events):
Event: 0.006 Loaded shared library C:\Program Files\Java\jdk-19\bin\java.dll
Event: 0.016 Loaded shared library C:\Program Files\Java\jdk-19\bin\jsvml.dll
Event: 0.063 Loaded shared library C:\Program Files\Java\jdk-19\bin\net.dll
Event: 0.065 Loaded shared library C:\Program Files\Java\jdk-19\bin\nio.dll
Event: 0.069 Loaded shared library C:\Program Files\Java\jdk-19\bin\zip.dll
Event: 0.120 Loaded shared library C:\Program Files\Java\jdk-19\bin\jimage.dll
Event: 0.125 Loaded shared library C:\Program Files\Java\jdk-19\bin\awt.dll
Event: 0.503 Loaded shared library C:\Users\dmytr\AppData\Local\Temp\jogamp_0000\file_cache\jln18417834069687675271\jln525534129422305935\natives\windows-amd64\gluegen_rt.dll
Event: 0.513 Loaded shared library C:\Program Files\Java\jdk-19\bin\jawt.dll
Event: 0.531 Loaded shared library C:\Users\dmytr\AppData\Local\Temp\jogamp_0000\file_cache\jln18417834069687675271\jln525534129422305935\natives\windows-amd64\nativewindow_awt.dll
Event: 0.564 Loaded shared library C:\Users\dmytr\AppData\Local\Temp\jogamp_0000\file_cache\jln18417834069687675271\jln525534129422305935\natives\windows-amd64\nativewindow_win32.dll
Event: 0.577 Loaded shared library C:\Users\dmytr\AppData\Local\Temp\jogamp_0000\file_cache\jln18417834069687675271\jln525534129422305935\natives\windows-amd64\newt_head.dll
Event: 0.827 Loaded shared library C:\Users\dmytr\AppData\Local\Temp\jogamp_0000\file_cache\jln18417834069687675271\jln525534129422305935\natives\windows-amd64\jogl_desktop.dll
Event: 1.056 Loaded shared library C:\Users\dmytr\AppData\Local\Temp\jogamp_0000\file_cache\jln18417834069687675271\jln525534129422305935\natives\windows-amd64\jogl_mobile.dll
Event: 2.023 Loaded shared library C:\Program Files\Java\jdk-19\bin\verify.dll
Event: 2.077 Loaded shared library C:\Program Files\Java\jdk-19\bin\jsound.dll

Deoptimization events (20 events):
Event: 2.256 Thread 0x000001b37e1dbd20 Uncommon trap: trap_request=0xffffff45 fr.pc=0x000001b307b1bc2c relative=0x000000000000040c
Event: 2.256 Thread 0x000001b37e1dbd20 Uncommon trap: reason=unstable_if action=reinterpret pc=0x000001b307b1bc2c method=java.lang.AbstractStringBuilder.isLatin1()Z @ 10 c2
Event: 2.256 Thread 0x000001b37e1dbd20 DEOPT PACKING pc=0x000001b307b1bc2c sp=0x00000027f52fe690
Event: 2.256 Thread 0x000001b37e1dbd20 DEOPT UNPACKING pc=0x000001b30759a5a3 sp=0x00000027f52fe518 mode 2
Event: 2.852 Thread 0x000001b31b52fea0 DEOPT PACKING pc=0x000001b30027ed1c sp=0x00000027f5aff070
Event: 2.852 Thread 0x000001b31b52fea0 DEOPT UNPACKING pc=0x000001b30759b0e3 sp=0x00000027f5afe510 mode 0
Event: 3.084 Thread 0x000001b37e1dbd20 DEOPT PACKING pc=0x000001b300287b57 sp=0x00000027f52fe8f0
Event: 3.084 Thread 0x000001b37e1dbd20 DEOPT UNPACKING pc=0x000001b30759b0e3 sp=0x00000027f52fdd68 mode 0
Event: 3.422 Thread 0x000001b31b52fea0 DEOPT PACKING pc=0x000001b30028b20d sp=0x00000027f5afef80
Event: 3.422 Thread 0x000001b31b52fea0 DEOPT UNPACKING pc=0x000001b30759b0e3 sp=0x00000027f5afe4c8 mode 0
Event: 4.566 Thread 0x000001b31b52fea0 DEOPT PACKING pc=0x000001b3002ac5ea sp=0x00000027f5aff110
Event: 4.566 Thread 0x000001b31b52fea0 DEOPT UNPACKING pc=0x000001b30759b0e3 sp=0x00000027f5afe5c0 mode 0
Event: 5.683 Thread 0x000001b37e1dbd20 DEOPT PACKING pc=0x000001b3002c38fb sp=0x00000027f52fe870
Event: 5.683 Thread 0x000001b37e1dbd20 DEOPT UNPACKING pc=0x000001b30759b0e3 sp=0x00000027f52fdd40 mode 0
Event: 5.683 Thread 0x000001b37e1dbd20 DEOPT PACKING pc=0x000001b3002c540d sp=0x00000027f52fe9f0
Event: 5.683 Thread 0x000001b37e1dbd20 DEOPT UNPACKING pc=0x000001b30759b0e3 sp=0x00000027f52fdea8 mode 0
Event: 5.716 Thread 0x000001b37e1dbd20 DEOPT PACKING pc=0x000001b3002c5c25 sp=0x00000027f52fe8f0
Event: 5.716 Thread 0x000001b37e1dbd20 DEOPT UNPACKING pc=0x000001b30759b0e3 sp=0x00000027f52fdda0 mode 0
Event: 5.950 Thread 0x000001b37e1dbd20 DEOPT PACKING pc=0x000001b3002c4323 sp=0x00000027f52fea10
Event: 5.950 Thread 0x000001b37e1dbd20 DEOPT UNPACKING pc=0x000001b30759b0e3 sp=0x00000027f52fdec8 mode 0

Classes loaded (20 events):
Event: 2.210 Loading class com/sun/media/sound/DirectAudioDevice$DirectDL$Pan
Event: 2.210 Loading class com/sun/media/sound/DirectAudioDevice$DirectDL$Pan done
Event: 2.210 Loading class javax/sound/sampled/LineEvent
Event: 2.210 Loading class javax/sound/sampled/LineEvent done
Event: 2.210 Loading class javax/sound/sampled/LineEvent$Type
Event: 2.210 Loading class javax/sound/sampled/LineEvent$Type done
Event: 2.210 Loading class com/sun/media/sound/EventDispatcher
Event: 2.211 Loading class com/sun/media/sound/EventDispatcher done
Event: 2.350 Loading class java/util/regex/Pattern$LookBehindEndNode
Event: 2.350 Loading class java/util/regex/Pattern$LookBehindEndNode done
Event: 2.351 Loading class java/util/regex/Pattern$NotBehind
Event: 2.351 Loading class java/util/regex/Pattern$NotBehind done
Event: 2.351 Loading class java/util/regex/Pattern$Neg
Event: 2.351 Loading class java/util/regex/Pattern$Neg done
Event: 2.352 Loading class java/util/regex/Pattern$Pos
Event: 2.352 Loading class java/util/regex/Pattern$Pos done
Event: 2.377 Loading class java/util/regex/Pattern$SliceS
Event: 2.377 Loading class java/util/regex/Pattern$SliceS done
Event: 6.752 Loading class java/nio/channels/ClosedChannelException
Event: 6.752 Loading class java/nio/channels/ClosedChannelException done

Classes unloaded (0 events):
No events

Classes redefined (0 events):
No events

Internal exceptions (20 events):
Event: 0.174 Thread 0x000001b3689b0940 Exception <a 'java/lang/NoSuchMethodError'{0x000000008d0ae520}: 'java.lang.Object java.lang.invoke.DirectMethodHandle$Holder.invokeStaticInit(java.lang.Object)'> (0x000000008d0ae520) 
thrown [s\open\src\hotspot\share\interpreter\linkResolver.cpp, line 774]
Event: 0.292 Thread 0x000001b3689b0940 Exception <a 'java/lang/NoSuchMethodError'{0x000000008cb277a8}: 'java.lang.Object java.lang.invoke.DirectMethodHandle$Holder.invokeStaticInit(java.lang.Object, int, int, int, int)'> (0x000000008cb277a8) 
thrown [s\open\src\hotspot\share\interpreter\linkResolver.cpp, line 774]
Event: 0.332 Thread 0x000001b3689b0940 Exception <a 'java/lang/NoSuchMethodError'{0x000000008cbf6698}: 'java.lang.Object java.lang.invoke.DirectMethodHandle$Holder.invokeStaticInit(java.lang.Object, java.lang.Object, int, int, int, int)'> (0x000000008cbf6698) 
thrown [s\open\src\hotspot\share\interpreter\linkResolver.cpp, line 774]
Event: 0.337 Thread 0x000001b3689b0940 Exception <a 'java/lang/NoSuchMethodError'{0x000000008ca00170}: 'int java.lang.invoke.DirectMethodHandle$Holder.invokeSpecial(java.lang.Object, java.lang.Object, java.lang.Object)'> (0x000000008ca00170) 
thrown [s\open\src\hotspot\share\interpreter\linkResolver.cpp, line 774]
Event: 0.363 Thread 0x000001b3689b0940 Exception <a 'java/lang/NoSuchMethodError'{0x000000008ca106a8}: 'void java.lang.invoke.DirectMethodHandle$Holder.invokeStatic(java.lang.Object, long)'> (0x000000008ca106a8) 
thrown [s\open\src\hotspot\share\interpreter\linkResolver.cpp, line 774]
Event: 0.364 Thread 0x000001b3689b0940 Exception <a 'java/lang/NoSuchMethodError'{0x000000008ca15c98}: 'java.lang.Object java.lang.invoke.DirectMethodHandle$Holder.newInvokeSpecial(java.lang.Object, long)'> (0x000000008ca15c98) 
thrown [s\open\src\hotspot\share\interpreter\linkResolver.cpp, line 774]
Event: 0.367 Thread 0x000001b3689b0940 Exception <a 'java/lang/NoSuchMethodError'{0x000000008ca1ceb0}: 'java.lang.Object java.lang.invoke.DirectMethodHandle$Holder.invokeStatic(java.lang.Object, long, java.lang.Object)'> (0x000000008ca1ceb0) 
thrown [s\open\src\hotspot\share\interpreter\linkResolver.cpp, line 774]
Event: 0.367 Thread 0x000001b3689b0940 Exception <a 'java/lang/NoSuchMethodError'{0x000000008ca208e0}: 'java.lang.Object java.lang.invoke.DirectMethodHandle$Holder.invokeStaticInit(java.lang.Object, long, java.lang.Object)'> (0x000000008ca208e0) 
thrown [s\open\src\hotspot\share\interpreter\linkResolver.cpp, line 774]
Event: 0.505 Thread 0x000001b3689b0940 Exception <a 'java/lang/NoSuchMethodError'{0x000000008ca5f0d8}: 'int java.lang.invoke.DirectMethodHandle$Holder.invokeStatic(java.lang.Object)'> (0x000000008ca5f0d8) 
thrown [s\open\src\hotspot\share\interpreter\linkResolver.cpp, line 774]
Event: 0.506 Thread 0x000001b3689b0940 Exception <a 'java/lang/NoSuchMethodError'{0x000000008ca62e08}: 'int java.lang.invoke.DelegatingMethodHandle$Holder.reinvoke_L(java.lang.Object)'> (0x000000008ca62e08) 
thrown [s\open\src\hotspot\share\interpreter\linkResolver.cpp, line 774]
Event: 0.543 Thread 0x000001b3689b0940 Exception <a 'java/lang/NoSuchMethodError'{0x000000008c990a40}: 'java.lang.Object java.lang.invoke.DirectMethodHandle$Holder.invokeInterface(java.lang.Object, java.lang.Object)'> (0x000000008c990a40) 
thrown [s\open\src\hotspot\share\interpreter\linkResolver.cpp, line 774]
Event: 0.543 Thread 0x000001b3689b0940 Exception <a 'java/lang/IncompatibleClassChangeError'{0x000000008c9942e0}: Found class java.lang.Object, but interface was expected> (0x000000008c9942e0) 
thrown [s\open\src\hotspot\share\interpreter\linkResolver.cpp, line 841]
Event: 0.831 Thread 0x000001b3689b0940 Exception <a 'java/lang/NoSuchMethodError'{0x000000008c2eace0}: 'long java.lang.invoke.DelegatingMethodHandle$Holder.reinvoke_L(java.lang.Object, java.lang.Object)'> (0x000000008c2eace0) 
thrown [s\open\src\hotspot\share\interpreter\linkResolver.cpp, line 774]
Event: 0.832 Thread 0x000001b3689b0940 Exception <a 'java/lang/NoSuchMethodError'{0x000000008c2f5290}: 'void java.lang.invoke.DelegatingMethodHandle$Holder.reinvoke_L(java.lang.Object, java.lang.Object, long)'> (0x000000008c2f5290) 
thrown [s\open\src\hotspot\share\interpreter\linkResolver.cpp, line 774]
Event: 1.477 Thread 0x000001b37e1da7e0 Implicit null exception at 0x000001b307b2af03 to 0x000001b307b2b0f8
Event: 1.478 Thread 0x000001b37e1da7e0 Exception <a 'java/lang/NoSuchMethodError'{0x000000008cc4a050}: 'void java.lang.invoke.DirectMethodHandle$Holder.invokeSpecial(java.lang.Object, java.lang.Object, java.lang.Object)'> (0x000000008cc4a050) 
thrown [s\open\src\hotspot\share\interpreter\linkResolver.cpp, line 774]
Event: 1.486 Thread 0x000001b37e1da7e0 Exception <a 'java/lang/NoSuchMethodError'{0x000000008cc60f48}: 'long java.lang.invoke.Invokers$Holder.invokeExact_MT(java.lang.Object, java.lang.Object, java.lang.Object)'> (0x000000008cc60f48) 
thrown [s\open\src\hotspot\share\interpreter\linkResolver.cpp, line 774]
Event: 2.007 Thread 0x000001b37e1dbd20 Exception <a 'java/lang/NoSuchMethodError'{0x000000008c358358}: 'java.lang.Object java.lang.invoke.DirectMethodHandle$Holder.invokeVirtual(java.lang.Object, java.lang.Object, java.lang.Object)'> (0x000000008c358358) 
thrown [s\open\src\hotspot\share\interpreter\linkResolver.cpp, line 774]
Event: 2.247 Thread 0x000001b37e1dbd20 Implicit null exception at 0x000001b307b32fcf to 0x000001b307b33054
Event: 6.751 Thread 0x000001b37e1db280 Exception <a 'java/lang/InterruptedException'{0x000000008bdec220}> (0x000000008bdec220) 
thrown [s\open\src\hotspot\share\runtime\objectMonitor.cpp, line 1648]

VM Operations (20 events):
Event: 0.488 Executing VM operation: HandshakeAllThreads done
Event: 0.505 Executing VM operation: HandshakeAllThreads
Event: 0.505 Executing VM operation: HandshakeAllThreads done
Event: 0.548 Executing VM operation: HandshakeAllThreads
Event: 0.548 Executing VM operation: HandshakeAllThreads done
Event: 0.553 Executing VM operation: HandshakeAllThreads
Event: 0.553 Executing VM operation: HandshakeAllThreads done
Event: 1.337 Executing VM operation: G1CollectForAllocation
Event: 1.351 Executing VM operation: G1CollectForAllocation done
Event: 2.027 Executing VM operation: HandshakeAllThreads
Event: 2.027 Executing VM operation: HandshakeAllThreads done
Event: 2.054 Executing VM operation: HandshakeAllThreads
Event: 2.054 Executing VM operation: HandshakeAllThreads done
Event: 3.055 Executing VM operation: Cleanup
Event: 3.056 Executing VM operation: Cleanup done
Event: 4.057 Executing VM operation: Cleanup
Event: 4.057 Executing VM operation: Cleanup done
Event: 6.058 Executing VM operation: Cleanup
Event: 6.058 Executing VM operation: Cleanup done
Event: 6.855 Executing VM operation: Exit

Events (20 events):
Event: 1.842 Thread 0x000001b37e1dd260 Thread added: 0x000001b37e1dd260
Event: 1.846 Thread 0x000001b37e1db280 Thread added: 0x000001b37e1db280
Event: 1.847 Thread 0x000001b37e1dbd20 Thread added: 0x000001b37e1dbd20
Event: 1.849 Thread 0x000001b3689b0940 Thread exited: 0x000001b3689b0940
Event: 1.849 Thread 0x000001b37e1db7d0 Thread added: 0x000001b37e1db7d0
Event: 2.211 Thread 0x000001b37e1dcd10 Thread added: 0x000001b37e1dcd10
Event: 2.283 Thread 0x000001b31b52fea0 Thread added: 0x000001b31b52fea0
Event: 2.361 Thread 0x000001b31b548320 Thread added: 0x000001b31b548320
Event: 2.582 Thread 0x000001b31b548320 Thread exited: 0x000001b31b548320
Event: 6.751 Thread 0x000001b31b52e960 Thread added: 0x000001b31b52e960
Event: 6.751 Thread 0x000001b37e1db280 Thread exited: 0x000001b37e1db280
Event: 6.751 Thread 0x000001b31b531930 Thread added: 0x000001b31b531930
Event: 6.751 Thread 0x000001b31b5323d0 Thread added: 0x000001b31b5323d0
Event: 6.752 Thread 0x000001b31b5323d0 Thread exited: 0x000001b31b5323d0
Event: 6.752 Thread 0x000001b31b52e410 Thread added: 0x000001b31b52e410
Event: 6.752 Thread 0x000001b37e1dad30 Thread exited: 0x000001b37e1dad30
Event: 6.762 Thread 0x000001b37e1dd7b0 Thread exited: 0x000001b37e1dd7b0
Event: 6.781 Thread 0x000001b37e1da7e0 Thread exited: 0x000001b37e1da7e0
Event: 6.786 Thread 0x000001b31b52e960 Thread exited: 0x000001b31b52e960
Event: 6.854 Thread 0x000001b31b531930 Thread exited: 0x000001b31b531930


Dynamic libraries:
0x00007ff630190000 - 0x00007ff6301a0000 	C:\Program Files\Java\jdk-19\bin\java.exe
0x00007ffbf89d0000 - 0x00007ffbf8bc8000 	C:\windows\SYSTEM32\ntdll.dll
0x00007ffbf8190000 - 0x00007ffbf824f000 	C:\windows\System32\KERNEL32.DLL
0x00007ffbf62e0000 - 0x00007ffbf65b2000 	C:\windows\System32\KERNELBASE.dll
0x00007ffbf61e0000 - 0x00007ffbf62e0000 	C:\windows\System32\ucrtbase.dll
0x00007ffbeee00000 - 0x00007ffbeee18000 	C:\Program Files\Java\jdk-19\bin\jli.dll
0x00007ffbef310000 - 0x00007ffbef32b000 	C:\Program Files\Java\jdk-19\bin\VCRUNTIME140.dll
0x00007ffbf75e0000 - 0x00007ffbf768e000 	C:\windows\System32\ADVAPI32.dll
0x00007ffbf6c50000 - 0x00007ffbf6cee000 	C:\windows\System32\msvcrt.dll
0x00007ffbf6d00000 - 0x00007ffbf6d9c000 	C:\windows\System32\sechost.dll
0x00007ffbf8060000 - 0x00007ffbf8184000 	C:\windows\System32\RPCRT4.dll
0x00007ffbf7760000 - 0x00007ffbf7901000 	C:\windows\System32\USER32.dll
0x00007ffbf6910000 - 0x00007ffbf6932000 	C:\windows\System32\win32u.dll
0x00007ffbda060000 - 0x00007ffbda2fa000 	C:\windows\WinSxS\amd64_microsoft.windows.common-controls_6595b64144ccf1df_6.0.19041.1110_none_60b5254171f9507e\COMCTL32.dll
0x00007ffbf85b0000 - 0x00007ffbf85db000 	C:\windows\System32\GDI32.dll
0x00007ffbf60d0000 - 0x00007ffbf61df000 	C:\windows\System32\gdi32full.dll
0x00007ffbf6680000 - 0x00007ffbf671d000 	C:\windows\System32\msvcp_win.dll
0x00007ffbe85b0000 - 0x00007ffbe85ba000 	C:\windows\SYSTEM32\VERSION.dll
0x00007ffbf8690000 - 0x00007ffbf86c0000 	C:\windows\System32\IMM32.DLL
0x00007ffbeefc0000 - 0x00007ffbeefcc000 	C:\Program Files\Java\jdk-19\bin\vcruntime140_1.dll
0x00007ffbc7980000 - 0x00007ffbc7a0e000 	C:\Program Files\Java\jdk-19\bin\msvcp140.dll
0x00007ffba7630000 - 0x00007ffba82f0000 	C:\Program Files\Java\jdk-19\bin\server\jvm.dll
0x00007ffbd19a0000 - 0x00007ffbd19c7000 	C:\windows\SYSTEM32\WINMM.dll
0x00007ffbeef30000 - 0x00007ffbeef39000 	C:\windows\SYSTEM32\WSOCK32.dll
0x00007ffbf6be0000 - 0x00007ffbf6c4b000 	C:\windows\System32\WS2_32.dll
0x00007ffbf4920000 - 0x00007ffbf4932000 	C:\windows\SYSTEM32\kernel.appcore.dll
0x00007ffbeedf0000 - 0x00007ffbeedfa000 	C:\Program Files\Java\jdk-19\bin\jimage.dll
0x00007ffbf3cb0000 - 0x00007ffbf3e94000 	C:\windows\SYSTEM32\DBGHELP.DLL
0x00007ffbd4c40000 - 0x00007ffbd4c75000 	C:\windows\SYSTEM32\dbgcore.DLL
0x00007ffbf6720000 - 0x00007ffbf67a2000 	C:\windows\System32\bcryptPrimitives.dll
0x00007ffbed8e0000 - 0x00007ffbed906000 	C:\Program Files\Java\jdk-19\bin\java.dll
0x00007ffbb30f0000 - 0x00007ffbb31c7000 	C:\Program Files\Java\jdk-19\bin\jsvml.dll
0x00007ffbf6e90000 - 0x00007ffbf75d5000 	C:\windows\System32\SHELL32.dll
0x00007ffbf4170000 - 0x00007ffbf4902000 	C:\windows\SYSTEM32\windows.storage.dll
0x00007ffbf8250000 - 0x00007ffbf85a5000 	C:\windows\System32\combase.dll
0x00007ffbf5b30000 - 0x00007ffbf5b60000 	C:\windows\SYSTEM32\Wldp.dll
0x00007ffbf87f0000 - 0x00007ffbf889d000 	C:\windows\System32\SHCORE.dll
0x00007ffbf6da0000 - 0x00007ffbf6df5000 	C:\windows\System32\shlwapi.dll
0x00007ffbf6010000 - 0x00007ffbf602f000 	C:\windows\SYSTEM32\profapi.dll
0x00007ffbeb190000 - 0x00007ffbeb1a3000 	C:\Program Files\Java\jdk-19\bin\net.dll
0x00007ffbf05c0000 - 0x00007ffbf06ca000 	C:\windows\SYSTEM32\WINHTTP.dll
0x00007ffbf5890000 - 0x00007ffbf58fa000 	C:\windows\system32\mswsock.dll
0x00007ffbdab00000 - 0x00007ffbdab16000 	C:\Program Files\Java\jdk-19\bin\nio.dll
0x00007ffbda9f0000 - 0x00007ffbdaa08000 	C:\Program Files\Java\jdk-19\bin\zip.dll
0x00007ffbaf230000 - 0x00007ffbaf3c1000 	C:\Program Files\Java\jdk-19\bin\awt.dll
0x00007ffbf88c0000 - 0x00007ffbf898d000 	C:\windows\System32\OLEAUT32.dll
0x00007ffbf3500000 - 0x00007ffbf3590000 	C:\windows\SYSTEM32\apphelp.dll
0x00007ffbf3690000 - 0x00007ffbf372e000 	C:\windows\system32\uxtheme.dll
0x00007ffbf7910000 - 0x00007ffbf7a24000 	C:\windows\System32\MSCTF.dll
0x00007ffbf86c0000 - 0x00007ffbf87ea000 	C:\windows\System32\ole32.dll
0x00007ffbf3a90000 - 0x00007ffbf3abf000 	C:\windows\system32\DWMAPI.DLL
0x00007ffbdc6a0000 - 0x00007ffbdc7c5000 	C:\windows\system32\opengl32.dll
0x00007ffbed880000 - 0x00007ffbed8ac000 	C:\windows\SYSTEM32\GLU32.dll
0x00007ffbf5a80000 - 0x00007ffbf5a98000 	C:\windows\SYSTEM32\CRYPTSP.dll
0x00007ffbf5140000 - 0x00007ffbf5174000 	C:\windows\system32\rsaenh.dll
0x00007ffbf69f0000 - 0x00007ffbf6a17000 	C:\windows\System32\bcrypt.dll
0x00007ffbf5f90000 - 0x00007ffbf5fbe000 	C:\windows\SYSTEM32\USERENV.dll
0x00007ffbf5aa0000 - 0x00007ffbf5aac000 	C:\windows\SYSTEM32\CRYPTBASE.dll
0x00007ffbf5530000 - 0x00007ffbf556b000 	C:\windows\SYSTEM32\IPHLPAPI.DLL
0x00007ffbf7690000 - 0x00007ffbf7698000 	C:\windows\System32\NSI.dll
0x00007ffbe9da0000 - 0x00007ffbe9db7000 	C:\windows\SYSTEM32\dhcpcsvc6.DLL
0x00007ffbe9e60000 - 0x00007ffbe9e7d000 	C:\windows\SYSTEM32\dhcpcsvc.DLL
0x00007ffbf5570000 - 0x00007ffbf563b000 	C:\windows\SYSTEM32\DNSAPI.dll
0x000000006e8c0000 - 0x000000006e8cd000 	C:\Users\dmytr\AppData\Local\Temp\jogamp_0000\file_cache\jln18417834069687675271\jln525534129422305935\natives\windows-amd64\gluegen_rt.dll
0x00007ffbeede0000 - 0x00007ffbeede7000 	C:\Program Files\Java\jdk-19\bin\jawt.dll
0x000000006a440000 - 0x000000006a44d000 	C:\Users\dmytr\AppData\Local\Temp\jogamp_0000\file_cache\jln18417834069687675271\jln525534129422305935\natives\windows-amd64\nativewindow_awt.dll
0x000000006c100000 - 0x000000006c110000 	C:\Users\dmytr\AppData\Local\Temp\jogamp_0000\file_cache\jln18417834069687675271\jln525534129422305935\natives\windows-amd64\nativewindow_win32.dll
0x0000000070d80000 - 0x0000000070d93000 	C:\Users\dmytr\AppData\Local\Temp\jogamp_0000\file_cache\jln18417834069687675271\jln525534129422305935\natives\windows-amd64\newt_head.dll
0x00007ffbefbd0000 - 0x00007ffbefc7e000 	C:\windows\SYSTEM32\mscms.dll
0x00007ffbefbb0000 - 0x00007ffbefbc1000 	C:\windows\SYSTEM32\ColorAdapterClient.dll
0x00007ffbd9960000 - 0x00007ffbd99a3000 	C:\windows\SYSTEM32\icm32.dll
0x00007ffbf7a40000 - 0x00007ffbf7ea8000 	C:\windows\System32\setupapi.dll
0x00007ffbf6630000 - 0x00007ffbf667e000 	C:\windows\System32\cfgmgr32.dll
0x00007ffbf5e80000 - 0x00007ffbf5eac000 	C:\windows\SYSTEM32\DEVOBJ.dll
0x00007ffbf65c0000 - 0x00007ffbf6629000 	C:\windows\System32\WINTRUST.dll
0x00007ffbf67b0000 - 0x00007ffbf6906000 	C:\windows\System32\CRYPT32.dll
0x00007ffbf5cc0000 - 0x00007ffbf5cd2000 	C:\windows\SYSTEM32\MSASN1.dll
0x0000000064500000 - 0x0000000064585000 	C:\Users\dmytr\AppData\Local\Temp\jogamp_0000\file_cache\jln18417834069687675271\jln525534129422305935\natives\windows-amd64\jogl_desktop.dll
0x0000000064340000 - 0x0000000064391000 	C:\Users\dmytr\AppData\Local\Temp\jogamp_0000\file_cache\jln18417834069687675271\jln525534129422305935\natives\windows-amd64\jogl_mobile.dll
0x00007ffbf85e0000 - 0x00007ffbf8689000 	C:\windows\System32\clbcatq.dll
0x00007ffbea780000 - 0x00007ffbea879000 	C:\Windows\System32\AppXDeploymentClient.dll
0x00007ffba66a0000 - 0x00007ffba762d000 	C:\windows\System32\DriverStore\FileRepository\iigd_dch.inf_amd64_04c961ba9d7827af\igxelpicd64.dll
0x00007ffbf4990000 - 0x00007ffbf4a83000 	C:\windows\system32\dxgi.dll
0x00007ffba6260000 - 0x00007ffba669c000 	C:\windows\System32\DriverStore\FileRepository\iigd_dch.inf_amd64_04c961ba9d7827af\igdml64.dll
0x00007ffbe7660000 - 0x00007ffbe7996000 	C:\windows\System32\DriverStore\FileRepository\iigd_dch.inf_amd64_04c961ba9d7827af\igdgmm64.dll
0x00007ffbe1f00000 - 0x00007ffbe4c8f000 	C:\windows\System32\DriverStore\FileRepository\iigd_dch.inf_amd64_04c961ba9d7827af\igc64.dll
0x00007ffbf5650000 - 0x00007ffbf569b000 	C:\windows\SYSTEM32\powrprof.dll
0x00007ffbf5510000 - 0x00007ffbf5522000 	C:\windows\SYSTEM32\UMPDC.dll
0x00007ffbdd680000 - 0x00007ffbdd779000 	C:\windows\SYSTEM32\textinputframework.dll
0x00007ffbf2bf0000 - 0x00007ffbf2f4e000 	C:\windows\System32\CoreUIComponents.dll
0x00007ffbf32d0000 - 0x00007ffbf33c2000 	C:\windows\System32\CoreMessaging.dll
0x00007ffbf5280000 - 0x00007ffbf52b3000 	C:\windows\SYSTEM32\ntmarta.dll
0x00007ffbf1b30000 - 0x00007ffbf1c84000 	C:\windows\SYSTEM32\wintypes.dll
0x00007ffbeed50000 - 0x00007ffbeed60000 	C:\Program Files\Java\jdk-19\bin\verify.dll
0x00007ffbda9d0000 - 0x00007ffbda9e2000 	C:\Program Files\Java\jdk-19\bin\jsound.dll
0x00007ffbb3050000 - 0x00007ffbb30ec000 	C:\windows\SYSTEM32\DSOUND.dll
0x00007ffbd7470000 - 0x00007ffbd7496000 	C:\windows\SYSTEM32\winmmbase.dll
0x00007ffbedac0000 - 0x00007ffbedb45000 	C:\windows\System32\MMDevApi.dll
0x00007ffbeeec0000 - 0x00007ffbeef06000 	C:\windows\SYSTEM32\wdmaud.drv
0x00007ffbef8f0000 - 0x00007ffbef8f9000 	C:\windows\SYSTEM32\ksuser.dll
0x00007ffbf0c80000 - 0x00007ffbf0c8a000 	C:\windows\SYSTEM32\AVRT.dll
0x00007ffbedb50000 - 0x00007ffbedcd2000 	C:\windows\SYSTEM32\AUDIOSES.DLL
0x00007ffbf2920000 - 0x00007ffbf292d000 	C:\windows\SYSTEM32\msacm32.drv
0x00007ffbd9920000 - 0x00007ffbd993e000 	C:\windows\SYSTEM32\MSACM32.dll
0x00007ffbf19d0000 - 0x00007ffbf19db000 	C:\windows\SYSTEM32\midimap.dll
0x00007ffbdd780000 - 0x00007ffbdd8c1000 	C:\Windows\System32\Windows.UI.dll
0x00007ffbf0510000 - 0x00007ffbf05b1000 	C:\Windows\System32\WindowManagementAPI.dll
0x00007ffbdd520000 - 0x00007ffbdd672000 	C:\Windows\System32\InputHost.dll
0x00007ffbf1860000 - 0x00007ffbf1956000 	C:\Windows\System32\PROPSYS.dll
0x00007ffbeff70000 - 0x00007ffbf0170000 	C:\windows\SYSTEM32\twinapi.appcore.dll
0x00007ffbf37b0000 - 0x00007ffbf37c4000 	C:\windows\SYSTEM32\resourcepolicyclient.dll

dbghelp: loaded successfully - version: 4.0.5 - missing functions: none
symbol engine: initialized successfully - sym options: 0x614 - pdb path: .;C:\Program Files\Java\jdk-19\bin;C:\windows\SYSTEM32;C:\windows\WinSxS\amd64_microsoft.windows.common-controls_6595b64144ccf1df_6.0.19041.1110_none_60b5254171f9507e;C:\Program Files\Java\jdk-19\bin\server;C:\Users\dmytr\AppData\Local\Temp\jogamp_0000\file_cache\jln18417834069687675271\jln525534129422305935\natives\windows-amd64;C:\windows\System32\DriverStore\FileRepository\iigd_dch.inf_amd64_04c961ba9d7827af

VM Arguments:
java_command: ie.tudublin.Main
java_class_path (initial): ./bin;./lib/minim.jar;./lib/core.jar;./lib/jsminim.jar;./lib/mp3spi1.9.5.jar;./lib/tritonus_share.jar;./lib/tritonus_aos.jar;./lib/jl1.0.1.jar;./lib/sqlite-jdbc-3.23.1.jar;lib/jogl-all.jar;lib/gluegen-rt.jar;lib/gluegen-rt-natives-windows-amd64.jar;lib/gluegen-rt-natives-windows-i586.jar;lib/jogl-all-natives-windows-amd64.jar;lib/jogl-all-natives-windows-i586.jarlib/jogl-all.jar;lib/gluegen-rt.jar;lib/gluegen-rt-natives-windows-amd64.jar;lib/gluegen-rt-natives-windows-i586.jar;lib/jogl-all-natives-windows-amd64.jar;lib/jogl-all-natives-windows-i586.jar
Launcher Type: SUN_STANDARD

[Global flags]
     intx CICompilerCount                          = 4                                         {product} {ergonomic}
     uint ConcGCThreads                            = 2                                         {product} {ergonomic}
     uint G1ConcRefinementThreads                  = 8                                         {product} {ergonomic}
   size_t G1HeapRegionSize                         = 1048576                                   {product} {ergonomic}
    uintx GCDrainStackTargetSize                   = 64                                        {product} {ergonomic}
   size_t InitialHeapSize                          = 130023424                                 {product} {ergonomic}
   size_t MarkStackSize                            = 4194304                                   {product} {ergonomic}
   size_t MaxHeapSize                              = 2055208960                                {product} {ergonomic}
   size_t MaxNewSize                               = 1233125376                                {product} {ergonomic}
   size_t MinHeapDeltaBytes                        = 1048576                                   {product} {ergonomic}
   size_t MinHeapSize                              = 8388608                                   {product} {ergonomic}
    uintx NonNMethodCodeHeapSize                   = 5839372                                {pd product} {ergonomic}
    uintx NonProfiledCodeHeapSize                  = 122909434                              {pd product} {ergonomic}
    uintx ProfiledCodeHeapSize                     = 122909434                              {pd product} {ergonomic}
    uintx ReservedCodeCacheSize                    = 251658240                              {pd product} {ergonomic}
     bool SegmentedCodeCache                       = true                                      {product} {ergonomic}
   size_t SoftMaxHeapSize                          = 2055208960                             {manageable} {ergonomic}
     bool UseCompressedClassPointers               = true                           {product lp64_product} {ergonomic}
     bool UseCompressedOops                        = true                           {product lp64_product} {ergonomic}
     bool UseG1GC                                  = true                                      {product} {ergonomic}
     bool UseLargePagesIndividualAllocation        = false                                  {pd product} {ergonomic}

Logging:
Log output configuration:
 #0: stdout all=off uptime,level,tags foldmultilines=false
 #1: stderr all=off uptime,level,tags foldmultilines=false

Environment Variables:
PATH=C:\Users\dmytr\bin;C:\Program Files\Git\mingw64\bin;C:\Program Files\Git\usr\local\bin;C:\Program Files\Git\usr\bin;C:\Program Files\Git\usr\bin;C:\Program Files\Git\mingw64\bin;C:\Program Files\Git\usr\bin;C:\Users\dmytr\bin;C:\Program Files\Common Files\Oracle\Java\javapath;C:\Python310\Scripts;C:\Python310;C:\windows\system32;C:\windows;C:\windows\System32\Wbem;C:\windows\System32\WindowsPowerShell\v1.0;C:\windows\System32\OpenSSH;C:\ProgramData\chocolatey\bin;C:\Program Files\nodejs;C:\Program Files\GitHub CLI;C:\Program Files\PuTTY;C:\Program Files (x86)\Windows Kits\10\Windows Performance Toolkit;C:\msys64\mingw64\bin;C:\Program Files\dotnet;C:\Program Files\Git\cmd;C:\Users\dmytr\AppData\Local\Microsoft\WindowsApps;C:\Users\dmytr\AppData\Local\Programs\Microsoft VS Code\bin;C:\Users\dmytr\AppData\Roaming\npm;C:\Users\dmytr\AppData\Local\GitHubDesktop\bin;C:\Users\dmytr\Documents\Programming\Pycharm\PyCharm Community Edition 2022.3.1\bin;C:\Program Files\Git\usr\bin\vendor_perl;C:\Program Files\Git\usr\bin\core_perl
USERNAME=dmytr
SHELL=C:\Program Files\Git\usr\bin\bash.exe
DISPLAY=needs-to-be-defined
LANG=en_US.UTF-8
TERM=xterm
TMPDIR=C:\Users\dmytr\AppData\Local\Temp
OS=Windows_NT
PROCESSOR_IDENTIFIER=Intel64 Family 6 Model 140 Stepping 1, GenuineIntel
TMP=C:\Users\dmytr\AppData\Local\Temp
TEMP=C:\Users\dmytr\AppData\Local\Temp



---------------  S Y S T E M  ---------------

OS:
 Windows 10 , 64 bit Build 19041 (10.0.19041.2546)
OS uptime: 1 days 13:40 hours

CPU: total 8 (initial active 8) (4 cores per cpu, 2 threads per core) family 6 model 140 stepping 1 microcode 0x8a, cx8, cmov, fxsr, ht, mmx, 3dnowpref, sse, sse2, sse3, ssse3, sse4.1, sse4.2, popcnt, lzcnt, tsc, tscinvbit, avx, avx2, aes, erms, clmul, bmi1, bmi2, adx, avx512f, avx512dq, avx512cd, avx512bw, avx512vl, sha, fma, vzeroupper, avx512_vpopcntdq, avx512_vpclmulqdq, avx512_vaes, avx512_vnni, clflush, clflushopt, clwb, avx512_vbmi2, avx512_vbmi, rdtscp, rdpid, fsrm, gfni, avx512_bitalg

Memory: 4k page, system-wide physical 7834M (1181M free)
TotalPageFile size 11418M (AvailPageFile size 2230M)
current process WorkingSet (physical memory assigned to process): 278M, peak: 287M
current process commit charge ("private bytes"): 315M, peak: 333M

vm_info: Java HotSpot(TM) 64-Bit Server VM (19.0.2+7-44) for windows-amd64 JRE (19.0.2+7-44), built on 2022-11-30T18:02:09Z by "mach5one" with MS VC++ 17.1 (VS2022)

END.
