#
# A fatal error has been detected by the Java Runtime Environment:
#
#  EXCEPTION_ACCESS_VIOLATION (0xc0000005) at pc=0x00007ffb9db3b8f7, pid=16340, tid=5952
#
# JRE version: Java(TM) SE Runtime Environment (19.0.2+7) (build 19.0.2+7-44)
# Java VM: Java HotSpot(TM) 64-Bit Server VM (19.0.2+7-44, mixed mode, sharing, tiered, compressed oops, compressed class ptrs, g1 gc, windows-amd64)
# Problematic frame:
# C  [igxelpicd64.dll+0x28b8f7]
#
# No core dump will be written. Minidumps are not enabled by default on client versions of Windows
#
# If you would like to submit a bug report, please visit:
#   https://bugreport.java.com/bugreport/crash.jsp
#

---------------  S U M M A R Y ------------

Command Line: ie.tudublin.Main

Host: 11th Gen Intel(R) Core(TM) i5-1135G7 @ 2.40GHz, 8 cores, 7G,  Windows 10 , 64 bit Build 19041 (10.0.19041.2546)
Time: Mon Mar 20 16:07:58 2023 GMT Standard Time elapsed time: 18.934331 seconds (0d 0h 0m 18s)

---------------  T H R E A D  ---------------

Current thread (0x000001b5f8fcb630):  VMThread "VM Thread" [stack: 0x0000003694c00000,0x0000003694d00000] [id=5952]

Stack: [0x0000003694c00000,0x0000003694d00000],  sp=0x0000003694cfe410,  free space=1017k
Native frames: (J=compiled Java code, j=interpreted, Vv=VM code, C=native code)
C  [igxelpicd64.dll+0x28b8f7]


siginfo: EXCEPTION_ACCESS_VIOLATION (0xc0000005), reading address 0x0000000000035448


Registers:
RAX=0x000001b5a7442ca0, RBX=0x000001b5fd537540, RCX=0x0000000000000002, RDX=0x000001b5a7442c20
RSP=0x0000003694cfe410, RBP=0x000001b5a7443100, RSI=0x0000000000000000, RDI=0x000001b5a7442b30
R8 =0x0000000000046109, R9 =0x0000000000000000, R10=0x0000000000000000, R11=0x0000000000000246
R12=0x000001b5a7443068, R13=0x0000000000000000, R14=0x0000000000046200, R15=0x0000000000000016
RIP=0x00007ffb9db3b8f7, EFLAGS=0x0000000000010206


Register to memory mapping:

RIP=0x00007ffb9db3b8f7 igxelpicd64.dll
RAX=0x000001b5a7442ca0 points into unknown readable memory: 0x000000000004620f | 0f 62 04 00 00 00 00 00
RBX=0x000001b5fd537540 points into unknown readable memory: 0x34000000bebafe00 | 00 fe ba be 00 00 00 34
RCX=0x0000000000000002 is an unknown value
RDX=0x000001b5a7442c20 points into unknown readable memory: 0x0000000000000000 | 00 00 00 00 00 00 00 00
RSP=0x0000003694cfe410 points into unknown readable memory: 0x000001b5fd537540 | 40 75 53 fd b5 01 00 00
RBP=0x000001b5a7443100 points into unknown readable memory: 0x000001b5fdb2dd70 | 70 dd b2 fd b5 01 00 00
RSI=0x0 is NULL
RDI=0x000001b5a7442b30 points into unknown readable memory: 0x000001b5fdb2dd70 | 70 dd b2 fd b5 01 00 00
R8 =0x0000000000046109 is an unknown value
R9 =0x0 is NULL
R10=0x0 is NULL
R11=0x0000000000000246 is an unknown value
R12=0x000001b5a7443068 points into unknown readable memory: 0x000001b5a7443100 | 00 31 44 a7 b5 01 00 00
R13=0x0 is NULL
R14=0x0000000000046200 is an unknown value
R15=0x0000000000000016 is an unknown value


Top of Stack: (sp=0x0000003694cfe410)
0x0000003694cfe410:   000001b5fd537540 00a422a5010304a5
0x0000003694cfe420:   0133c2a700608fa5 013d78ab00dbb2a9
0x0000003694cfe430:   000001b5fecf2b78 000000000004621b
0x0000003694cfe440:   0000000000000000 0000000000000014
0x0000003694cfe450:   0000000000000000 0000000000000000
0x0000003694cfe460:   0000003694cfe570 00007ffb9db32315
0x0000003694cfe470:   000001b5fdbfb990 000001b5fd537540
0x0000003694cfe480:   0138cccc0101c100 0122d3d001274000
0x0000003694cfe490:   000000360000d104 0000b8020a720000
0x0000003694cfe4a0:   0000000000000000 013ca3d7009ab7d6
0x0000003694cfe4b0:   007cf0d8013d79d8 00d719da014411d9
0x0000003694cfe4c0:   027edcda007ed8da 00d130dc00621cdc
0x0000003694cfe4d0:   01c6a8df01410bdd 0136d8df0122d5df
0x0000003694cfe4e0:   012f19e301c8f5e0 012bb9e6009b19e6
0x0000003694cfe4f0:   013b9be7013016e7 01c6a4e80140ebe7
0x0000003694cfe500:   00f5d1e900a78ae9 00dd3af0014e0ef0 

Instructions: (pc=0x00007ffb9db3b8f7)
0x00007ffb9db3b7f7:   56 41 57 48 83 ec 20 45 8a e9 48 8b da 48 8b f1
0x00007ffb9db3b807:   48 8b 15 32 62 c4 00 48 8d 48 08 e8 0d 07 dc ff
0x00007ffb9db3b817:   90 48 8b ab 80 02 00 00 48 8b 05 7a 6b b4 00 44
0x00007ffb9db3b827:   8b b8 b8 0a 00 00 45 33 d2 45 8a f2 4c 89 93 80
0x00007ffb9db3b837:   02 00 00 44 89 93 88 02 00 00 4c 89 93 a0 02 00
0x00007ffb9db3b847:   00 4c 89 93 90 02 00 00 48 85 f6 75 38 8b 3d 0e
0x00007ffb9db3b857:   39 c4 00 65 48 8b 04 25 58 00 00 00 b9 14 00 00
0x00007ffb9db3b867:   00 48 8b 04 f8 44 38 14 01 0f 84 01 02 00 00 65
0x00007ffb9db3b877:   48 8b 04 25 58 00 00 00 be 20 00 00 00 48 8b 04
0x00007ffb9db3b887:   f8 48 8b 34 06 48 3b 35 0d 5d c4 00 45 0f 44 fa
0x00007ffb9db3b897:   48 85 ed 0f 84 a9 00 00 00 44 8a 6c 24 70 48 8b
0x00007ffb9db3b8a7:   fd 4c 8d a5 38 05 00 00 49 8b 2c 24 45 84 ed 0f
0x00007ffb9db3b8b7:   85 a1 01 00 00 8b 8b d0 01 00 00 48 8b 05 d7 6a
0x00007ffb9db3b8c7:   b4 00 83 b8 64 03 00 00 02 75 32 48 8d 97 f0 00
0x00007ffb9db3b8d7:   00 00 83 f9 10 0f 83 a2 00 00 00 8b c1 48 c1 e0
0x00007ffb9db3b8e7:   06 48 03 c2 48 85 c0 0f 85 87 00 00 00 4d 8b c2
0x00007ffb9db3b8f7:   4c 3b 86 48 54 03 00 0f 87 75 15 6e 00 4c 39 97
0x00007ffb9db3b907:   90 05 00 00 0f 85 b3 16 6e 00 4c 8b cf 4c 8b c3
0x00007ffb9db3b917:   e8 34 b3 72 00 84 c0 0f 85 b8 00 00 00 48 8b d7
0x00007ffb9db3b927:   48 8b cb e8 91 f9 ff ff 45 33 d2 48 85 ed 0f 85
0x00007ffb9db3b937:   6a ff ff ff 45 84 f6 44 8a 6c 24 78 0f 85 a3 16
0x00007ffb9db3b947:   6e 00 48 8b cb 45 84 ed 0f 85 18 01 00 00 e8 86
0x00007ffb9db3b957:   f6 ff ff 90 48 8b 4c 24 60 48 8b 5c 24 68 48 83
0x00007ffb9db3b967:   c4 20 41 5f 41 5e 41 5d 41 5c 5f 5e 5d 48 ff 25
0x00007ffb9db3b977:   9d 37 80 00 4c 8b 40 08 e9 73 ff ff ff 44 8d 41
0x00007ffb9db3b987:   f0 41 8b c0 c1 e8 04 83 f8 03 72 1a 48 8b 82 18
0x00007ffb9db3b997:   04 00 00 48 85 c0 74 26 39 08 0f 84 ad 00 00 00
0x00007ffb9db3b9a7:   48 8b 40 48 eb ed 0f ae e8 41 83 e0 0f 4c 8b 8c
0x00007ffb9db3b9b7:   c2 00 04 00 00 4d 85 c9 0f 85 80 00 00 00 44 38
0x00007ffb9db3b9c7:   92 20 04 00 00 0f 84 22 ff ff ff 8b c1 83 e0 0f
0x00007ffb9db3b9d7:   e9 08 ff ff ff 48 8b 83 80 02 00 00 49 89 04 24
0x00007ffb9db3b9e7:   48 89 bb 80 02 00 00 ff 83 88 02 00 00 48 8b 4f 


Stack slot to memory mapping:
stack at sp + 0 slots: 0x000001b5fd537540 points into unknown readable memory: 0x34000000bebafe00 | 00 fe ba be 00 00 00 34
stack at sp + 1 slots: 0x00a422a5010304a5 is an unknown value
stack at sp + 2 slots: 0x0133c2a700608fa5 is an unknown value
stack at sp + 3 slots: 0x013d78ab00dbb2a9 is an unknown value
stack at sp + 4 slots: 0x000001b5fecf2b78 points into unknown readable memory: 0x0000000000040000 | 00 00 04 00 00 00 00 00
stack at sp + 5 slots: 0x000000000004621b is an unknown value
stack at sp + 6 slots: 0x0 is NULL
stack at sp + 7 slots: 0x0000000000000014 is an unknown value

VM_Operation (0x0000003696bfedb0): Exit, mode: safepoint, requested by thread 0x000001b5ff1acc70


---------------  P R O C E S S  ---------------

Threads class SMR info:
_java_thread_list=0x000001b59a08f8f0, length=18, elements={
0x000001b5f8fe4ed0, 0x000001b5f8fe5bb0, 0x000001b5f8fe86d0, 0x000001b5f8fea100,
0x000001b5f8feab20, 0x000001b5f8feb680, 0x000001b5f8ffeef0, 0x000001b5f8fffbb0,
0x000001b5f900fd70, 0x000001b5fd510340, 0x000001b5fd516580, 0x000001b5fd7b0840,
0x000001b5ff4b5930, 0x000001b5ff1acc70, 0x000001b5ff1adc60, 0x000001b5ff1ad1c0,
0x000001b5ff1ad710, 0x000001b59a7a7540
}

Java Threads: ( => current thread )
  0x000001b5f8fe4ed0 JavaThread "Reference Handler" daemon [_thread_blocked, id=15540, stack(0x0000003694d00000,0x0000003694e00000)]
  0x000001b5f8fe5bb0 JavaThread "Finalizer" daemon [_thread_blocked, id=1120, stack(0x0000003694e00000,0x0000003694f00000)]
  0x000001b5f8fe86d0 JavaThread "Signal Dispatcher" daemon [_thread_blocked, id=14880, stack(0x0000003694f00000,0x0000003695000000)]
  0x000001b5f8fea100 JavaThread "Attach Listener" daemon [_thread_blocked, id=4104, stack(0x0000003695000000,0x0000003695100000)]
  0x000001b5f8feab20 JavaThread "Service Thread" daemon [_thread_blocked, id=14252, stack(0x0000003695100000,0x0000003695200000)]
  0x000001b5f8feb680 JavaThread "Monitor Deflation Thread" daemon [_thread_blocked, id=16888, stack(0x0000003695200000,0x0000003695300000)]
  0x000001b5f8ffeef0 JavaThread "C2 CompilerThread0" daemon [_thread_blocked, id=7112, stack(0x0000003695300000,0x0000003695400000)]
  0x000001b5f8fffbb0 JavaThread "C1 CompilerThread0" daemon [_thread_blocked, id=15216, stack(0x0000003695400000,0x0000003695500000)]
  0x000001b5f900fd70 JavaThread "Sweeper thread" daemon [_thread_blocked, id=12452, stack(0x0000003695500000,0x0000003695600000)]
  0x000001b5fd510340 JavaThread "Notification Thread" daemon [_thread_blocked, id=14176, stack(0x0000003695600000,0x0000003695700000)]
  0x000001b5fd516580 JavaThread "Common-Cleaner" daemon [_thread_blocked, id=4788, stack(0x0000003695800000,0x0000003695900000)]
  0x000001b5fd7b0840 JavaThread "Java2D Disposer" daemon [_thread_blocked, id=16664, stack(0x0000003695900000,0x0000003695a00000)]
  0x000001b5ff4b5930 JavaThread "HighResTimerThread" daemon [_thread_blocked, id=14452, stack(0x0000003696900000,0x0000003696a00000)]
  0x000001b5ff1acc70 JavaThread "main-FPSAWTAnimator#00-Timer0" [_thread_blocked, id=6460, stack(0x0000003696b00000,0x0000003696c00000)]
  0x000001b5ff1adc60 JavaThread "DestroyJavaVM" [_thread_blocked, id=15328, stack(0x0000003694600000,0x0000003694700000)]
  0x000001b5ff1ad1c0 JavaThread "Java Sound Event Dispatcher" daemon [_thread_blocked, id=7324, stack(0x0000003696d00000,0x0000003696e00000)]
  0x000001b5ff1ad710 JavaThread "Thread-4" [_thread_blocked, id=15428, stack(0x0000003697100000,0x0000003697200000)]
  0x000001b59a7a7540 JavaThread "AWT-Shutdown" [_thread_blocked, id=2636, stack(0x0000003697700000,0x0000003697800000)]

Other Threads:
=>0x000001b5f8fcb630 VMThread "VM Thread" [stack: 0x0000003694c00000,0x0000003694d00000] [id=5952]
  0x000001b5e9a7d280 WorkerThread "GC Thread#0" [stack: 0x0000003694700000,0x0000003694800000] [id=4804]
  0x000001b5fda15840 WorkerThread "GC Thread#1" [stack: 0x0000003696200000,0x0000003696300000] [id=8060]
  0x000001b5fda15b10 WorkerThread "GC Thread#2" [stack: 0x0000003696300000,0x0000003696400000] [id=6388]
  0x000001b5fda160b0 WorkerThread "GC Thread#3" [stack: 0x0000003696400000,0x0000003696500000] [id=17248]
  0x000001b5fda14a30 WorkerThread "GC Thread#4" [stack: 0x0000003696500000,0x0000003696600000] [id=10344]
  0x000001b5fda14d00 WorkerThread "GC Thread#5" [stack: 0x0000003696600000,0x0000003696700000] [id=6196]
  0x000001b5ff07cea0 WorkerThread "GC Thread#6" [stack: 0x0000003696700000,0x0000003696800000] [id=10748]
  0x000001b5ff07cbd0 WorkerThread "GC Thread#7" [stack: 0x0000003696800000,0x0000003696900000] [id=1708]
  0x000001b5e9a8e890 ConcurrentGCThread "G1 Main Marker" terminated
  0x000001b5e9a8fa60 WorkerThread "G1 Conc#0" [stack: 0x0000003694900000,0x0000003694a00000] [id=11968]
  0x000001b5ff07d440 WorkerThread "G1 Conc#1" [stack: 0x0000003697600000,0x0000003697700000] [id=8348]
  0x000001b5f8e839f0 ConcurrentGCThread "G1 Refine#0" terminated
  0x000001b5f8e84340 ConcurrentGCThread "G1 Service" terminated

Threads with active compile tasks:

VM state: at safepoint (shutting down)

VM Mutex/Monitor currently owned by a thread:  ([mutex/lock_event])
[0x000001b5e9a1d060] Threads_lock - owner thread: 0x000001b5f8fcb630
[0x000001b5e9a1bf80] Heap_lock - owner thread: 0x000001b5ff1acc70

Heap address: 0x0000000085800000, size: 1960 MB, Compressed Oops mode: 32-bit

CDS archive(s) mapped at: [0x0000000800000000-0x0000000800c40000-0x0000000800c40000), size 12845056, SharedBaseAddress: 0x0000000800000000, ArchiveRelocationMode: 0.
Compressed class space mapped at: 0x0000000801000000-0x0000000841000000, reserved size: 1073741824
Narrow klass base: 0x0000000800000000, Narrow klass shift: 0, Narrow klass range: 0x100000000

GC Precious Log:
 CardTable entry size: 512
 Card Set container configuration: InlinePtr #cards 5 size 8 Array Of Cards #cards 12 size 40 Howl #buckets 4 coarsen threshold 1843 Howl Bitmap #cards 512 size 80 coarsen threshold 460 Card regions per heap region 1 cards per card region 2048
 CPUs: 8 total, 8 available
 Memory: 7834M
 Large Page Support: Disabled
 NUMA Support: Disabled
 Compressed Oops: Enabled (32-bit)
 Heap Region Size: 1M
 Heap Min Capacity: 8M
 Heap Initial Capacity: 124M
 Heap Max Capacity: 1960M
 Pre-touch: Disabled
 Parallel Workers: 8
 Concurrent Workers: 2
 Concurrent Refinement Workers: 8
 Periodic GC: Disabled

Heap:
 garbage-first heap   total 162816K, used 87751K [0x0000000085800000, 0x0000000100000000)
  region size 1024K, 6 young (6144K), 1 survivors (1024K)
 Metaspace       used 14800K, committed 15040K, reserved 1114112K
  class space    used 1056K, committed 1152K, reserved 1048576K

Heap Regions: E=young(eden), S=young(survivor), O=old, HS=humongous(starts), HC=humongous(continues), CS=collection set, F=free, OA=open archive, CA=closed archive, TAMS=top-at-mark-start (previous, next)
|   0|0x0000000085800000, 0x0000000085900000, 0x0000000085900000|100%| O|  |TAMS 0x0000000085900000, 0x0000000085800000| Untracked 
|   1|0x0000000085900000, 0x0000000085a00000, 0x0000000085a00000|100%| O|  |TAMS 0x0000000085a00000, 0x0000000085900000| Untracked 
|   2|0x0000000085a00000, 0x0000000085b00000, 0x0000000085b00000|100%| O|  |TAMS 0x0000000085b00000, 0x0000000085a00000| Untracked 
|   3|0x0000000085b00000, 0x0000000085c00000, 0x0000000085c00000|100%| O|  |TAMS 0x0000000085c00000, 0x0000000085b00000| Untracked 
|   4|0x0000000085c00000, 0x0000000085d00000, 0x0000000085d00000|100%|HS|  |TAMS 0x0000000085d00000, 0x0000000085c00000| Complete 
|   5|0x0000000085d00000, 0x0000000085e00000, 0x0000000085e00000|100%|HC|  |TAMS 0x0000000085e00000, 0x0000000085d00000| Complete 
|   6|0x0000000085e00000, 0x0000000085f00000, 0x0000000085f00000|100%|HC|  |TAMS 0x0000000085f00000, 0x0000000085e00000| Complete 
|   7|0x0000000085f00000, 0x0000000086000000, 0x0000000086000000|100%|HC|  |TAMS 0x0000000086000000, 0x0000000085f00000| Complete 
|   8|0x0000000086000000, 0x0000000086100000, 0x0000000086100000|100%| O|  |TAMS 0x0000000086100000, 0x0000000086000000| Untracked 
|   9|0x0000000086100000, 0x0000000086200000, 0x0000000086200000|100%| O|  |TAMS 0x0000000086200000, 0x0000000086100000| Untracked 
|  10|0x0000000086200000, 0x0000000086300000, 0x0000000086300000|100%| O|  |TAMS 0x0000000086300000, 0x0000000086200000| Untracked 
|  11|0x0000000086300000, 0x0000000086400000, 0x0000000086400000|100%| O|  |TAMS 0x0000000086400000, 0x0000000086300000| Untracked 
|  12|0x0000000086400000, 0x0000000086500000, 0x0000000086500000|100%| O|  |TAMS 0x0000000086500000, 0x0000000086400000| Untracked 
|  13|0x0000000086500000, 0x0000000086600000, 0x0000000086600000|100%| O|  |TAMS 0x0000000086600000, 0x0000000086500000| Untracked 
|  14|0x0000000086600000, 0x0000000086700000, 0x0000000086700000|100%| O|  |TAMS 0x0000000086700000, 0x0000000086600000| Untracked 
|  15|0x0000000086700000, 0x0000000086800000, 0x0000000086800000|100%|HS|  |TAMS 0x0000000086800000, 0x0000000086700000| Complete 
|  16|0x0000000086800000, 0x0000000086900000, 0x0000000086900000|100%|HC|  |TAMS 0x0000000086900000, 0x0000000086800000| Complete 
|  17|0x0000000086900000, 0x0000000086a00000, 0x0000000086a00000|100%|HC|  |TAMS 0x0000000086a00000, 0x0000000086900000| Complete 
|  18|0x0000000086a00000, 0x0000000086b00000, 0x0000000086b00000|100%|HC|  |TAMS 0x0000000086b00000, 0x0000000086a00000| Complete 
|  19|0x0000000086b00000, 0x0000000086c00000, 0x0000000086c00000|100%|HS|  |TAMS 0x0000000086c00000, 0x0000000086b00000| Complete 
|  20|0x0000000086c00000, 0x0000000086d00000, 0x0000000086d00000|100%|HC|  |TAMS 0x0000000086d00000, 0x0000000086c00000| Complete 
|  21|0x0000000086d00000, 0x0000000086e00000, 0x0000000086e00000|100%| O|  |TAMS 0x0000000086e00000, 0x0000000086d00000| Untracked 
|  22|0x0000000086e00000, 0x0000000086f00000, 0x0000000086f00000|100%| O|  |TAMS 0x0000000086f00000, 0x0000000086e00000| Untracked 
|  23|0x0000000086f00000, 0x0000000087000000, 0x0000000087000000|100%| O|  |TAMS 0x0000000087000000, 0x0000000086f00000| Untracked 
|  24|0x0000000087000000, 0x0000000087100000, 0x0000000087100000|100%| O|  |TAMS 0x0000000087100000, 0x0000000087000000| Untracked 
|  25|0x0000000087100000, 0x0000000087200000, 0x0000000087200000|100%| O|  |TAMS 0x0000000087200000, 0x0000000087100000| Untracked 
|  26|0x0000000087200000, 0x0000000087300000, 0x0000000087300000|100%| O|  |TAMS 0x0000000087300000, 0x0000000087200000| Untracked 
|  27|0x0000000087300000, 0x0000000087400000, 0x0000000087400000|100%| O|  |TAMS 0x0000000087400000, 0x0000000087300000| Untracked 
|  28|0x0000000087400000, 0x0000000087500000, 0x0000000087500000|100%| O|  |TAMS 0x0000000087500000, 0x0000000087400000| Untracked 
|  29|0x0000000087500000, 0x0000000087600000, 0x0000000087600000|100%| O|  |TAMS 0x0000000087600000, 0x0000000087500000| Untracked 
|  30|0x0000000087600000, 0x0000000087700000, 0x0000000087700000|100%| O|  |TAMS 0x0000000087700000, 0x0000000087600000| Untracked 
|  31|0x0000000087700000, 0x0000000087800000, 0x0000000087800000|100%| O|  |TAMS 0x0000000087800000, 0x0000000087700000| Untracked 
|  32|0x0000000087800000, 0x0000000087900000, 0x0000000087900000|100%| O|  |TAMS 0x0000000087900000, 0x0000000087800000| Untracked 
|  33|0x0000000087900000, 0x0000000087a00000, 0x0000000087a00000|100%| O|  |TAMS 0x0000000087a00000, 0x0000000087900000| Untracked 
|  34|0x0000000087a00000, 0x0000000087b00000, 0x0000000087b00000|100%| O|  |TAMS 0x0000000087b00000, 0x0000000087a00000| Untracked 
|  35|0x0000000087b00000, 0x0000000087c00000, 0x0000000087c00000|100%| O|  |TAMS 0x0000000087c00000, 0x0000000087b00000| Untracked 
|  36|0x0000000087c00000, 0x0000000087d00000, 0x0000000087d00000|100%| O|  |TAMS 0x0000000087d00000, 0x0000000087c00000| Untracked 
|  37|0x0000000087d00000, 0x0000000087e00000, 0x0000000087e00000|100%| O|  |TAMS 0x0000000087e00000, 0x0000000087d00000| Untracked 
|  38|0x0000000087e00000, 0x0000000087f00000, 0x0000000087f00000|100%| O|  |TAMS 0x0000000087f00000, 0x0000000087e00000| Untracked 
|  39|0x0000000087f00000, 0x0000000088000000, 0x0000000088000000|100%| O|  |TAMS 0x0000000088000000, 0x0000000087f00000| Untracked 
|  40|0x0000000088000000, 0x0000000088000000, 0x0000000088100000|  0%| F|  |TAMS 0x0000000088000000, 0x0000000088000000| Untracked 
|  41|0x0000000088100000, 0x0000000088200000, 0x0000000088200000|100%| O|  |TAMS 0x0000000088100000, 0x0000000088100000| Untracked 
|  42|0x0000000088200000, 0x0000000088300000, 0x0000000088300000|100%| O|  |TAMS 0x0000000088200000, 0x0000000088200000| Untracked 
|  43|0x0000000088300000, 0x0000000088400000, 0x0000000088400000|100%| O|  |TAMS 0x0000000088300000, 0x0000000088300000| Untracked 
|  44|0x0000000088400000, 0x0000000088500000, 0x0000000088500000|100%| O|  |TAMS 0x0000000088400000, 0x0000000088400000| Untracked 
|  45|0x0000000088500000, 0x0000000088600000, 0x0000000088600000|100%| O|  |TAMS 0x0000000088500000, 0x0000000088500000| Untracked 
|  46|0x0000000088600000, 0x0000000088700000, 0x0000000088700000|100%| O|  |TAMS 0x0000000088600000, 0x0000000088600000| Untracked 
|  47|0x0000000088700000, 0x0000000088800000, 0x0000000088800000|100%| O|  |TAMS 0x0000000088700000, 0x0000000088700000| Untracked 
|  48|0x0000000088800000, 0x0000000088900000, 0x0000000088900000|100%| O|  |TAMS 0x0000000088800000, 0x0000000088800000| Untracked 
|  49|0x0000000088900000, 0x0000000088a00000, 0x0000000088a00000|100%| O|  |TAMS 0x0000000088900000, 0x0000000088900000| Untracked 
|  50|0x0000000088a00000, 0x0000000088b00000, 0x0000000088b00000|100%| O|  |TAMS 0x0000000088a00000, 0x0000000088a00000| Untracked 
|  51|0x0000000088b00000, 0x0000000088c00000, 0x0000000088c00000|100%| O|  |TAMS 0x0000000088c00000, 0x0000000088b00000| Untracked 
|  52|0x0000000088c00000, 0x0000000088d00000, 0x0000000088d00000|100%| O|  |TAMS 0x0000000088d00000, 0x0000000088c00000| Untracked 
|  53|0x0000000088d00000, 0x0000000088e00000, 0x0000000088e00000|100%| O|  |TAMS 0x0000000088e00000, 0x0000000088d00000| Untracked 
|  54|0x0000000088e00000, 0x0000000088f00000, 0x0000000088f00000|100%| O|  |TAMS 0x0000000088f00000, 0x0000000088e00000| Untracked 
|  55|0x0000000088f00000, 0x0000000089000000, 0x0000000089000000|100%| O|  |TAMS 0x0000000089000000, 0x0000000088f00000| Untracked 
|  56|0x0000000089000000, 0x0000000089100000, 0x0000000089100000|100%| O|  |TAMS 0x0000000089100000, 0x0000000089000000| Untracked 
|  57|0x0000000089100000, 0x0000000089200000, 0x0000000089200000|100%| O|  |TAMS 0x0000000089200000, 0x0000000089100000| Untracked 
|  58|0x0000000089200000, 0x0000000089300000, 0x0000000089300000|100%| O|  |TAMS 0x0000000089300000, 0x0000000089200000| Untracked 
|  59|0x0000000089300000, 0x0000000089400000, 0x0000000089400000|100%| O|  |TAMS 0x0000000089400000, 0x0000000089300000| Untracked 
|  60|0x0000000089400000, 0x0000000089500000, 0x0000000089500000|100%| O|  |TAMS 0x0000000089500000, 0x0000000089400000| Untracked 
|  61|0x0000000089500000, 0x0000000089600000, 0x0000000089600000|100%| O|  |TAMS 0x0000000089600000, 0x0000000089500000| Untracked 
|  62|0x0000000089600000, 0x0000000089700000, 0x0000000089700000|100%| O|  |TAMS 0x0000000089700000, 0x0000000089600000| Untracked 
|  63|0x0000000089700000, 0x0000000089800000, 0x0000000089800000|100%| O|  |TAMS 0x0000000089800000, 0x0000000089700000| Untracked 
|  64|0x0000000089800000, 0x0000000089800000, 0x0000000089900000|  0%| F|  |TAMS 0x0000000089800000, 0x0000000089800000| Untracked 
|  65|0x0000000089900000, 0x0000000089a00000, 0x0000000089a00000|100%| O|  |TAMS 0x0000000089900000, 0x0000000089900000| Untracked 
|  66|0x0000000089a00000, 0x0000000089b00000, 0x0000000089b00000|100%| O|  |TAMS 0x0000000089a00000, 0x0000000089a00000| Untracked 
|  67|0x0000000089b00000, 0x0000000089c00000, 0x0000000089c00000|100%| O|  |TAMS 0x0000000089b00000, 0x0000000089b00000| Untracked 
|  68|0x0000000089c00000, 0x0000000089d00000, 0x0000000089d00000|100%| O|  |TAMS 0x0000000089c00000, 0x0000000089c00000| Untracked 
|  69|0x0000000089d00000, 0x0000000089e00000, 0x0000000089e00000|100%| O|  |TAMS 0x0000000089d00000, 0x0000000089d00000| Untracked 
|  70|0x0000000089e00000, 0x0000000089e9c600, 0x0000000089f00000| 61%| O|  |TAMS 0x0000000089e00000, 0x0000000089e00000| Untracked 
|  71|0x0000000089f00000, 0x0000000089f00000, 0x000000008a000000|  0%| F|  |TAMS 0x0000000089f00000, 0x0000000089f00000| Untracked 
|  72|0x000000008a000000, 0x000000008a000000, 0x000000008a100000|  0%| F|  |TAMS 0x000000008a000000, 0x000000008a000000| Untracked 
|  73|0x000000008a100000, 0x000000008a100000, 0x000000008a200000|  0%| F|  |TAMS 0x000000008a100000, 0x000000008a100000| Untracked 
|  74|0x000000008a200000, 0x000000008a200000, 0x000000008a300000|  0%| F|  |TAMS 0x000000008a200000, 0x000000008a200000| Untracked 
|  75|0x000000008a300000, 0x000000008a300000, 0x000000008a400000|  0%| F|  |TAMS 0x000000008a300000, 0x000000008a300000| Untracked 
|  76|0x000000008a400000, 0x000000008a400000, 0x000000008a500000|  0%| F|  |TAMS 0x000000008a400000, 0x000000008a400000| Untracked 
|  77|0x000000008a500000, 0x000000008a500000, 0x000000008a600000|  0%| F|  |TAMS 0x000000008a500000, 0x000000008a500000| Untracked 
|  78|0x000000008a600000, 0x000000008a600000, 0x000000008a700000|  0%| F|  |TAMS 0x000000008a600000, 0x000000008a600000| Untracked 
|  79|0x000000008a700000, 0x000000008a700000, 0x000000008a800000|  0%| F|  |TAMS 0x000000008a700000, 0x000000008a700000| Untracked 
|  80|0x000000008a800000, 0x000000008a800000, 0x000000008a900000|  0%| F|  |TAMS 0x000000008a800000, 0x000000008a800000| Untracked 
|  81|0x000000008a900000, 0x000000008a900000, 0x000000008aa00000|  0%| F|  |TAMS 0x000000008a900000, 0x000000008a900000| Untracked 
|  82|0x000000008aa00000, 0x000000008aa00000, 0x000000008ab00000|  0%| F|  |TAMS 0x000000008aa00000, 0x000000008aa00000| Untracked 
|  83|0x000000008ab00000, 0x000000008ab00000, 0x000000008ac00000|  0%| F|  |TAMS 0x000000008ab00000, 0x000000008ab00000| Untracked 
|  84|0x000000008ac00000, 0x000000008ac00000, 0x000000008ad00000|  0%| F|  |TAMS 0x000000008ac00000, 0x000000008ac00000| Untracked 
|  85|0x000000008ad00000, 0x000000008ad00000, 0x000000008ae00000|  0%| F|  |TAMS 0x000000008ad00000, 0x000000008ad00000| Untracked 
|  86|0x000000008ae00000, 0x000000008ae00000, 0x000000008af00000|  0%| F|  |TAMS 0x000000008ae00000, 0x000000008ae00000| Untracked 
|  87|0x000000008af00000, 0x000000008af00000, 0x000000008b000000|  0%| F|  |TAMS 0x000000008af00000, 0x000000008af00000| Untracked 
|  88|0x000000008b000000, 0x000000008b000000, 0x000000008b100000|  0%| F|  |TAMS 0x000000008b000000, 0x000000008b000000| Untracked 
|  89|0x000000008b100000, 0x000000008b100000, 0x000000008b200000|  0%| F|  |TAMS 0x000000008b100000, 0x000000008b100000| Untracked 
|  90|0x000000008b200000, 0x000000008b200000, 0x000000008b300000|  0%| F|  |TAMS 0x000000008b200000, 0x000000008b200000| Untracked 
|  91|0x000000008b300000, 0x000000008b300000, 0x000000008b400000|  0%| F|  |TAMS 0x000000008b300000, 0x000000008b300000| Untracked 
|  92|0x000000008b400000, 0x000000008b400000, 0x000000008b500000|  0%| F|  |TAMS 0x000000008b400000, 0x000000008b400000| Untracked 
|  93|0x000000008b500000, 0x000000008b500000, 0x000000008b600000|  0%| F|  |TAMS 0x000000008b500000, 0x000000008b500000| Untracked 
|  94|0x000000008b600000, 0x000000008b600000, 0x000000008b700000|  0%| F|  |TAMS 0x000000008b600000, 0x000000008b600000| Untracked 
|  95|0x000000008b700000, 0x000000008b700000, 0x000000008b800000|  0%| F|  |TAMS 0x000000008b700000, 0x000000008b700000| Untracked 
|  96|0x000000008b800000, 0x000000008b800000, 0x000000008b900000|  0%| F|  |TAMS 0x000000008b800000, 0x000000008b800000| Untracked 
|  97|0x000000008b900000, 0x000000008b900000, 0x000000008ba00000|  0%| F|  |TAMS 0x000000008b900000, 0x000000008b900000| Untracked 
|  98|0x000000008ba00000, 0x000000008ba00000, 0x000000008bb00000|  0%| F|  |TAMS 0x000000008ba00000, 0x000000008ba00000| Untracked 
|  99|0x000000008bb00000, 0x000000008bb00000, 0x000000008bc00000|  0%| F|  |TAMS 0x000000008bb00000, 0x000000008bb00000| Untracked 
| 100|0x000000008bc00000, 0x000000008bc00000, 0x000000008bd00000|  0%| F|  |TAMS 0x000000008bc00000, 0x000000008bc00000| Untracked 
| 101|0x000000008bd00000, 0x000000008bd00000, 0x000000008be00000|  0%| F|  |TAMS 0x000000008bd00000, 0x000000008bd00000| Untracked 
| 102|0x000000008be00000, 0x000000008be00000, 0x000000008bf00000|  0%| F|  |TAMS 0x000000008be00000, 0x000000008be00000| Untracked 
| 103|0x000000008bf00000, 0x000000008bf00000, 0x000000008c000000|  0%| F|  |TAMS 0x000000008bf00000, 0x000000008bf00000| Untracked 
| 104|0x000000008c000000, 0x000000008c000000, 0x000000008c100000|  0%| F|  |TAMS 0x000000008c000000, 0x000000008c000000| Untracked 
| 105|0x000000008c100000, 0x000000008c200000, 0x000000008c200000|100%|HS|  |TAMS 0x000000008c100000, 0x000000008c100000| Complete 
| 106|0x000000008c200000, 0x000000008c300000, 0x000000008c300000|100%|HS|  |TAMS 0x000000008c200000, 0x000000008c200000| Complete 
| 107|0x000000008c300000, 0x000000008c400000, 0x000000008c400000|100%|HC|  |TAMS 0x000000008c300000, 0x000000008c300000| Complete 
| 108|0x000000008c400000, 0x000000008c500000, 0x000000008c500000|100%|HC|  |TAMS 0x000000008c400000, 0x000000008c400000| Complete 
| 109|0x000000008c500000, 0x000000008c600000, 0x000000008c600000|100%|HS|  |TAMS 0x000000008c500000, 0x000000008c500000| Complete 
| 110|0x000000008c600000, 0x000000008c700000, 0x000000008c700000|100%|HS|  |TAMS 0x000000008c600000, 0x000000008c600000| Complete 
| 111|0x000000008c700000, 0x000000008c800000, 0x000000008c800000|100%|HC|  |TAMS 0x000000008c700000, 0x000000008c700000| Complete 
| 112|0x000000008c800000, 0x000000008c900000, 0x000000008c900000|100%|HC|  |TAMS 0x000000008c800000, 0x000000008c800000| Complete 
| 113|0x000000008c900000, 0x000000008ca00000, 0x000000008ca00000|100%|HS|  |TAMS 0x000000008c900000, 0x000000008c900000| Complete 
| 114|0x000000008ca00000, 0x000000008cb00000, 0x000000008cb00000|100%| O|  |TAMS 0x000000008ca00000, 0x000000008ca00000| Untracked 
| 115|0x000000008cb00000, 0x000000008cc00000, 0x000000008cc00000|100%| O|  |TAMS 0x000000008cb00000, 0x000000008cb00000| Untracked 
| 116|0x000000008cc00000, 0x000000008cd00000, 0x000000008cd00000|100%| O|  |TAMS 0x000000008cc00000, 0x000000008cc00000| Untracked 
| 117|0x000000008cd00000, 0x000000008ce00000, 0x000000008ce00000|100%| O|  |TAMS 0x000000008cd00000, 0x000000008cd00000| Untracked 
| 118|0x000000008ce00000, 0x000000008ce00000, 0x000000008cf00000|  0%| F|  |TAMS 0x000000008ce00000, 0x000000008ce00000| Untracked 
| 119|0x000000008cf00000, 0x000000008cf00000, 0x000000008d000000|  0%| F|  |TAMS 0x000000008cf00000, 0x000000008cf00000| Untracked 
| 120|0x000000008d000000, 0x000000008d000000, 0x000000008d100000|  0%| F|  |TAMS 0x000000008d000000, 0x000000008d000000| Untracked 
| 121|0x000000008d100000, 0x000000008d100000, 0x000000008d200000|  0%| F|  |TAMS 0x000000008d100000, 0x000000008d100000| Untracked 
| 122|0x000000008d200000, 0x000000008d200000, 0x000000008d300000|  0%| F|  |TAMS 0x000000008d200000, 0x000000008d200000| Untracked 
| 123|0x000000008d300000, 0x000000008d300000, 0x000000008d400000|  0%| F|  |TAMS 0x000000008d300000, 0x000000008d300000| Untracked 
| 124|0x000000008d400000, 0x000000008d400000, 0x000000008d500000|  0%| F|  |TAMS 0x000000008d400000, 0x000000008d400000| Untracked 
| 125|0x000000008d500000, 0x000000008d500000, 0x000000008d600000|  0%| F|  |TAMS 0x000000008d500000, 0x000000008d500000| Untracked 
| 126|0x000000008d600000, 0x000000008d600000, 0x000000008d700000|  0%| F|  |TAMS 0x000000008d600000, 0x000000008d600000| Untracked 
| 127|0x000000008d700000, 0x000000008d700000, 0x000000008d800000|  0%| F|  |TAMS 0x000000008d700000, 0x000000008d700000| Untracked 
| 128|0x000000008d800000, 0x000000008d800000, 0x000000008d900000|  0%| F|  |TAMS 0x000000008d800000, 0x000000008d800000| Untracked 
| 129|0x000000008d900000, 0x000000008d900000, 0x000000008da00000|  0%| F|  |TAMS 0x000000008d900000, 0x000000008d900000| Untracked 
| 130|0x000000008da00000, 0x000000008da00000, 0x000000008db00000|  0%| F|  |TAMS 0x000000008da00000, 0x000000008da00000| Untracked 
| 131|0x000000008db00000, 0x000000008db00000, 0x000000008dc00000|  0%| F|  |TAMS 0x000000008db00000, 0x000000008db00000| Untracked 
| 132|0x000000008dc00000, 0x000000008dc00000, 0x000000008dd00000|  0%| F|  |TAMS 0x000000008dc00000, 0x000000008dc00000| Untracked 
| 133|0x000000008dd00000, 0x000000008dd00000, 0x000000008de00000|  0%| F|  |TAMS 0x000000008dd00000, 0x000000008dd00000| Untracked 
| 134|0x000000008de00000, 0x000000008de00000, 0x000000008df00000|  0%| F|  |TAMS 0x000000008de00000, 0x000000008de00000| Untracked 
| 135|0x000000008df00000, 0x000000008df00000, 0x000000008e000000|  0%| F|  |TAMS 0x000000008df00000, 0x000000008df00000| Untracked 
| 136|0x000000008e000000, 0x000000008e000000, 0x000000008e100000|  0%| F|  |TAMS 0x000000008e000000, 0x000000008e000000| Untracked 
| 137|0x000000008e100000, 0x000000008e100000, 0x000000008e200000|  0%| F|  |TAMS 0x000000008e100000, 0x000000008e100000| Untracked 
| 138|0x000000008e200000, 0x000000008e200000, 0x000000008e300000|  0%| F|  |TAMS 0x000000008e200000, 0x000000008e200000| Untracked 
| 139|0x000000008e300000, 0x000000008e300000, 0x000000008e400000|  0%| F|  |TAMS 0x000000008e300000, 0x000000008e300000| Untracked 
| 140|0x000000008e400000, 0x000000008e400000, 0x000000008e500000|  0%| F|  |TAMS 0x000000008e400000, 0x000000008e400000| Untracked 
| 141|0x000000008e500000, 0x000000008e500000, 0x000000008e600000|  0%| F|  |TAMS 0x000000008e500000, 0x000000008e500000| Untracked 
| 142|0x000000008e600000, 0x000000008e600000, 0x000000008e700000|  0%| F|  |TAMS 0x000000008e600000, 0x000000008e600000| Untracked 
| 143|0x000000008e700000, 0x000000008e700000, 0x000000008e800000|  0%| F|  |TAMS 0x000000008e700000, 0x000000008e700000| Untracked 
| 144|0x000000008e800000, 0x000000008e800000, 0x000000008e900000|  0%| F|  |TAMS 0x000000008e800000, 0x000000008e800000| Untracked 
| 145|0x000000008e900000, 0x000000008e900000, 0x000000008ea00000|  0%| F|  |TAMS 0x000000008e900000, 0x000000008e900000| Untracked 
| 146|0x000000008ea00000, 0x000000008ea00000, 0x000000008eb00000|  0%| F|  |TAMS 0x000000008ea00000, 0x000000008ea00000| Untracked 
| 147|0x000000008eb00000, 0x000000008eb00000, 0x000000008ec00000|  0%| F|  |TAMS 0x000000008eb00000, 0x000000008eb00000| Untracked 
| 148|0x000000008ec00000, 0x000000008ec00000, 0x000000008ed00000|  0%| F|  |TAMS 0x000000008ec00000, 0x000000008ec00000| Untracked 
| 149|0x000000008ed00000, 0x000000008ed00000, 0x000000008ee00000|  0%| F|  |TAMS 0x000000008ed00000, 0x000000008ed00000| Untracked 
| 150|0x000000008ee00000, 0x000000008ee00000, 0x000000008ef00000|  0%| F|  |TAMS 0x000000008ee00000, 0x000000008ee00000| Untracked 
| 151|0x000000008ef00000, 0x000000008ef00000, 0x000000008f000000|  0%| F|  |TAMS 0x000000008ef00000, 0x000000008ef00000| Untracked 
| 152|0x000000008f000000, 0x000000008f000000, 0x000000008f100000|  0%| F|  |TAMS 0x000000008f000000, 0x000000008f000000| Untracked 
| 153|0x000000008f100000, 0x000000008f1cc428, 0x000000008f200000| 79%| E|  |TAMS 0x000000008f100000, 0x000000008f100000| Complete 
| 154|0x000000008f200000, 0x000000008f215840, 0x000000008f300000|  8%| S|CS|TAMS 0x000000008f200000, 0x000000008f200000| Complete 
| 155|0x000000008f300000, 0x000000008f400000, 0x000000008f400000|100%| E|CS|TAMS 0x000000008f300000, 0x000000008f300000| Complete 
| 156|0x000000008f400000, 0x000000008f500000, 0x000000008f500000|100%| E|CS|TAMS 0x000000008f400000, 0x000000008f400000| Complete 
| 157|0x000000008f500000, 0x000000008f600000, 0x000000008f600000|100%| E|CS|TAMS 0x000000008f500000, 0x000000008f500000| Complete 
| 158|0x000000008f600000, 0x000000008f700000, 0x000000008f700000|100%| E|CS|TAMS 0x000000008f600000, 0x000000008f600000| Complete 

Card table byte_map: [0x000001b5f20a0000,0x000001b5f2480000] _byte_map_base: 0x000001b5f1c74000

Marking Bits (Prev, Next): (CMBitMap*) 0x000001b5e9a7e900, (CMBitMap*) 0x000001b5e9a7e8c0
 Prev Bits: [0x000001b5f4700000, 0x000001b5f65a0000)
 Next Bits: [0x000001b5f2860000, 0x000001b5f4700000)

Polling page: 0x000001b5e91f0000

Metaspace:

Usage:
  Non-class:     13.42 MB used.
      Class:      1.03 MB used.
       Both:     14.45 MB used.

Virtual space:
  Non-class space:       64.00 MB reserved,      13.56 MB ( 21%) committed,  1 nodes.
      Class space:        1.00 GB reserved,       1.12 MB ( <1%) committed,  1 nodes.
             Both:        1.06 GB reserved,      14.69 MB (  1%) committed. 

Chunk freelists:
   Non-Class:  1.58 MB
       Class:  2.82 MB
        Both:  4.40 MB

MaxMetaspaceSize: unlimited
CompressedClassSpaceSize: 1.00 GB
Initial GC threshold: 21.00 MB
Current GC threshold: 23.38 MB
CDS: on
MetaspaceReclaimPolicy: balanced
 - commit_granule_bytes: 65536.
 - commit_granule_words: 8192.
 - virtual_space_node_default_size: 8388608.
 - enlarge_chunks_in_place: 1.
 - new_chunks_are_fully_committed: 0.
 - uncommit_free_chunks: 1.
 - use_allocation_guard: 0.


Internal statistics:

num_allocs_failed_limit: 0.
num_arena_births: 200.
num_arena_deaths: 0.
num_vsnodes_births: 2.
num_vsnodes_deaths: 0.
num_space_committed: 231.
num_space_uncommitted: 0.
num_chunks_returned_to_freelist: 0.
num_chunks_taken_from_freelist: 514.
num_chunk_merges: 0.
num_chunk_splits: 406.
num_chunks_enlarged: 329.
num_inconsistent_stats: 0.

CodeHeap 'non-profiled nmethods': size=120000Kb used=1515Kb max_used=1515Kb free=118484Kb
 bounds [0x000001b587ad0000, 0x000001b587d40000, 0x000001b58f000000]
CodeHeap 'profiled nmethods': size=120000Kb used=4984Kb max_used=4984Kb free=115016Kb
 bounds [0x000001b580000000, 0x000001b5804e0000, 0x000001b587530000]
CodeHeap 'non-nmethods': size=5760Kb used=1650Kb max_used=1680Kb free=4109Kb
 bounds [0x000001b587530000, 0x000001b5877a0000, 0x000001b587ad0000]
 total_blobs=3561 nmethods=2598 adapters=874
 compilation: enabled
              stopped_count=0, restarted_count=0
 full_count=0

Compilation events (20 events):
Event: 15.673 Thread 0x000001b5f8fffbb0 2586       3       processing.opengl.PGraphicsOpenGL$TessGeometry::updatePolyVerticesBuffer (18 bytes)
Event: 15.673 Thread 0x000001b5f8fffbb0 nmethod 2586 0x000001b5804dae90 code [0x000001b5804db040, 0x000001b5804db188]
Event: 15.673 Thread 0x000001b5f8fffbb0 2589   !   3       jogamp.nativewindow.SurfaceUpdatedHelper::surfaceUpdated (76 bytes)
Event: 15.673 Thread 0x000001b5f8fffbb0 nmethod 2589 0x000001b5804db210 code [0x000001b5804db420, 0x000001b5804dbcc8]
Event: 15.684 Thread 0x000001b5f8ffeef0 2590       4       processing.opengl.PGraphicsOpenGL::lightFalloff (16 bytes)
Event: 15.685 Thread 0x000001b5f8ffeef0 nmethod 2590 0x000001b587c45f10 code [0x000001b587c46080, 0x000001b587c46118]
Event: 15.685 Thread 0x000001b5f8ffeef0 2591       4       processing.core.PGraphics::fillFromCalc (86 bytes)
Event: 15.686 Thread 0x000001b5f8fffbb0 2592       3       c21376161.DuckVortex::Render (174 bytes)
Event: 15.686 Thread 0x000001b5f8ffeef0 nmethod 2591 0x000001b587c46210 code [0x000001b587c46380, 0x000001b587c46498]
Event: 15.686 Thread 0x000001b5f8fffbb0 nmethod 2592 0x000001b5804dc090 code [0x000001b5804dc460, 0x000001b5804dda08]
Event: 16.269 Thread 0x000001b5f8ffeef0 2593       4       processing.opengl.PGraphicsOpenGL$InGeometry::addVertex (56 bytes)
Event: 16.270 Thread 0x000001b5f8ffeef0 nmethod 2593 0x000001b587c46510 code [0x000001b587c466a0, 0x000001b587c46788]
Event: 16.605 Thread 0x000001b5f8ffeef0 2594       4       processing.opengl.PGraphicsOpenGL$InGeometry::addVertex (533 bytes)
Event: 16.620 Thread 0x000001b5f8ffeef0 nmethod 2594 0x000001b587c46890 code [0x000001b587c46aa0, 0x000001b587c47ad8]
Event: 16.855 Thread 0x000001b5f8ffeef0 2595       4       processing.opengl.PGraphicsOpenGL$InGeometry::setMaterial (40 bytes)
Event: 16.856 Thread 0x000001b5f8ffeef0 nmethod 2595 0x000001b587c48890 code [0x000001b587c48a00, 0x000001b587c48a98]
Event: 16.938 Thread 0x000001b5f8ffeef0 2596       4       processing.opengl.PGraphicsOpenGL$TessGeometry::setLineVertex (333 bytes)
Event: 16.941 Thread 0x000001b5f8ffeef0 nmethod 2596 0x000001b587c48b90 code [0x000001b587c48d40, 0x000001b587c49198]
Event: 18.844 Thread 0x000001b5f8ffeef0 2598   !   4       java.util.zip.ZipFile$Source::getEntryPos (195 bytes)
Event: 18.852 Thread 0x000001b5f8ffeef0 nmethod 2598 0x000001b587c49910 code [0x000001b587c49b00, 0x000001b587c4a450]

GC Heap History (14 events):
Event: 0.973 GC heap before
{Heap before GC invocations=0 (full 0):
 garbage-first heap   total 126976K, used 25600K [0x0000000085800000, 0x0000000100000000)
  region size 1024K, 23 young (23552K), 0 survivors (0K)
 Metaspace       used 11609K, committed 11904K, reserved 1114112K
  class space    used 807K, committed 960K, reserved 1048576K
}
Event: 0.981 GC heap after
{Heap after GC invocations=1 (full 0):
 garbage-first heap   total 126976K, used 3115K [0x0000000085800000, 0x0000000100000000)
  region size 1024K, 3 young (3072K), 3 survivors (3072K)
 Metaspace       used 11609K, committed 11904K, reserved 1114112K
  class space    used 807K, committed 960K, reserved 1048576K
}
Event: 1.620 GC heap before
{Heap before GC invocations=1 (full 0):
 garbage-first heap   total 126976K, used 57387K [0x0000000085800000, 0x0000000100000000)
  region size 1024K, 37 young (37888K), 3 survivors (3072K)
 Metaspace       used 13844K, committed 14080K, reserved 1114112K
  class space    used 1038K, committed 1152K, reserved 1048576K
}
Event: 1.626 GC heap after
{Heap after GC invocations=2 (full 0):
 garbage-first heap   total 126976K, used 16194K [0x0000000085800000, 0x0000000100000000)
  region size 1024K, 3 young (3072K), 3 survivors (3072K)
 Metaspace       used 13844K, committed 14080K, reserved 1114112K
  class space    used 1038K, committed 1152K, reserved 1048576K
}
Event: 1.744 GC heap before
{Heap before GC invocations=2 (full 0):
 garbage-first heap   total 126976K, used 87874K [0x0000000085800000, 0x0000000100000000)
  region size 1024K, 73 young (74752K), 3 survivors (3072K)
 Metaspace       used 13921K, committed 14208K, reserved 1114112K
  class space    used 1040K, committed 1152K, reserved 1048576K
}
Event: 1.754 GC heap after
{Heap after GC invocations=3 (full 0):
 garbage-first heap   total 126976K, used 41094K [0x0000000085800000, 0x0000000100000000)
  region size 1024K, 10 young (10240K), 10 survivors (10240K)
 Metaspace       used 13921K, committed 14208K, reserved 1114112K
  class space    used 1040K, committed 1152K, reserved 1048576K
}
Event: 1.776 GC heap before
{Heap before GC invocations=3 (full 0):
 garbage-first heap   total 126976K, used 75910K [0x0000000085800000, 0x0000000100000000)
  region size 1024K, 44 young (45056K), 10 survivors (10240K)
 Metaspace       used 13921K, committed 14208K, reserved 1114112K
  class space    used 1040K, committed 1152K, reserved 1048576K
}
Event: 1.785 GC heap after
{Heap after GC invocations=4 (full 0):
 garbage-first heap   total 126976K, used 62464K [0x0000000085800000, 0x0000000100000000)
  region size 1024K, 6 young (6144K), 6 survivors (6144K)
 Metaspace       used 13921K, committed 14208K, reserved 1114112K
  class space    used 1040K, committed 1152K, reserved 1048576K
}
Event: 1.940 GC heap before
{Heap before GC invocations=4 (full 0):
 garbage-first heap   total 126976K, used 83968K [0x0000000085800000, 0x0000000100000000)
  region size 1024K, 27 young (27648K), 6 survivors (6144K)
 Metaspace       used 14091K, committed 14336K, reserved 1114112K
  class space    used 1050K, committed 1152K, reserved 1048576K
}
Event: 1.946 GC heap after
{Heap after GC invocations=5 (full 0):
 garbage-first heap   total 126976K, used 74240K [0x0000000085800000, 0x0000000100000000)
  region size 1024K, 4 young (4096K), 4 survivors (4096K)
 Metaspace       used 14091K, committed 14336K, reserved 1114112K
  class space    used 1050K, committed 1152K, reserved 1048576K
}
Event: 7.544 GC heap before
{Heap before GC invocations=6 (full 0):
 garbage-first heap   total 162816K, used 131584K [0x0000000085800000, 0x0000000100000000)
  region size 1024K, 20 young (20480K), 4 survivors (4096K)
 Metaspace       used 14538K, committed 14784K, reserved 1114112K
  class space    used 1051K, committed 1152K, reserved 1048576K
}
Event: 7.549 GC heap after
{Heap after GC invocations=7 (full 0):
 garbage-first heap   total 162816K, used 85424K [0x0000000085800000, 0x0000000100000000)
  region size 1024K, 3 young (3072K), 3 survivors (3072K)
 Metaspace       used 14538K, committed 14784K, reserved 1114112K
  class space    used 1051K, committed 1152K, reserved 1048576K
}
Event: 13.085 GC heap before
{Heap before GC invocations=7 (full 0):
 garbage-first heap   total 162816K, used 89520K [0x0000000085800000, 0x0000000100000000)
  region size 1024K, 7 young (7168K), 3 survivors (3072K)
 Metaspace       used 14716K, committed 14976K, reserved 1114112K
  class space    used 1051K, committed 1152K, reserved 1048576K
}
Event: 13.086 GC heap after
{Heap after GC invocations=8 (full 0):
 garbage-first heap   total 162816K, used 83655K [0x0000000085800000, 0x0000000100000000)
  region size 1024K, 1 young (1024K), 1 survivors (1024K)
 Metaspace       used 14716K, committed 14976K, reserved 1114112K
  class space    used 1051K, committed 1152K, reserved 1048576K
}

Dll operation events (16 events):
Event: 0.006 Loaded shared library C:\Program Files\Java\jdk-19\bin\java.dll
Event: 0.016 Loaded shared library C:\Program Files\Java\jdk-19\bin\jsvml.dll
Event: 0.061 Loaded shared library C:\Program Files\Java\jdk-19\bin\net.dll
Event: 0.063 Loaded shared library C:\Program Files\Java\jdk-19\bin\nio.dll
Event: 0.067 Loaded shared library C:\Program Files\Java\jdk-19\bin\zip.dll
Event: 0.107 Loaded shared library C:\Program Files\Java\jdk-19\bin\jimage.dll
Event: 0.110 Loaded shared library C:\Program Files\Java\jdk-19\bin\awt.dll
Event: 0.420 Loaded shared library C:\Users\dmytr\AppData\Local\Temp\jogamp_0000\file_cache\jln16423495828131581043\jln7479272103781118857\natives\windows-amd64\gluegen_rt.dll
Event: 0.428 Loaded shared library C:\Program Files\Java\jdk-19\bin\jawt.dll
Event: 0.440 Loaded shared library C:\Users\dmytr\AppData\Local\Temp\jogamp_0000\file_cache\jln16423495828131581043\jln7479272103781118857\natives\windows-amd64\nativewindow_awt.dll
Event: 0.470 Loaded shared library C:\Users\dmytr\AppData\Local\Temp\jogamp_0000\file_cache\jln16423495828131581043\jln7479272103781118857\natives\windows-amd64\nativewindow_win32.dll
Event: 0.481 Loaded shared library C:\Users\dmytr\AppData\Local\Temp\jogamp_0000\file_cache\jln16423495828131581043\jln7479272103781118857\natives\windows-amd64\newt_head.dll
Event: 0.674 Loaded shared library C:\Users\dmytr\AppData\Local\Temp\jogamp_0000\file_cache\jln16423495828131581043\jln7479272103781118857\natives\windows-amd64\jogl_desktop.dll
Event: 0.755 Loaded shared library C:\Users\dmytr\AppData\Local\Temp\jogamp_0000\file_cache\jln16423495828131581043\jln7479272103781118857\natives\windows-amd64\jogl_mobile.dll
Event: 1.449 Loaded shared library C:\Program Files\Java\jdk-19\bin\verify.dll
Event: 1.481 Loaded shared library C:\Program Files\Java\jdk-19\bin\jsound.dll

Deoptimization events (20 events):
Event: 3.711 Thread 0x000001b5ff1acc70 DEOPT PACKING pc=0x000001b587baa064 sp=0x0000003696bfed30
Event: 3.711 Thread 0x000001b5ff1acc70 DEOPT UNPACKING pc=0x000001b58759a5a3 sp=0x0000003696bfed00 mode 2
Event: 3.780 Thread 0x000001b5ff1ad710 DEOPT PACKING pc=0x000001b5803574ea sp=0x00000036971ff590
Event: 3.780 Thread 0x000001b5ff1ad710 DEOPT UNPACKING pc=0x000001b58759b0e3 sp=0x00000036971fea40 mode 0
Event: 4.539 Thread 0x000001b5ff1acc70 DEOPT PACKING pc=0x000001b5803d7f57 sp=0x0000003696bfede0
Event: 4.539 Thread 0x000001b5ff1acc70 DEOPT UNPACKING pc=0x000001b58759b0e3 sp=0x0000003696bfe258 mode 0
Event: 7.486 Thread 0x000001b5ff1acc70 DEOPT PACKING pc=0x000001b58041ba7b sp=0x0000003696bfed60
Event: 7.486 Thread 0x000001b5ff1acc70 DEOPT UNPACKING pc=0x000001b58759b0e3 sp=0x0000003696bfe230 mode 0
Event: 7.486 Thread 0x000001b5ff1acc70 DEOPT PACKING pc=0x000001b58041d20d sp=0x0000003696bfeee0
Event: 7.486 Thread 0x000001b5ff1acc70 DEOPT UNPACKING pc=0x000001b58759b0e3 sp=0x0000003696bfe398 mode 0
Event: 7.519 Thread 0x000001b5ff1acc70 DEOPT PACKING pc=0x000001b58041da25 sp=0x0000003696bfede0
Event: 7.519 Thread 0x000001b5ff1acc70 DEOPT UNPACKING pc=0x000001b58759b0e3 sp=0x0000003696bfe290 mode 0
Event: 7.770 Thread 0x000001b5ff1acc70 DEOPT PACKING pc=0x000001b58041c4a3 sp=0x0000003696bfef00
Event: 7.770 Thread 0x000001b5ff1acc70 DEOPT UNPACKING pc=0x000001b58759b0e3 sp=0x0000003696bfe3b8 mode 0
Event: 9.372 Thread 0x000001b5ff1acc70 DEOPT PACKING pc=0x000001b58041e693 sp=0x0000003696bfedc0
Event: 9.372 Thread 0x000001b5ff1acc70 DEOPT UNPACKING pc=0x000001b58759b0e3 sp=0x0000003696bfe280 mode 0
Event: 18.839 Thread 0x000001b5fdfbb960 Uncommon trap: trap_request=0xffffff45 fr.pc=0x000001b587c2e100 relative=0x0000000000000060
Event: 18.839 Thread 0x000001b5fdfbb960 Uncommon trap: reason=unstable_if action=reinterpret pc=0x000001b587c2e100 method=java.util.HashMap.values()Ljava/util/Collection; @ 6 c2
Event: 18.839 Thread 0x000001b5fdfbb960 DEOPT PACKING pc=0x000001b587c2e100 sp=0x0000003695efeea0
Event: 18.839 Thread 0x000001b5fdfbb960 DEOPT UNPACKING pc=0x000001b58759a5a3 sp=0x0000003695efee38 mode 2

Classes loaded (20 events):
Event: 1.562 Loading class java/net/URL$2
Event: 1.562 Loading class java/net/URL$2 done
Event: 1.562 Loading class java/net/URL$1
Event: 1.562 Loading class java/net/URL$1 done
Event: 1.562 Loading class java/net/spi/URLStreamHandlerProvider
Event: 1.562 Loading class java/net/spi/URLStreamHandlerProvider done
Event: 1.830 Loading class java/util/regex/Pattern$LookBehindEndNode
Event: 1.830 Loading class java/util/regex/Pattern$LookBehindEndNode done
Event: 1.830 Loading class java/util/regex/Pattern$NotBehind
Event: 1.830 Loading class java/util/regex/Pattern$NotBehind done
Event: 1.830 Loading class java/util/regex/Pattern$Neg
Event: 1.830 Loading class java/util/regex/Pattern$Neg done
Event: 1.830 Loading class java/util/regex/Pattern$Pos
Event: 1.830 Loading class java/util/regex/Pattern$Pos done
Event: 1.839 Loading class java/util/regex/Pattern$SliceS
Event: 1.839 Loading class java/util/regex/Pattern$SliceS done
Event: 3.706 Loading class java/util/NoSuchElementException
Event: 3.706 Loading class java/util/NoSuchElementException done
Event: 18.818 Loading class java/nio/channels/ClosedChannelException
Event: 18.818 Loading class java/nio/channels/ClosedChannelException done

Classes unloaded (0 events):
No events

Classes redefined (0 events):
No events

Internal exceptions (20 events):
Event: 0.322 Thread 0x000001b5e9a1ef80 Exception <a 'java/lang/NoSuchMethodError'{0x000000008ca114d8}: 'void java.lang.invoke.DirectMethodHandle$Holder.invokeStatic(java.lang.Object, long)'> (0x000000008ca114d8) 
thrown [s\open\src\hotspot\share\interpreter\linkResolver.cpp, line 774]
Event: 0.323 Thread 0x000001b5e9a1ef80 Exception <a 'java/lang/NoSuchMethodError'{0x000000008ca16ac8}: 'java.lang.Object java.lang.invoke.DirectMethodHandle$Holder.newInvokeSpecial(java.lang.Object, long)'> (0x000000008ca16ac8) 
thrown [s\open\src\hotspot\share\interpreter\linkResolver.cpp, line 774]
Event: 0.326 Thread 0x000001b5e9a1ef80 Exception <a 'java/lang/NoSuchMethodError'{0x000000008ca1dce0}: 'java.lang.Object java.lang.invoke.DirectMethodHandle$Holder.invokeStatic(java.lang.Object, long, java.lang.Object)'> (0x000000008ca1dce0) 
thrown [s\open\src\hotspot\share\interpreter\linkResolver.cpp, line 774]
Event: 0.326 Thread 0x000001b5e9a1ef80 Exception <a 'java/lang/NoSuchMethodError'{0x000000008ca21710}: 'java.lang.Object java.lang.invoke.DirectMethodHandle$Holder.invokeStaticInit(java.lang.Object, long, java.lang.Object)'> (0x000000008ca21710) 
thrown [s\open\src\hotspot\share\interpreter\linkResolver.cpp, line 774]
Event: 0.422 Thread 0x000001b5e9a1ef80 Exception <a 'java/lang/NoSuchMethodError'{0x000000008ca5fe58}: 'int java.lang.invoke.DirectMethodHandle$Holder.invokeStatic(java.lang.Object)'> (0x000000008ca5fe58) 
thrown [s\open\src\hotspot\share\interpreter\linkResolver.cpp, line 774]
Event: 0.423 Thread 0x000001b5e9a1ef80 Exception <a 'java/lang/NoSuchMethodError'{0x000000008ca63b88}: 'int java.lang.invoke.DelegatingMethodHandle$Holder.reinvoke_L(java.lang.Object)'> (0x000000008ca63b88) 
thrown [s\open\src\hotspot\share\interpreter\linkResolver.cpp, line 774]
Event: 0.449 Thread 0x000001b5e9a1ef80 Exception <a 'java/lang/NoSuchMethodError'{0x000000008c990e58}: 'java.lang.Object java.lang.invoke.DirectMethodHandle$Holder.invokeInterface(java.lang.Object, java.lang.Object)'> (0x000000008c990e58) 
thrown [s\open\src\hotspot\share\interpreter\linkResolver.cpp, line 774]
Event: 0.449 Thread 0x000001b5e9a1ef80 Exception <a 'java/lang/IncompatibleClassChangeError'{0x000000008c9946f8}: Found class java.lang.Object, but interface was expected> (0x000000008c9946f8) 
thrown [s\open\src\hotspot\share\interpreter\linkResolver.cpp, line 841]
Event: 0.676 Thread 0x000001b5e9a1ef80 Exception <a 'java/lang/NoSuchMethodError'{0x000000008c2e1638}: 'long java.lang.invoke.DelegatingMethodHandle$Holder.reinvoke_L(java.lang.Object, java.lang.Object)'> (0x000000008c2e1638) 
thrown [s\open\src\hotspot\share\interpreter\linkResolver.cpp, line 774]
Event: 0.676 Thread 0x000001b5e9a1ef80 Exception <a 'java/lang/NoSuchMethodError'{0x000000008c2ebbe8}: 'void java.lang.invoke.DelegatingMethodHandle$Holder.reinvoke_L(java.lang.Object, java.lang.Object, long)'> (0x000000008c2ebbe8) 
thrown [s\open\src\hotspot\share\interpreter\linkResolver.cpp, line 774]
Event: 1.071 Thread 0x000001b5fdfbb960 Implicit null exception at 0x000001b587b2b183 to 0x000001b587b2b378
Event: 1.072 Thread 0x000001b5fdfbb960 Exception <a 'java/lang/NoSuchMethodError'{0x000000008cc4a048}: 'void java.lang.invoke.DirectMethodHandle$Holder.invokeSpecial(java.lang.Object, java.lang.Object, java.lang.Object)'> (0x000000008cc4a048) 
thrown [s\open\src\hotspot\share\interpreter\linkResolver.cpp, line 774]
Event: 1.077 Thread 0x000001b5fdfbb960 Exception <a 'java/lang/NoSuchMethodError'{0x000000008cc60f40}: 'long java.lang.invoke.Invokers$Holder.invokeExact_MT(java.lang.Object, java.lang.Object, java.lang.Object)'> (0x000000008cc60f40) 
thrown [s\open\src\hotspot\share\interpreter\linkResolver.cpp, line 774]
Event: 1.441 Thread 0x000001b5ff1acc70 Exception <a 'java/lang/NoSuchMethodError'{0x000000008c306c50}: 'java.lang.Object java.lang.invoke.DirectMethodHandle$Holder.invokeVirtual(java.lang.Object, java.lang.Object, java.lang.Object)'> (0x000000008c306c50) 
thrown [s\open\src\hotspot\share\interpreter\linkResolver.cpp, line 774]
Event: 1.544 Thread 0x000001b5ff1acc70 Implicit null exception at 0x000001b587b32ecf to 0x000001b587b32f54
Event: 1.562 Thread 0x000001b5ff1acc70 Exception <a 'java/lang/ClassNotFoundException'{0x000000008c085758}: sun/net/www/protocol/c/Handler> (0x000000008c085758) 
thrown [s\open\src\hotspot\share\classfile\systemDictionary.cpp, line 255]
Event: 2.522 Thread 0x000001b5ff1acc70 Implicit null exception at 0x000001b587bce12c to 0x000001b587bce198
Event: 2.522 Thread 0x000001b5ff1acc70 Implicit null exception at 0x000001b587bcc82c to 0x000001b587bcc860
Event: 2.522 Thread 0x000001b5ff1acc70 Implicit null exception at 0x000001b587bcc52c to 0x000001b587bcc560
Event: 18.817 Thread 0x000001b5ff1ae1b0 Exception <a 'java/lang/InterruptedException'{0x000000008f12cfe8}> (0x000000008f12cfe8) 
thrown [s\open\src\hotspot\share\runtime\objectMonitor.cpp, line 1648]

VM Operations (20 events):
Event: 7.026 Executing VM operation: Cleanup done
Event: 7.544 Executing VM operation: G1CollectForAllocation
Event: 7.549 Executing VM operation: G1CollectForAllocation done
Event: 9.550 Executing VM operation: Cleanup
Event: 9.550 Executing VM operation: Cleanup done
Event: 10.550 Executing VM operation: Cleanup
Event: 10.550 Executing VM operation: Cleanup done
Event: 11.551 Executing VM operation: Cleanup
Event: 11.551 Executing VM operation: Cleanup done
Event: 12.552 Executing VM operation: Cleanup
Event: 12.552 Executing VM operation: Cleanup done
Event: 13.085 Executing VM operation: G1CollectForAllocation
Event: 13.087 Executing VM operation: G1CollectForAllocation done
Event: 14.087 Executing VM operation: Cleanup
Event: 14.087 Executing VM operation: Cleanup done
Event: 15.087 Executing VM operation: Cleanup
Event: 15.087 Executing VM operation: Cleanup done
Event: 16.088 Executing VM operation: Cleanup
Event: 16.088 Executing VM operation: Cleanup done
Event: 18.920 Executing VM operation: Exit

Events (20 events):
Event: 1.472 Thread 0x000001b5fd840370 Thread exited: 0x000001b5fd840370
Event: 1.532 Thread 0x000001b5ff1ad1c0 Thread added: 0x000001b5ff1ad1c0
Event: 1.555 Thread 0x000001b5ff1ad710 Thread added: 0x000001b5ff1ad710
Event: 1.577 Thread 0x000001b5ff337340 Thread added: 0x000001b5ff337340
Event: 1.585 Thread 0x000001b5ff35e780 Thread added: 0x000001b5ff35e780
Event: 2.306 Thread 0x000001b5ff35e780 Thread exited: 0x000001b5ff35e780
Event: 2.535 Thread 0x000001b5ff337340 Thread exited: 0x000001b5ff337340
Event: 3.711 Thread 0x000001b59cc3d870 Thread added: 0x000001b59cc3d870
Event: 3.840 Thread 0x000001b59cc3d870 Thread exited: 0x000001b59cc3d870
Event: 18.817 Thread 0x000001b5ff1ae1b0 Thread exited: 0x000001b5ff1ae1b0
Event: 18.817 Thread 0x000001b5ff1ae1b0 Thread added: 0x000001b5ff1ae1b0
Event: 18.817 Thread 0x000001b59a7a4020 Thread added: 0x000001b59a7a4020
Event: 18.817 Thread 0x000001b59a7a2040 Thread added: 0x000001b59a7a2040
Event: 18.818 Thread 0x000001b59a7a7540 Thread added: 0x000001b59a7a7540
Event: 18.818 Thread 0x000001b59a7a2040 Thread exited: 0x000001b59a7a2040
Event: 18.819 Thread 0x000001b5fda2b4e0 Thread exited: 0x000001b5fda2b4e0
Event: 18.821 Thread 0x000001b5fd7b76e0 Thread exited: 0x000001b5fd7b76e0
Event: 18.843 Thread 0x000001b5fdfbb960 Thread exited: 0x000001b5fdfbb960
Event: 18.846 Thread 0x000001b5ff1ae1b0 Thread exited: 0x000001b5ff1ae1b0
Event: 18.919 Thread 0x000001b59a7a4020 Thread exited: 0x000001b59a7a4020


Dynamic libraries:
0x00007ff7679b0000 - 0x00007ff7679c0000 	C:\Program Files\Java\jdk-19\bin\java.exe
0x00007ffbf89d0000 - 0x00007ffbf8bc8000 	C:\windows\SYSTEM32\ntdll.dll
0x00007ffbf8190000 - 0x00007ffbf824f000 	C:\windows\System32\KERNEL32.DLL
0x00007ffbf62e0000 - 0x00007ffbf65b2000 	C:\windows\System32\KERNELBASE.dll
0x00007ffbf61e0000 - 0x00007ffbf62e0000 	C:\windows\System32\ucrtbase.dll
0x00007ffbeed20000 - 0x00007ffbeed3b000 	C:\Program Files\Java\jdk-19\bin\VCRUNTIME140.dll
0x00007ffbed980000 - 0x00007ffbed998000 	C:\Program Files\Java\jdk-19\bin\jli.dll
0x00007ffbf75e0000 - 0x00007ffbf768e000 	C:\windows\System32\ADVAPI32.dll
0x00007ffbf6c50000 - 0x00007ffbf6cee000 	C:\windows\System32\msvcrt.dll
0x00007ffbf6d00000 - 0x00007ffbf6d9c000 	C:\windows\System32\sechost.dll
0x00007ffbf8060000 - 0x00007ffbf8184000 	C:\windows\System32\RPCRT4.dll
0x00007ffbf7760000 - 0x00007ffbf7901000 	C:\windows\System32\USER32.dll
0x00007ffbf6910000 - 0x00007ffbf6932000 	C:\windows\System32\win32u.dll
0x00007ffbf85b0000 - 0x00007ffbf85db000 	C:\windows\System32\GDI32.dll
0x00007ffbda060000 - 0x00007ffbda2fa000 	C:\windows\WinSxS\amd64_microsoft.windows.common-controls_6595b64144ccf1df_6.0.19041.1110_none_60b5254171f9507e\COMCTL32.dll
0x00007ffbf60d0000 - 0x00007ffbf61df000 	C:\windows\System32\gdi32full.dll
0x00007ffbf6680000 - 0x00007ffbf671d000 	C:\windows\System32\msvcp_win.dll
0x00007ffbe85b0000 - 0x00007ffbe85ba000 	C:\windows\SYSTEM32\VERSION.dll
0x00007ffbf8690000 - 0x00007ffbf86c0000 	C:\windows\System32\IMM32.DLL
0x00007ffbeeeb0000 - 0x00007ffbeeebc000 	C:\Program Files\Java\jdk-19\bin\vcruntime140_1.dll
0x00007ffbed8f0000 - 0x00007ffbed97e000 	C:\Program Files\Java\jdk-19\bin\msvcp140.dll
0x00007ffb9e840000 - 0x00007ffb9f500000 	C:\Program Files\Java\jdk-19\bin\server\jvm.dll
0x00007ffbba330000 - 0x00007ffbba339000 	C:\windows\SYSTEM32\WSOCK32.dll
0x00007ffbd19a0000 - 0x00007ffbd19c7000 	C:\windows\SYSTEM32\WINMM.dll
0x00007ffbf6be0000 - 0x00007ffbf6c4b000 	C:\windows\System32\WS2_32.dll
0x00007ffbf4920000 - 0x00007ffbf4932000 	C:\windows\SYSTEM32\kernel.appcore.dll
0x00007ffbeee90000 - 0x00007ffbeee9a000 	C:\Program Files\Java\jdk-19\bin\jimage.dll
0x00007ffbf3cb0000 - 0x00007ffbf3e94000 	C:\windows\SYSTEM32\DBGHELP.DLL
0x00007ffbd4c40000 - 0x00007ffbd4c75000 	C:\windows\SYSTEM32\dbgcore.DLL
0x00007ffbf6720000 - 0x00007ffbf67a2000 	C:\windows\System32\bcryptPrimitives.dll
0x00007ffbdc7a0000 - 0x00007ffbdc7c6000 	C:\Program Files\Java\jdk-19\bin\java.dll
0x00007ffbd6bf0000 - 0x00007ffbd6cc7000 	C:\Program Files\Java\jdk-19\bin\jsvml.dll
0x00007ffbf6e90000 - 0x00007ffbf75d5000 	C:\windows\System32\SHELL32.dll
0x00007ffbf4170000 - 0x00007ffbf4902000 	C:\windows\SYSTEM32\windows.storage.dll
0x00007ffbf8250000 - 0x00007ffbf85a5000 	C:\windows\System32\combase.dll
0x00007ffbf5b30000 - 0x00007ffbf5b60000 	C:\windows\SYSTEM32\Wldp.dll
0x00007ffbf87f0000 - 0x00007ffbf889d000 	C:\windows\System32\SHCORE.dll
0x00007ffbf6da0000 - 0x00007ffbf6df5000 	C:\windows\System32\shlwapi.dll
0x00007ffbf6010000 - 0x00007ffbf602f000 	C:\windows\SYSTEM32\profapi.dll
0x00007ffbeaef0000 - 0x00007ffbeaf03000 	C:\Program Files\Java\jdk-19\bin\net.dll
0x00007ffbf05c0000 - 0x00007ffbf06ca000 	C:\windows\SYSTEM32\WINHTTP.dll
0x00007ffbf5890000 - 0x00007ffbf58fa000 	C:\windows\system32\mswsock.dll
0x00007ffbe9e40000 - 0x00007ffbe9e56000 	C:\Program Files\Java\jdk-19\bin\nio.dll
0x00007ffbdaa40000 - 0x00007ffbdaa58000 	C:\Program Files\Java\jdk-19\bin\zip.dll
0x00007ffbd6a50000 - 0x00007ffbd6be1000 	C:\Program Files\Java\jdk-19\bin\awt.dll
0x00007ffbf88c0000 - 0x00007ffbf898d000 	C:\windows\System32\OLEAUT32.dll
0x00007ffbf3500000 - 0x00007ffbf3590000 	C:\windows\SYSTEM32\apphelp.dll
0x00007ffbf3690000 - 0x00007ffbf372e000 	C:\windows\system32\uxtheme.dll
0x00007ffbf7910000 - 0x00007ffbf7a24000 	C:\windows\System32\MSCTF.dll
0x00007ffbf86c0000 - 0x00007ffbf87ea000 	C:\windows\System32\ole32.dll
0x00007ffbf3a90000 - 0x00007ffbf3abf000 	C:\windows\system32\DWMAPI.DLL
0x00007ffbdcf20000 - 0x00007ffbdd045000 	C:\windows\system32\opengl32.dll
0x00007ffbed800000 - 0x00007ffbed82c000 	C:\windows\SYSTEM32\GLU32.dll
0x00007ffbf5a80000 - 0x00007ffbf5a98000 	C:\windows\SYSTEM32\CRYPTSP.dll
0x00007ffbf5140000 - 0x00007ffbf5174000 	C:\windows\system32\rsaenh.dll
0x00007ffbf69f0000 - 0x00007ffbf6a17000 	C:\windows\System32\bcrypt.dll
0x00007ffbf5f90000 - 0x00007ffbf5fbe000 	C:\windows\SYSTEM32\USERENV.dll
0x00007ffbf5aa0000 - 0x00007ffbf5aac000 	C:\windows\SYSTEM32\CRYPTBASE.dll
0x00007ffbf5530000 - 0x00007ffbf556b000 	C:\windows\SYSTEM32\IPHLPAPI.DLL
0x00007ffbf7690000 - 0x00007ffbf7698000 	C:\windows\System32\NSI.dll
0x00007ffbe9da0000 - 0x00007ffbe9db7000 	C:\windows\SYSTEM32\dhcpcsvc6.DLL
0x00007ffbe9e60000 - 0x00007ffbe9e7d000 	C:\windows\SYSTEM32\dhcpcsvc.DLL
0x00007ffbf5570000 - 0x00007ffbf563b000 	C:\windows\SYSTEM32\DNSAPI.dll
0x000000006e8c0000 - 0x000000006e8cd000 	C:\Users\dmytr\AppData\Local\Temp\jogamp_0000\file_cache\jln16423495828131581043\jln7479272103781118857\natives\windows-amd64\gluegen_rt.dll
0x00007ffbeed10000 - 0x00007ffbeed17000 	C:\Program Files\Java\jdk-19\bin\jawt.dll
0x000000006a440000 - 0x000000006a44d000 	C:\Users\dmytr\AppData\Local\Temp\jogamp_0000\file_cache\jln16423495828131581043\jln7479272103781118857\natives\windows-amd64\nativewindow_awt.dll
0x000000006c100000 - 0x000000006c110000 	C:\Users\dmytr\AppData\Local\Temp\jogamp_0000\file_cache\jln16423495828131581043\jln7479272103781118857\natives\windows-amd64\nativewindow_win32.dll
0x0000000070d80000 - 0x0000000070d93000 	C:\Users\dmytr\AppData\Local\Temp\jogamp_0000\file_cache\jln16423495828131581043\jln7479272103781118857\natives\windows-amd64\newt_head.dll
0x00007ffbefbd0000 - 0x00007ffbefc7e000 	C:\windows\SYSTEM32\mscms.dll
0x00007ffbefbb0000 - 0x00007ffbefbc1000 	C:\windows\SYSTEM32\ColorAdapterClient.dll
0x00007ffbda9f0000 - 0x00007ffbdaa33000 	C:\windows\SYSTEM32\icm32.dll
0x00007ffbf7a40000 - 0x00007ffbf7ea8000 	C:\windows\System32\setupapi.dll
0x00007ffbf6630000 - 0x00007ffbf667e000 	C:\windows\System32\cfgmgr32.dll
0x00007ffbf5e80000 - 0x00007ffbf5eac000 	C:\windows\SYSTEM32\DEVOBJ.dll
0x00007ffbf65c0000 - 0x00007ffbf6629000 	C:\windows\System32\WINTRUST.dll
0x00007ffbf67b0000 - 0x00007ffbf6906000 	C:\windows\System32\CRYPT32.dll
0x00007ffbf5cc0000 - 0x00007ffbf5cd2000 	C:\windows\SYSTEM32\MSASN1.dll
0x0000000064500000 - 0x0000000064585000 	C:\Users\dmytr\AppData\Local\Temp\jogamp_0000\file_cache\jln16423495828131581043\jln7479272103781118857\natives\windows-amd64\jogl_desktop.dll
0x0000000064340000 - 0x0000000064391000 	C:\Users\dmytr\AppData\Local\Temp\jogamp_0000\file_cache\jln16423495828131581043\jln7479272103781118857\natives\windows-amd64\jogl_mobile.dll
0x00007ffbf85e0000 - 0x00007ffbf8689000 	C:\windows\System32\clbcatq.dll
0x00007ffbea780000 - 0x00007ffbea879000 	C:\Windows\System32\AppXDeploymentClient.dll
0x00007ffb9d8b0000 - 0x00007ffb9e83d000 	C:\windows\System32\DriverStore\FileRepository\iigd_dch.inf_amd64_04c961ba9d7827af\igxelpicd64.dll
0x00007ffbf4990000 - 0x00007ffbf4a83000 	C:\windows\system32\dxgi.dll
0x00007ffb9d470000 - 0x00007ffb9d8ac000 	C:\windows\System32\DriverStore\FileRepository\iigd_dch.inf_amd64_04c961ba9d7827af\igdml64.dll
0x00007ffbe7660000 - 0x00007ffbe7996000 	C:\windows\System32\DriverStore\FileRepository\iigd_dch.inf_amd64_04c961ba9d7827af\igdgmm64.dll
0x00007ffbe1f00000 - 0x00007ffbe4c8f000 	C:\windows\System32\DriverStore\FileRepository\iigd_dch.inf_amd64_04c961ba9d7827af\igc64.dll
0x00007ffbf5650000 - 0x00007ffbf569b000 	C:\windows\SYSTEM32\powrprof.dll
0x00007ffbf5510000 - 0x00007ffbf5522000 	C:\windows\SYSTEM32\UMPDC.dll
0x00007ffbdd680000 - 0x00007ffbdd779000 	C:\windows\SYSTEM32\textinputframework.dll
0x00007ffbf32d0000 - 0x00007ffbf33c2000 	C:\windows\System32\CoreMessaging.dll
0x00007ffbf2bf0000 - 0x00007ffbf2f4e000 	C:\windows\System32\CoreUIComponents.dll
0x00007ffbf5280000 - 0x00007ffbf52b3000 	C:\windows\SYSTEM32\ntmarta.dll
0x00007ffbf1b30000 - 0x00007ffbf1c84000 	C:\windows\SYSTEM32\wintypes.dll
0x00007ffbed8e0000 - 0x00007ffbed8f0000 	C:\Program Files\Java\jdk-19\bin\verify.dll
0x00007ffbd9cc0000 - 0x00007ffbd9cd2000 	C:\Program Files\Java\jdk-19\bin\jsound.dll
0x00007ffbc7140000 - 0x00007ffbc71dc000 	C:\windows\SYSTEM32\DSOUND.dll
0x00007ffbd7470000 - 0x00007ffbd7496000 	C:\windows\SYSTEM32\winmmbase.dll
0x00007ffbedac0000 - 0x00007ffbedb45000 	C:\windows\System32\MMDevApi.dll
0x00007ffbc70f0000 - 0x00007ffbc7136000 	C:\windows\SYSTEM32\wdmaud.drv
0x00007ffbf0c80000 - 0x00007ffbf0c8a000 	C:\windows\SYSTEM32\AVRT.dll
0x00007ffbef8f0000 - 0x00007ffbef8f9000 	C:\windows\SYSTEM32\ksuser.dll
0x00007ffbedb50000 - 0x00007ffbedcd2000 	C:\windows\SYSTEM32\AUDIOSES.DLL
0x00007ffbdc930000 - 0x00007ffbdc93d000 	C:\windows\SYSTEM32\msacm32.drv
0x00007ffbd9a10000 - 0x00007ffbd9a2e000 	C:\windows\SYSTEM32\MSACM32.dll
0x00007ffbdc790000 - 0x00007ffbdc79b000 	C:\windows\SYSTEM32\midimap.dll
0x00007ffbdd780000 - 0x00007ffbdd8c1000 	C:\Windows\System32\Windows.UI.dll
0x00007ffbf0510000 - 0x00007ffbf05b1000 	C:\Windows\System32\WindowManagementAPI.dll
0x00007ffbdd520000 - 0x00007ffbdd672000 	C:\Windows\System32\InputHost.dll
0x00007ffbeff70000 - 0x00007ffbf0170000 	C:\windows\SYSTEM32\twinapi.appcore.dll
0x00007ffbf1860000 - 0x00007ffbf1956000 	C:\Windows\System32\PROPSYS.dll
0x00007ffbf37b0000 - 0x00007ffbf37c4000 	C:\windows\SYSTEM32\resourcepolicyclient.dll

dbghelp: loaded successfully - version: 4.0.5 - missing functions: none
symbol engine: initialized successfully - sym options: 0x614 - pdb path: .;C:\Program Files\Java\jdk-19\bin;C:\windows\SYSTEM32;C:\windows\WinSxS\amd64_microsoft.windows.common-controls_6595b64144ccf1df_6.0.19041.1110_none_60b5254171f9507e;C:\Program Files\Java\jdk-19\bin\server;C:\Users\dmytr\AppData\Local\Temp\jogamp_0000\file_cache\jln16423495828131581043\jln7479272103781118857\natives\windows-amd64;C:\windows\System32\DriverStore\FileRepository\iigd_dch.inf_amd64_04c961ba9d7827af

VM Arguments:
java_command: ie.tudublin.Main
java_class_path (initial): ./bin;./lib/minim.jar;./lib/core.jar;./lib/jsminim.jar;./lib/mp3spi1.9.5.jar;./lib/tritonus_share.jar;./lib/tritonus_aos.jar;./lib/jl1.0.1.jar;./lib/sqlite-jdbc-3.23.1.jar;lib/jogl-all.jar;lib/gluegen-rt.jar;lib/gluegen-rt-natives-windows-amd64.jar;lib/gluegen-rt-natives-windows-i586.jar;lib/jogl-all-natives-windows-amd64.jar;lib/jogl-all-natives-windows-i586.jarlib/jogl-all.jar;lib/gluegen-rt.jar;lib/gluegen-rt-natives-windows-amd64.jar;lib/gluegen-rt-natives-windows-i586.jar;lib/jogl-all-natives-windows-amd64.jar;lib/jogl-all-natives-windows-i586.jar
Launcher Type: SUN_STANDARD

[Global flags]
     intx CICompilerCount                          = 4                                         {product} {ergonomic}
     uint ConcGCThreads                            = 2                                         {product} {ergonomic}
     uint G1ConcRefinementThreads                  = 8                                         {product} {ergonomic}
   size_t G1HeapRegionSize                         = 1048576                                   {product} {ergonomic}
    uintx GCDrainStackTargetSize                   = 64                                        {product} {ergonomic}
   size_t InitialHeapSize                          = 130023424                                 {product} {ergonomic}
   size_t MarkStackSize                            = 4194304                                   {product} {ergonomic}
   size_t MaxHeapSize                              = 2055208960                                {product} {ergonomic}
   size_t MaxNewSize                               = 1233125376                                {product} {ergonomic}
   size_t MinHeapDeltaBytes                        = 1048576                                   {product} {ergonomic}
   size_t MinHeapSize                              = 8388608                                   {product} {ergonomic}
    uintx NonNMethodCodeHeapSize                   = 5839372                                {pd product} {ergonomic}
    uintx NonProfiledCodeHeapSize                  = 122909434                              {pd product} {ergonomic}
    uintx ProfiledCodeHeapSize                     = 122909434                              {pd product} {ergonomic}
    uintx ReservedCodeCacheSize                    = 251658240                              {pd product} {ergonomic}
     bool SegmentedCodeCache                       = true                                      {product} {ergonomic}
   size_t SoftMaxHeapSize                          = 2055208960                             {manageable} {ergonomic}
     bool UseCompressedClassPointers               = true                           {product lp64_product} {ergonomic}
     bool UseCompressedOops                        = true                           {product lp64_product} {ergonomic}
     bool UseG1GC                                  = true                                      {product} {ergonomic}
     bool UseLargePagesIndividualAllocation        = false                                  {pd product} {ergonomic}

Logging:
Log output configuration:
 #0: stdout all=off uptime,level,tags foldmultilines=false
 #1: stderr all=off uptime,level,tags foldmultilines=false

Environment Variables:
PATH=C:\Users\dmytr\bin;C:\Program Files\Git\mingw64\bin;C:\Program Files\Git\usr\local\bin;C:\Program Files\Git\usr\bin;C:\Program Files\Git\usr\bin;C:\Program Files\Git\mingw64\bin;C:\Program Files\Git\usr\bin;C:\Users\dmytr\bin;C:\Program Files\Common Files\Oracle\Java\javapath;C:\Python310\Scripts;C:\Python310;C:\windows\system32;C:\windows;C:\windows\System32\Wbem;C:\windows\System32\WindowsPowerShell\v1.0;C:\windows\System32\OpenSSH;C:\ProgramData\chocolatey\bin;C:\Program Files\nodejs;C:\Program Files\GitHub CLI;C:\Program Files\PuTTY;C:\Program Files (x86)\Windows Kits\10\Windows Performance Toolkit;C:\msys64\mingw64\bin;C:\Program Files\dotnet;C:\Program Files\Git\cmd;C:\Users\dmytr\AppData\Local\Microsoft\WindowsApps;C:\Users\dmytr\AppData\Local\Programs\Microsoft VS Code\bin;C:\Users\dmytr\AppData\Roaming\npm;C:\Users\dmytr\AppData\Local\GitHubDesktop\bin;C:\Users\dmytr\Documents\Programming\Pycharm\PyCharm Community Edition 2022.3.1\bin;C:\Program Files\Git\usr\bin\vendor_perl;C:\Program Files\Git\usr\bin\core_perl
USERNAME=dmytr
SHELL=C:\Program Files\Git\usr\bin\bash.exe
DISPLAY=needs-to-be-defined
LANG=en_US.UTF-8
TERM=xterm
TMPDIR=C:\Users\dmytr\AppData\Local\Temp
OS=Windows_NT
PROCESSOR_IDENTIFIER=Intel64 Family 6 Model 140 Stepping 1, GenuineIntel
TMP=C:\Users\dmytr\AppData\Local\Temp
TEMP=C:\Users\dmytr\AppData\Local\Temp



---------------  S Y S T E M  ---------------

OS:
 Windows 10 , 64 bit Build 19041 (10.0.19041.2546)
OS uptime: 3 days 5:20 hours

CPU: total 8 (initial active 8) (4 cores per cpu, 2 threads per core) family 6 model 140 stepping 1 microcode 0x8a, cx8, cmov, fxsr, ht, mmx, 3dnowpref, sse, sse2, sse3, ssse3, sse4.1, sse4.2, popcnt, lzcnt, tsc, tscinvbit, avx, avx2, aes, erms, clmul, bmi1, bmi2, adx, avx512f, avx512dq, avx512cd, avx512bw, avx512vl, sha, fma, vzeroupper, avx512_vpopcntdq, avx512_vpclmulqdq, avx512_vaes, avx512_vnni, clflush, clflushopt, clwb, avx512_vbmi2, avx512_vbmi, rdtscp, rdpid, fsrm, gfni, avx512_bitalg

Memory: 4k page, system-wide physical 7834M (2053M free)
TotalPageFile size 11418M (AvailPageFile size 4219M)
current process WorkingSet (physical memory assigned to process): 492M, peak: 650M
current process commit charge ("private bytes"): 425M, peak: 586M

vm_info: Java HotSpot(TM) 64-Bit Server VM (19.0.2+7-44) for windows-amd64 JRE (19.0.2+7-44), built on 2022-11-30T18:02:09Z by "mach5one" with MS VC++ 17.1 (VS2022)

END.
