#
# A fatal error has been detected by the Java Runtime Environment:
#
#  EXCEPTION_ACCESS_VIOLATION (0xc0000005) at pc=0x00007ffbaca6b8f7, pid=16000, tid=4412
#
# JRE version: Java(TM) SE Runtime Environment (19.0.2+7) (build 19.0.2+7-44)
# Java VM: Java HotSpot(TM) 64-Bit Server VM (19.0.2+7-44, mixed mode, sharing, tiered, compressed oops, compressed class ptrs, g1 gc, windows-amd64)
# Problematic frame:
# C  [igxelpicd64.dll+0x28b8f7]
#
# No core dump will be written. Minidumps are not enabled by default on client versions of Windows
#
# If you would like to submit a bug report, please visit:
#   https://bugreport.java.com/bugreport/crash.jsp
#

---------------  S U M M A R Y ------------

Command Line: ie.tudublin.Main

Host: 11th Gen Intel(R) Core(TM) i5-1135G7 @ 2.40GHz, 8 cores, 7G,  Windows 10 , 64 bit Build 19041 (10.0.19041.2546)
Time: Mon Mar 20 16:34:31 2023 GMT Standard Time elapsed time: 19.276541 seconds (0d 0h 0m 19s)

---------------  T H R E A D  ---------------

Current thread (0x00000239fa453010):  VMThread "VM Thread" [stack: 0x000000f829900000,0x000000f829a00000] [id=4412]

Stack: [0x000000f829900000,0x000000f829a00000],  sp=0x000000f8299fe8a0,  free space=1018k
Native frames: (J=compiled Java code, j=interpreted, Vv=VM code, C=native code)
C  [igxelpicd64.dll+0x28b8f7]


siginfo: EXCEPTION_ACCESS_VIOLATION (0xc0000005), reading address 0x0000000000035448


Registers:
RAX=0x0000023997a7f8f0, RBX=0x00000239fef53880, RCX=0x0000000000000002, RDX=0x0000023997a7f870
RSP=0x000000f8299fe8a0, RBP=0x0000023997a848e0, RSI=0x0000000000000000, RDI=0x0000023997a7f780
R8 =0x00000000002da8a7, R9 =0x0000000000000000, R10=0x0000000000000000, R11=0x0000000000000246
R12=0x0000023997a7fcb8, R13=0x0000000000000000, R14=0x00000000002db800, R15=0x0000000000000016
RIP=0x00007ffbaca6b8f7, EFLAGS=0x0000000000010206


Register to memory mapping:

RIP=0x00007ffbaca6b8f7 igxelpicd64.dll
RAX=0x0000023997a7f8f0 points into unknown readable memory: 0x00000000002db4e4 | e4 b4 2d 00 00 00 00 00
RBX=0x00000239fef53880 points into unknown readable memory: 0x676e616c2f617600 | 00 76 61 2f 6c 61 6e 67
RCX=0x0000000000000002 is an unknown value
RDX=0x0000023997a7f870 points into unknown readable memory: 0x0000000000000000 | 00 00 00 00 00 00 00 00
RSP=0x000000f8299fe8a0 points into unknown readable memory: 0x00000239fef53880 | 80 38 f5 fe 39 02 00 00
RBP=0x0000023997a848e0 points into unknown readable memory: 0x00000239feff2c40 | 40 2c ff fe 39 02 00 00
RSI=0x0 is NULL
RDI=0x0000023997a7f780 points into unknown readable memory: 0x00000239feff2c40 | 40 2c ff fe 39 02 00 00
R8 =0x00000000002da8a7 is an unknown value
R9 =0x0 is NULL
R10=0x0 is NULL
R11=0x0000000000000246 is an unknown value
R12=0x0000023997a7fcb8 points into unknown readable memory: 0x0000023997a848e0 | e0 48 a8 97 39 02 00 00
R13=0x0 is NULL
R14=0x00000000002db800 is an unknown value
R15=0x0000000000000016 is an unknown value


Top of Stack: (sp=0x000000f8299fe8a0)
0x000000f8299fe8a0:   00000239fef53880 00cfdba4006af7a3
0x000000f8299fe8b0:   0000000000000000 000010027a000004
0x000000f8299fe8c0:   0000023980b385b8 00000000002db8d8
0x000000f8299fe8d0:   0000000000000000 0000000000000014
0x000000f8299fe8e0:   0000000000000000 0000000000000000
0x000000f8299fe8f0:   000000f8299fea00 00007ffbaca62315
0x000000f8299fe900:   00000239808928d0 00000239fef53880
0x000000f8299fe910:   0000000000000000 001000187a000000
0x000000f8299fe920:   000000f800002098 0000b80208c10000
0x000000f8299fe930:   0000000000000000 00fb8ed6014b83d3
0x000000f8299fe940:   0000000000000000 000000007a000004
0x000000f8299fe950:   00d719da014411d9 0000000000000000
0x000000f8299fe960:   00d130dc00621cdc 01c6a8df01410bdd
0x000000f8299fe970:   0136d8df0122d5df 012f19e301c8f5e0
0x000000f8299fe980:   012bb9e6009b19e6 013b9be7013016e7
0x000000f8299fe990:   01c6a4e80140ebe7 00f5d1e900a78ae9 

Instructions: (pc=0x00007ffbaca6b8f7)
0x00007ffbaca6b7f7:   56 41 57 48 83 ec 20 45 8a e9 48 8b da 48 8b f1
0x00007ffbaca6b807:   48 8b 15 32 62 c4 00 48 8d 48 08 e8 0d 07 dc ff
0x00007ffbaca6b817:   90 48 8b ab 80 02 00 00 48 8b 05 7a 6b b4 00 44
0x00007ffbaca6b827:   8b b8 b8 0a 00 00 45 33 d2 45 8a f2 4c 89 93 80
0x00007ffbaca6b837:   02 00 00 44 89 93 88 02 00 00 4c 89 93 a0 02 00
0x00007ffbaca6b847:   00 4c 89 93 90 02 00 00 48 85 f6 75 38 8b 3d 0e
0x00007ffbaca6b857:   39 c4 00 65 48 8b 04 25 58 00 00 00 b9 14 00 00
0x00007ffbaca6b867:   00 48 8b 04 f8 44 38 14 01 0f 84 01 02 00 00 65
0x00007ffbaca6b877:   48 8b 04 25 58 00 00 00 be 20 00 00 00 48 8b 04
0x00007ffbaca6b887:   f8 48 8b 34 06 48 3b 35 0d 5d c4 00 45 0f 44 fa
0x00007ffbaca6b897:   48 85 ed 0f 84 a9 00 00 00 44 8a 6c 24 70 48 8b
0x00007ffbaca6b8a7:   fd 4c 8d a5 38 05 00 00 49 8b 2c 24 45 84 ed 0f
0x00007ffbaca6b8b7:   85 a1 01 00 00 8b 8b d0 01 00 00 48 8b 05 d7 6a
0x00007ffbaca6b8c7:   b4 00 83 b8 64 03 00 00 02 75 32 48 8d 97 f0 00
0x00007ffbaca6b8d7:   00 00 83 f9 10 0f 83 a2 00 00 00 8b c1 48 c1 e0
0x00007ffbaca6b8e7:   06 48 03 c2 48 85 c0 0f 85 87 00 00 00 4d 8b c2
0x00007ffbaca6b8f7:   4c 3b 86 48 54 03 00 0f 87 75 15 6e 00 4c 39 97
0x00007ffbaca6b907:   90 05 00 00 0f 85 b3 16 6e 00 4c 8b cf 4c 8b c3
0x00007ffbaca6b917:   e8 34 b3 72 00 84 c0 0f 85 b8 00 00 00 48 8b d7
0x00007ffbaca6b927:   48 8b cb e8 91 f9 ff ff 45 33 d2 48 85 ed 0f 85
0x00007ffbaca6b937:   6a ff ff ff 45 84 f6 44 8a 6c 24 78 0f 85 a3 16
0x00007ffbaca6b947:   6e 00 48 8b cb 45 84 ed 0f 85 18 01 00 00 e8 86
0x00007ffbaca6b957:   f6 ff ff 90 48 8b 4c 24 60 48 8b 5c 24 68 48 83
0x00007ffbaca6b967:   c4 20 41 5f 41 5e 41 5d 41 5c 5f 5e 5d 48 ff 25
0x00007ffbaca6b977:   9d 37 80 00 4c 8b 40 08 e9 73 ff ff ff 44 8d 41
0x00007ffbaca6b987:   f0 41 8b c0 c1 e8 04 83 f8 03 72 1a 48 8b 82 18
0x00007ffbaca6b997:   04 00 00 48 85 c0 74 26 39 08 0f 84 ad 00 00 00
0x00007ffbaca6b9a7:   48 8b 40 48 eb ed 0f ae e8 41 83 e0 0f 4c 8b 8c
0x00007ffbaca6b9b7:   c2 00 04 00 00 4d 85 c9 0f 85 80 00 00 00 44 38
0x00007ffbaca6b9c7:   92 20 04 00 00 0f 84 22 ff ff ff 8b c1 83 e0 0f
0x00007ffbaca6b9d7:   e9 08 ff ff ff 48 8b 83 80 02 00 00 49 89 04 24
0x00007ffbaca6b9e7:   48 89 bb 80 02 00 00 ff 83 88 02 00 00 48 8b 4f 


Stack slot to memory mapping:
stack at sp + 0 slots: 0x00000239fef53880 points into unknown readable memory: 0x676e616c2f617600 | 00 76 61 2f 6c 61 6e 67
stack at sp + 1 slots: 0x00cfdba4006af7a3 is an unknown value
stack at sp + 2 slots: 0x0 is NULL
stack at sp + 3 slots: 0x000010027a000004 is an unknown value
stack at sp + 4 slots: 0x0000023980b385b8 points into unknown readable memory: 0x0000000000040000 | 00 00 04 00 00 00 00 00
stack at sp + 5 slots: 0x00000000002db8d8 is an unknown value
stack at sp + 6 slots: 0x0 is NULL
stack at sp + 7 slots: 0x0000000000000014 is an unknown value

VM_Operation (0x000000f82b8fe840): Exit, mode: safepoint, requested by thread 0x00000239808a2ea0


---------------  P R O C E S S  ---------------

Threads class SMR info:
_java_thread_list=0x000002398d0b8e10, length=18, elements={
0x00000239fa46df80, 0x00000239fa46ec60, 0x00000239fa46fbc0, 0x00000239fa4721c0,
0x00000239fa472fa0, 0x00000239fa47bb10, 0x00000239fa482dd0, 0x00000239fa4839c0,
0x00000239fa489b80, 0x00000239fe93ea20, 0x00000239fe9413d0, 0x00000239fec0d480,
0x0000023981116f30, 0x00000239808a2ea0, 0x00000239808a3e90, 0x00000239808a33f0,
0x00000239808a3940, 0x00000239808a4e80
}

Java Threads: ( => current thread )
  0x00000239fa46df80 JavaThread "Reference Handler" daemon [_thread_blocked, id=2960, stack(0x000000f829a00000,0x000000f829b00000)]
  0x00000239fa46ec60 JavaThread "Finalizer" daemon [_thread_blocked, id=11216, stack(0x000000f829b00000,0x000000f829c00000)]
  0x00000239fa46fbc0 JavaThread "Signal Dispatcher" daemon [_thread_blocked, id=2088, stack(0x000000f829c00000,0x000000f829d00000)]
  0x00000239fa4721c0 JavaThread "Attach Listener" daemon [_thread_blocked, id=13932, stack(0x000000f829d00000,0x000000f829e00000)]
  0x00000239fa472fa0 JavaThread "Service Thread" daemon [_thread_blocked, id=15832, stack(0x000000f829e00000,0x000000f829f00000)]
  0x00000239fa47bb10 JavaThread "Monitor Deflation Thread" daemon [_thread_blocked, id=14292, stack(0x000000f829f00000,0x000000f82a000000)]
  0x00000239fa482dd0 JavaThread "C2 CompilerThread0" daemon [_thread_blocked, id=7784, stack(0x000000f82a000000,0x000000f82a100000)]
  0x00000239fa4839c0 JavaThread "C1 CompilerThread0" daemon [_thread_blocked, id=12224, stack(0x000000f82a100000,0x000000f82a200000)]
  0x00000239fa489b80 JavaThread "Sweeper thread" daemon [_thread_blocked, id=17372, stack(0x000000f82a200000,0x000000f82a300000)]
  0x00000239fe93ea20 JavaThread "Notification Thread" daemon [_thread_blocked, id=12156, stack(0x000000f82a300000,0x000000f82a400000)]
  0x00000239fe9413d0 JavaThread "Common-Cleaner" daemon [_thread_blocked, id=2576, stack(0x000000f82a500000,0x000000f82a600000)]
  0x00000239fec0d480 JavaThread "Java2D Disposer" daemon [_thread_blocked, id=5060, stack(0x000000f82a600000,0x000000f82a700000)]
  0x0000023981116f30 JavaThread "HighResTimerThread" daemon [_thread_blocked, id=8460, stack(0x000000f82b600000,0x000000f82b700000)]
  0x00000239808a2ea0 JavaThread "main-FPSAWTAnimator#00-Timer0" [_thread_blocked, id=8856, stack(0x000000f82b800000,0x000000f82b900000)]
  0x00000239808a3e90 JavaThread "DestroyJavaVM" [_thread_blocked, id=9284, stack(0x000000f829300000,0x000000f829400000)]
  0x00000239808a33f0 JavaThread "Java Sound Event Dispatcher" daemon [_thread_blocked, id=5928, stack(0x000000f82bc00000,0x000000f82bd00000)]
  0x00000239808a3940 JavaThread "Thread-4" [_thread_blocked, id=17104, stack(0x000000f82a700000,0x000000f82a800000)]
  0x00000239808a4e80 JavaThread "AWT-Shutdown" [_thread_blocked, id=12852, stack(0x000000f82c400000,0x000000f82c500000)]

Other Threads:
=>0x00000239fa453010 VMThread "VM Thread" [stack: 0x000000f829900000,0x000000f829a00000] [id=4412]
  0x00000239dbedd610 WorkerThread "GC Thread#0" [stack: 0x000000f829400000,0x000000f829500000] [id=624]
  0x00000239fefdbb60 WorkerThread "GC Thread#1" [stack: 0x000000f82af00000,0x000000f82b000000] [id=12972]
  0x00000239fefdb2f0 WorkerThread "GC Thread#2" [stack: 0x000000f82b000000,0x000000f82b100000] [id=13344]
  0x00000239fefda7b0 WorkerThread "GC Thread#3" [stack: 0x000000f82b100000,0x000000f82b200000] [id=1968]
  0x00000239fefdb5c0 WorkerThread "GC Thread#4" [stack: 0x000000f82b200000,0x000000f82b300000] [id=5792]
  0x00000239fefdb890 WorkerThread "GC Thread#5" [stack: 0x000000f82b300000,0x000000f82b400000] [id=14120]
  0x00000239fefdbe30 WorkerThread "GC Thread#6" [stack: 0x000000f82b400000,0x000000f82b500000] [id=16360]
  0x00000239fefdc100 WorkerThread "GC Thread#7" [stack: 0x000000f82b500000,0x000000f82b600000] [id=14852]
  0x00000239dbeeda70 ConcurrentGCThread "G1 Main Marker" terminated
  0x00000239dbeef4b0 WorkerThread "G1 Conc#0" [stack: 0x000000f829600000,0x000000f829700000] [id=2844]
  0x0000023980ff1ba0 WorkerThread "G1 Conc#1" [stack: 0x000000f82c300000,0x000000f82c400000] [id=16204]
  0x00000239dbf4e410 ConcurrentGCThread "G1 Refine#0" terminated
  0x00000239fa2ca100 ConcurrentGCThread "G1 Service" terminated

Threads with active compile tasks:

VM state: at safepoint (shutting down)

VM Mutex/Monitor currently owned by a thread:  ([mutex/lock_event])
[0x00000239dbe7af50] Threads_lock - owner thread: 0x00000239fa453010
[0x00000239dbe7b610] Heap_lock - owner thread: 0x00000239808a2ea0

Heap address: 0x0000000085800000, size: 1960 MB, Compressed Oops mode: 32-bit

CDS archive(s) mapped at: [0x0000000800000000-0x0000000800c40000-0x0000000800c40000), size 12845056, SharedBaseAddress: 0x0000000800000000, ArchiveRelocationMode: 0.
Compressed class space mapped at: 0x0000000801000000-0x0000000841000000, reserved size: 1073741824
Narrow klass base: 0x0000000800000000, Narrow klass shift: 0, Narrow klass range: 0x100000000

GC Precious Log:
 CardTable entry size: 512
 Card Set container configuration: InlinePtr #cards 5 size 8 Array Of Cards #cards 12 size 40 Howl #buckets 4 coarsen threshold 1843 Howl Bitmap #cards 512 size 80 coarsen threshold 460 Card regions per heap region 1 cards per card region 2048
 CPUs: 8 total, 8 available
 Memory: 7834M
 Large Page Support: Disabled
 NUMA Support: Disabled
 Compressed Oops: Enabled (32-bit)
 Heap Region Size: 1M
 Heap Min Capacity: 8M
 Heap Initial Capacity: 124M
 Heap Max Capacity: 1960M
 Pre-touch: Disabled
 Parallel Workers: 8
 Concurrent Workers: 2
 Concurrent Refinement Workers: 8
 Periodic GC: Disabled

Heap:
 garbage-first heap   total 153600K, used 82053K [0x0000000085800000, 0x0000000100000000)
  region size 1024K, 7 young (7168K), 1 survivors (1024K)
 Metaspace       used 14800K, committed 15040K, reserved 1114112K
  class space    used 1056K, committed 1152K, reserved 1048576K

Heap Regions: E=young(eden), S=young(survivor), O=old, HS=humongous(starts), HC=humongous(continues), CS=collection set, F=free, OA=open archive, CA=closed archive, TAMS=top-at-mark-start (previous, next)
|   0|0x0000000085800000, 0x0000000085900000, 0x0000000085900000|100%| O|  |TAMS 0x0000000085900000, 0x0000000085800000| Untracked 
|   1|0x0000000085900000, 0x0000000085a00000, 0x0000000085a00000|100%| O|  |TAMS 0x0000000085a00000, 0x0000000085900000| Untracked 
|   2|0x0000000085a00000, 0x0000000085b00000, 0x0000000085b00000|100%| O|  |TAMS 0x0000000085b00000, 0x0000000085a00000| Untracked 
|   3|0x0000000085b00000, 0x0000000085c00000, 0x0000000085c00000|100%| O|  |TAMS 0x0000000085c00000, 0x0000000085b00000| Untracked 
|   4|0x0000000085c00000, 0x0000000085d00000, 0x0000000085d00000|100%|HS|  |TAMS 0x0000000085d00000, 0x0000000085c00000| Complete 
|   5|0x0000000085d00000, 0x0000000085e00000, 0x0000000085e00000|100%|HC|  |TAMS 0x0000000085e00000, 0x0000000085d00000| Complete 
|   6|0x0000000085e00000, 0x0000000085f00000, 0x0000000085f00000|100%|HC|  |TAMS 0x0000000085f00000, 0x0000000085e00000| Complete 
|   7|0x0000000085f00000, 0x0000000086000000, 0x0000000086000000|100%|HC|  |TAMS 0x0000000086000000, 0x0000000085f00000| Complete 
|   8|0x0000000086000000, 0x0000000086100000, 0x0000000086100000|100%| O|  |TAMS 0x0000000086100000, 0x0000000086000000| Untracked 
|   9|0x0000000086100000, 0x0000000086200000, 0x0000000086200000|100%| O|  |TAMS 0x0000000086200000, 0x0000000086100000| Untracked 
|  10|0x0000000086200000, 0x0000000086300000, 0x0000000086300000|100%| O|  |TAMS 0x0000000086300000, 0x0000000086200000| Untracked 
|  11|0x0000000086300000, 0x0000000086400000, 0x0000000086400000|100%| O|  |TAMS 0x0000000086400000, 0x0000000086300000| Untracked 
|  12|0x0000000086400000, 0x0000000086500000, 0x0000000086500000|100%| O|  |TAMS 0x0000000086500000, 0x0000000086400000| Untracked 
|  13|0x0000000086500000, 0x0000000086600000, 0x0000000086600000|100%| O|  |TAMS 0x0000000086600000, 0x0000000086500000| Untracked 
|  14|0x0000000086600000, 0x0000000086700000, 0x0000000086700000|100%| O|  |TAMS 0x0000000086700000, 0x0000000086600000| Untracked 
|  15|0x0000000086700000, 0x0000000086800000, 0x0000000086800000|100%|HS|  |TAMS 0x0000000086800000, 0x0000000086700000| Complete 
|  16|0x0000000086800000, 0x0000000086900000, 0x0000000086900000|100%|HC|  |TAMS 0x0000000086900000, 0x0000000086800000| Complete 
|  17|0x0000000086900000, 0x0000000086a00000, 0x0000000086a00000|100%|HC|  |TAMS 0x0000000086a00000, 0x0000000086900000| Complete 
|  18|0x0000000086a00000, 0x0000000086b00000, 0x0000000086b00000|100%|HC|  |TAMS 0x0000000086b00000, 0x0000000086a00000| Complete 
|  19|0x0000000086b00000, 0x0000000086c00000, 0x0000000086c00000|100%|HS|  |TAMS 0x0000000086c00000, 0x0000000086b00000| Complete 
|  20|0x0000000086c00000, 0x0000000086d00000, 0x0000000086d00000|100%|HC|  |TAMS 0x0000000086d00000, 0x0000000086c00000| Complete 
|  21|0x0000000086d00000, 0x0000000086e00000, 0x0000000086e00000|100%| O|  |TAMS 0x0000000086e00000, 0x0000000086d00000| Untracked 
|  22|0x0000000086e00000, 0x0000000086f00000, 0x0000000086f00000|100%| O|  |TAMS 0x0000000086f00000, 0x0000000086e00000| Untracked 
|  23|0x0000000086f00000, 0x0000000087000000, 0x0000000087000000|100%| O|  |TAMS 0x0000000087000000, 0x0000000086f00000| Untracked 
|  24|0x0000000087000000, 0x0000000087100000, 0x0000000087100000|100%| O|  |TAMS 0x0000000087100000, 0x0000000087000000| Untracked 
|  25|0x0000000087100000, 0x0000000087200000, 0x0000000087200000|100%| O|  |TAMS 0x0000000087200000, 0x0000000087100000| Untracked 
|  26|0x0000000087200000, 0x0000000087300000, 0x0000000087300000|100%| O|  |TAMS 0x0000000087300000, 0x0000000087200000| Untracked 
|  27|0x0000000087300000, 0x0000000087400000, 0x0000000087400000|100%| O|  |TAMS 0x0000000087400000, 0x0000000087300000| Untracked 
|  28|0x0000000087400000, 0x0000000087500000, 0x0000000087500000|100%| O|  |TAMS 0x0000000087500000, 0x0000000087400000| Untracked 
|  29|0x0000000087500000, 0x0000000087600000, 0x0000000087600000|100%| O|  |TAMS 0x0000000087600000, 0x0000000087500000| Untracked 
|  30|0x0000000087600000, 0x0000000087700000, 0x0000000087700000|100%| O|  |TAMS 0x0000000087700000, 0x0000000087600000| Untracked 
|  31|0x0000000087700000, 0x0000000087800000, 0x0000000087800000|100%| O|  |TAMS 0x0000000087800000, 0x0000000087700000| Untracked 
|  32|0x0000000087800000, 0x0000000087900000, 0x0000000087900000|100%| O|  |TAMS 0x0000000087900000, 0x0000000087800000| Untracked 
|  33|0x0000000087900000, 0x0000000087900000, 0x0000000087a00000|  0%| F|  |TAMS 0x0000000087900000, 0x0000000087900000| Untracked 
|  34|0x0000000087a00000, 0x0000000087b00000, 0x0000000087b00000|100%| O|  |TAMS 0x0000000087b00000, 0x0000000087a00000| Untracked 
|  35|0x0000000087b00000, 0x0000000087c00000, 0x0000000087c00000|100%| O|  |TAMS 0x0000000087c00000, 0x0000000087b00000| Untracked 
|  36|0x0000000087c00000, 0x0000000087d00000, 0x0000000087d00000|100%| O|  |TAMS 0x0000000087d00000, 0x0000000087c00000| Untracked 
|  37|0x0000000087d00000, 0x0000000087e00000, 0x0000000087e00000|100%| O|  |TAMS 0x0000000087e00000, 0x0000000087d00000| Untracked 
|  38|0x0000000087e00000, 0x0000000087f00000, 0x0000000087f00000|100%| O|  |TAMS 0x0000000087f00000, 0x0000000087e00000| Untracked 
|  39|0x0000000087f00000, 0x0000000088000000, 0x0000000088000000|100%| O|  |TAMS 0x0000000088000000, 0x0000000087f00000| Untracked 
|  40|0x0000000088000000, 0x0000000088100000, 0x0000000088100000|100%| O|  |TAMS 0x0000000088100000, 0x0000000088000000| Untracked 
|  41|0x0000000088100000, 0x0000000088200000, 0x0000000088200000|100%| O|  |TAMS 0x0000000088100000, 0x0000000088100000| Untracked 
|  42|0x0000000088200000, 0x0000000088300000, 0x0000000088300000|100%| O|  |TAMS 0x0000000088200000, 0x0000000088200000| Untracked 
|  43|0x0000000088300000, 0x0000000088400000, 0x0000000088400000|100%| O|  |TAMS 0x0000000088300000, 0x0000000088300000| Untracked 
|  44|0x0000000088400000, 0x0000000088500000, 0x0000000088500000|100%| O|  |TAMS 0x0000000088400000, 0x0000000088400000| Untracked 
|  45|0x0000000088500000, 0x0000000088600000, 0x0000000088600000|100%| O|  |TAMS 0x0000000088500000, 0x0000000088500000| Untracked 
|  46|0x0000000088600000, 0x0000000088700000, 0x0000000088700000|100%| O|  |TAMS 0x0000000088600000, 0x0000000088600000| Untracked 
|  47|0x0000000088700000, 0x0000000088800000, 0x0000000088800000|100%| O|  |TAMS 0x0000000088700000, 0x0000000088700000| Untracked 
|  48|0x0000000088800000, 0x0000000088900000, 0x0000000088900000|100%| O|  |TAMS 0x0000000088800000, 0x0000000088800000| Untracked 
|  49|0x0000000088900000, 0x0000000088a00000, 0x0000000088a00000|100%| O|  |TAMS 0x0000000088900000, 0x0000000088900000| Untracked 
|  50|0x0000000088a00000, 0x0000000088b00000, 0x0000000088b00000|100%| O|  |TAMS 0x0000000088a00000, 0x0000000088a00000| Untracked 
|  51|0x0000000088b00000, 0x0000000088c00000, 0x0000000088c00000|100%| O|  |TAMS 0x0000000088c00000, 0x0000000088b00000| Untracked 
|  52|0x0000000088c00000, 0x0000000088d00000, 0x0000000088d00000|100%| O|  |TAMS 0x0000000088d00000, 0x0000000088c00000| Untracked 
|  53|0x0000000088d00000, 0x0000000088e00000, 0x0000000088e00000|100%| O|  |TAMS 0x0000000088e00000, 0x0000000088d00000| Untracked 
|  54|0x0000000088e00000, 0x0000000088f00000, 0x0000000088f00000|100%| O|  |TAMS 0x0000000088f00000, 0x0000000088e00000| Untracked 
|  55|0x0000000088f00000, 0x0000000089000000, 0x0000000089000000|100%| O|  |TAMS 0x0000000089000000, 0x0000000088f00000| Untracked 
|  56|0x0000000089000000, 0x0000000089100000, 0x0000000089100000|100%| O|  |TAMS 0x0000000089100000, 0x0000000089000000| Untracked 
|  57|0x0000000089100000, 0x0000000089200000, 0x0000000089200000|100%| O|  |TAMS 0x0000000089200000, 0x0000000089100000| Untracked 
|  58|0x0000000089200000, 0x0000000089300000, 0x0000000089300000|100%| O|  |TAMS 0x0000000089300000, 0x0000000089200000| Untracked 
|  59|0x0000000089300000, 0x0000000089400000, 0x0000000089400000|100%| O|  |TAMS 0x0000000089400000, 0x0000000089300000| Untracked 
|  60|0x0000000089400000, 0x0000000089500000, 0x0000000089500000|100%| O|  |TAMS 0x0000000089500000, 0x0000000089400000| Untracked 
|  61|0x0000000089500000, 0x0000000089600000, 0x0000000089600000|100%| O|  |TAMS 0x0000000089600000, 0x0000000089500000| Untracked 
|  62|0x0000000089600000, 0x0000000089700000, 0x0000000089700000|100%| O|  |TAMS 0x0000000089700000, 0x0000000089600000| Untracked 
|  63|0x0000000089700000, 0x0000000089800000, 0x0000000089800000|100%| O|  |TAMS 0x0000000089800000, 0x0000000089700000| Untracked 
|  64|0x0000000089800000, 0x0000000089800000, 0x0000000089900000|  0%| F|  |TAMS 0x0000000089800000, 0x0000000089800000| Untracked 
|  65|0x0000000089900000, 0x0000000089900000, 0x0000000089a00000|  0%| F|  |TAMS 0x0000000089900000, 0x0000000089900000| Untracked 
|  66|0x0000000089a00000, 0x0000000089b00000, 0x0000000089b00000|100%| O|  |TAMS 0x0000000089a00000, 0x0000000089a00000| Untracked 
|  67|0x0000000089b00000, 0x0000000089c00000, 0x0000000089c00000|100%| O|  |TAMS 0x0000000089b00000, 0x0000000089b00000| Untracked 
|  68|0x0000000089c00000, 0x0000000089d00000, 0x0000000089d00000|100%| O|  |TAMS 0x0000000089c00000, 0x0000000089c00000| Untracked 
|  69|0x0000000089d00000, 0x0000000089e00000, 0x0000000089e00000|100%| O|  |TAMS 0x0000000089d00000, 0x0000000089d00000| Untracked 
|  70|0x0000000089e00000, 0x0000000089f00000, 0x0000000089f00000|100%| O|  |TAMS 0x0000000089e00000, 0x0000000089e00000| Untracked 
|  71|0x0000000089f00000, 0x000000008a000000, 0x000000008a000000|100%| O|  |TAMS 0x0000000089f00000, 0x0000000089f00000| Untracked 
|  72|0x000000008a000000, 0x000000008a100000, 0x000000008a100000|100%| O|  |TAMS 0x000000008a000000, 0x000000008a000000| Untracked 
|  73|0x000000008a100000, 0x000000008a100000, 0x000000008a200000|  0%| F|  |TAMS 0x000000008a100000, 0x000000008a100000| Untracked 
|  74|0x000000008a200000, 0x000000008a200000, 0x000000008a300000|  0%| F|  |TAMS 0x000000008a200000, 0x000000008a200000| Untracked 
|  75|0x000000008a300000, 0x000000008a400000, 0x000000008a400000|100%|HS|  |TAMS 0x000000008a300000, 0x000000008a300000| Complete 
|  76|0x000000008a400000, 0x000000008a500000, 0x000000008a500000|100%| O|  |TAMS 0x000000008a400000, 0x000000008a400000| Untracked 
|  77|0x000000008a500000, 0x000000008a600000, 0x000000008a600000|100%| O|  |TAMS 0x000000008a500000, 0x000000008a500000| Untracked 
|  78|0x000000008a600000, 0x000000008a700000, 0x000000008a700000|100%| O|  |TAMS 0x000000008a600000, 0x000000008a600000| Untracked 
|  79|0x000000008a700000, 0x000000008a800000, 0x000000008a800000|100%| O|  |TAMS 0x000000008a700000, 0x000000008a700000| Untracked 
|  80|0x000000008a800000, 0x000000008a800000, 0x000000008a900000|  0%| F|  |TAMS 0x000000008a800000, 0x000000008a800000| Untracked 
|  81|0x000000008a900000, 0x000000008a900000, 0x000000008aa00000|  0%| F|  |TAMS 0x000000008a900000, 0x000000008a900000| Untracked 
|  82|0x000000008aa00000, 0x000000008aa00000, 0x000000008ab00000|  0%| F|  |TAMS 0x000000008aa00000, 0x000000008aa00000| Untracked 
|  83|0x000000008ab00000, 0x000000008ab00000, 0x000000008ac00000|  0%| F|  |TAMS 0x000000008ab00000, 0x000000008ab00000| Untracked 
|  84|0x000000008ac00000, 0x000000008ac00000, 0x000000008ad00000|  0%| F|  |TAMS 0x000000008ac00000, 0x000000008ac00000| Untracked 
|  85|0x000000008ad00000, 0x000000008ad00000, 0x000000008ae00000|  0%| F|  |TAMS 0x000000008ad00000, 0x000000008ad00000| Untracked 
|  86|0x000000008ae00000, 0x000000008ae00000, 0x000000008af00000|  0%| F|  |TAMS 0x000000008ae00000, 0x000000008ae00000| Untracked 
|  87|0x000000008af00000, 0x000000008af00000, 0x000000008b000000|  0%| F|  |TAMS 0x000000008af00000, 0x000000008af00000| Untracked 
|  88|0x000000008b000000, 0x000000008b000000, 0x000000008b100000|  0%| F|  |TAMS 0x000000008b000000, 0x000000008b000000| Untracked 
|  89|0x000000008b100000, 0x000000008b100000, 0x000000008b200000|  0%| F|  |TAMS 0x000000008b100000, 0x000000008b100000| Untracked 
|  90|0x000000008b200000, 0x000000008b200000, 0x000000008b300000|  0%| F|  |TAMS 0x000000008b200000, 0x000000008b200000| Untracked 
|  91|0x000000008b300000, 0x000000008b300000, 0x000000008b400000|  0%| F|  |TAMS 0x000000008b300000, 0x000000008b300000| Untracked 
|  92|0x000000008b400000, 0x000000008b400000, 0x000000008b500000|  0%| F|  |TAMS 0x000000008b400000, 0x000000008b400000| Untracked 
|  93|0x000000008b500000, 0x000000008b500000, 0x000000008b600000|  0%| F|  |TAMS 0x000000008b500000, 0x000000008b500000| Untracked 
|  94|0x000000008b600000, 0x000000008b600000, 0x000000008b700000|  0%| F|  |TAMS 0x000000008b600000, 0x000000008b600000| Untracked 
|  95|0x000000008b700000, 0x000000008b700000, 0x000000008b800000|  0%| F|  |TAMS 0x000000008b700000, 0x000000008b700000| Untracked 
|  96|0x000000008b800000, 0x000000008b800000, 0x000000008b900000|  0%| F|  |TAMS 0x000000008b800000, 0x000000008b800000| Untracked 
|  97|0x000000008b900000, 0x000000008b900000, 0x000000008ba00000|  0%| F|  |TAMS 0x000000008b900000, 0x000000008b900000| Untracked 
|  98|0x000000008ba00000, 0x000000008ba00000, 0x000000008bb00000|  0%| F|  |TAMS 0x000000008ba00000, 0x000000008ba00000| Untracked 
|  99|0x000000008bb00000, 0x000000008bb00000, 0x000000008bc00000|  0%| F|  |TAMS 0x000000008bb00000, 0x000000008bb00000| Untracked 
| 100|0x000000008bc00000, 0x000000008bc00000, 0x000000008bd00000|  0%| F|  |TAMS 0x000000008bc00000, 0x000000008bc00000| Untracked 
| 101|0x000000008bd00000, 0x000000008bd00000, 0x000000008be00000|  0%| F|  |TAMS 0x000000008bd00000, 0x000000008bd00000| Untracked 
| 102|0x000000008be00000, 0x000000008be00000, 0x000000008bf00000|  0%| F|  |TAMS 0x000000008be00000, 0x000000008be00000| Untracked 
| 103|0x000000008bf00000, 0x000000008bf00000, 0x000000008c000000|  0%| F|  |TAMS 0x000000008bf00000, 0x000000008bf00000| Untracked 
| 104|0x000000008c000000, 0x000000008c000000, 0x000000008c100000|  0%| F|  |TAMS 0x000000008c000000, 0x000000008c000000| Untracked 
| 105|0x000000008c100000, 0x000000008c100000, 0x000000008c200000|  0%| F|  |TAMS 0x000000008c100000, 0x000000008c100000| Untracked 
| 106|0x000000008c200000, 0x000000008c200000, 0x000000008c300000|  0%| F|  |TAMS 0x000000008c200000, 0x000000008c200000| Untracked 
| 107|0x000000008c300000, 0x000000008c300000, 0x000000008c400000|  0%| F|  |TAMS 0x000000008c300000, 0x000000008c300000| Untracked 
| 108|0x000000008c400000, 0x000000008c400000, 0x000000008c500000|  0%| F|  |TAMS 0x000000008c400000, 0x000000008c400000| Untracked 
| 109|0x000000008c500000, 0x000000008c500000, 0x000000008c600000|  0%| F|  |TAMS 0x000000008c500000, 0x000000008c500000| Untracked 
| 110|0x000000008c600000, 0x000000008c600000, 0x000000008c700000|  0%| F|  |TAMS 0x000000008c600000, 0x000000008c600000| Untracked 
| 111|0x000000008c700000, 0x000000008c700000, 0x000000008c800000|  0%| F|  |TAMS 0x000000008c700000, 0x000000008c700000| Untracked 
| 112|0x000000008c800000, 0x000000008c800000, 0x000000008c900000|  0%| F|  |TAMS 0x000000008c800000, 0x000000008c800000| Untracked 
| 113|0x000000008c900000, 0x000000008c900000, 0x000000008ca00000|  0%| F|  |TAMS 0x000000008c900000, 0x000000008c900000| Untracked 
| 114|0x000000008ca00000, 0x000000008ca00000, 0x000000008cb00000|  0%| F|  |TAMS 0x000000008ca00000, 0x000000008ca00000| Untracked 
| 115|0x000000008cb00000, 0x000000008cb00000, 0x000000008cc00000|  0%| F|  |TAMS 0x000000008cb00000, 0x000000008cb00000| Untracked 
| 116|0x000000008cc00000, 0x000000008cc00000, 0x000000008cd00000|  0%| F|  |TAMS 0x000000008cc00000, 0x000000008cc00000| Untracked 
| 117|0x000000008cd00000, 0x000000008cd00000, 0x000000008ce00000|  0%| F|  |TAMS 0x000000008cd00000, 0x000000008cd00000| Untracked 
| 118|0x000000008ce00000, 0x000000008ce00000, 0x000000008cf00000|  0%| F|  |TAMS 0x000000008ce00000, 0x000000008ce00000| Untracked 
| 119|0x000000008cf00000, 0x000000008cf00000, 0x000000008d000000|  0%| F|  |TAMS 0x000000008cf00000, 0x000000008cf00000| Untracked 
| 120|0x000000008d000000, 0x000000008d000000, 0x000000008d100000|  0%| F|  |TAMS 0x000000008d000000, 0x000000008d000000| Untracked 
| 121|0x000000008d100000, 0x000000008d100000, 0x000000008d200000|  0%| F|  |TAMS 0x000000008d100000, 0x000000008d100000| Untracked 
| 122|0x000000008d200000, 0x000000008d200000, 0x000000008d300000|  0%| F|  |TAMS 0x000000008d200000, 0x000000008d200000| Untracked 
| 123|0x000000008d300000, 0x000000008d300000, 0x000000008d400000|  0%| F|  |TAMS 0x000000008d300000, 0x000000008d300000| Untracked 
| 124|0x000000008d400000, 0x000000008d400000, 0x000000008d500000|  0%| F|  |TAMS 0x000000008d400000, 0x000000008d400000| Untracked 
| 125|0x000000008d500000, 0x000000008d500000, 0x000000008d600000|  0%| F|  |TAMS 0x000000008d500000, 0x000000008d500000| Untracked 
| 126|0x000000008d600000, 0x000000008d600000, 0x000000008d700000|  0%| F|  |TAMS 0x000000008d600000, 0x000000008d600000| Untracked 
| 127|0x000000008d700000, 0x000000008d700000, 0x000000008d800000|  0%| F|  |TAMS 0x000000008d700000, 0x000000008d700000| Untracked 
| 128|0x000000008d800000, 0x000000008d800000, 0x000000008d900000|  0%| F|  |TAMS 0x000000008d800000, 0x000000008d800000| Untracked 
| 129|0x000000008d900000, 0x000000008d900000, 0x000000008da00000|  0%| F|  |TAMS 0x000000008d900000, 0x000000008d900000| Untracked 
| 130|0x000000008da00000, 0x000000008da00000, 0x000000008db00000|  0%| F|  |TAMS 0x000000008da00000, 0x000000008da00000| Untracked 
| 131|0x000000008db00000, 0x000000008db00000, 0x000000008dc00000|  0%| F|  |TAMS 0x000000008db00000, 0x000000008db00000| Untracked 
| 132|0x000000008dc00000, 0x000000008dc00000, 0x000000008dd00000|  0%| F|  |TAMS 0x000000008dc00000, 0x000000008dc00000| Untracked 
| 133|0x000000008dd00000, 0x000000008dd00000, 0x000000008de00000|  0%| F|  |TAMS 0x000000008dd00000, 0x000000008dd00000| Untracked 
| 134|0x000000008de00000, 0x000000008de00000, 0x000000008df00000|  0%| F|  |TAMS 0x000000008de00000, 0x000000008de00000| Untracked 
| 135|0x000000008df00000, 0x000000008df00000, 0x000000008e000000|  0%| F|  |TAMS 0x000000008df00000, 0x000000008df00000| Untracked 
| 136|0x000000008e000000, 0x000000008e000000, 0x000000008e100000|  0%| F|  |TAMS 0x000000008e000000, 0x000000008e000000| Untracked 
| 137|0x000000008e100000, 0x000000008e100000, 0x000000008e200000|  0%| F|  |TAMS 0x000000008e100000, 0x000000008e100000| Untracked 
| 138|0x000000008e200000, 0x000000008e200000, 0x000000008e300000|  0%| F|  |TAMS 0x000000008e200000, 0x000000008e200000| Untracked 
| 139|0x000000008e300000, 0x000000008e300000, 0x000000008e400000|  0%| F|  |TAMS 0x000000008e300000, 0x000000008e300000| Untracked 
| 140|0x000000008e400000, 0x000000008e400000, 0x000000008e500000|  0%| F|  |TAMS 0x000000008e400000, 0x000000008e400000| Untracked 
| 141|0x000000008e500000, 0x000000008e500000, 0x000000008e600000|  0%| F|  |TAMS 0x000000008e500000, 0x000000008e500000| Untracked 
| 142|0x000000008e600000, 0x000000008e600000, 0x000000008e700000|  0%| F|  |TAMS 0x000000008e600000, 0x000000008e600000| Untracked 
| 143|0x000000008e700000, 0x000000008e754818, 0x000000008e800000| 33%| E|  |TAMS 0x000000008e700000, 0x000000008e700000| Complete 
| 144|0x000000008e800000, 0x000000008e900000, 0x000000008e900000|100%| E|CS|TAMS 0x000000008e800000, 0x000000008e800000| Complete 
| 145|0x000000008e900000, 0x000000008e9217a0, 0x000000008ea00000| 13%| S|CS|TAMS 0x000000008e900000, 0x000000008e900000| Complete 
| 146|0x000000008ea00000, 0x000000008eb00000, 0x000000008eb00000|100%| E|CS|TAMS 0x000000008ea00000, 0x000000008ea00000| Complete 
| 147|0x000000008eb00000, 0x000000008ec00000, 0x000000008ec00000|100%| E|CS|TAMS 0x000000008eb00000, 0x000000008eb00000| Complete 
| 148|0x000000008ec00000, 0x000000008ed00000, 0x000000008ed00000|100%| E|CS|TAMS 0x000000008ec00000, 0x000000008ec00000| Complete 
| 149|0x000000008ed00000, 0x000000008ee00000, 0x000000008ee00000|100%| E|CS|TAMS 0x000000008ed00000, 0x000000008ed00000| Complete 

Card table byte_map: [0x00000239f3500000,0x00000239f38e0000] _byte_map_base: 0x00000239f30d4000

Marking Bits (Prev, Next): (CMBitMap*) 0x00000239dbeddc80, (CMBitMap*) 0x00000239dbeddc40
 Prev Bits: [0x00000239f5b60000, 0x00000239f7a00000)
 Next Bits: [0x00000239f3cc0000, 0x00000239f5b60000)

Polling page: 0x00000239db650000

Metaspace:

Usage:
  Non-class:     13.42 MB used.
      Class:      1.03 MB used.
       Both:     14.45 MB used.

Virtual space:
  Non-class space:       64.00 MB reserved,      13.56 MB ( 21%) committed,  1 nodes.
      Class space:        1.00 GB reserved,       1.12 MB ( <1%) committed,  1 nodes.
             Both:        1.06 GB reserved,      14.69 MB (  1%) committed. 

Chunk freelists:
   Non-Class:  1.58 MB
       Class:  2.82 MB
        Both:  4.40 MB

MaxMetaspaceSize: unlimited
CompressedClassSpaceSize: 1.00 GB
Initial GC threshold: 21.00 MB
Current GC threshold: 23.38 MB
CDS: on
MetaspaceReclaimPolicy: balanced
 - commit_granule_bytes: 65536.
 - commit_granule_words: 8192.
 - virtual_space_node_default_size: 8388608.
 - enlarge_chunks_in_place: 1.
 - new_chunks_are_fully_committed: 0.
 - uncommit_free_chunks: 1.
 - use_allocation_guard: 0.


Internal statistics:

num_allocs_failed_limit: 0.
num_arena_births: 200.
num_arena_deaths: 0.
num_vsnodes_births: 2.
num_vsnodes_deaths: 0.
num_space_committed: 231.
num_space_uncommitted: 0.
num_chunks_returned_to_freelist: 0.
num_chunks_taken_from_freelist: 514.
num_chunk_merges: 0.
num_chunk_splits: 406.
num_chunks_enlarged: 329.
num_inconsistent_stats: 0.

CodeHeap 'non-profiled nmethods': size=120000Kb used=1420Kb max_used=1420Kb free=118580Kb
 bounds [0x00000239eb8c0000, 0x00000239ebb30000, 0x00000239f2df0000]
CodeHeap 'profiled nmethods': size=120000Kb used=4978Kb max_used=4978Kb free=115021Kb
 bounds [0x00000239e3df0000, 0x00000239e42d0000, 0x00000239eb320000]
CodeHeap 'non-nmethods': size=5760Kb used=1650Kb max_used=1682Kb free=4110Kb
 bounds [0x00000239eb320000, 0x00000239eb590000, 0x00000239eb8c0000]
 total_blobs=3542 nmethods=2579 adapters=874
 compilation: enabled
              stopped_count=0, restarted_count=0
 full_count=0

Compilation events (20 events):
Event: 15.204 Thread 0x00000239fa482dd0 2570       4       processing.opengl.PGraphicsOpenGL$InGeometry::setMaterial (40 bytes)
Event: 15.205 Thread 0x00000239fa482dd0 nmethod 2570 0x00000239eba1f490 code [0x00000239eba1f600, 0x00000239eba1f698]
Event: 15.270 Thread 0x00000239fa482dd0 2571  s    4       jogamp.opengl.GLBufferObjectTracker::createBufferStorage (472 bytes)
Event: 15.278 Thread 0x00000239fa482dd0 nmethod 2571 0x00000239eba1f790 code [0x00000239eba1f980, 0x00000239eba20488]
Event: 15.979 Thread 0x00000239fa4839c0 2572       3       java.util.concurrent.locks.AbstractQueuedSynchronizer$ConditionObject::signal (34 bytes)
Event: 15.979 Thread 0x00000239fa4839c0 nmethod 2572 0x00000239e42cc490 code [0x00000239e42cc660, 0x00000239e42cc9a8]
Event: 16.437 Thread 0x00000239fa482dd0 2573       4       processing.opengl.PShader::setUniformValue (15 bytes)
Event: 16.439 Thread 0x00000239fa482dd0 nmethod 2573 0x00000239eba21090 code [0x00000239eba21220, 0x00000239eba21388]
Event: 16.804 Thread 0x00000239fa482dd0 2574       4       processing.opengl.PGraphicsOpenGL$InGeometry::addEdge (68 bytes)
Event: 16.805 Thread 0x00000239fa482dd0 nmethod 2574 0x00000239eba21510 code [0x00000239eba216a0, 0x00000239eba21818]
Event: 18.270 Thread 0x00000239fa482dd0 2575   !   4       jogamp.common.util.locks.RecursiveLockImpl01Unfairish::validateLocked (147 bytes)
Event: 18.271 Thread 0x00000239fa482dd0 nmethod 2575 0x00000239eba21a10 code [0x00000239eba21ba0, 0x00000239eba21df8]
Event: 18.406 Thread 0x00000239fa482dd0 2576       4       processing.opengl.PJOGL::getPixelScale (46 bytes)
Event: 18.407 Thread 0x00000239fa482dd0 nmethod 2576 0x00000239eba21f90 code [0x00000239eba22140, 0x00000239eba22238]
Event: 18.421 Thread 0x00000239fa482dd0 2577       4       jogamp.opengl.gl4.GL4bcImpl::glDepthMask (43 bytes)
Event: 18.422 Thread 0x00000239fa482dd0 nmethod 2577 0x00000239eba22390 code [0x00000239eba22520, 0x00000239eba22608]
Event: 18.772 Thread 0x00000239fa482dd0 2578       4       processing.core.PGraphics::colorMode (122 bytes)
Event: 18.772 Thread 0x00000239fa482dd0 nmethod 2578 0x00000239eba22710 code [0x00000239eba228e0, 0x00000239eba22b78]
Event: 19.053 Thread 0x00000239fa482dd0 2579       4       java.lang.ref.Reference::refersToImpl (6 bytes)
Event: 19.054 Thread 0x00000239fa482dd0 nmethod 2579 0x00000239eba22d10 code [0x00000239eba22e80, 0x00000239eba22f18]

GC Heap History (14 events):
Event: 0.887 GC heap before
{Heap before GC invocations=0 (full 0):
 garbage-first heap   total 126976K, used 25600K [0x0000000085800000, 0x0000000100000000)
  region size 1024K, 23 young (23552K), 0 survivors (0K)
 Metaspace       used 11606K, committed 11904K, reserved 1114112K
  class space    used 807K, committed 960K, reserved 1048576K
}
Event: 0.895 GC heap after
{Heap after GC invocations=1 (full 0):
 garbage-first heap   total 126976K, used 3115K [0x0000000085800000, 0x0000000100000000)
  region size 1024K, 3 young (3072K), 3 survivors (3072K)
 Metaspace       used 11606K, committed 11904K, reserved 1114112K
  class space    used 807K, committed 960K, reserved 1048576K
}
Event: 1.482 GC heap before
{Heap before GC invocations=1 (full 0):
 garbage-first heap   total 126976K, used 57387K [0x0000000085800000, 0x0000000100000000)
  region size 1024K, 37 young (37888K), 3 survivors (3072K)
 Metaspace       used 13840K, committed 14080K, reserved 1114112K
  class space    used 1039K, committed 1152K, reserved 1048576K
}
Event: 1.486 GC heap after
{Heap after GC invocations=2 (full 0):
 garbage-first heap   total 126976K, used 16378K [0x0000000085800000, 0x0000000100000000)
  region size 1024K, 3 young (3072K), 3 survivors (3072K)
 Metaspace       used 13840K, committed 14080K, reserved 1114112K
  class space    used 1039K, committed 1152K, reserved 1048576K
}
Event: 1.588 GC heap before
{Heap before GC invocations=2 (full 0):
 garbage-first heap   total 126976K, used 88058K [0x0000000085800000, 0x0000000100000000)
  region size 1024K, 73 young (74752K), 3 survivors (3072K)
 Metaspace       used 13917K, committed 14144K, reserved 1114112K
  class space    used 1040K, committed 1152K, reserved 1048576K
}
Event: 1.599 GC heap after
{Heap after GC invocations=3 (full 0):
 garbage-first heap   total 126976K, used 41093K [0x0000000085800000, 0x0000000100000000)
  region size 1024K, 10 young (10240K), 10 survivors (10240K)
 Metaspace       used 13917K, committed 14144K, reserved 1114112K
  class space    used 1040K, committed 1152K, reserved 1048576K
}
Event: 1.615 GC heap before
{Heap before GC invocations=3 (full 0):
 garbage-first heap   total 126976K, used 75909K [0x0000000085800000, 0x0000000100000000)
  region size 1024K, 44 young (45056K), 10 survivors (10240K)
 Metaspace       used 13917K, committed 14144K, reserved 1114112K
  class space    used 1040K, committed 1152K, reserved 1048576K
}
Event: 1.624 GC heap after
{Heap after GC invocations=4 (full 0):
 garbage-first heap   total 126976K, used 63474K [0x0000000085800000, 0x0000000100000000)
  region size 1024K, 6 young (6144K), 6 survivors (6144K)
 Metaspace       used 13917K, committed 14144K, reserved 1114112K
  class space    used 1040K, committed 1152K, reserved 1048576K
}
Event: 1.739 GC heap before
{Heap before GC invocations=4 (full 0):
 garbage-first heap   total 126976K, used 84978K [0x0000000085800000, 0x0000000100000000)
  region size 1024K, 28 young (28672K), 6 survivors (6144K)
 Metaspace       used 14114K, committed 14336K, reserved 1114112K
  class space    used 1051K, committed 1152K, reserved 1048576K
}
Event: 1.746 GC heap after
{Heap after GC invocations=5 (full 0):
 garbage-first heap   total 126976K, used 75776K [0x0000000085800000, 0x0000000100000000)
  region size 1024K, 4 young (4096K), 4 survivors (4096K)
 Metaspace       used 14114K, committed 14336K, reserved 1114112K
  class space    used 1051K, committed 1152K, reserved 1048576K
}
Event: 9.848 GC heap before
{Heap before GC invocations=6 (full 0):
 garbage-first heap   total 153600K, used 97280K [0x0000000085800000, 0x0000000100000000)
  region size 1024K, 20 young (20480K), 4 survivors (4096K)
 Metaspace       used 14671K, committed 14912K, reserved 1114112K
  class space    used 1052K, committed 1152K, reserved 1048576K
}
Event: 9.851 GC heap after
{Heap after GC invocations=7 (full 0):
 garbage-first heap   total 153600K, used 79363K [0x0000000085800000, 0x0000000100000000)
  region size 1024K, 3 young (3072K), 3 survivors (3072K)
 Metaspace       used 14671K, committed 14912K, reserved 1114112K
  class space    used 1052K, committed 1152K, reserved 1048576K
}
Event: 13.867 GC heap before
{Heap before GC invocations=7 (full 0):
 garbage-first heap   total 153600K, used 83459K [0x0000000085800000, 0x0000000100000000)
  region size 1024K, 7 young (7168K), 3 survivors (3072K)
 Metaspace       used 14755K, committed 14976K, reserved 1114112K
  class space    used 1052K, committed 1152K, reserved 1048576K
}
Event: 13.868 GC heap after
{Heap after GC invocations=8 (full 0):
 garbage-first heap   total 153600K, used 76933K [0x0000000085800000, 0x0000000100000000)
  region size 1024K, 1 young (1024K), 1 survivors (1024K)
 Metaspace       used 14755K, committed 14976K, reserved 1114112K
  class space    used 1052K, committed 1152K, reserved 1048576K
}

Dll operation events (16 events):
Event: 0.005 Loaded shared library C:\Program Files\Java\jdk-19\bin\java.dll
Event: 0.012 Loaded shared library C:\Program Files\Java\jdk-19\bin\jsvml.dll
Event: 0.045 Loaded shared library C:\Program Files\Java\jdk-19\bin\net.dll
Event: 0.047 Loaded shared library C:\Program Files\Java\jdk-19\bin\nio.dll
Event: 0.049 Loaded shared library C:\Program Files\Java\jdk-19\bin\zip.dll
Event: 0.078 Loaded shared library C:\Program Files\Java\jdk-19\bin\jimage.dll
Event: 0.082 Loaded shared library C:\Program Files\Java\jdk-19\bin\awt.dll
Event: 0.354 Loaded shared library C:\Users\dmytr\AppData\Local\Temp\jogamp_0000\file_cache\jln3055228093032586131\jln9978365946728444489\natives\windows-amd64\gluegen_rt.dll
Event: 0.361 Loaded shared library C:\Program Files\Java\jdk-19\bin\jawt.dll
Event: 0.374 Loaded shared library C:\Users\dmytr\AppData\Local\Temp\jogamp_0000\file_cache\jln3055228093032586131\jln9978365946728444489\natives\windows-amd64\nativewindow_awt.dll
Event: 0.402 Loaded shared library C:\Users\dmytr\AppData\Local\Temp\jogamp_0000\file_cache\jln3055228093032586131\jln9978365946728444489\natives\windows-amd64\nativewindow_win32.dll
Event: 0.410 Loaded shared library C:\Users\dmytr\AppData\Local\Temp\jogamp_0000\file_cache\jln3055228093032586131\jln9978365946728444489\natives\windows-amd64\newt_head.dll
Event: 0.593 Loaded shared library C:\Users\dmytr\AppData\Local\Temp\jogamp_0000\file_cache\jln3055228093032586131\jln9978365946728444489\natives\windows-amd64\jogl_desktop.dll
Event: 0.687 Loaded shared library C:\Users\dmytr\AppData\Local\Temp\jogamp_0000\file_cache\jln3055228093032586131\jln9978365946728444489\natives\windows-amd64\jogl_mobile.dll
Event: 1.328 Loaded shared library C:\Program Files\Java\jdk-19\bin\verify.dll
Event: 1.360 Loaded shared library C:\Program Files\Java\jdk-19\bin\jsound.dll

Deoptimization events (20 events):
Event: 3.352 Thread 0x00000239808a2ea0 DEOPT PACKING pc=0x00000239eb993d64 sp=0x000000f82b8fe7c0
Event: 3.352 Thread 0x00000239808a2ea0 DEOPT UNPACKING pc=0x00000239eb38a5a3 sp=0x000000f82b8fe790 mode 2
Event: 3.668 Thread 0x00000239808a3940 DEOPT PACKING pc=0x00000239e41394ea sp=0x000000f82a7ff290
Event: 3.668 Thread 0x00000239808a3940 DEOPT UNPACKING pc=0x00000239eb38b0e3 sp=0x000000f82a7fe740 mode 0
Event: 4.088 Thread 0x00000239808a2ea0 DEOPT PACKING pc=0x00000239e41b1cd7 sp=0x000000f82b8fe870
Event: 4.088 Thread 0x00000239808a2ea0 DEOPT UNPACKING pc=0x00000239eb38b0e3 sp=0x000000f82b8fdce8 mode 0
Event: 6.687 Thread 0x00000239808a2ea0 DEOPT PACKING pc=0x00000239e41f75fb sp=0x000000f82b8fe7f0
Event: 6.687 Thread 0x00000239808a2ea0 DEOPT UNPACKING pc=0x00000239eb38b0e3 sp=0x000000f82b8fdcc0 mode 0
Event: 6.721 Thread 0x00000239808a2ea0 DEOPT PACKING pc=0x00000239e41f87a5 sp=0x000000f82b8fe870
Event: 6.721 Thread 0x00000239808a2ea0 DEOPT UNPACKING pc=0x00000239eb38b0e3 sp=0x000000f82b8fdd20 mode 0
Event: 6.787 Thread 0x00000239808a2ea0 DEOPT PACKING pc=0x00000239e41faaa3 sp=0x000000f82b8fe990
Event: 6.787 Thread 0x00000239808a2ea0 DEOPT UNPACKING pc=0x00000239eb38b0e3 sp=0x000000f82b8fde48 mode 0
Event: 6.955 Thread 0x00000239808a2ea0 DEOPT PACKING pc=0x00000239e41f7f8d sp=0x000000f82b8fe970
Event: 6.955 Thread 0x00000239808a2ea0 DEOPT UNPACKING pc=0x00000239eb38b0e3 sp=0x000000f82b8fde28 mode 0
Event: 8.404 Thread 0x00000239808a2ea0 DEOPT PACKING pc=0x00000239e41f9d13 sp=0x000000f82b8fe7c0
Event: 8.404 Thread 0x00000239808a2ea0 DEOPT UNPACKING pc=0x00000239eb38b0e3 sp=0x000000f82b8fdc80 mode 0
Event: 19.180 Thread 0x00000239ff28f300 Uncommon trap: trap_request=0xffffff45 fr.pc=0x00000239eb9f3580 relative=0x0000000000000060
Event: 19.180 Thread 0x00000239ff28f300 Uncommon trap: reason=unstable_if action=reinterpret pc=0x00000239eb9f3580 method=java.util.HashMap.values()Ljava/util/Collection; @ 6 c2
Event: 19.180 Thread 0x00000239ff28f300 DEOPT PACKING pc=0x00000239eb9f3580 sp=0x000000f82abff450
Event: 19.180 Thread 0x00000239ff28f300 DEOPT UNPACKING pc=0x00000239eb38a5a3 sp=0x000000f82abff3e8 mode 2

Classes loaded (20 events):
Event: 1.427 Loading class java/net/URL$2
Event: 1.427 Loading class java/net/URL$2 done
Event: 1.427 Loading class java/net/URL$1
Event: 1.427 Loading class java/net/URL$1 done
Event: 1.427 Loading class java/net/spi/URLStreamHandlerProvider
Event: 1.427 Loading class java/net/spi/URLStreamHandlerProvider done
Event: 1.660 Loading class java/util/regex/Pattern$LookBehindEndNode
Event: 1.661 Loading class java/util/regex/Pattern$LookBehindEndNode done
Event: 1.661 Loading class java/util/regex/Pattern$NotBehind
Event: 1.661 Loading class java/util/regex/Pattern$NotBehind done
Event: 1.661 Loading class java/util/regex/Pattern$Neg
Event: 1.661 Loading class java/util/regex/Pattern$Neg done
Event: 1.661 Loading class java/util/regex/Pattern$Pos
Event: 1.661 Loading class java/util/regex/Pattern$Pos done
Event: 1.668 Loading class java/util/regex/Pattern$SliceS
Event: 1.668 Loading class java/util/regex/Pattern$SliceS done
Event: 3.348 Loading class java/util/NoSuchElementException
Event: 3.348 Loading class java/util/NoSuchElementException done
Event: 19.157 Loading class java/nio/channels/ClosedChannelException
Event: 19.158 Loading class java/nio/channels/ClosedChannelException done

Classes unloaded (0 events):
No events

Classes redefined (0 events):
No events

Internal exceptions (20 events):
Event: 0.256 Thread 0x00000239dbe81360 Exception <a 'java/lang/NoSuchMethodError'{0x000000008cbf8a08}: 'java.lang.Object java.lang.invoke.DirectMethodHandle$Holder.invokeStaticInit(java.lang.Object, java.lang.Object, int, int, int, int)'> (0x000000008cbf8a08) 
thrown [s\open\src\hotspot\share\interpreter\linkResolver.cpp, line 774]
Event: 0.260 Thread 0x00000239dbe81360 Exception <a 'java/lang/NoSuchMethodError'{0x000000008ca026a8}: 'int java.lang.invoke.DirectMethodHandle$Holder.invokeSpecial(java.lang.Object, java.lang.Object, java.lang.Object)'> (0x000000008ca026a8) 
thrown [s\open\src\hotspot\share\interpreter\linkResolver.cpp, line 774]
Event: 0.275 Thread 0x00000239dbe81360 Exception <a 'java/lang/NoSuchMethodError'{0x000000008ca12a90}: 'void java.lang.invoke.DirectMethodHandle$Holder.invokeStatic(java.lang.Object, long)'> (0x000000008ca12a90) 
thrown [s\open\src\hotspot\share\interpreter\linkResolver.cpp, line 774]
Event: 0.276 Thread 0x00000239dbe81360 Exception <a 'java/lang/NoSuchMethodError'{0x000000008ca18080}: 'java.lang.Object java.lang.invoke.DirectMethodHandle$Holder.newInvokeSpecial(java.lang.Object, long)'> (0x000000008ca18080) 
thrown [s\open\src\hotspot\share\interpreter\linkResolver.cpp, line 774]
Event: 0.277 Thread 0x00000239dbe81360 Exception <a 'java/lang/NoSuchMethodError'{0x000000008ca1f298}: 'java.lang.Object java.lang.invoke.DirectMethodHandle$Holder.invokeStatic(java.lang.Object, long, java.lang.Object)'> (0x000000008ca1f298) 
thrown [s\open\src\hotspot\share\interpreter\linkResolver.cpp, line 774]
Event: 0.277 Thread 0x00000239dbe81360 Exception <a 'java/lang/NoSuchMethodError'{0x000000008ca22cc8}: 'java.lang.Object java.lang.invoke.DirectMethodHandle$Holder.invokeStaticInit(java.lang.Object, long, java.lang.Object)'> (0x000000008ca22cc8) 
thrown [s\open\src\hotspot\share\interpreter\linkResolver.cpp, line 774]
Event: 0.356 Thread 0x00000239dbe81360 Exception <a 'java/lang/NoSuchMethodError'{0x000000008ca60fa0}: 'int java.lang.invoke.DirectMethodHandle$Holder.invokeStatic(java.lang.Object)'> (0x000000008ca60fa0) 
thrown [s\open\src\hotspot\share\interpreter\linkResolver.cpp, line 774]
Event: 0.356 Thread 0x00000239dbe81360 Exception <a 'java/lang/NoSuchMethodError'{0x000000008ca64cd0}: 'int java.lang.invoke.DelegatingMethodHandle$Holder.reinvoke_L(java.lang.Object)'> (0x000000008ca64cd0) 
thrown [s\open\src\hotspot\share\interpreter\linkResolver.cpp, line 774]
Event: 0.383 Thread 0x00000239dbe81360 Exception <a 'java/lang/NoSuchMethodError'{0x000000008c993970}: 'java.lang.Object java.lang.invoke.DirectMethodHandle$Holder.invokeInterface(java.lang.Object, java.lang.Object)'> (0x000000008c993970) 
thrown [s\open\src\hotspot\share\interpreter\linkResolver.cpp, line 774]
Event: 0.383 Thread 0x00000239dbe81360 Exception <a 'java/lang/IncompatibleClassChangeError'{0x000000008c997210}: Found class java.lang.Object, but interface was expected> (0x000000008c997210) 
thrown [s\open\src\hotspot\share\interpreter\linkResolver.cpp, line 841]
Event: 0.595 Thread 0x00000239dbe81360 Exception <a 'java/lang/NoSuchMethodError'{0x000000008c2eacb0}: 'long java.lang.invoke.DelegatingMethodHandle$Holder.reinvoke_L(java.lang.Object, java.lang.Object)'> (0x000000008c2eacb0) 
thrown [s\open\src\hotspot\share\interpreter\linkResolver.cpp, line 774]
Event: 0.596 Thread 0x00000239dbe81360 Exception <a 'java/lang/NoSuchMethodError'{0x000000008c2f5260}: 'void java.lang.invoke.DelegatingMethodHandle$Holder.reinvoke_L(java.lang.Object, java.lang.Object, long)'> (0x000000008c2f5260) 
thrown [s\open\src\hotspot\share\interpreter\linkResolver.cpp, line 774]
Event: 0.986 Thread 0x00000239ff28f300 Implicit null exception at 0x00000239eb91a883 to 0x00000239eb91aa78
Event: 0.986 Thread 0x00000239ff28f300 Exception <a 'java/lang/NoSuchMethodError'{0x000000008cc4a098}: 'void java.lang.invoke.DirectMethodHandle$Holder.invokeSpecial(java.lang.Object, java.lang.Object, java.lang.Object)'> (0x000000008cc4a098) 
thrown [s\open\src\hotspot\share\interpreter\linkResolver.cpp, line 774]
Event: 0.992 Thread 0x00000239ff28f300 Exception <a 'java/lang/NoSuchMethodError'{0x000000008cc60f90}: 'long java.lang.invoke.Invokers$Holder.invokeExact_MT(java.lang.Object, java.lang.Object, java.lang.Object)'> (0x000000008cc60f90) 
thrown [s\open\src\hotspot\share\interpreter\linkResolver.cpp, line 774]
Event: 1.317 Thread 0x00000239808a2ea0 Exception <a 'java/lang/NoSuchMethodError'{0x000000008c306338}: 'java.lang.Object java.lang.invoke.DirectMethodHandle$Holder.invokeVirtual(java.lang.Object, java.lang.Object, java.lang.Object)'> (0x000000008c306338) 
thrown [s\open\src\hotspot\share\interpreter\linkResolver.cpp, line 774]
Event: 1.409 Thread 0x00000239808a2ea0 Implicit null exception at 0x00000239eb92234f to 0x00000239eb9223d4
Event: 1.427 Thread 0x00000239808a2ea0 Exception <a 'java/lang/ClassNotFoundException'{0x000000008c07ec08}: sun/net/www/protocol/c/Handler> (0x000000008c07ec08) 
thrown [s\open\src\hotspot\share\classfile\systemDictionary.cpp, line 255]
Event: 2.241 Thread 0x00000239808a2ea0 Implicit null exception at 0x00000239eb9ab6ac to 0x00000239eb9ab718
Event: 19.156 Thread 0x00000239808a4930 Exception <a 'java/lang/InterruptedException'{0x000000008e8c25e0}> (0x000000008e8c25e0) 
thrown [s\open\src\hotspot\share\runtime\objectMonitor.cpp, line 1648]

VM Operations (20 events):
Event: 5.839 Executing VM operation: Cleanup done
Event: 7.839 Executing VM operation: Cleanup
Event: 7.840 Executing VM operation: Cleanup done
Event: 9.840 Executing VM operation: Cleanup
Event: 9.840 Executing VM operation: Cleanup done
Event: 9.848 Executing VM operation: G1CollectForAllocation
Event: 9.851 Executing VM operation: G1CollectForAllocation done
Event: 11.851 Executing VM operation: Cleanup
Event: 11.852 Executing VM operation: Cleanup done
Event: 12.852 Executing VM operation: Cleanup
Event: 12.852 Executing VM operation: Cleanup done
Event: 13.867 Executing VM operation: G1CollectForAllocation
Event: 13.868 Executing VM operation: G1CollectForAllocation done
Event: 14.868 Executing VM operation: Cleanup
Event: 14.869 Executing VM operation: Cleanup done
Event: 15.869 Executing VM operation: Cleanup
Event: 15.869 Executing VM operation: Cleanup done
Event: 18.870 Executing VM operation: Cleanup
Event: 18.870 Executing VM operation: Cleanup done
Event: 19.260 Executing VM operation: Exit

Events (20 events):
Event: 1.418 Thread 0x00000239808a3940 Thread added: 0x00000239808a3940
Event: 1.444 Thread 0x000002398cd0c9f0 Thread added: 0x000002398cd0c9f0
Event: 1.451 Thread 0x000002398cd0e2a0 Thread added: 0x000002398cd0e2a0
Event: 2.073 Thread 0x000002398cd0e2a0 Thread exited: 0x000002398cd0e2a0
Event: 2.387 Thread 0x000002398cd0c9f0 Thread exited: 0x000002398cd0c9f0
Event: 3.353 Thread 0x0000023993a25400 Thread added: 0x0000023993a25400
Event: 3.888 Thread 0x0000023993a25400 Thread exited: 0x0000023993a25400
Event: 4.389 Thread 0x000002398cf737b0 Thread added: 0x000002398cf737b0
Event: 4.707 Thread 0x000002398cf737b0 Thread exited: 0x000002398cf737b0
Event: 19.156 Thread 0x00000239808a4930 Thread exited: 0x00000239808a4930
Event: 19.157 Thread 0x00000239808a4930 Thread added: 0x00000239808a4930
Event: 19.157 Thread 0x00000239808a2400 Thread added: 0x00000239808a2400
Event: 19.157 Thread 0x00000239808a5920 Thread added: 0x00000239808a5920
Event: 19.157 Thread 0x00000239808a4e80 Thread added: 0x00000239808a4e80
Event: 19.157 Thread 0x00000239fedb8220 Thread exited: 0x00000239fedb8220
Event: 19.158 Thread 0x00000239808a5920 Thread exited: 0x00000239808a5920
Event: 19.162 Thread 0x00000239fec050a0 Thread exited: 0x00000239fec050a0
Event: 19.190 Thread 0x00000239ff28f300 Thread exited: 0x00000239ff28f300
Event: 19.192 Thread 0x00000239808a4930 Thread exited: 0x00000239808a4930
Event: 19.259 Thread 0x00000239808a2400 Thread exited: 0x00000239808a2400


Dynamic libraries:
0x00007ff7679b0000 - 0x00007ff7679c0000 	C:\Program Files\Java\jdk-19\bin\java.exe
0x00007ffbf89d0000 - 0x00007ffbf8bc8000 	C:\windows\SYSTEM32\ntdll.dll
0x00007ffbf8190000 - 0x00007ffbf824f000 	C:\windows\System32\KERNEL32.DLL
0x00007ffbf62e0000 - 0x00007ffbf65b2000 	C:\windows\System32\KERNELBASE.dll
0x00007ffbf61e0000 - 0x00007ffbf62e0000 	C:\windows\System32\ucrtbase.dll
0x00007ffbeed20000 - 0x00007ffbeed38000 	C:\Program Files\Java\jdk-19\bin\jli.dll
0x00007ffbef530000 - 0x00007ffbef54b000 	C:\Program Files\Java\jdk-19\bin\VCRUNTIME140.dll
0x00007ffbf75e0000 - 0x00007ffbf768e000 	C:\windows\System32\ADVAPI32.dll
0x00007ffbf6c50000 - 0x00007ffbf6cee000 	C:\windows\System32\msvcrt.dll
0x00007ffbf6d00000 - 0x00007ffbf6d9c000 	C:\windows\System32\sechost.dll
0x00007ffbf8060000 - 0x00007ffbf8184000 	C:\windows\System32\RPCRT4.dll
0x00007ffbf7760000 - 0x00007ffbf7901000 	C:\windows\System32\USER32.dll
0x00007ffbda060000 - 0x00007ffbda2fa000 	C:\windows\WinSxS\amd64_microsoft.windows.common-controls_6595b64144ccf1df_6.0.19041.1110_none_60b5254171f9507e\COMCTL32.dll
0x00007ffbf6910000 - 0x00007ffbf6932000 	C:\windows\System32\win32u.dll
0x00007ffbf85b0000 - 0x00007ffbf85db000 	C:\windows\System32\GDI32.dll
0x00007ffbf60d0000 - 0x00007ffbf61df000 	C:\windows\System32\gdi32full.dll
0x00007ffbf6680000 - 0x00007ffbf671d000 	C:\windows\System32\msvcp_win.dll
0x00007ffbe85b0000 - 0x00007ffbe85ba000 	C:\windows\SYSTEM32\VERSION.dll
0x00007ffbf8690000 - 0x00007ffbf86c0000 	C:\windows\System32\IMM32.DLL
0x00007ffbeeeb0000 - 0x00007ffbeeebc000 	C:\Program Files\Java\jdk-19\bin\vcruntime140_1.dll
0x00007ffbddd50000 - 0x00007ffbdddde000 	C:\Program Files\Java\jdk-19\bin\msvcp140.dll
0x00007ffbad770000 - 0x00007ffbae430000 	C:\Program Files\Java\jdk-19\bin\server\jvm.dll
0x00007ffbd19a0000 - 0x00007ffbd19c7000 	C:\windows\SYSTEM32\WINMM.dll
0x00007ffbba330000 - 0x00007ffbba339000 	C:\windows\SYSTEM32\WSOCK32.dll
0x00007ffbf6be0000 - 0x00007ffbf6c4b000 	C:\windows\System32\WS2_32.dll
0x00007ffbf4920000 - 0x00007ffbf4932000 	C:\windows\SYSTEM32\kernel.appcore.dll
0x00007ffbeee90000 - 0x00007ffbeee9a000 	C:\Program Files\Java\jdk-19\bin\jimage.dll
0x00007ffbf3cb0000 - 0x00007ffbf3e94000 	C:\windows\SYSTEM32\DBGHELP.DLL
0x00007ffbd4c40000 - 0x00007ffbd4c75000 	C:\windows\SYSTEM32\dbgcore.DLL
0x00007ffbf6720000 - 0x00007ffbf67a2000 	C:\windows\System32\bcryptPrimitives.dll
0x00007ffbde290000 - 0x00007ffbde2b6000 	C:\Program Files\Java\jdk-19\bin\java.dll
0x00007ffbdcd30000 - 0x00007ffbdce07000 	C:\Program Files\Java\jdk-19\bin\jsvml.dll
0x00007ffbf6e90000 - 0x00007ffbf75d5000 	C:\windows\System32\SHELL32.dll
0x00007ffbf4170000 - 0x00007ffbf4902000 	C:\windows\SYSTEM32\windows.storage.dll
0x00007ffbf8250000 - 0x00007ffbf85a5000 	C:\windows\System32\combase.dll
0x00007ffbf5b30000 - 0x00007ffbf5b60000 	C:\windows\SYSTEM32\Wldp.dll
0x00007ffbf87f0000 - 0x00007ffbf889d000 	C:\windows\System32\SHCORE.dll
0x00007ffbf6da0000 - 0x00007ffbf6df5000 	C:\windows\System32\shlwapi.dll
0x00007ffbf6010000 - 0x00007ffbf602f000 	C:\windows\SYSTEM32\profapi.dll
0x00007ffbeeca0000 - 0x00007ffbeecb3000 	C:\Program Files\Java\jdk-19\bin\net.dll
0x00007ffbf05c0000 - 0x00007ffbf06ca000 	C:\windows\SYSTEM32\WINHTTP.dll
0x00007ffbf5890000 - 0x00007ffbf58fa000 	C:\windows\system32\mswsock.dll
0x00007ffbeaef0000 - 0x00007ffbeaf06000 	C:\Program Files\Java\jdk-19\bin\nio.dll
0x00007ffbe9e40000 - 0x00007ffbe9e58000 	C:\Program Files\Java\jdk-19\bin\zip.dll
0x00007ffbda610000 - 0x00007ffbda7a1000 	C:\Program Files\Java\jdk-19\bin\awt.dll
0x00007ffbf88c0000 - 0x00007ffbf898d000 	C:\windows\System32\OLEAUT32.dll
0x00007ffbf3500000 - 0x00007ffbf3590000 	C:\windows\SYSTEM32\apphelp.dll
0x00007ffbf3690000 - 0x00007ffbf372e000 	C:\windows\system32\uxtheme.dll
0x00007ffbf7910000 - 0x00007ffbf7a24000 	C:\windows\System32\MSCTF.dll
0x00007ffbf86c0000 - 0x00007ffbf87ea000 	C:\windows\System32\ole32.dll
0x00007ffbf3a90000 - 0x00007ffbf3abf000 	C:\windows\system32\DWMAPI.DLL
0x00007ffbdcf20000 - 0x00007ffbdd045000 	C:\windows\system32\opengl32.dll
0x00007ffbed800000 - 0x00007ffbed82c000 	C:\windows\SYSTEM32\GLU32.dll
0x00007ffbf5a80000 - 0x00007ffbf5a98000 	C:\windows\SYSTEM32\CRYPTSP.dll
0x00007ffbf5140000 - 0x00007ffbf5174000 	C:\windows\system32\rsaenh.dll
0x00007ffbf69f0000 - 0x00007ffbf6a17000 	C:\windows\System32\bcrypt.dll
0x00007ffbf5f90000 - 0x00007ffbf5fbe000 	C:\windows\SYSTEM32\USERENV.dll
0x00007ffbf5aa0000 - 0x00007ffbf5aac000 	C:\windows\SYSTEM32\CRYPTBASE.dll
0x00007ffbf5530000 - 0x00007ffbf556b000 	C:\windows\SYSTEM32\IPHLPAPI.DLL
0x00007ffbf7690000 - 0x00007ffbf7698000 	C:\windows\System32\NSI.dll
0x00007ffbe9da0000 - 0x00007ffbe9db7000 	C:\windows\SYSTEM32\dhcpcsvc6.DLL
0x00007ffbe9e60000 - 0x00007ffbe9e7d000 	C:\windows\SYSTEM32\dhcpcsvc.DLL
0x00007ffbf5570000 - 0x00007ffbf563b000 	C:\windows\SYSTEM32\DNSAPI.dll
0x000000006e8c0000 - 0x000000006e8cd000 	C:\Users\dmytr\AppData\Local\Temp\jogamp_0000\file_cache\jln3055228093032586131\jln9978365946728444489\natives\windows-amd64\gluegen_rt.dll
0x00007ffbeed10000 - 0x00007ffbeed17000 	C:\Program Files\Java\jdk-19\bin\jawt.dll
0x000000006a440000 - 0x000000006a44d000 	C:\Users\dmytr\AppData\Local\Temp\jogamp_0000\file_cache\jln3055228093032586131\jln9978365946728444489\natives\windows-amd64\nativewindow_awt.dll
0x000000006c100000 - 0x000000006c110000 	C:\Users\dmytr\AppData\Local\Temp\jogamp_0000\file_cache\jln3055228093032586131\jln9978365946728444489\natives\windows-amd64\nativewindow_win32.dll
0x0000000070d80000 - 0x0000000070d93000 	C:\Users\dmytr\AppData\Local\Temp\jogamp_0000\file_cache\jln3055228093032586131\jln9978365946728444489\natives\windows-amd64\newt_head.dll
0x00007ffbefbd0000 - 0x00007ffbefc7e000 	C:\windows\SYSTEM32\mscms.dll
0x00007ffbefbb0000 - 0x00007ffbefbc1000 	C:\windows\SYSTEM32\ColorAdapterClient.dll
0x00007ffbddd00000 - 0x00007ffbddd43000 	C:\windows\SYSTEM32\icm32.dll
0x00007ffbf7a40000 - 0x00007ffbf7ea8000 	C:\windows\System32\setupapi.dll
0x00007ffbf6630000 - 0x00007ffbf667e000 	C:\windows\System32\cfgmgr32.dll
0x00007ffbf5e80000 - 0x00007ffbf5eac000 	C:\windows\SYSTEM32\DEVOBJ.dll
0x00007ffbf65c0000 - 0x00007ffbf6629000 	C:\windows\System32\WINTRUST.dll
0x00007ffbf67b0000 - 0x00007ffbf6906000 	C:\windows\System32\CRYPT32.dll
0x00007ffbf5cc0000 - 0x00007ffbf5cd2000 	C:\windows\SYSTEM32\MSASN1.dll
0x0000000064500000 - 0x0000000064585000 	C:\Users\dmytr\AppData\Local\Temp\jogamp_0000\file_cache\jln3055228093032586131\jln9978365946728444489\natives\windows-amd64\jogl_desktop.dll
0x0000000064340000 - 0x0000000064391000 	C:\Users\dmytr\AppData\Local\Temp\jogamp_0000\file_cache\jln3055228093032586131\jln9978365946728444489\natives\windows-amd64\jogl_mobile.dll
0x00007ffbf85e0000 - 0x00007ffbf8689000 	C:\windows\System32\clbcatq.dll
0x00007ffbea780000 - 0x00007ffbea879000 	C:\Windows\System32\AppXDeploymentClient.dll
0x00007ffbac7e0000 - 0x00007ffbad76d000 	C:\windows\System32\DriverStore\FileRepository\iigd_dch.inf_amd64_04c961ba9d7827af\igxelpicd64.dll
0x00007ffbf4990000 - 0x00007ffbf4a83000 	C:\windows\system32\dxgi.dll
0x00007ffbb3d20000 - 0x00007ffbb415c000 	C:\windows\System32\DriverStore\FileRepository\iigd_dch.inf_amd64_04c961ba9d7827af\igdml64.dll
0x00007ffbe7660000 - 0x00007ffbe7996000 	C:\windows\System32\DriverStore\FileRepository\iigd_dch.inf_amd64_04c961ba9d7827af\igdgmm64.dll
0x00007ffbe1f00000 - 0x00007ffbe4c8f000 	C:\windows\System32\DriverStore\FileRepository\iigd_dch.inf_amd64_04c961ba9d7827af\igc64.dll
0x00007ffbf5650000 - 0x00007ffbf569b000 	C:\windows\SYSTEM32\powrprof.dll
0x00007ffbf5510000 - 0x00007ffbf5522000 	C:\windows\SYSTEM32\UMPDC.dll
0x00007ffbdd680000 - 0x00007ffbdd779000 	C:\windows\SYSTEM32\textinputframework.dll
0x00007ffbf32d0000 - 0x00007ffbf33c2000 	C:\windows\System32\CoreMessaging.dll
0x00007ffbf2bf0000 - 0x00007ffbf2f4e000 	C:\windows\System32\CoreUIComponents.dll
0x00007ffbf5280000 - 0x00007ffbf52b3000 	C:\windows\SYSTEM32\ntmarta.dll
0x00007ffbf1b30000 - 0x00007ffbf1c84000 	C:\windows\SYSTEM32\wintypes.dll
0x00007ffbde280000 - 0x00007ffbde290000 	C:\Program Files\Java\jdk-19\bin\verify.dll
0x00007ffbddb80000 - 0x00007ffbddb92000 	C:\Program Files\Java\jdk-19\bin\jsound.dll
0x00007ffbdc2d0000 - 0x00007ffbdc36c000 	C:\windows\SYSTEM32\DSOUND.dll
0x00007ffbd7470000 - 0x00007ffbd7496000 	C:\windows\SYSTEM32\winmmbase.dll
0x00007ffbedac0000 - 0x00007ffbedb45000 	C:\windows\System32\MMDevApi.dll
0x00007ffbdcce0000 - 0x00007ffbdcd26000 	C:\windows\SYSTEM32\wdmaud.drv
0x00007ffbf0c80000 - 0x00007ffbf0c8a000 	C:\windows\SYSTEM32\AVRT.dll
0x00007ffbef8f0000 - 0x00007ffbef8f9000 	C:\windows\SYSTEM32\ksuser.dll
0x00007ffbedb50000 - 0x00007ffbedcd2000 	C:\windows\SYSTEM32\AUDIOSES.DLL
0x00007ffbde270000 - 0x00007ffbde27d000 	C:\windows\SYSTEM32\msacm32.drv
0x00007ffbddb50000 - 0x00007ffbddb6e000 	C:\windows\SYSTEM32\MSACM32.dll
0x00007ffbddb40000 - 0x00007ffbddb4b000 	C:\windows\SYSTEM32\midimap.dll
0x00007ffbdd780000 - 0x00007ffbdd8c1000 	C:\Windows\System32\Windows.UI.dll
0x00007ffbdd520000 - 0x00007ffbdd672000 	C:\Windows\System32\InputHost.dll
0x00007ffbf0510000 - 0x00007ffbf05b1000 	C:\Windows\System32\WindowManagementAPI.dll
0x00007ffbf1860000 - 0x00007ffbf1956000 	C:\Windows\System32\PROPSYS.dll
0x00007ffbeff70000 - 0x00007ffbf0170000 	C:\windows\SYSTEM32\twinapi.appcore.dll
0x00007ffbf37b0000 - 0x00007ffbf37c4000 	C:\windows\SYSTEM32\resourcepolicyclient.dll

dbghelp: loaded successfully - version: 4.0.5 - missing functions: none
symbol engine: initialized successfully - sym options: 0x614 - pdb path: .;C:\Program Files\Java\jdk-19\bin;C:\windows\SYSTEM32;C:\windows\WinSxS\amd64_microsoft.windows.common-controls_6595b64144ccf1df_6.0.19041.1110_none_60b5254171f9507e;C:\Program Files\Java\jdk-19\bin\server;C:\Users\dmytr\AppData\Local\Temp\jogamp_0000\file_cache\jln3055228093032586131\jln9978365946728444489\natives\windows-amd64;C:\windows\System32\DriverStore\FileRepository\iigd_dch.inf_amd64_04c961ba9d7827af

VM Arguments:
java_command: ie.tudublin.Main
java_class_path (initial): ./bin;./lib/minim.jar;./lib/core.jar;./lib/jsminim.jar;./lib/mp3spi1.9.5.jar;./lib/tritonus_share.jar;./lib/tritonus_aos.jar;./lib/jl1.0.1.jar;./lib/sqlite-jdbc-3.23.1.jar;lib/jogl-all.jar;lib/gluegen-rt.jar;lib/gluegen-rt-natives-windows-amd64.jar;lib/gluegen-rt-natives-windows-i586.jar;lib/jogl-all-natives-windows-amd64.jar;lib/jogl-all-natives-windows-i586.jarlib/jogl-all.jar;lib/gluegen-rt.jar;lib/gluegen-rt-natives-windows-amd64.jar;lib/gluegen-rt-natives-windows-i586.jar;lib/jogl-all-natives-windows-amd64.jar;lib/jogl-all-natives-windows-i586.jar
Launcher Type: SUN_STANDARD

[Global flags]
     intx CICompilerCount                          = 4                                         {product} {ergonomic}
     uint ConcGCThreads                            = 2                                         {product} {ergonomic}
     uint G1ConcRefinementThreads                  = 8                                         {product} {ergonomic}
   size_t G1HeapRegionSize                         = 1048576                                   {product} {ergonomic}
    uintx GCDrainStackTargetSize                   = 64                                        {product} {ergonomic}
   size_t InitialHeapSize                          = 130023424                                 {product} {ergonomic}
   size_t MarkStackSize                            = 4194304                                   {product} {ergonomic}
   size_t MaxHeapSize                              = 2055208960                                {product} {ergonomic}
   size_t MaxNewSize                               = 1233125376                                {product} {ergonomic}
   size_t MinHeapDeltaBytes                        = 1048576                                   {product} {ergonomic}
   size_t MinHeapSize                              = 8388608                                   {product} {ergonomic}
    uintx NonNMethodCodeHeapSize                   = 5839372                                {pd product} {ergonomic}
    uintx NonProfiledCodeHeapSize                  = 122909434                              {pd product} {ergonomic}
    uintx ProfiledCodeHeapSize                     = 122909434                              {pd product} {ergonomic}
    uintx ReservedCodeCacheSize                    = 251658240                              {pd product} {ergonomic}
     bool SegmentedCodeCache                       = true                                      {product} {ergonomic}
   size_t SoftMaxHeapSize                          = 2055208960                             {manageable} {ergonomic}
     bool UseCompressedClassPointers               = true                           {product lp64_product} {ergonomic}
     bool UseCompressedOops                        = true                           {product lp64_product} {ergonomic}
     bool UseG1GC                                  = true                                      {product} {ergonomic}
     bool UseLargePagesIndividualAllocation        = false                                  {pd product} {ergonomic}

Logging:
Log output configuration:
 #0: stdout all=off uptime,level,tags foldmultilines=false
 #1: stderr all=off uptime,level,tags foldmultilines=false

Environment Variables:
PATH=C:\Users\dmytr\bin;C:\Program Files\Git\mingw64\bin;C:\Program Files\Git\usr\local\bin;C:\Program Files\Git\usr\bin;C:\Program Files\Git\usr\bin;C:\Program Files\Git\mingw64\bin;C:\Program Files\Git\usr\bin;C:\Users\dmytr\bin;C:\Program Files\Common Files\Oracle\Java\javapath;C:\Python310\Scripts;C:\Python310;C:\windows\system32;C:\windows;C:\windows\System32\Wbem;C:\windows\System32\WindowsPowerShell\v1.0;C:\windows\System32\OpenSSH;C:\ProgramData\chocolatey\bin;C:\Program Files\nodejs;C:\Program Files\GitHub CLI;C:\Program Files\PuTTY;C:\Program Files (x86)\Windows Kits\10\Windows Performance Toolkit;C:\msys64\mingw64\bin;C:\Program Files\dotnet;C:\Program Files\Git\cmd;C:\Users\dmytr\AppData\Local\Microsoft\WindowsApps;C:\Users\dmytr\AppData\Local\Programs\Microsoft VS Code\bin;C:\Users\dmytr\AppData\Roaming\npm;C:\Users\dmytr\AppData\Local\GitHubDesktop\bin;C:\Users\dmytr\Documents\Programming\Pycharm\PyCharm Community Edition 2022.3.1\bin;C:\Program Files\Git\usr\bin\vendor_perl;C:\Program Files\Git\usr\bin\core_perl
USERNAME=dmytr
SHELL=C:\Program Files\Git\usr\bin\bash.exe
DISPLAY=needs-to-be-defined
LANG=en_US.UTF-8
TERM=xterm
TMPDIR=C:\Users\dmytr\AppData\Local\Temp
OS=Windows_NT
PROCESSOR_IDENTIFIER=Intel64 Family 6 Model 140 Stepping 1, GenuineIntel
TMP=C:\Users\dmytr\AppData\Local\Temp
TEMP=C:\Users\dmytr\AppData\Local\Temp



---------------  S Y S T E M  ---------------

OS:
 Windows 10 , 64 bit Build 19041 (10.0.19041.2546)
OS uptime: 3 days 5:46 hours

CPU: total 8 (initial active 8) (4 cores per cpu, 2 threads per core) family 6 model 140 stepping 1 microcode 0x8a, cx8, cmov, fxsr, ht, mmx, 3dnowpref, sse, sse2, sse3, ssse3, sse4.1, sse4.2, popcnt, lzcnt, tsc, tscinvbit, avx, avx2, aes, erms, clmul, bmi1, bmi2, adx, avx512f, avx512dq, avx512cd, avx512bw, avx512vl, sha, fma, vzeroupper, avx512_vpopcntdq, avx512_vpclmulqdq, avx512_vaes, avx512_vnni, clflush, clflushopt, clwb, avx512_vbmi2, avx512_vbmi, rdtscp, rdpid, fsrm, gfni, avx512_bitalg

Memory: 4k page, system-wide physical 7834M (2273M free)
TotalPageFile size 11418M (AvailPageFile size 4118M)
current process WorkingSet (physical memory assigned to process): 465M, peak: 606M
current process commit charge ("private bytes"): 391M, peak: 542M

vm_info: Java HotSpot(TM) 64-Bit Server VM (19.0.2+7-44) for windows-amd64 JRE (19.0.2+7-44), built on 2022-11-30T18:02:09Z by "mach5one" with MS VC++ 17.1 (VS2022)

END.
