#
# A fatal error has been detected by the Java Runtime Environment:
#
#  EXCEPTION_ACCESS_VIOLATION (0xc0000005) at pc=0x00007ffb70dbb8f7, pid=14188, tid=12548
#
# JRE version: Java(TM) SE Runtime Environment (19.0.2+7) (build 19.0.2+7-44)
# Java VM: Java HotSpot(TM) 64-Bit Server VM (19.0.2+7-44, mixed mode, sharing, tiered, compressed oops, compressed class ptrs, g1 gc, windows-amd64)
# Problematic frame:
# C  [igxelpicd64.dll+0x28b8f7]
#
# No core dump will be written. Minidumps are not enabled by default on client versions of Windows
#
# If you would like to submit a bug report, please visit:
#   https://bugreport.java.com/bugreport/crash.jsp
#

---------------  S U M M A R Y ------------

Command Line: ie.tudublin.Main

Host: 11th Gen Intel(R) Core(TM) i5-1135G7 @ 2.40GHz, 8 cores, 7G,  Windows 10 , 64 bit Build 19041 (10.0.19041.2546)
Time: Mon Mar 20 15:28:36 2023 GMT Standard Time elapsed time: 4.451874 seconds (0d 0h 0m 4s)

---------------  T H R E A D  ---------------

Current thread (0x0000022ecc5c2940):  VMThread "VM Thread" [stack: 0x0000008578b00000,0x0000008578c00000] [id=12548]

Stack: [0x0000008578b00000,0x0000008578c00000],  sp=0x0000008578bfe3f0,  free space=1016k
Native frames: (J=compiled Java code, j=interpreted, Vv=VM code, C=native code)
C  [igxelpicd64.dll+0x28b8f7]


siginfo: EXCEPTION_ACCESS_VIOLATION (0xc0000005), reading address 0x0000000000035448


Registers:
RAX=0x0000022ed2ac04f0, RBX=0x0000022ed09070d0, RCX=0x0000000000000002, RDX=0x0000022ed2ac0470
RSP=0x0000008578bfe3f0, RBP=0x0000022ee16b2ab0, RSI=0x0000000000000000, RDI=0x0000022ed2ac0380
R8 =0x0000000000000000, R9 =0x0000000000000000, R10=0x0000000000000000, R11=0x0000000000000246
R12=0x0000022ed2ac08b8, R13=0x0000000000000000, R14=0x0000000000006400, R15=0x0000000000000016
RIP=0x00007ffb70dbb8f7, EFLAGS=0x0000000000010206


Register to memory mapping:

RIP=0x00007ffb70dbb8f7 igxelpicd64.dll
RAX=0x0000022ed2ac04f0 points into unknown readable memory: 0x0000000000006271 | 71 62 00 00 00 00 00 00
RBX=0x0000022ed09070d0 points into unknown readable memory: 0x37000000bebafe00 | 00 fe ba be 00 00 00 37
RCX=0x0000000000000002 is an unknown value
RDX=0x0000022ed2ac0470 points into unknown readable memory: 0x0000000000000000 | 00 00 00 00 00 00 00 00
RSP=0x0000008578bfe3f0 points into unknown readable memory: 0x0000022ed09070d0 | d0 70 90 d0 2e 02 00 00
RBP=0x0000022ee16b2ab0 points into unknown readable memory: 0x0000022ed11faa00 | 00 aa 1f d1 2e 02 00 00
RSI=0x0 is NULL
RDI=0x0000022ed2ac0380 points into unknown readable memory: 0x0000022ed11faa00 | 00 aa 1f d1 2e 02 00 00
R8 =0x0 is NULL
R9 =0x0 is NULL
R10=0x0 is NULL
R11=0x0000000000000246 is an unknown value
R12=0x0000022ed2ac08b8 points into unknown readable memory: 0x0000022ee16b2ab0 | b0 2a 6b e1 2e 02 00 00
R13=0x0 is NULL
R14=0x0000000000006400 is an unknown value
R15=0x0000000000000016 is an unknown value


Top of Stack: (sp=0x0000008578bfe3f0)
0x0000008578bfe3f0:   0000022ed09070d0 0138cccc0101c1cc
0x0000008578bfe400:   0122d3d0012740d0 01522ad10062fed0
0x0000008578bfe410:   0000022ed25883f8 0000000000006477
0x0000008578bfe420:   0000000000000000 0000000000000014
0x0000008578bfe430:   0000000000000000 0000000000000000
0x0000008578bfe440:   0000008578bfe550 00007ffb70db2315
0x0000008578bfe450:   0000022ed2308ad0 0000022ed09070d0
0x0000008578bfe460:   013b9be701301600 00a78ae901c6a400
0x0000008578bfe470:   000000850000bd18 0000b80200430000
0x0000008578bfe480:   0000000000000000 012806f400d39ef3
0x0000008578bfe490:   012fc8f4013d79f4 015fd4f700ecd9f6
0x0000008578bfe4a0:   0140000a00cb67fa 392f00f812020000
0x0000008578bfe4b0:   416000b4114b00d5 a87b00902c6800ae
0x0000008578bfe4c0:   279f00e3fa8a00d1 95a600cfada500ff
0x0000008578bfe4d0:   000001410007011d 016565180140810c
0x0000008578bfe4e0:   0122b72a00a9682a 014f38c9012181c3 

Instructions: (pc=0x00007ffb70dbb8f7)
0x00007ffb70dbb7f7:   56 41 57 48 83 ec 20 45 8a e9 48 8b da 48 8b f1
0x00007ffb70dbb807:   48 8b 15 32 62 c4 00 48 8d 48 08 e8 0d 07 dc ff
0x00007ffb70dbb817:   90 48 8b ab 80 02 00 00 48 8b 05 7a 6b b4 00 44
0x00007ffb70dbb827:   8b b8 b8 0a 00 00 45 33 d2 45 8a f2 4c 89 93 80
0x00007ffb70dbb837:   02 00 00 44 89 93 88 02 00 00 4c 89 93 a0 02 00
0x00007ffb70dbb847:   00 4c 89 93 90 02 00 00 48 85 f6 75 38 8b 3d 0e
0x00007ffb70dbb857:   39 c4 00 65 48 8b 04 25 58 00 00 00 b9 14 00 00
0x00007ffb70dbb867:   00 48 8b 04 f8 44 38 14 01 0f 84 01 02 00 00 65
0x00007ffb70dbb877:   48 8b 04 25 58 00 00 00 be 20 00 00 00 48 8b 04
0x00007ffb70dbb887:   f8 48 8b 34 06 48 3b 35 0d 5d c4 00 45 0f 44 fa
0x00007ffb70dbb897:   48 85 ed 0f 84 a9 00 00 00 44 8a 6c 24 70 48 8b
0x00007ffb70dbb8a7:   fd 4c 8d a5 38 05 00 00 49 8b 2c 24 45 84 ed 0f
0x00007ffb70dbb8b7:   85 a1 01 00 00 8b 8b d0 01 00 00 48 8b 05 d7 6a
0x00007ffb70dbb8c7:   b4 00 83 b8 64 03 00 00 02 75 32 48 8d 97 f0 00
0x00007ffb70dbb8d7:   00 00 83 f9 10 0f 83 a2 00 00 00 8b c1 48 c1 e0
0x00007ffb70dbb8e7:   06 48 03 c2 48 85 c0 0f 85 87 00 00 00 4d 8b c2
0x00007ffb70dbb8f7:   4c 3b 86 48 54 03 00 0f 87 75 15 6e 00 4c 39 97
0x00007ffb70dbb907:   90 05 00 00 0f 85 b3 16 6e 00 4c 8b cf 4c 8b c3
0x00007ffb70dbb917:   e8 34 b3 72 00 84 c0 0f 85 b8 00 00 00 48 8b d7
0x00007ffb70dbb927:   48 8b cb e8 91 f9 ff ff 45 33 d2 48 85 ed 0f 85
0x00007ffb70dbb937:   6a ff ff ff 45 84 f6 44 8a 6c 24 78 0f 85 a3 16
0x00007ffb70dbb947:   6e 00 48 8b cb 45 84 ed 0f 85 18 01 00 00 e8 86
0x00007ffb70dbb957:   f6 ff ff 90 48 8b 4c 24 60 48 8b 5c 24 68 48 83
0x00007ffb70dbb967:   c4 20 41 5f 41 5e 41 5d 41 5c 5f 5e 5d 48 ff 25
0x00007ffb70dbb977:   9d 37 80 00 4c 8b 40 08 e9 73 ff ff ff 44 8d 41
0x00007ffb70dbb987:   f0 41 8b c0 c1 e8 04 83 f8 03 72 1a 48 8b 82 18
0x00007ffb70dbb997:   04 00 00 48 85 c0 74 26 39 08 0f 84 ad 00 00 00
0x00007ffb70dbb9a7:   48 8b 40 48 eb ed 0f ae e8 41 83 e0 0f 4c 8b 8c
0x00007ffb70dbb9b7:   c2 00 04 00 00 4d 85 c9 0f 85 80 00 00 00 44 38
0x00007ffb70dbb9c7:   92 20 04 00 00 0f 84 22 ff ff ff 8b c1 83 e0 0f
0x00007ffb70dbb9d7:   e9 08 ff ff ff 48 8b 83 80 02 00 00 49 89 04 24
0x00007ffb70dbb9e7:   48 89 bb 80 02 00 00 ff 83 88 02 00 00 48 8b 4f 


Stack slot to memory mapping:
stack at sp + 0 slots: 0x0000022ed09070d0 points into unknown readable memory: 0x37000000bebafe00 | 00 fe ba be 00 00 00 37
stack at sp + 1 slots: 0x0138cccc0101c1cc is an unknown value
stack at sp + 2 slots: 0x0122d3d0012740d0 is an unknown value
stack at sp + 3 slots: 0x01522ad10062fed0 is an unknown value
stack at sp + 4 slots: 0x0000022ed25883f8 points into unknown readable memory: 0x0000000000040000 | 00 00 04 00 00 00 00 00
stack at sp + 5 slots: 0x0000000000006477 is an unknown value
stack at sp + 6 slots: 0x0 is NULL
stack at sp + 7 slots: 0x0000000000000014 is an unknown value

VM_Operation (0x000000857a8fe8d0): Exit, mode: safepoint, requested by thread 0x0000022ed1669da0


---------------  P R O C E S S  ---------------

Threads class SMR info:
_java_thread_list=0x0000022ed0f4d0e0, length=17, elements={
0x0000022ecc5dd3f0, 0x0000022ecc5de180, 0x0000022ecc5e15d0, 0x0000022ecc5e2130,
0x0000022ecc5e2fd0, 0x0000022ecc5f02f0, 0x0000022ecc5f1080, 0x0000022ecc607380,
0x0000022ed08e08a0, 0x0000022ed08e55b0, 0x0000022ed0b8e120, 0x0000022ed0b92e90,
0x0000022ed1669da0, 0x0000022ed25e9170, 0x0000022ed25ea160, 0x0000022ed25e8c20,
0x0000022ed25ebbf0
}

Java Threads: ( => current thread )
  0x0000022ecc5dd3f0 JavaThread "Reference Handler" daemon [_thread_blocked, id=12328, stack(0x0000008578c00000,0x0000008578d00000)]
  0x0000022ecc5de180 JavaThread "Finalizer" daemon [_thread_blocked, id=4848, stack(0x0000008578d00000,0x0000008578e00000)]
  0x0000022ecc5e15d0 JavaThread "Attach Listener" daemon [_thread_blocked, id=1572, stack(0x0000008578f00000,0x0000008579000000)]
  0x0000022ecc5e2130 JavaThread "Service Thread" daemon [_thread_blocked, id=11960, stack(0x0000008579000000,0x0000008579100000)]
  0x0000022ecc5e2fd0 JavaThread "Monitor Deflation Thread" daemon [_thread_blocked, id=8400, stack(0x0000008579100000,0x0000008579200000)]
  0x0000022ecc5f02f0 JavaThread "C2 CompilerThread0" daemon [_thread_blocked, id=10944, stack(0x0000008579200000,0x0000008579300000)]
  0x0000022ecc5f1080 JavaThread "C1 CompilerThread0" daemon [_thread_blocked, id=12632, stack(0x0000008579300000,0x0000008579400000)]
  0x0000022ecc607380 JavaThread "Sweeper thread" daemon [_thread_blocked, id=9580, stack(0x0000008579400000,0x0000008579500000)]
  0x0000022ed08e08a0 JavaThread "Notification Thread" daemon [_thread_blocked, id=7220, stack(0x0000008579500000,0x0000008579600000)]
  0x0000022ed08e55b0 JavaThread "Common-Cleaner" daemon [_thread_blocked, id=13484, stack(0x0000008579700000,0x0000008579800000)]
  0x0000022ed0b8e120 JavaThread "Java2D Disposer" daemon [_thread_blocked, id=8532, stack(0x0000008579800000,0x0000008579900000)]
  0x0000022ed0b92e90 JavaThread "HighResTimerThread" daemon [_thread_blocked, id=9032, stack(0x0000008579900000,0x0000008579a00000)]
  0x0000022ed1669da0 JavaThread "main-FPSAWTAnimator#00-Timer0" [_thread_blocked, id=584, stack(0x000000857a800000,0x000000857a900000)]
  0x0000022ed25e9170 JavaThread "DestroyJavaVM" [_thread_blocked, id=14404, stack(0x0000008578500000,0x0000008578600000)]
  0x0000022ed25ea160 JavaThread "Java Sound Event Dispatcher" daemon [_thread_blocked, id=11984, stack(0x000000857ac00000,0x000000857ad00000)]
  0x0000022ed25e8c20 JavaThread "Thread-4" [_thread_blocked, id=11260, stack(0x000000857b000000,0x000000857b100000)]
  0x0000022ed25ebbf0 JavaThread "AWT-Shutdown" [_thread_blocked, id=9344, stack(0x0000008579b00000,0x0000008579c00000)]

Other Threads:
=>0x0000022ecc5c2940 VMThread "VM Thread" [stack: 0x0000008578b00000,0x0000008578c00000] [id=12548]
  0x0000022eae0a0d30 WorkerThread "GC Thread#0" [stack: 0x0000008578600000,0x0000008578700000] [id=16276]
  0x0000022ed23391e0 WorkerThread "GC Thread#1" [stack: 0x000000857a100000,0x000000857a200000] [id=9692]
  0x0000022ed2338970 WorkerThread "GC Thread#2" [stack: 0x000000857a200000,0x000000857a300000] [id=11812]
  0x0000022ed23386a0 WorkerThread "GC Thread#3" [stack: 0x000000857a300000,0x000000857a400000] [id=5952]
  0x0000022ed2338c40 WorkerThread "GC Thread#4" [stack: 0x000000857a400000,0x000000857a500000] [id=13292]
  0x0000022ed2338f10 WorkerThread "GC Thread#5" [stack: 0x000000857a500000,0x000000857a600000] [id=10872]
  0x0000022ed2338100 WorkerThread "GC Thread#6" [stack: 0x000000857a600000,0x000000857a700000] [id=4480]
  0x0000022ed23394b0 WorkerThread "GC Thread#7" [stack: 0x000000857a700000,0x000000857a800000] [id=15792]
  0x0000022eae0b2340 ConcurrentGCThread "G1 Main Marker" terminated
  0x0000022eae0b3510 WorkerThread "G1 Conc#0" [stack: 0x0000008578800000,0x0000008578900000] [id=10608]
  0x0000022ed2a8fe00 WorkerThread "G1 Conc#1" [stack: 0x000000857b300000,0x000000857b400000] [id=16088]
  0x0000022eae10ea20 ConcurrentGCThread "G1 Refine#0" terminated
  0x0000022ecc47a750 ConcurrentGCThread "G1 Service" terminated

Threads with active compile tasks:

VM state: at safepoint (shutting down)

VM Mutex/Monitor currently owned by a thread:  ([mutex/lock_event])
[0x0000022eae03ec30] Threads_lock - owner thread: 0x0000022ecc5c2940
[0x0000022eae03f380] Heap_lock - owner thread: 0x0000022ed1669da0

Heap address: 0x0000000085800000, size: 1960 MB, Compressed Oops mode: 32-bit

CDS archive(s) mapped at: [0x0000000800000000-0x0000000800c40000-0x0000000800c40000), size 12845056, SharedBaseAddress: 0x0000000800000000, ArchiveRelocationMode: 0.
Compressed class space mapped at: 0x0000000801000000-0x0000000841000000, reserved size: 1073741824
Narrow klass base: 0x0000000800000000, Narrow klass shift: 0, Narrow klass range: 0x100000000

GC Precious Log:
 CardTable entry size: 512
 Card Set container configuration: InlinePtr #cards 5 size 8 Array Of Cards #cards 12 size 40 Howl #buckets 4 coarsen threshold 1843 Howl Bitmap #cards 512 size 80 coarsen threshold 460 Card regions per heap region 1 cards per card region 2048
 CPUs: 8 total, 8 available
 Memory: 7834M
 Large Page Support: Disabled
 NUMA Support: Disabled
 Compressed Oops: Enabled (32-bit)
 Heap Region Size: 1M
 Heap Min Capacity: 8M
 Heap Initial Capacity: 124M
 Heap Max Capacity: 1960M
 Pre-touch: Disabled
 Parallel Workers: 8
 Concurrent Workers: 2
 Concurrent Refinement Workers: 8
 Periodic GC: Disabled

Heap:
 garbage-first heap   total 183296K, used 88064K [0x0000000085800000, 0x0000000100000000)
  region size 1024K, 5 young (5120K), 3 survivors (3072K)
 Metaspace       used 14406K, committed 14592K, reserved 1114112K
  class space    used 1054K, committed 1152K, reserved 1048576K

Heap Regions: E=young(eden), S=young(survivor), O=old, HS=humongous(starts), HC=humongous(continues), CS=collection set, F=free, OA=open archive, CA=closed archive, TAMS=top-at-mark-start (previous, next)
|   0|0x0000000085800000, 0x0000000085900000, 0x0000000085900000|100%| O|  |TAMS 0x0000000085900000, 0x0000000085800000| Untracked 
|   1|0x0000000085900000, 0x0000000085a00000, 0x0000000085a00000|100%| O|  |TAMS 0x0000000085a00000, 0x0000000085900000| Untracked 
|   2|0x0000000085a00000, 0x0000000085b00000, 0x0000000085b00000|100%| O|  |TAMS 0x0000000085b00000, 0x0000000085a00000| Untracked 
|   3|0x0000000085b00000, 0x0000000085c00000, 0x0000000085c00000|100%| O|  |TAMS 0x0000000085c00000, 0x0000000085b00000| Untracked 
|   4|0x0000000085c00000, 0x0000000085d00000, 0x0000000085d00000|100%|HS|  |TAMS 0x0000000085d00000, 0x0000000085c00000| Complete 
|   5|0x0000000085d00000, 0x0000000085e00000, 0x0000000085e00000|100%|HC|  |TAMS 0x0000000085e00000, 0x0000000085d00000| Complete 
|   6|0x0000000085e00000, 0x0000000085f00000, 0x0000000085f00000|100%|HC|  |TAMS 0x0000000085f00000, 0x0000000085e00000| Complete 
|   7|0x0000000085f00000, 0x0000000086000000, 0x0000000086000000|100%|HC|  |TAMS 0x0000000086000000, 0x0000000085f00000| Complete 
|   8|0x0000000086000000, 0x0000000086100000, 0x0000000086100000|100%| O|  |TAMS 0x0000000086100000, 0x0000000086000000| Untracked 
|   9|0x0000000086100000, 0x0000000086200000, 0x0000000086200000|100%| O|  |TAMS 0x0000000086200000, 0x0000000086100000| Untracked 
|  10|0x0000000086200000, 0x0000000086300000, 0x0000000086300000|100%| O|  |TAMS 0x0000000086300000, 0x0000000086200000| Untracked 
|  11|0x0000000086300000, 0x0000000086400000, 0x0000000086400000|100%| O|  |TAMS 0x0000000086400000, 0x0000000086300000| Untracked 
|  12|0x0000000086400000, 0x0000000086500000, 0x0000000086500000|100%| O|  |TAMS 0x0000000086500000, 0x0000000086400000| Untracked 
|  13|0x0000000086500000, 0x0000000086600000, 0x0000000086600000|100%| O|  |TAMS 0x0000000086600000, 0x0000000086500000| Untracked 
|  14|0x0000000086600000, 0x0000000086700000, 0x0000000086700000|100%| O|  |TAMS 0x0000000086700000, 0x0000000086600000| Untracked 
|  15|0x0000000086700000, 0x0000000086800000, 0x0000000086800000|100%|HS|  |TAMS 0x0000000086800000, 0x0000000086700000| Complete 
|  16|0x0000000086800000, 0x0000000086900000, 0x0000000086900000|100%|HC|  |TAMS 0x0000000086900000, 0x0000000086800000| Complete 
|  17|0x0000000086900000, 0x0000000086a00000, 0x0000000086a00000|100%|HC|  |TAMS 0x0000000086a00000, 0x0000000086900000| Complete 
|  18|0x0000000086a00000, 0x0000000086b00000, 0x0000000086b00000|100%|HC|  |TAMS 0x0000000086b00000, 0x0000000086a00000| Complete 
|  19|0x0000000086b00000, 0x0000000086c00000, 0x0000000086c00000|100%|HS|  |TAMS 0x0000000086c00000, 0x0000000086b00000| Complete 
|  20|0x0000000086c00000, 0x0000000086d00000, 0x0000000086d00000|100%|HC|  |TAMS 0x0000000086d00000, 0x0000000086c00000| Complete 
|  21|0x0000000086d00000, 0x0000000086e00000, 0x0000000086e00000|100%| O|  |TAMS 0x0000000086e00000, 0x0000000086d00000| Untracked 
|  22|0x0000000086e00000, 0x0000000086f00000, 0x0000000086f00000|100%| O|  |TAMS 0x0000000086f00000, 0x0000000086e00000| Untracked 
|  23|0x0000000086f00000, 0x0000000087000000, 0x0000000087000000|100%| O|  |TAMS 0x0000000087000000, 0x0000000086f00000| Untracked 
|  24|0x0000000087000000, 0x0000000087100000, 0x0000000087100000|100%| O|  |TAMS 0x0000000087100000, 0x0000000087000000| Untracked 
|  25|0x0000000087100000, 0x0000000087200000, 0x0000000087200000|100%| O|  |TAMS 0x0000000087200000, 0x0000000087100000| Untracked 
|  26|0x0000000087200000, 0x0000000087300000, 0x0000000087300000|100%| O|  |TAMS 0x0000000087300000, 0x0000000087200000| Untracked 
|  27|0x0000000087300000, 0x0000000087400000, 0x0000000087400000|100%| O|  |TAMS 0x0000000087400000, 0x0000000087300000| Untracked 
|  28|0x0000000087400000, 0x0000000087500000, 0x0000000087500000|100%| O|  |TAMS 0x0000000087500000, 0x0000000087400000| Untracked 
|  29|0x0000000087500000, 0x0000000087600000, 0x0000000087600000|100%| O|  |TAMS 0x0000000087600000, 0x0000000087500000| Untracked 
|  30|0x0000000087600000, 0x0000000087700000, 0x0000000087700000|100%| O|  |TAMS 0x0000000087700000, 0x0000000087600000| Untracked 
|  31|0x0000000087700000, 0x0000000087800000, 0x0000000087800000|100%| O|  |TAMS 0x0000000087800000, 0x0000000087700000| Untracked 
|  32|0x0000000087800000, 0x0000000087900000, 0x0000000087900000|100%| O|  |TAMS 0x0000000087900000, 0x0000000087800000| Untracked 
|  33|0x0000000087900000, 0x0000000087a00000, 0x0000000087a00000|100%| O|  |TAMS 0x0000000087a00000, 0x0000000087900000| Complete 
|  34|0x0000000087a00000, 0x0000000087b00000, 0x0000000087b00000|100%| O|  |TAMS 0x0000000087b00000, 0x0000000087a00000| Complete 
|  35|0x0000000087b00000, 0x0000000087c00000, 0x0000000087c00000|100%| O|  |TAMS 0x0000000087c00000, 0x0000000087b00000| Untracked 
|  36|0x0000000087c00000, 0x0000000087d00000, 0x0000000087d00000|100%| O|  |TAMS 0x0000000087d00000, 0x0000000087c00000| Untracked 
|  37|0x0000000087d00000, 0x0000000087e00000, 0x0000000087e00000|100%| O|  |TAMS 0x0000000087e00000, 0x0000000087d00000| Untracked 
|  38|0x0000000087e00000, 0x0000000087f00000, 0x0000000087f00000|100%| O|  |TAMS 0x0000000087f00000, 0x0000000087e00000| Untracked 
|  39|0x0000000087f00000, 0x0000000088000000, 0x0000000088000000|100%| O|  |TAMS 0x0000000088000000, 0x0000000087f00000| Untracked 
|  40|0x0000000088000000, 0x0000000088100000, 0x0000000088100000|100%| O|  |TAMS 0x0000000088100000, 0x0000000088000000| Untracked 
|  41|0x0000000088100000, 0x0000000088200000, 0x0000000088200000|100%| O|  |TAMS 0x0000000088100000, 0x0000000088100000| Untracked 
|  42|0x0000000088200000, 0x0000000088300000, 0x0000000088300000|100%| O|  |TAMS 0x0000000088200000, 0x0000000088200000| Untracked 
|  43|0x0000000088300000, 0x0000000088400000, 0x0000000088400000|100%| O|  |TAMS 0x0000000088300000, 0x0000000088300000| Untracked 
|  44|0x0000000088400000, 0x0000000088500000, 0x0000000088500000|100%| O|  |TAMS 0x0000000088400000, 0x0000000088400000| Untracked 
|  45|0x0000000088500000, 0x0000000088600000, 0x0000000088600000|100%| O|  |TAMS 0x0000000088500000, 0x0000000088500000| Untracked 
|  46|0x0000000088600000, 0x0000000088700000, 0x0000000088700000|100%| O|  |TAMS 0x0000000088600000, 0x0000000088600000| Untracked 
|  47|0x0000000088700000, 0x0000000088800000, 0x0000000088800000|100%| O|  |TAMS 0x0000000088700000, 0x0000000088700000| Untracked 
|  48|0x0000000088800000, 0x0000000088900000, 0x0000000088900000|100%| O|  |TAMS 0x0000000088800000, 0x0000000088800000| Untracked 
|  49|0x0000000088900000, 0x0000000088a00000, 0x0000000088a00000|100%| O|  |TAMS 0x0000000088900000, 0x0000000088900000| Untracked 
|  50|0x0000000088a00000, 0x0000000088b00000, 0x0000000088b00000|100%| O|  |TAMS 0x0000000088a00000, 0x0000000088a00000| Untracked 
|  51|0x0000000088b00000, 0x0000000088c00000, 0x0000000088c00000|100%| O|  |TAMS 0x0000000088c00000, 0x0000000088b00000| Untracked 
|  52|0x0000000088c00000, 0x0000000088d00000, 0x0000000088d00000|100%| O|  |TAMS 0x0000000088d00000, 0x0000000088c00000| Untracked 
|  53|0x0000000088d00000, 0x0000000088e00000, 0x0000000088e00000|100%| O|  |TAMS 0x0000000088e00000, 0x0000000088d00000| Untracked 
|  54|0x0000000088e00000, 0x0000000088f00000, 0x0000000088f00000|100%| O|  |TAMS 0x0000000088f00000, 0x0000000088e00000| Untracked 
|  55|0x0000000088f00000, 0x0000000089000000, 0x0000000089000000|100%| O|  |TAMS 0x0000000089000000, 0x0000000088f00000| Untracked 
|  56|0x0000000089000000, 0x0000000089100000, 0x0000000089100000|100%| O|  |TAMS 0x0000000089100000, 0x0000000089000000| Untracked 
|  57|0x0000000089100000, 0x0000000089200000, 0x0000000089200000|100%| O|  |TAMS 0x0000000089200000, 0x0000000089100000| Untracked 
|  58|0x0000000089200000, 0x0000000089300000, 0x0000000089300000|100%| O|  |TAMS 0x0000000089300000, 0x0000000089200000| Untracked 
|  59|0x0000000089300000, 0x0000000089400000, 0x0000000089400000|100%| O|  |TAMS 0x0000000089400000, 0x0000000089300000| Untracked 
|  60|0x0000000089400000, 0x0000000089500000, 0x0000000089500000|100%| O|  |TAMS 0x0000000089500000, 0x0000000089400000| Untracked 
|  61|0x0000000089500000, 0x0000000089600000, 0x0000000089600000|100%| O|  |TAMS 0x0000000089600000, 0x0000000089500000| Untracked 
|  62|0x0000000089600000, 0x0000000089700000, 0x0000000089700000|100%| O|  |TAMS 0x0000000089700000, 0x0000000089600000| Untracked 
|  63|0x0000000089700000, 0x0000000089800000, 0x0000000089800000|100%| O|  |TAMS 0x0000000089800000, 0x0000000089700000| Untracked 
|  64|0x0000000089800000, 0x0000000089900000, 0x0000000089900000|100%| O|  |TAMS 0x0000000089900000, 0x0000000089800000| Untracked 
|  65|0x0000000089900000, 0x0000000089a00000, 0x0000000089a00000|100%| O|  |TAMS 0x00000000899a6a00, 0x0000000089900000| Complete 
|  66|0x0000000089a00000, 0x0000000089b00000, 0x0000000089b00000|100%| O|  |TAMS 0x0000000089a00000, 0x0000000089a00000| Untracked 
|  67|0x0000000089b00000, 0x0000000089c00000, 0x0000000089c00000|100%| O|  |TAMS 0x0000000089b00000, 0x0000000089b00000| Untracked 
|  68|0x0000000089c00000, 0x0000000089c00000, 0x0000000089d00000|  0%| F|  |TAMS 0x0000000089c00000, 0x0000000089c00000| Untracked 
|  69|0x0000000089d00000, 0x0000000089d00000, 0x0000000089e00000|  0%| F|  |TAMS 0x0000000089d00000, 0x0000000089d00000| Untracked 
|  70|0x0000000089e00000, 0x0000000089e00000, 0x0000000089f00000|  0%| F|  |TAMS 0x0000000089e00000, 0x0000000089e00000| Untracked 
|  71|0x0000000089f00000, 0x0000000089f00000, 0x000000008a000000|  0%| F|  |TAMS 0x0000000089f00000, 0x0000000089f00000| Untracked 
|  72|0x000000008a000000, 0x000000008a000000, 0x000000008a100000|  0%| F|  |TAMS 0x000000008a000000, 0x000000008a000000| Untracked 
|  73|0x000000008a100000, 0x000000008a100000, 0x000000008a200000|  0%| F|  |TAMS 0x000000008a100000, 0x000000008a100000| Untracked 
|  74|0x000000008a200000, 0x000000008a200000, 0x000000008a300000|  0%| F|  |TAMS 0x000000008a200000, 0x000000008a200000| Untracked 
|  75|0x000000008a300000, 0x000000008a300000, 0x000000008a400000|  0%| F|  |TAMS 0x000000008a300000, 0x000000008a300000| Untracked 
|  76|0x000000008a400000, 0x000000008a400000, 0x000000008a500000|  0%| F|  |TAMS 0x000000008a400000, 0x000000008a400000| Untracked 
|  77|0x000000008a500000, 0x000000008a500000, 0x000000008a600000|  0%| F|  |TAMS 0x000000008a500000, 0x000000008a500000| Untracked 
|  78|0x000000008a600000, 0x000000008a600000, 0x000000008a700000|  0%| F|  |TAMS 0x000000008a600000, 0x000000008a600000| Untracked 
|  79|0x000000008a700000, 0x000000008a700000, 0x000000008a800000|  0%| F|  |TAMS 0x000000008a700000, 0x000000008a700000| Untracked 
|  80|0x000000008a800000, 0x000000008a800000, 0x000000008a900000|  0%| F|  |TAMS 0x000000008a800000, 0x000000008a800000| Untracked 
|  81|0x000000008a900000, 0x000000008a900000, 0x000000008aa00000|  0%| F|  |TAMS 0x000000008a900000, 0x000000008a900000| Untracked 
|  82|0x000000008aa00000, 0x000000008aa00000, 0x000000008ab00000|  0%| F|  |TAMS 0x000000008aa00000, 0x000000008aa00000| Untracked 
|  83|0x000000008ab00000, 0x000000008ab00000, 0x000000008ac00000|  0%| F|  |TAMS 0x000000008ab00000, 0x000000008ab00000| Untracked 
|  84|0x000000008ac00000, 0x000000008ac00000, 0x000000008ad00000|  0%| F|  |TAMS 0x000000008ac00000, 0x000000008ac00000| Untracked 
|  85|0x000000008ad00000, 0x000000008ad00000, 0x000000008ae00000|  0%| F|  |TAMS 0x000000008ad00000, 0x000000008ad00000| Untracked 
|  86|0x000000008ae00000, 0x000000008ae00000, 0x000000008af00000|  0%| F|  |TAMS 0x000000008ae00000, 0x000000008ae00000| Untracked 
|  87|0x000000008af00000, 0x000000008af00000, 0x000000008b000000|  0%| F|  |TAMS 0x000000008af00000, 0x000000008af00000| Untracked 
|  88|0x000000008b000000, 0x000000008b000000, 0x000000008b100000|  0%| F|  |TAMS 0x000000008b000000, 0x000000008b000000| Untracked 
|  89|0x000000008b100000, 0x000000008b100000, 0x000000008b200000|  0%| F|  |TAMS 0x000000008b100000, 0x000000008b100000| Untracked 
|  90|0x000000008b200000, 0x000000008b200000, 0x000000008b300000|  0%| F|  |TAMS 0x000000008b200000, 0x000000008b200000| Untracked 
|  91|0x000000008b300000, 0x000000008b300000, 0x000000008b400000|  0%| F|  |TAMS 0x000000008b300000, 0x000000008b300000| Untracked 
|  92|0x000000008b400000, 0x000000008b400000, 0x000000008b500000|  0%| F|  |TAMS 0x000000008b400000, 0x000000008b400000| Untracked 
|  93|0x000000008b500000, 0x000000008b500000, 0x000000008b600000|  0%| F|  |TAMS 0x000000008b500000, 0x000000008b500000| Untracked 
|  94|0x000000008b600000, 0x000000008b600000, 0x000000008b700000|  0%| F|  |TAMS 0x000000008b600000, 0x000000008b600000| Untracked 
|  95|0x000000008b700000, 0x000000008b700000, 0x000000008b800000|  0%| F|  |TAMS 0x000000008b700000, 0x000000008b700000| Untracked 
|  96|0x000000008b800000, 0x000000008b800000, 0x000000008b900000|  0%| F|  |TAMS 0x000000008b800000, 0x000000008b800000| Untracked 
|  97|0x000000008b900000, 0x000000008b900000, 0x000000008ba00000|  0%| F|  |TAMS 0x000000008b900000, 0x000000008b900000| Untracked 
|  98|0x000000008ba00000, 0x000000008ba00000, 0x000000008bb00000|  0%| F|  |TAMS 0x000000008ba00000, 0x000000008ba00000| Untracked 
|  99|0x000000008bb00000, 0x000000008bb00000, 0x000000008bc00000|  0%| F|  |TAMS 0x000000008bb00000, 0x000000008bb00000| Untracked 
| 100|0x000000008bc00000, 0x000000008bc00000, 0x000000008bd00000|  0%| F|  |TAMS 0x000000008bc00000, 0x000000008bc00000| Untracked 
| 101|0x000000008bd00000, 0x000000008be00000, 0x000000008be00000|100%|HS|  |TAMS 0x000000008bd00000, 0x000000008bd00000| Complete 
| 102|0x000000008be00000, 0x000000008bf00000, 0x000000008bf00000|100%|HS|  |TAMS 0x000000008be00000, 0x000000008be00000| Complete 
| 103|0x000000008bf00000, 0x000000008bf00000, 0x000000008c000000|  0%| F|  |TAMS 0x000000008bf00000, 0x000000008bf00000| Untracked 
| 104|0x000000008c000000, 0x000000008c000000, 0x000000008c100000|  0%| F|  |TAMS 0x000000008c000000, 0x000000008c000000| Untracked 
| 105|0x000000008c100000, 0x000000008c100000, 0x000000008c200000|  0%| F|  |TAMS 0x000000008c100000, 0x000000008c100000| Untracked 
| 106|0x000000008c200000, 0x000000008c200000, 0x000000008c300000|  0%| F|  |TAMS 0x000000008c200000, 0x000000008c200000| Untracked 
| 107|0x000000008c300000, 0x000000008c400000, 0x000000008c400000|100%|HS|  |TAMS 0x000000008c300000, 0x000000008c300000| Complete 
| 108|0x000000008c400000, 0x000000008c500000, 0x000000008c500000|100%|HC|  |TAMS 0x000000008c400000, 0x000000008c400000| Complete 
| 109|0x000000008c500000, 0x000000008c600000, 0x000000008c600000|100%|HC|  |TAMS 0x000000008c500000, 0x000000008c500000| Complete 
| 110|0x000000008c600000, 0x000000008c700000, 0x000000008c700000|100%|HS|  |TAMS 0x000000008c600000, 0x000000008c600000| Complete 
| 111|0x000000008c700000, 0x000000008c800000, 0x000000008c800000|100%|HC|  |TAMS 0x000000008c700000, 0x000000008c700000| Complete 
| 112|0x000000008c800000, 0x000000008c900000, 0x000000008c900000|100%|HC|  |TAMS 0x000000008c800000, 0x000000008c800000| Complete 
| 113|0x000000008c900000, 0x000000008ca00000, 0x000000008ca00000|100%|HS|  |TAMS 0x000000008c900000, 0x000000008c900000| Complete 
| 114|0x000000008ca00000, 0x000000008cb00000, 0x000000008cb00000|100%| O|  |TAMS 0x000000008ca00000, 0x000000008ca00000| Untracked 
| 115|0x000000008cb00000, 0x000000008cc00000, 0x000000008cc00000|100%| O|  |TAMS 0x000000008cb00000, 0x000000008cb00000| Untracked 
| 116|0x000000008cc00000, 0x000000008cd00000, 0x000000008cd00000|100%| O|  |TAMS 0x000000008cc00000, 0x000000008cc00000| Untracked 
| 117|0x000000008cd00000, 0x000000008ce00000, 0x000000008ce00000|100%| O|  |TAMS 0x000000008cd00000, 0x000000008cd00000| Untracked 
| 118|0x000000008ce00000, 0x000000008ce00000, 0x000000008cf00000|  0%| F|  |TAMS 0x000000008ce00000, 0x000000008ce00000| Untracked 
| 119|0x000000008cf00000, 0x000000008cf00000, 0x000000008d000000|  0%| F|  |TAMS 0x000000008cf00000, 0x000000008cf00000| Untracked 
| 120|0x000000008d000000, 0x000000008d000000, 0x000000008d100000|  0%| F|  |TAMS 0x000000008d000000, 0x000000008d000000| Untracked 
| 121|0x000000008d100000, 0x000000008d100000, 0x000000008d200000|  0%| F|  |TAMS 0x000000008d100000, 0x000000008d100000| Untracked 
| 122|0x000000008d200000, 0x000000008d200000, 0x000000008d300000|  0%| F|  |TAMS 0x000000008d200000, 0x000000008d200000| Untracked 
| 123|0x000000008d300000, 0x000000008d300000, 0x000000008d400000|  0%| F|  |TAMS 0x000000008d300000, 0x000000008d300000| Untracked 
| 124|0x000000008d400000, 0x000000008d500000, 0x000000008d500000|100%| O|  |TAMS 0x000000008d400000, 0x000000008d400000| Untracked 
| 125|0x000000008d500000, 0x000000008d500000, 0x000000008d600000|  0%| F|  |TAMS 0x000000008d500000, 0x000000008d500000| Untracked 
| 126|0x000000008d600000, 0x000000008d600000, 0x000000008d700000|  0%| F|  |TAMS 0x000000008d600000, 0x000000008d600000| Untracked 
| 127|0x000000008d700000, 0x000000008d700000, 0x000000008d800000|  0%| F|  |TAMS 0x000000008d700000, 0x000000008d700000| Untracked 
| 128|0x000000008d800000, 0x000000008d800000, 0x000000008d900000|  0%| F|  |TAMS 0x000000008d800000, 0x000000008d800000| Untracked 
| 129|0x000000008d900000, 0x000000008d900000, 0x000000008da00000|  0%| F|  |TAMS 0x000000008d900000, 0x000000008d900000| Untracked 
| 130|0x000000008da00000, 0x000000008da00000, 0x000000008db00000|  0%| F|  |TAMS 0x000000008da00000, 0x000000008da00000| Untracked 
| 131|0x000000008db00000, 0x000000008db00000, 0x000000008dc00000|  0%| F|  |TAMS 0x000000008db00000, 0x000000008db00000| Untracked 
| 132|0x000000008dc00000, 0x000000008dc00000, 0x000000008dd00000|  0%| F|  |TAMS 0x000000008dc00000, 0x000000008dc00000| Untracked 
| 133|0x000000008dd00000, 0x000000008dd00000, 0x000000008de00000|  0%| F|  |TAMS 0x000000008dd00000, 0x000000008dd00000| Untracked 
| 134|0x000000008de00000, 0x000000008de00000, 0x000000008df00000|  0%| F|  |TAMS 0x000000008de00000, 0x000000008de00000| Untracked 
| 135|0x000000008df00000, 0x000000008df00000, 0x000000008e000000|  0%| F|  |TAMS 0x000000008df00000, 0x000000008df00000| Untracked 
| 136|0x000000008e000000, 0x000000008e000000, 0x000000008e100000|  0%| F|  |TAMS 0x000000008e000000, 0x000000008e000000| Untracked 
| 137|0x000000008e100000, 0x000000008e100000, 0x000000008e200000|  0%| F|  |TAMS 0x000000008e100000, 0x000000008e100000| Untracked 
| 138|0x000000008e200000, 0x000000008e200000, 0x000000008e300000|  0%| F|  |TAMS 0x000000008e200000, 0x000000008e200000| Untracked 
| 139|0x000000008e300000, 0x000000008e300000, 0x000000008e400000|  0%| F|  |TAMS 0x000000008e300000, 0x000000008e300000| Untracked 
| 140|0x000000008e400000, 0x000000008e400000, 0x000000008e500000|  0%| F|  |TAMS 0x000000008e400000, 0x000000008e400000| Untracked 
| 141|0x000000008e500000, 0x000000008e500000, 0x000000008e600000|  0%| F|  |TAMS 0x000000008e500000, 0x000000008e500000| Untracked 
| 142|0x000000008e600000, 0x000000008e600000, 0x000000008e700000|  0%| F|  |TAMS 0x000000008e600000, 0x000000008e600000| Untracked 
| 143|0x000000008e700000, 0x000000008e700000, 0x000000008e800000|  0%| F|  |TAMS 0x000000008e700000, 0x000000008e700000| Untracked 
| 144|0x000000008e800000, 0x000000008e800000, 0x000000008e900000|  0%| F|  |TAMS 0x000000008e800000, 0x000000008e800000| Untracked 
| 145|0x000000008e900000, 0x000000008e900000, 0x000000008ea00000|  0%| F|  |TAMS 0x000000008e900000, 0x000000008e900000| Untracked 
| 146|0x000000008ea00000, 0x000000008ea00000, 0x000000008eb00000|  0%| F|  |TAMS 0x000000008ea00000, 0x000000008ea00000| Untracked 
| 147|0x000000008eb00000, 0x000000008eb00000, 0x000000008ec00000|  0%| F|  |TAMS 0x000000008eb00000, 0x000000008eb00000| Untracked 
| 148|0x000000008ec00000, 0x000000008ec00000, 0x000000008ed00000|  0%| F|  |TAMS 0x000000008ec00000, 0x000000008ec00000| Untracked 
| 149|0x000000008ed00000, 0x000000008ed00000, 0x000000008ee00000|  0%| F|  |TAMS 0x000000008ed00000, 0x000000008ed00000| Untracked 
| 150|0x000000008ee00000, 0x000000008ee00000, 0x000000008ef00000|  0%| F|  |TAMS 0x000000008ee00000, 0x000000008ee00000| Untracked 
| 151|0x000000008ef00000, 0x000000008ef00000, 0x000000008f000000|  0%| F|  |TAMS 0x000000008ef00000, 0x000000008ef00000| Untracked 
| 152|0x000000008f000000, 0x000000008f000000, 0x000000008f100000|  0%| F|  |TAMS 0x000000008f000000, 0x000000008f000000| Untracked 
| 153|0x000000008f100000, 0x000000008f100000, 0x000000008f200000|  0%| F|  |TAMS 0x000000008f100000, 0x000000008f100000| Untracked 
| 154|0x000000008f200000, 0x000000008f200000, 0x000000008f300000|  0%| F|  |TAMS 0x000000008f200000, 0x000000008f200000| Untracked 
| 155|0x000000008f300000, 0x000000008f300000, 0x000000008f400000|  0%| F|  |TAMS 0x000000008f300000, 0x000000008f300000| Untracked 
| 156|0x000000008f400000, 0x000000008f400000, 0x000000008f500000|  0%| F|  |TAMS 0x000000008f400000, 0x000000008f400000| Untracked 
| 157|0x000000008f500000, 0x000000008f500000, 0x000000008f600000|  0%| F|  |TAMS 0x000000008f500000, 0x000000008f500000| Untracked 
| 158|0x000000008f600000, 0x000000008f600000, 0x000000008f700000|  0%| F|  |TAMS 0x000000008f600000, 0x000000008f600000| Untracked 
| 159|0x000000008f700000, 0x000000008f700000, 0x000000008f800000|  0%| F|  |TAMS 0x000000008f700000, 0x000000008f700000| Untracked 
| 160|0x000000008f800000, 0x000000008f800000, 0x000000008f900000|  0%| F|  |TAMS 0x000000008f800000, 0x000000008f800000| Untracked 
| 161|0x000000008f900000, 0x000000008f900000, 0x000000008fa00000|  0%| F|  |TAMS 0x000000008f900000, 0x000000008f900000| Untracked 
| 162|0x000000008fa00000, 0x000000008fa00000, 0x000000008fb00000|  0%| F|  |TAMS 0x000000008fa00000, 0x000000008fa00000| Untracked 
| 163|0x000000008fb00000, 0x000000008fb00000, 0x000000008fc00000|  0%| F|  |TAMS 0x000000008fb00000, 0x000000008fb00000| Untracked 
| 164|0x000000008fc00000, 0x000000008fc00000, 0x000000008fd00000|  0%| F|  |TAMS 0x000000008fc00000, 0x000000008fc00000| Untracked 
| 165|0x000000008fd00000, 0x000000008fd00000, 0x000000008fe00000|  0%| F|  |TAMS 0x000000008fd00000, 0x000000008fd00000| Untracked 
| 166|0x000000008fe00000, 0x000000008ff00000, 0x000000008ff00000|100%| S|CS|TAMS 0x000000008fe00000, 0x000000008fe00000| Complete 
| 167|0x000000008ff00000, 0x0000000090000000, 0x0000000090000000|100%| S|CS|TAMS 0x000000008ff00000, 0x000000008ff00000| Complete 
| 168|0x0000000090000000, 0x0000000090100000, 0x0000000090100000|100%| S|CS|TAMS 0x0000000090000000, 0x0000000090000000| Complete 
| 169|0x0000000090100000, 0x0000000090100000, 0x0000000090200000|  0%| F|  |TAMS 0x0000000090100000, 0x0000000090100000| Untracked 
| 170|0x0000000090200000, 0x0000000090200000, 0x0000000090300000|  0%| F|  |TAMS 0x0000000090200000, 0x0000000090200000| Untracked 
| 171|0x0000000090300000, 0x0000000090300000, 0x0000000090400000|  0%| F|  |TAMS 0x0000000090300000, 0x0000000090300000| Untracked 
| 172|0x0000000090400000, 0x0000000090400000, 0x0000000090500000|  0%| F|  |TAMS 0x0000000090400000, 0x0000000090400000| Untracked 
| 173|0x0000000090500000, 0x0000000090500000, 0x0000000090600000|  0%| F|  |TAMS 0x0000000090500000, 0x0000000090500000| Untracked 
| 174|0x0000000090600000, 0x0000000090600000, 0x0000000090700000|  0%| F|  |TAMS 0x0000000090600000, 0x0000000090600000| Untracked 
| 175|0x0000000090700000, 0x0000000090700000, 0x0000000090800000|  0%| F|  |TAMS 0x0000000090700000, 0x0000000090700000| Untracked 
| 176|0x0000000090800000, 0x0000000090800000, 0x0000000090900000|  0%| F|  |TAMS 0x0000000090800000, 0x0000000090800000| Untracked 
| 177|0x0000000090900000, 0x0000000090902850, 0x0000000090a00000|  0%| E|  |TAMS 0x0000000090900000, 0x0000000090900000| Complete 
| 178|0x0000000090a00000, 0x0000000090b00000, 0x0000000090b00000|100%| E|CS|TAMS 0x0000000090a00000, 0x0000000090a00000| Complete 

Card table byte_map: [0x0000022ec56c0000,0x0000022ec5aa0000] _byte_map_base: 0x0000022ec5294000

Marking Bits (Prev, Next): (CMBitMap*) 0x0000022eae0a23b0, (CMBitMap*) 0x0000022eae0a2370
 Prev Bits: [0x0000022ec7d20000, 0x0000022ec9bc0000)
 Next Bits: [0x0000022ec5e80000, 0x0000022ec7d20000)

Polling page: 0x0000022eabf30000

Metaspace:

Usage:
  Non-class:     13.04 MB used.
      Class:      1.03 MB used.
       Both:     14.07 MB used.

Virtual space:
  Non-class space:       64.00 MB reserved,      13.12 MB ( 21%) committed,  1 nodes.
      Class space:        1.00 GB reserved,       1.12 MB ( <1%) committed,  1 nodes.
             Both:        1.06 GB reserved,      14.25 MB (  1%) committed. 

Chunk freelists:
   Non-Class:  1.94 MB
       Class:  2.82 MB
        Both:  4.75 MB

MaxMetaspaceSize: unlimited
CompressedClassSpaceSize: 1.00 GB
Initial GC threshold: 21.00 MB
Current GC threshold: 23.25 MB
CDS: on
MetaspaceReclaimPolicy: balanced
 - commit_granule_bytes: 65536.
 - commit_granule_words: 8192.
 - virtual_space_node_default_size: 8388608.
 - enlarge_chunks_in_place: 1.
 - new_chunks_are_fully_committed: 0.
 - uncommit_free_chunks: 1.
 - use_allocation_guard: 0.


Internal statistics:

num_allocs_failed_limit: 0.
num_arena_births: 200.
num_arena_deaths: 0.
num_vsnodes_births: 2.
num_vsnodes_deaths: 0.
num_space_committed: 224.
num_space_uncommitted: 0.
num_chunks_returned_to_freelist: 0.
num_chunks_taken_from_freelist: 502.
num_chunk_merges: 0.
num_chunk_splits: 393.
num_chunks_enlarged: 317.
num_inconsistent_stats: 0.

CodeHeap 'non-profiled nmethods': size=120000Kb used=1113Kb max_used=1113Kb free=118886Kb
 bounds [0x0000022ebda80000, 0x0000022ebdcf0000, 0x0000022ec4fb0000]
CodeHeap 'profiled nmethods': size=120000Kb used=3838Kb max_used=3838Kb free=116161Kb
 bounds [0x0000022eb5fb0000, 0x0000022eb6370000, 0x0000022ebd4e0000]
CodeHeap 'non-nmethods': size=5760Kb used=1650Kb max_used=1683Kb free=4110Kb
 bounds [0x0000022ebd4e0000, 0x0000022ebd750000, 0x0000022ebda80000]
 total_blobs=3045 nmethods=2083 adapters=873
 compilation: enabled
              stopped_count=0, restarted_count=0
 full_count=0

Compilation events (20 events):
Event: 4.106 Thread 0x0000022ecc5f1080 2072       3       ddf.minim.MultiChannelBuffer::setChannel (17 bytes)
Event: 4.106 Thread 0x0000022ecc5f1080 nmethod 2072 0x0000022eb636c310 code [0x0000022eb636c4c0, 0x0000022eb636c6a8]
Event: 4.106 Thread 0x0000022ecc5f1080 2070       1       ddf.minim.MultiChannelBuffer::getBufferSize (5 bytes)
Event: 4.106 Thread 0x0000022ecc5f1080 nmethod 2070 0x0000022ebdb95210 code [0x0000022ebdb953a0, 0x0000022ebdb95458]
Event: 4.106 Thread 0x0000022ecc5f1080 2073       1       com.sun.media.sound.AbstractDataLine::isActive (5 bytes)
Event: 4.106 Thread 0x0000022ecc5f1080 nmethod 2073 0x0000022ebdb95510 code [0x0000022ebdb956a0, 0x0000022ebdb95778]
Event: 4.228 Thread 0x0000022ecc5f1080 2075       3       jogamp.newt.WindowImpl::getGraphicsConfiguration (10 bytes)
Event: 4.228 Thread 0x0000022ecc5f1080 nmethod 2075 0x0000022eb636c790 code [0x0000022eb636c940, 0x0000022eb636cb78]
Event: 4.261 Thread 0x0000022ecc5f1080 2076       3       java.lang.ThreadLocal$ThreadLocalMap::set (133 bytes)
Event: 4.262 Thread 0x0000022ecc5f1080 nmethod 2076 0x0000022eb636cc90 code [0x0000022eb636cf20, 0x0000022eb636dc28]
Event: 4.295 Thread 0x0000022ecc5f1080 2078       3       java.lang.ThreadLocal::set (41 bytes)
Event: 4.295 Thread 0x0000022ecc5f1080 nmethod 2078 0x0000022eb636e090 code [0x0000022eb636e280, 0x0000022eb636e6e8]
Event: 4.311 Thread 0x0000022ecc5f1080 2079       3       java.lang.ThreadLocal::set (9 bytes)
Event: 4.311 Thread 0x0000022ecc5f1080 nmethod 2079 0x0000022eb636e890 code [0x0000022eb636ea40, 0x0000022eb636eba8]
Event: 4.311 Thread 0x0000022ecc5f1080 2080       3       com.jogamp.opengl.GLContext::isGL2 (27 bytes)
Event: 4.312 Thread 0x0000022ecc5f1080 nmethod 2080 0x0000022eb636ec90 code [0x0000022eb636ee40, 0x0000022eb636f018]
Event: 4.313 Thread 0x0000022ecc5f1080 2081       3       processing.core.PGraphics::colorCalc (36 bytes)
Event: 4.314 Thread 0x0000022ecc5f1080 nmethod 2081 0x0000022eb636f110 code [0x0000022eb636f2e0, 0x0000022eb636f718]
Event: 4.319 Thread 0x0000022ecc5f1080 2082       3       jdk.internal.misc.Unsafe::weakCompareAndSetLong (11 bytes)
Event: 4.319 Thread 0x0000022ecc5f1080 nmethod 2082 0x0000022eb636f810 code [0x0000022eb636f9a0, 0x0000022eb636fad8]

GC Heap History (12 events):
Event: 1.305 GC heap before
{Heap before GC invocations=0 (full 0):
 garbage-first heap   total 126976K, used 25600K [0x0000000085800000, 0x0000000100000000)
  region size 1024K, 23 young (23552K), 0 survivors (0K)
 Metaspace       used 11602K, committed 11904K, reserved 1114112K
  class space    used 807K, committed 960K, reserved 1048576K
}
Event: 1.317 GC heap after
{Heap after GC invocations=1 (full 0):
 garbage-first heap   total 126976K, used 3115K [0x0000000085800000, 0x0000000100000000)
  region size 1024K, 3 young (3072K), 3 survivors (3072K)
 Metaspace       used 11602K, committed 11904K, reserved 1114112K
  class space    used 807K, committed 960K, reserved 1048576K
}
Event: 2.293 GC heap before
{Heap before GC invocations=1 (full 0):
 garbage-first heap   total 126976K, used 57387K [0x0000000085800000, 0x0000000100000000)
  region size 1024K, 37 young (37888K), 3 survivors (3072K)
 Metaspace       used 13840K, committed 14080K, reserved 1114112K
  class space    used 1038K, committed 1152K, reserved 1048576K
}
Event: 2.300 GC heap after
{Heap after GC invocations=2 (full 0):
 garbage-first heap   total 126976K, used 16381K [0x0000000085800000, 0x0000000100000000)
  region size 1024K, 4 young (4096K), 4 survivors (4096K)
 Metaspace       used 13840K, committed 14080K, reserved 1114112K
  class space    used 1038K, committed 1152K, reserved 1048576K
}
Event: 2.407 GC heap before
{Heap before GC invocations=2 (full 0):
 garbage-first heap   total 126976K, used 87037K [0x0000000085800000, 0x0000000100000000)
  region size 1024K, 73 young (74752K), 4 survivors (4096K)
 Metaspace       used 13917K, committed 14144K, reserved 1114112K
  class space    used 1040K, committed 1152K, reserved 1048576K
}
Event: 2.419 GC heap after
{Heap after GC invocations=3 (full 0):
 garbage-first heap   total 126976K, used 40891K [0x0000000085800000, 0x0000000100000000)
  region size 1024K, 10 young (10240K), 10 survivors (10240K)
 Metaspace       used 13917K, committed 14144K, reserved 1114112K
  class space    used 1040K, committed 1152K, reserved 1048576K
}
Event: 2.440 GC heap before
{Heap before GC invocations=3 (full 0):
 garbage-first heap   total 126976K, used 76731K [0x0000000085800000, 0x0000000100000000)
  region size 1024K, 45 young (46080K), 10 survivors (10240K)
 Metaspace       used 13917K, committed 14144K, reserved 1114112K
  class space    used 1040K, committed 1152K, reserved 1048576K
}
Event: 2.452 GC heap after
{Heap after GC invocations=4 (full 0):
 garbage-first heap   total 126976K, used 63130K [0x0000000085800000, 0x0000000100000000)
  region size 1024K, 6 young (6144K), 6 survivors (6144K)
 Metaspace       used 13917K, committed 14144K, reserved 1114112K
  class space    used 1040K, committed 1152K, reserved 1048576K
}
Event: 2.520 GC heap before
{Heap before GC invocations=4 (full 0):
 garbage-first heap   total 126976K, used 79514K [0x0000000085800000, 0x0000000100000000)
  region size 1024K, 23 young (23552K), 6 survivors (6144K)
 Metaspace       used 14021K, committed 14272K, reserved 1114112K
  class space    used 1040K, committed 1152K, reserved 1048576K
}
Event: 2.525 GC heap after
{Heap after GC invocations=5 (full 0):
 garbage-first heap   total 126976K, used 73728K [0x0000000085800000, 0x0000000100000000)
  region size 1024K, 4 young (4096K), 4 survivors (4096K)
 Metaspace       used 14021K, committed 14272K, reserved 1114112K
  class space    used 1040K, committed 1152K, reserved 1048576K
}
Event: 4.314 GC heap before
{Heap before GC invocations=6 (full 0):
 garbage-first heap   total 183296K, used 132096K [0x0000000085800000, 0x0000000100000000)
  region size 1024K, 20 young (20480K), 4 survivors (4096K)
 Metaspace       used 14364K, committed 14592K, reserved 1114112K
  class space    used 1050K, committed 1152K, reserved 1048576K
}
Event: 4.318 GC heap after
{Heap after GC invocations=7 (full 0):
 garbage-first heap   total 183296K, used 87040K [0x0000000085800000, 0x0000000100000000)
  region size 1024K, 3 young (3072K), 3 survivors (3072K)
 Metaspace       used 14364K, committed 14592K, reserved 1114112K
  class space    used 1050K, committed 1152K, reserved 1048576K
}

Dll operation events (16 events):
Event: 0.010 Loaded shared library C:\Program Files\Java\jdk-19\bin\java.dll
Event: 0.025 Loaded shared library C:\Program Files\Java\jdk-19\bin\jsvml.dll
Event: 0.080 Loaded shared library C:\Program Files\Java\jdk-19\bin\net.dll
Event: 0.083 Loaded shared library C:\Program Files\Java\jdk-19\bin\nio.dll
Event: 0.087 Loaded shared library C:\Program Files\Java\jdk-19\bin\zip.dll
Event: 0.163 Loaded shared library C:\Program Files\Java\jdk-19\bin\jimage.dll
Event: 0.170 Loaded shared library C:\Program Files\Java\jdk-19\bin\awt.dll
Event: 0.543 Loaded shared library C:\Users\dmytr\AppData\Local\Temp\jogamp_0000\file_cache\jln14120052197839048784\jln2690245896823640823\natives\windows-amd64\gluegen_rt.dll
Event: 0.555 Loaded shared library C:\Program Files\Java\jdk-19\bin\jawt.dll
Event: 0.571 Loaded shared library C:\Users\dmytr\AppData\Local\Temp\jogamp_0000\file_cache\jln14120052197839048784\jln2690245896823640823\natives\windows-amd64\nativewindow_awt.dll
Event: 0.609 Loaded shared library C:\Users\dmytr\AppData\Local\Temp\jogamp_0000\file_cache\jln14120052197839048784\jln2690245896823640823\natives\windows-amd64\nativewindow_win32.dll
Event: 0.622 Loaded shared library C:\Users\dmytr\AppData\Local\Temp\jogamp_0000\file_cache\jln14120052197839048784\jln2690245896823640823\natives\windows-amd64\newt_head.dll
Event: 0.849 Loaded shared library C:\Users\dmytr\AppData\Local\Temp\jogamp_0000\file_cache\jln14120052197839048784\jln2690245896823640823\natives\windows-amd64\jogl_desktop.dll
Event: 1.002 Loaded shared library C:\Users\dmytr\AppData\Local\Temp\jogamp_0000\file_cache\jln14120052197839048784\jln2690245896823640823\natives\windows-amd64\jogl_mobile.dll
Event: 1.933 Loaded shared library C:\Program Files\Java\jdk-19\bin\verify.dll
Event: 1.973 Loaded shared library C:\Program Files\Java\jdk-19\bin\jsound.dll

Deoptimization events (20 events):
Event: 2.720 Thread 0x0000022ed1669da0 DEOPT PACKING pc=0x0000022ebdb5fd38 sp=0x000000857a8fe3a0
Event: 2.720 Thread 0x0000022ed1669da0 DEOPT UNPACKING pc=0x0000022ebd54a5a3 sp=0x000000857a8fe348 mode 2
Event: 2.720 Thread 0x0000022ed1669da0 Uncommon trap: trap_request=0xffffffbe fr.pc=0x0000022ebdb5fd38 relative=0x00000000000002f8
Event: 2.720 Thread 0x0000022ed1669da0 Uncommon trap: reason=profile_predicate action=maybe_recompile pc=0x0000022ebdb5fd38 method=java.util.regex.Pattern$BnM.optimize(Ljava/util/regex/Pattern$Node;)Ljava/util/regex/Pattern$Node; @ 67 c2
Event: 2.720 Thread 0x0000022ed1669da0 DEOPT PACKING pc=0x0000022ebdb5fd38 sp=0x000000857a8fe3a0
Event: 2.720 Thread 0x0000022ed1669da0 DEOPT UNPACKING pc=0x0000022ebd54a5a3 sp=0x000000857a8fe348 mode 2
Event: 2.749 Thread 0x0000022ed1669da0 Uncommon trap: trap_request=0xffffff45 fr.pc=0x0000022ebdb3e078 relative=0x00000000000001d8
Event: 2.749 Thread 0x0000022ed1669da0 Uncommon trap: reason=unstable_if action=reinterpret pc=0x0000022ebdb3e078 method=processing.opengl.PShapeOpenGL.setStroke(Z)V @ 27 c2
Event: 2.749 Thread 0x0000022ed1669da0 DEOPT PACKING pc=0x0000022ebdb3e078 sp=0x000000857a8fe9b0
Event: 2.749 Thread 0x0000022ed1669da0 DEOPT UNPACKING pc=0x0000022ebd54a5a3 sp=0x000000857a8fe980 mode 2
Event: 2.751 Thread 0x0000022ed1669da0 Uncommon trap: trap_request=0xffffff45 fr.pc=0x0000022ebdb3eed4 relative=0x0000000000000134
Event: 2.751 Thread 0x0000022ed1669da0 Uncommon trap: reason=unstable_if action=reinterpret pc=0x0000022ebdb3eed4 method=processing.opengl.PShapeOpenGL.setStrokeImpl(I)V @ 5 c2
Event: 2.751 Thread 0x0000022ed1669da0 DEOPT PACKING pc=0x0000022ebdb3eed4 sp=0x000000857a8fe7a0
Event: 2.751 Thread 0x0000022ed1669da0 DEOPT UNPACKING pc=0x0000022ebd54a5a3 sp=0x000000857a8fe758 mode 2
Event: 3.186 Thread 0x0000022ed25e8c20 DEOPT PACKING pc=0x0000022eb6310d1c sp=0x000000857b0ff330
Event: 3.187 Thread 0x0000022ed25e8c20 DEOPT UNPACKING pc=0x0000022ebd54b0e3 sp=0x000000857b0fe7d0 mode 0
Event: 3.597 Thread 0x0000022ed1669da0 DEOPT PACKING pc=0x0000022eb63576d7 sp=0x000000857a8fe960
Event: 3.598 Thread 0x0000022ed1669da0 DEOPT UNPACKING pc=0x0000022ebd54b0e3 sp=0x000000857a8fddd8 mode 0
Event: 3.754 Thread 0x0000022ed25e8c20 DEOPT PACKING pc=0x0000022eb635578d sp=0x000000857b0ff240
Event: 3.754 Thread 0x0000022ed25e8c20 DEOPT UNPACKING pc=0x0000022ebd54b0e3 sp=0x000000857b0fe788 mode 0

Classes loaded (20 events):
Event: 2.148 Loading class jdk/internal/misc/ThreadTracker$ThreadRef
Event: 2.148 Loading class jdk/internal/misc/ThreadTracker$ThreadRef done
Event: 2.148 Loading class java/net/URL$2
Event: 2.148 Loading class java/net/URL$2 done
Event: 2.148 Loading class java/net/URL$1
Event: 2.148 Loading class java/net/URL$1 done
Event: 2.148 Loading class java/net/spi/URLStreamHandlerProvider
Event: 2.148 Loading class java/net/spi/URLStreamHandlerProvider done
Event: 2.597 Loading class java/util/regex/Pattern$LookBehindEndNode
Event: 2.597 Loading class java/util/regex/Pattern$LookBehindEndNode done
Event: 2.597 Loading class java/util/regex/Pattern$NotBehind
Event: 2.597 Loading class java/util/regex/Pattern$NotBehind done
Event: 2.597 Loading class java/util/regex/Pattern$Neg
Event: 2.597 Loading class java/util/regex/Pattern$Neg done
Event: 2.598 Loading class java/util/regex/Pattern$Pos
Event: 2.598 Loading class java/util/regex/Pattern$Pos done
Event: 2.609 Loading class java/util/regex/Pattern$SliceS
Event: 2.609 Loading class java/util/regex/Pattern$SliceS done
Event: 4.320 Loading class java/nio/channels/ClosedChannelException
Event: 4.320 Loading class java/nio/channels/ClosedChannelException done

Classes unloaded (0 events):
No events

Classes redefined (0 events):
No events

Internal exceptions (20 events):
Event: 0.354 Thread 0x0000022eae042e30 Exception <a 'java/lang/NoSuchMethodError'{0x000000008cb28f38}: 'java.lang.Object java.lang.invoke.DirectMethodHandle$Holder.invokeStaticInit(java.lang.Object, int, int, int, int)'> (0x000000008cb28f38) 
thrown [s\open\src\hotspot\share\interpreter\linkResolver.cpp, line 774]
Event: 0.399 Thread 0x0000022eae042e30 Exception <a 'java/lang/NoSuchMethodError'{0x000000008cbf8368}: 'java.lang.Object java.lang.invoke.DirectMethodHandle$Holder.invokeStaticInit(java.lang.Object, java.lang.Object, int, int, int, int)'> (0x000000008cbf8368) 
thrown [s\open\src\hotspot\share\interpreter\linkResolver.cpp, line 774]
Event: 0.403 Thread 0x0000022eae042e30 Exception <a 'java/lang/NoSuchMethodError'{0x000000008ca020e8}: 'int java.lang.invoke.DirectMethodHandle$Holder.invokeSpecial(java.lang.Object, java.lang.Object, java.lang.Object)'> (0x000000008ca020e8) 
thrown [s\open\src\hotspot\share\interpreter\linkResolver.cpp, line 774]
Event: 0.430 Thread 0x0000022eae042e30 Exception <a 'java/lang/NoSuchMethodError'{0x000000008ca12378}: 'void java.lang.invoke.DirectMethodHandle$Holder.invokeStatic(java.lang.Object, long)'> (0x000000008ca12378) 
thrown [s\open\src\hotspot\share\interpreter\linkResolver.cpp, line 774]
Event: 0.431 Thread 0x0000022eae042e30 Exception <a 'java/lang/NoSuchMethodError'{0x000000008ca17968}: 'java.lang.Object java.lang.invoke.DirectMethodHandle$Holder.newInvokeSpecial(java.lang.Object, long)'> (0x000000008ca17968) 
thrown [s\open\src\hotspot\share\interpreter\linkResolver.cpp, line 774]
Event: 0.433 Thread 0x0000022eae042e30 Exception <a 'java/lang/NoSuchMethodError'{0x000000008ca1eb80}: 'java.lang.Object java.lang.invoke.DirectMethodHandle$Holder.invokeStatic(java.lang.Object, long, java.lang.Object)'> (0x000000008ca1eb80) 
thrown [s\open\src\hotspot\share\interpreter\linkResolver.cpp, line 774]
Event: 0.433 Thread 0x0000022eae042e30 Exception <a 'java/lang/NoSuchMethodError'{0x000000008ca225b0}: 'java.lang.Object java.lang.invoke.DirectMethodHandle$Holder.invokeStaticInit(java.lang.Object, long, java.lang.Object)'> (0x000000008ca225b0) 
thrown [s\open\src\hotspot\share\interpreter\linkResolver.cpp, line 774]
Event: 0.545 Thread 0x0000022eae042e30 Exception <a 'java/lang/NoSuchMethodError'{0x000000008ca60980}: 'int java.lang.invoke.DirectMethodHandle$Holder.invokeStatic(java.lang.Object)'> (0x000000008ca60980) 
thrown [s\open\src\hotspot\share\interpreter\linkResolver.cpp, line 774]
Event: 0.546 Thread 0x0000022eae042e30 Exception <a 'java/lang/NoSuchMethodError'{0x000000008ca646b0}: 'int java.lang.invoke.DelegatingMethodHandle$Holder.reinvoke_L(java.lang.Object)'> (0x000000008ca646b0) 
thrown [s\open\src\hotspot\share\interpreter\linkResolver.cpp, line 774]
Event: 0.585 Thread 0x0000022eae042e30 Exception <a 'java/lang/NoSuchMethodError'{0x000000008c993970}: 'java.lang.Object java.lang.invoke.DirectMethodHandle$Holder.invokeInterface(java.lang.Object, java.lang.Object)'> (0x000000008c993970) 
thrown [s\open\src\hotspot\share\interpreter\linkResolver.cpp, line 774]
Event: 0.585 Thread 0x0000022eae042e30 Exception <a 'java/lang/IncompatibleClassChangeError'{0x000000008c997210}: Found class java.lang.Object, but interface was expected> (0x000000008c997210) 
thrown [s\open\src\hotspot\share\interpreter\linkResolver.cpp, line 841]
Event: 0.852 Thread 0x0000022eae042e30 Exception <a 'java/lang/NoSuchMethodError'{0x000000008c2eace0}: 'long java.lang.invoke.DelegatingMethodHandle$Holder.reinvoke_L(java.lang.Object, java.lang.Object)'> (0x000000008c2eace0) 
thrown [s\open\src\hotspot\share\interpreter\linkResolver.cpp, line 774]
Event: 0.853 Thread 0x0000022eae042e30 Exception <a 'java/lang/NoSuchMethodError'{0x000000008c2f5290}: 'void java.lang.invoke.DelegatingMethodHandle$Holder.reinvoke_L(java.lang.Object, java.lang.Object, long)'> (0x000000008c2f5290) 
thrown [s\open\src\hotspot\share\interpreter\linkResolver.cpp, line 774]
Event: 1.428 Thread 0x0000022ed13da980 Implicit null exception at 0x0000022ebdadc803 to 0x0000022ebdadc9f8
Event: 1.428 Thread 0x0000022ed13da980 Exception <a 'java/lang/NoSuchMethodError'{0x000000008cc4a0a8}: 'void java.lang.invoke.DirectMethodHandle$Holder.invokeSpecial(java.lang.Object, java.lang.Object, java.lang.Object)'> (0x000000008cc4a0a8) 
thrown [s\open\src\hotspot\share\interpreter\linkResolver.cpp, line 774]
Event: 1.435 Thread 0x0000022ed13da980 Exception <a 'java/lang/NoSuchMethodError'{0x000000008cc60fa0}: 'long java.lang.invoke.Invokers$Holder.invokeExact_MT(java.lang.Object, java.lang.Object, java.lang.Object)'> (0x000000008cc60fa0) 
thrown [s\open\src\hotspot\share\interpreter\linkResolver.cpp, line 774]
Event: 1.918 Thread 0x0000022ed1669da0 Exception <a 'java/lang/NoSuchMethodError'{0x000000008c357970}: 'java.lang.Object java.lang.invoke.DirectMethodHandle$Holder.invokeVirtual(java.lang.Object, java.lang.Object, java.lang.Object)'> (0x000000008c357970) 
thrown [s\open\src\hotspot\share\interpreter\linkResolver.cpp, line 774]
Event: 2.101 Thread 0x0000022ed1669da0 Implicit null exception at 0x0000022ebdae424f to 0x0000022ebdae42d4
Event: 2.149 Thread 0x0000022ed1669da0 Exception <a 'java/lang/ClassNotFoundException'{0x000000008c01fd00}: sun/net/www/protocol/c/Handler> (0x000000008c01fd00) 
thrown [s\open\src\hotspot\share\classfile\systemDictionary.cpp, line 255]
Event: 4.318 Thread 0x0000022ed0f4cfd0 Exception <a 'java/lang/InterruptedException'{0x0000000090a00000}> (0x0000000090a00000) 
thrown [s\open\src\hotspot\share\runtime\objectMonitor.cpp, line 1648]

VM Operations (20 events):
Event: 1.964 Executing VM operation: HandshakeAllThreads done
Event: 2.293 Executing VM operation: G1CollectForAllocation
Event: 2.300 Executing VM operation: G1CollectForAllocation done
Event: 2.407 Executing VM operation: G1CollectForAllocation
Event: 2.419 Executing VM operation: G1CollectForAllocation done
Event: 2.440 Executing VM operation: G1CollectForAllocation
Event: 2.452 Executing VM operation: G1CollectForAllocation done
Event: 2.520 Executing VM operation: G1TryInitiateConcMark
Event: 2.525 Executing VM operation: G1TryInitiateConcMark done
Event: 2.558 Executing VM operation: G1PauseRemark
Event: 2.561 Executing VM operation: G1PauseRemark done
Event: 2.579 Executing VM operation: G1PauseCleanup
Event: 2.579 Executing VM operation: G1PauseCleanup done
Event: 2.609 Executing VM operation: HandshakeAllThreads
Event: 2.610 Executing VM operation: HandshakeAllThreads done
Event: 3.610 Executing VM operation: Cleanup
Event: 3.610 Executing VM operation: Cleanup done
Event: 4.314 Executing VM operation: G1CollectForAllocation
Event: 4.318 Executing VM operation: G1CollectForAllocation done
Event: 4.424 Executing VM operation: Exit

Events (20 events):
Event: 1.761 Thread 0x0000022eae042e30 Thread exited: 0x0000022eae042e30
Event: 1.761 Thread 0x0000022ed25e9170 Thread added: 0x0000022ed25e9170
Event: 2.068 Thread 0x0000022ed25ea160 Thread added: 0x0000022ed25ea160
Event: 2.129 Thread 0x0000022ed25e8c20 Thread added: 0x0000022ed25e8c20
Event: 2.209 Thread 0x0000022ed2fd6d90 Thread added: 0x0000022ed2fd6d90
Event: 2.225 Thread 0x0000022ede78e440 Thread added: 0x0000022ede78e440
Event: 3.436 Thread 0x0000022ede78e440 Thread exited: 0x0000022ede78e440
Event: 3.747 Thread 0x0000022ed2fd6d90 Thread exited: 0x0000022ed2fd6d90
Event: 4.318 Thread 0x0000022ed25eac00 Thread added: 0x0000022ed25eac00
Event: 4.319 Thread 0x0000022ed0f4cfd0 Thread exited: 0x0000022ed0f4cfd0
Event: 4.319 Thread 0x0000022ed25eb150 Thread added: 0x0000022ed25eb150
Event: 4.319 Thread 0x0000022ed25ebbf0 Thread added: 0x0000022ed25ebbf0
Event: 4.320 Thread 0x0000022ed120e250 Thread exited: 0x0000022ed120e250
Event: 4.321 Thread 0x0000022ed25ebbf0 Thread exited: 0x0000022ed25ebbf0
Event: 4.321 Thread 0x0000022ed25ebbf0 Thread added: 0x0000022ed25ebbf0
Event: 4.336 Thread 0x0000022ed0b953e0 Thread exited: 0x0000022ed0b953e0
Event: 4.358 Thread 0x0000022ed13da980 Thread exited: 0x0000022ed13da980
Event: 4.363 Thread 0x0000022ed25eac00 Thread exited: 0x0000022ed25eac00
Event: 4.424 Thread 0x0000022ed25eb150 Thread exited: 0x0000022ed25eb150
Event: 4.424 Thread 0x0000022ecc5dfa00 Thread exited: 0x0000022ecc5dfa00


Dynamic libraries:
0x00007ff6a34e0000 - 0x00007ff6a34f0000 	C:\Program Files\Java\jdk-19\bin\java.exe
0x00007ffbf89d0000 - 0x00007ffbf8bc8000 	C:\windows\SYSTEM32\ntdll.dll
0x00007ffbf8190000 - 0x00007ffbf824f000 	C:\windows\System32\KERNEL32.DLL
0x00007ffbf62e0000 - 0x00007ffbf65b2000 	C:\windows\System32\KERNELBASE.dll
0x00007ffbf61e0000 - 0x00007ffbf62e0000 	C:\windows\System32\ucrtbase.dll
0x00007ffbddd50000 - 0x00007ffbddd6b000 	C:\Program Files\Java\jdk-19\bin\VCRUNTIME140.dll
0x00007ffbdcbf0000 - 0x00007ffbdcc08000 	C:\Program Files\Java\jdk-19\bin\jli.dll
0x00007ffbf75e0000 - 0x00007ffbf768e000 	C:\windows\System32\ADVAPI32.dll
0x00007ffbf6c50000 - 0x00007ffbf6cee000 	C:\windows\System32\msvcrt.dll
0x00007ffbf6d00000 - 0x00007ffbf6d9c000 	C:\windows\System32\sechost.dll
0x00007ffbf8060000 - 0x00007ffbf8184000 	C:\windows\System32\RPCRT4.dll
0x00007ffbf7760000 - 0x00007ffbf7901000 	C:\windows\System32\USER32.dll
0x00007ffbf6910000 - 0x00007ffbf6932000 	C:\windows\System32\win32u.dll
0x00007ffbf85b0000 - 0x00007ffbf85db000 	C:\windows\System32\GDI32.dll
0x00007ffbda060000 - 0x00007ffbda2fa000 	C:\windows\WinSxS\amd64_microsoft.windows.common-controls_6595b64144ccf1df_6.0.19041.1110_none_60b5254171f9507e\COMCTL32.dll
0x00007ffbf60d0000 - 0x00007ffbf61df000 	C:\windows\System32\gdi32full.dll
0x00007ffbf6680000 - 0x00007ffbf671d000 	C:\windows\System32\msvcp_win.dll
0x00007ffbe85b0000 - 0x00007ffbe85ba000 	C:\windows\SYSTEM32\VERSION.dll
0x00007ffbf8690000 - 0x00007ffbf86c0000 	C:\windows\System32\IMM32.DLL
0x00007ffbef5a0000 - 0x00007ffbef5ac000 	C:\Program Files\Java\jdk-19\bin\vcruntime140_1.dll
0x00007ffbbadb0000 - 0x00007ffbbae3e000 	C:\Program Files\Java\jdk-19\bin\msvcp140.dll
0x00007ffbaa360000 - 0x00007ffbab020000 	C:\Program Files\Java\jdk-19\bin\server\jvm.dll
0x00007ffbee060000 - 0x00007ffbee069000 	C:\windows\SYSTEM32\WSOCK32.dll
0x00007ffbd19a0000 - 0x00007ffbd19c7000 	C:\windows\SYSTEM32\WINMM.dll
0x00007ffbf6be0000 - 0x00007ffbf6c4b000 	C:\windows\System32\WS2_32.dll
0x00007ffbf4920000 - 0x00007ffbf4932000 	C:\windows\SYSTEM32\kernel.appcore.dll
0x00007ffbef580000 - 0x00007ffbef58a000 	C:\Program Files\Java\jdk-19\bin\jimage.dll
0x00007ffbf3cb0000 - 0x00007ffbf3e94000 	C:\windows\SYSTEM32\DBGHELP.DLL
0x00007ffbd4c40000 - 0x00007ffbd4c75000 	C:\windows\SYSTEM32\dbgcore.DLL
0x00007ffbf6720000 - 0x00007ffbf67a2000 	C:\windows\System32\bcryptPrimitives.dll
0x00007ffbdcbc0000 - 0x00007ffbdcbe6000 	C:\Program Files\Java\jdk-19\bin\java.dll
0x00007ffbbacd0000 - 0x00007ffbbada7000 	C:\Program Files\Java\jdk-19\bin\jsvml.dll
0x00007ffbf6e90000 - 0x00007ffbf75d5000 	C:\windows\System32\SHELL32.dll
0x00007ffbf4170000 - 0x00007ffbf4902000 	C:\windows\SYSTEM32\windows.storage.dll
0x00007ffbf8250000 - 0x00007ffbf85a5000 	C:\windows\System32\combase.dll
0x00007ffbf5b30000 - 0x00007ffbf5b60000 	C:\windows\SYSTEM32\Wldp.dll
0x00007ffbf87f0000 - 0x00007ffbf889d000 	C:\windows\System32\SHCORE.dll
0x00007ffbf6da0000 - 0x00007ffbf6df5000 	C:\windows\System32\shlwapi.dll
0x00007ffbf6010000 - 0x00007ffbf602f000 	C:\windows\SYSTEM32\profapi.dll
0x00007ffbdcba0000 - 0x00007ffbdcbb3000 	C:\Program Files\Java\jdk-19\bin\net.dll
0x00007ffbf05c0000 - 0x00007ffbf06ca000 	C:\windows\SYSTEM32\WINHTTP.dll
0x00007ffbf5890000 - 0x00007ffbf58fa000 	C:\windows\system32\mswsock.dll
0x00007ffbdc2b0000 - 0x00007ffbdc2c6000 	C:\Program Files\Java\jdk-19\bin\nio.dll
0x00007ffbdc240000 - 0x00007ffbdc258000 	C:\Program Files\Java\jdk-19\bin\zip.dll
0x00007ffbae690000 - 0x00007ffbae821000 	C:\Program Files\Java\jdk-19\bin\awt.dll
0x00007ffbf88c0000 - 0x00007ffbf898d000 	C:\windows\System32\OLEAUT32.dll
0x00007ffbf3500000 - 0x00007ffbf3590000 	C:\windows\SYSTEM32\apphelp.dll
0x00007ffbf3690000 - 0x00007ffbf372e000 	C:\windows\system32\uxtheme.dll
0x00007ffbf7910000 - 0x00007ffbf7a24000 	C:\windows\System32\MSCTF.dll
0x00007ffbf86c0000 - 0x00007ffbf87ea000 	C:\windows\System32\ole32.dll
0x00007ffbf3a90000 - 0x00007ffbf3abf000 	C:\windows\system32\DWMAPI.DLL
0x00007ffbda880000 - 0x00007ffbda9a5000 	C:\windows\system32\opengl32.dll
0x00007ffbdee90000 - 0x00007ffbdeebc000 	C:\windows\SYSTEM32\GLU32.dll
0x00007ffbf5a80000 - 0x00007ffbf5a98000 	C:\windows\SYSTEM32\CRYPTSP.dll
0x00007ffbf5140000 - 0x00007ffbf5174000 	C:\windows\system32\rsaenh.dll
0x00007ffbf69f0000 - 0x00007ffbf6a17000 	C:\windows\System32\bcrypt.dll
0x00007ffbf5f90000 - 0x00007ffbf5fbe000 	C:\windows\SYSTEM32\USERENV.dll
0x00007ffbf5aa0000 - 0x00007ffbf5aac000 	C:\windows\SYSTEM32\CRYPTBASE.dll
0x00007ffbf5530000 - 0x00007ffbf556b000 	C:\windows\SYSTEM32\IPHLPAPI.DLL
0x00007ffbf7690000 - 0x00007ffbf7698000 	C:\windows\System32\NSI.dll
0x00007ffbe9da0000 - 0x00007ffbe9db7000 	C:\windows\SYSTEM32\dhcpcsvc6.DLL
0x00007ffbe9e60000 - 0x00007ffbe9e7d000 	C:\windows\SYSTEM32\dhcpcsvc.DLL
0x00007ffbf5570000 - 0x00007ffbf563b000 	C:\windows\SYSTEM32\DNSAPI.dll
0x000000006e8c0000 - 0x000000006e8cd000 	C:\Users\dmytr\AppData\Local\Temp\jogamp_0000\file_cache\jln14120052197839048784\jln2690245896823640823\natives\windows-amd64\gluegen_rt.dll
0x00007ffbddd40000 - 0x00007ffbddd47000 	C:\Program Files\Java\jdk-19\bin\jawt.dll
0x000000006a440000 - 0x000000006a44d000 	C:\Users\dmytr\AppData\Local\Temp\jogamp_0000\file_cache\jln14120052197839048784\jln2690245896823640823\natives\windows-amd64\nativewindow_awt.dll
0x000000006c100000 - 0x000000006c110000 	C:\Users\dmytr\AppData\Local\Temp\jogamp_0000\file_cache\jln14120052197839048784\jln2690245896823640823\natives\windows-amd64\nativewindow_win32.dll
0x0000000070d80000 - 0x0000000070d93000 	C:\Users\dmytr\AppData\Local\Temp\jogamp_0000\file_cache\jln14120052197839048784\jln2690245896823640823\natives\windows-amd64\newt_head.dll
0x00007ffbefbd0000 - 0x00007ffbefc7e000 	C:\windows\SYSTEM32\mscms.dll
0x00007ffbefbb0000 - 0x00007ffbefbc1000 	C:\windows\SYSTEM32\ColorAdapterClient.dll
0x00007ffbc1bb0000 - 0x00007ffbc1bf3000 	C:\windows\SYSTEM32\icm32.dll
0x00007ffbf7a40000 - 0x00007ffbf7ea8000 	C:\windows\System32\setupapi.dll
0x00007ffbf6630000 - 0x00007ffbf667e000 	C:\windows\System32\cfgmgr32.dll
0x00007ffbf5e80000 - 0x00007ffbf5eac000 	C:\windows\SYSTEM32\DEVOBJ.dll
0x00007ffbf65c0000 - 0x00007ffbf6629000 	C:\windows\System32\WINTRUST.dll
0x00007ffbf67b0000 - 0x00007ffbf6906000 	C:\windows\System32\CRYPT32.dll
0x00007ffbf5cc0000 - 0x00007ffbf5cd2000 	C:\windows\SYSTEM32\MSASN1.dll
0x0000000064500000 - 0x0000000064585000 	C:\Users\dmytr\AppData\Local\Temp\jogamp_0000\file_cache\jln14120052197839048784\jln2690245896823640823\natives\windows-amd64\jogl_desktop.dll
0x0000000064340000 - 0x0000000064391000 	C:\Users\dmytr\AppData\Local\Temp\jogamp_0000\file_cache\jln14120052197839048784\jln2690245896823640823\natives\windows-amd64\jogl_mobile.dll
0x00007ffbf85e0000 - 0x00007ffbf8689000 	C:\windows\System32\clbcatq.dll
0x00007ffbea780000 - 0x00007ffbea879000 	C:\Windows\System32\AppXDeploymentClient.dll
0x00007ffb70b30000 - 0x00007ffb71abd000 	C:\windows\System32\DriverStore\FileRepository\iigd_dch.inf_amd64_04c961ba9d7827af\igxelpicd64.dll
0x00007ffbf4990000 - 0x00007ffbf4a83000 	C:\windows\system32\dxgi.dll
0x00007ffbae250000 - 0x00007ffbae68c000 	C:\windows\System32\DriverStore\FileRepository\iigd_dch.inf_amd64_04c961ba9d7827af\igdml64.dll
0x00007ffbe7660000 - 0x00007ffbe7996000 	C:\windows\System32\DriverStore\FileRepository\iigd_dch.inf_amd64_04c961ba9d7827af\igdgmm64.dll
0x00007ffbe1f00000 - 0x00007ffbe4c8f000 	C:\windows\System32\DriverStore\FileRepository\iigd_dch.inf_amd64_04c961ba9d7827af\igc64.dll
0x00007ffbf5650000 - 0x00007ffbf569b000 	C:\windows\SYSTEM32\powrprof.dll
0x00007ffbf5510000 - 0x00007ffbf5522000 	C:\windows\SYSTEM32\UMPDC.dll
0x00007ffbdd680000 - 0x00007ffbdd779000 	C:\windows\SYSTEM32\textinputframework.dll
0x00007ffbf2bf0000 - 0x00007ffbf2f4e000 	C:\windows\System32\CoreUIComponents.dll
0x00007ffbf32d0000 - 0x00007ffbf33c2000 	C:\windows\System32\CoreMessaging.dll
0x00007ffbf1b30000 - 0x00007ffbf1c84000 	C:\windows\SYSTEM32\wintypes.dll
0x00007ffbf5280000 - 0x00007ffbf52b3000 	C:\windows\SYSTEM32\ntmarta.dll
0x00007ffbdcb90000 - 0x00007ffbdcba0000 	C:\Program Files\Java\jdk-19\bin\verify.dll
0x00007ffbdc220000 - 0x00007ffbdc232000 	C:\Program Files\Java\jdk-19\bin\jsound.dll
0x00007ffbbac30000 - 0x00007ffbbaccc000 	C:\windows\SYSTEM32\DSOUND.dll
0x00007ffbd7470000 - 0x00007ffbd7496000 	C:\windows\SYSTEM32\winmmbase.dll
0x00007ffbedac0000 - 0x00007ffbedb45000 	C:\windows\System32\MMDevApi.dll
0x00007ffbba430000 - 0x00007ffbba476000 	C:\windows\SYSTEM32\wdmaud.drv
0x00007ffbf0c80000 - 0x00007ffbf0c8a000 	C:\windows\SYSTEM32\AVRT.dll
0x00007ffbef8f0000 - 0x00007ffbef8f9000 	C:\windows\SYSTEM32\ksuser.dll
0x00007ffbedb50000 - 0x00007ffbedcd2000 	C:\windows\SYSTEM32\AUDIOSES.DLL
0x00007ffbdcac0000 - 0x00007ffbdcacd000 	C:\windows\SYSTEM32\msacm32.drv
0x00007ffbd74b0000 - 0x00007ffbd74ce000 	C:\windows\SYSTEM32\MSACM32.dll
0x00007ffbdc2a0000 - 0x00007ffbdc2ab000 	C:\windows\SYSTEM32\midimap.dll
0x00007ffbdd780000 - 0x00007ffbdd8c1000 	C:\Windows\System32\Windows.UI.dll
0x00007ffbf0510000 - 0x00007ffbf05b1000 	C:\Windows\System32\WindowManagementAPI.dll
0x00007ffbdd520000 - 0x00007ffbdd672000 	C:\Windows\System32\InputHost.dll
0x00007ffbf1860000 - 0x00007ffbf1956000 	C:\Windows\System32\PROPSYS.dll
0x00007ffbeff70000 - 0x00007ffbf0170000 	C:\windows\SYSTEM32\twinapi.appcore.dll
0x00007ffbf37b0000 - 0x00007ffbf37c4000 	C:\windows\SYSTEM32\resourcepolicyclient.dll

dbghelp: loaded successfully - version: 4.0.5 - missing functions: none
symbol engine: initialized successfully - sym options: 0x614 - pdb path: .;C:\Program Files\Java\jdk-19\bin;C:\windows\SYSTEM32;C:\windows\WinSxS\amd64_microsoft.windows.common-controls_6595b64144ccf1df_6.0.19041.1110_none_60b5254171f9507e;C:\Program Files\Java\jdk-19\bin\server;C:\Users\dmytr\AppData\Local\Temp\jogamp_0000\file_cache\jln14120052197839048784\jln2690245896823640823\natives\windows-amd64;C:\windows\System32\DriverStore\FileRepository\iigd_dch.inf_amd64_04c961ba9d7827af

VM Arguments:
java_command: ie.tudublin.Main
java_class_path (initial): ./bin;./lib/minim.jar;./lib/core.jar;./lib/jsminim.jar;./lib/mp3spi1.9.5.jar;./lib/tritonus_share.jar;./lib/tritonus_aos.jar;./lib/jl1.0.1.jar;./lib/sqlite-jdbc-3.23.1.jar;lib/jogl-all.jar;lib/gluegen-rt.jar;lib/gluegen-rt-natives-windows-amd64.jar;lib/gluegen-rt-natives-windows-i586.jar;lib/jogl-all-natives-windows-amd64.jar;lib/jogl-all-natives-windows-i586.jarlib/jogl-all.jar;lib/gluegen-rt.jar;lib/gluegen-rt-natives-windows-amd64.jar;lib/gluegen-rt-natives-windows-i586.jar;lib/jogl-all-natives-windows-amd64.jar;lib/jogl-all-natives-windows-i586.jar
Launcher Type: SUN_STANDARD

[Global flags]
     intx CICompilerCount                          = 4                                         {product} {ergonomic}
     uint ConcGCThreads                            = 2                                         {product} {ergonomic}
     uint G1ConcRefinementThreads                  = 8                                         {product} {ergonomic}
   size_t G1HeapRegionSize                         = 1048576                                   {product} {ergonomic}
    uintx GCDrainStackTargetSize                   = 64                                        {product} {ergonomic}
   size_t InitialHeapSize                          = 130023424                                 {product} {ergonomic}
   size_t MarkStackSize                            = 4194304                                   {product} {ergonomic}
   size_t MaxHeapSize                              = 2055208960                                {product} {ergonomic}
   size_t MaxNewSize                               = 1233125376                                {product} {ergonomic}
   size_t MinHeapDeltaBytes                        = 1048576                                   {product} {ergonomic}
   size_t MinHeapSize                              = 8388608                                   {product} {ergonomic}
    uintx NonNMethodCodeHeapSize                   = 5839372                                {pd product} {ergonomic}
    uintx NonProfiledCodeHeapSize                  = 122909434                              {pd product} {ergonomic}
    uintx ProfiledCodeHeapSize                     = 122909434                              {pd product} {ergonomic}
    uintx ReservedCodeCacheSize                    = 251658240                              {pd product} {ergonomic}
     bool SegmentedCodeCache                       = true                                      {product} {ergonomic}
   size_t SoftMaxHeapSize                          = 2055208960                             {manageable} {ergonomic}
     bool UseCompressedClassPointers               = true                           {product lp64_product} {ergonomic}
     bool UseCompressedOops                        = true                           {product lp64_product} {ergonomic}
     bool UseG1GC                                  = true                                      {product} {ergonomic}
     bool UseLargePagesIndividualAllocation        = false                                  {pd product} {ergonomic}

Logging:
Log output configuration:
 #0: stdout all=off uptime,level,tags foldmultilines=false
 #1: stderr all=off uptime,level,tags foldmultilines=false

Environment Variables:
PATH=C:\Users\dmytr\bin;C:\Program Files\Git\mingw64\bin;C:\Program Files\Git\usr\local\bin;C:\Program Files\Git\usr\bin;C:\Program Files\Git\usr\bin;C:\Program Files\Git\mingw64\bin;C:\Program Files\Git\usr\bin;C:\Users\dmytr\bin;C:\Program Files\Common Files\Oracle\Java\javapath;C:\Python310\Scripts;C:\Python310;C:\windows\system32;C:\windows;C:\windows\System32\Wbem;C:\windows\System32\WindowsPowerShell\v1.0;C:\windows\System32\OpenSSH;C:\ProgramData\chocolatey\bin;C:\Program Files\nodejs;C:\Program Files\GitHub CLI;C:\Program Files\PuTTY;C:\Program Files (x86)\Windows Kits\10\Windows Performance Toolkit;C:\msys64\mingw64\bin;C:\Program Files\dotnet;C:\Program Files\Git\cmd;C:\Users\dmytr\AppData\Local\Microsoft\WindowsApps;C:\Users\dmytr\AppData\Local\Programs\Microsoft VS Code\bin;C:\Users\dmytr\AppData\Roaming\npm;C:\Users\dmytr\AppData\Local\GitHubDesktop\bin;C:\Users\dmytr\Documents\Programming\Pycharm\PyCharm Community Edition 2022.3.1\bin;C:\Program Files\Git\usr\bin\vendor_perl;C:\Program Files\Git\usr\bin\core_perl
USERNAME=dmytr
SHELL=C:\Program Files\Git\usr\bin\bash.exe
DISPLAY=needs-to-be-defined
LANG=en_US.UTF-8
TERM=xterm
TMPDIR=C:\Users\dmytr\AppData\Local\Temp
OS=Windows_NT
PROCESSOR_IDENTIFIER=Intel64 Family 6 Model 140 Stepping 1, GenuineIntel
TMP=C:\Users\dmytr\AppData\Local\Temp
TEMP=C:\Users\dmytr\AppData\Local\Temp



---------------  S Y S T E M  ---------------

OS:
 Windows 10 , 64 bit Build 19041 (10.0.19041.2546)
OS uptime: 3 days 4:40 hours

CPU: total 8 (initial active 8) (4 cores per cpu, 2 threads per core) family 6 model 140 stepping 1 microcode 0x8a, cx8, cmov, fxsr, ht, mmx, 3dnowpref, sse, sse2, sse3, ssse3, sse4.1, sse4.2, popcnt, lzcnt, tsc, tscinvbit, avx, avx2, aes, erms, clmul, bmi1, bmi2, adx, avx512f, avx512dq, avx512cd, avx512bw, avx512vl, sha, fma, vzeroupper, avx512_vpopcntdq, avx512_vpclmulqdq, avx512_vaes, avx512_vnni, clflush, clflushopt, clwb, avx512_vbmi2, avx512_vbmi, rdtscp, rdpid, fsrm, gfni, avx512_bitalg

Memory: 4k page, system-wide physical 7834M (1683M free)
TotalPageFile size 11418M (AvailPageFile size 3524M)
current process WorkingSet (physical memory assigned to process): 423M, peak: 451M
current process commit charge ("private bytes"): 417M, peak: 451M

vm_info: Java HotSpot(TM) 64-Bit Server VM (19.0.2+7-44) for windows-amd64 JRE (19.0.2+7-44), built on 2022-11-30T18:02:09Z by "mach5one" with MS VC++ 17.1 (VS2022)

END.
