#
# A fatal error has been detected by the Java Runtime Environment:
#
#  EXCEPTION_ACCESS_VIOLATION (0xc0000005) at pc=0x00007ffba404b8f7, pid=3412, tid=4680
#
# JRE version: Java(TM) SE Runtime Environment (19.0.2+7) (build 19.0.2+7-44)
# Java VM: Java HotSpot(TM) 64-Bit Server VM (19.0.2+7-44, mixed mode, sharing, tiered, compressed oops, compressed class ptrs, g1 gc, windows-amd64)
# Problematic frame:
# C  [igxelpicd64.dll+0x28b8f7]
#
# No core dump will be written. Minidumps are not enabled by default on client versions of Windows
#
# If you would like to submit a bug report, please visit:
#   https://bugreport.java.com/bugreport/crash.jsp
#

---------------  S U M M A R Y ------------

Command Line: ie.tudublin.Main

Host: 11th Gen Intel(R) Core(TM) i5-1135G7 @ 2.40GHz, 8 cores, 7G,  Windows 10 , 64 bit Build 19041 (10.0.19041.2546)
Time: Sun Mar 19 00:12:46 2023 GMT Standard Time elapsed time: 14.808142 seconds (0d 0h 0m 14s)

---------------  T H R E A D  ---------------

Current thread (0x00000260777f6480):  VMThread "VM Thread" [stack: 0x000000a2f9700000,0x000000a2f9800000] [id=4680]

Stack: [0x000000a2f9700000,0x000000a2f9800000],  sp=0x000000a2f97fe330,  free space=1016k
Native frames: (J=compiled Java code, j=interpreted, Vv=VM code, C=native code)
C  [igxelpicd64.dll+0x28b8f7]


siginfo: EXCEPTION_ACCESS_VIOLATION (0xc0000005), reading address 0x0000000000035448


Registers:
RAX=0x000002600b5fb1d0, RBX=0x000002607bd2ea20, RCX=0x0000000000000002, RDX=0x000002600b5fb150
RSP=0x000000a2f97fe330, RBP=0x000002607dafee00, RSI=0x0000000000000000, RDI=0x000002600b5fb060
R8 =0x00000000000979b8, R9 =0x0000000000000000, R10=0x0000000000000000, R11=0x0000000000000246
R12=0x000002600b5fb598, R13=0x0000000000000000, R14=0x0000000000097900, R15=0x0000000000000016
RIP=0x00007ffba404b8f7, EFLAGS=0x0000000000010202


Register to memory mapping:

RIP=0x00007ffba404b8f7 igxelpicd64.dll
RAX=0x000002600b5fb1d0 points into unknown readable memory: 0x00000000000979bb | bb 79 09 00 00 00 00 00
RBX=0x000002607bd2ea20 points into unknown readable memory: 0x00098f0901000900 | 00 09 00 01 09 8f 09 00
RCX=0x0000000000000002 is an unknown value
RDX=0x000002600b5fb150 points into unknown readable memory: 0x0000000000000000 | 00 00 00 00 00 00 00 00
RSP=0x000000a2f97fe330 points into unknown readable memory: 0x000002607bd2ea20 | 20 ea d2 7b 60 02 00 00
RBP=0x000002607dafee00 points into unknown readable memory: 0x000002607c7e3a00 | 00 3a 7e 7c 60 02 00 00
RSI=0x0 is NULL
RDI=0x000002600b5fb060 points into unknown readable memory: 0x000002607c7e3a00 | 00 3a 7e 7c 60 02 00 00
R8 =0x00000000000979b8 is an unknown value
R9 =0x0 is NULL
R10=0x0 is NULL
R11=0x0000000000000246 is an unknown value
R12=0x000002600b5fb598 points into unknown readable memory: 0x000002607dafee00 | 00 ee af 7d 60 02 00 00
R13=0x0 is NULL
R14=0x0000000000097900 is an unknown value
R15=0x0000000000000016 is an unknown value


Top of Stack: (sp=0x000000a2f97fe330)
0x000000a2f97fe330:   000002607bd2ea20 013086ab013d78ab
0x000000a2f97fe340:   00c9efaf010e84ac 00f509b2005e75b0
0x000000a2f97fe350:   000002607d8551f8 00000000000979c9
0x000000a2f97fe360:   0000000000000000 0000000000000014
0x000000a2f97fe370:   0000000000000000 0000000000000000
0x000000a2f97fe380:   000000a2f97fe490 00007ffba4042315
0x000000a2f97fe390:   000002607c7758e0 000002607bd2ea20
0x000000a2f97fe3a0:   009658d101522a00 014b83d3011c3000
0x000000a2f97fe3b0:   000000a200000750 0000b80200410000
0x000000a2f97fe3c0:   0000000000000000 027edcda007ed8da
0x000000a2f97fe3d0:   00d130dc00621cdc 01c6a8df01410bdd
0x000000a2f97fe3e0:   0136d8df0122d5df 012f19e301c8f5e0
0x000000a2f97fe3f0:   012bb9e6009b19e6 013b9be7013016e7
0x000000a2f97fe400:   01c6a4e80140ebe7 00f5d1e900a78ae9
0x000000a2f97fe410:   00dd3af0014e0ef0 008cc7f201439ff1
0x000000a2f97fe420:   012806f4014089f3 013d79f4005e74f4 

Instructions: (pc=0x00007ffba404b8f7)
0x00007ffba404b7f7:   56 41 57 48 83 ec 20 45 8a e9 48 8b da 48 8b f1
0x00007ffba404b807:   48 8b 15 32 62 c4 00 48 8d 48 08 e8 0d 07 dc ff
0x00007ffba404b817:   90 48 8b ab 80 02 00 00 48 8b 05 7a 6b b4 00 44
0x00007ffba404b827:   8b b8 b8 0a 00 00 45 33 d2 45 8a f2 4c 89 93 80
0x00007ffba404b837:   02 00 00 44 89 93 88 02 00 00 4c 89 93 a0 02 00
0x00007ffba404b847:   00 4c 89 93 90 02 00 00 48 85 f6 75 38 8b 3d 0e
0x00007ffba404b857:   39 c4 00 65 48 8b 04 25 58 00 00 00 b9 14 00 00
0x00007ffba404b867:   00 48 8b 04 f8 44 38 14 01 0f 84 01 02 00 00 65
0x00007ffba404b877:   48 8b 04 25 58 00 00 00 be 20 00 00 00 48 8b 04
0x00007ffba404b887:   f8 48 8b 34 06 48 3b 35 0d 5d c4 00 45 0f 44 fa
0x00007ffba404b897:   48 85 ed 0f 84 a9 00 00 00 44 8a 6c 24 70 48 8b
0x00007ffba404b8a7:   fd 4c 8d a5 38 05 00 00 49 8b 2c 24 45 84 ed 0f
0x00007ffba404b8b7:   85 a1 01 00 00 8b 8b d0 01 00 00 48 8b 05 d7 6a
0x00007ffba404b8c7:   b4 00 83 b8 64 03 00 00 02 75 32 48 8d 97 f0 00
0x00007ffba404b8d7:   00 00 83 f9 10 0f 83 a2 00 00 00 8b c1 48 c1 e0
0x00007ffba404b8e7:   06 48 03 c2 48 85 c0 0f 85 87 00 00 00 4d 8b c2
0x00007ffba404b8f7:   4c 3b 86 48 54 03 00 0f 87 75 15 6e 00 4c 39 97
0x00007ffba404b907:   90 05 00 00 0f 85 b3 16 6e 00 4c 8b cf 4c 8b c3
0x00007ffba404b917:   e8 34 b3 72 00 84 c0 0f 85 b8 00 00 00 48 8b d7
0x00007ffba404b927:   48 8b cb e8 91 f9 ff ff 45 33 d2 48 85 ed 0f 85
0x00007ffba404b937:   6a ff ff ff 45 84 f6 44 8a 6c 24 78 0f 85 a3 16
0x00007ffba404b947:   6e 00 48 8b cb 45 84 ed 0f 85 18 01 00 00 e8 86
0x00007ffba404b957:   f6 ff ff 90 48 8b 4c 24 60 48 8b 5c 24 68 48 83
0x00007ffba404b967:   c4 20 41 5f 41 5e 41 5d 41 5c 5f 5e 5d 48 ff 25
0x00007ffba404b977:   9d 37 80 00 4c 8b 40 08 e9 73 ff ff ff 44 8d 41
0x00007ffba404b987:   f0 41 8b c0 c1 e8 04 83 f8 03 72 1a 48 8b 82 18
0x00007ffba404b997:   04 00 00 48 85 c0 74 26 39 08 0f 84 ad 00 00 00
0x00007ffba404b9a7:   48 8b 40 48 eb ed 0f ae e8 41 83 e0 0f 4c 8b 8c
0x00007ffba404b9b7:   c2 00 04 00 00 4d 85 c9 0f 85 80 00 00 00 44 38
0x00007ffba404b9c7:   92 20 04 00 00 0f 84 22 ff ff ff 8b c1 83 e0 0f
0x00007ffba404b9d7:   e9 08 ff ff ff 48 8b 83 80 02 00 00 49 89 04 24
0x00007ffba404b9e7:   48 89 bb 80 02 00 00 ff 83 88 02 00 00 48 8b 4f 


Stack slot to memory mapping:
stack at sp + 0 slots: 0x000002607bd2ea20 points into unknown readable memory: 0x00098f0901000900 | 00 09 00 01 09 8f 09 00
stack at sp + 1 slots: 0x013086ab013d78ab is an unknown value
stack at sp + 2 slots: 0x00c9efaf010e84ac is an unknown value
stack at sp + 3 slots: 0x00f509b2005e75b0 is an unknown value
stack at sp + 4 slots: 0x000002607d8551f8 points into unknown readable memory: 0x0000000000040000 | 00 00 04 00 00 00 00 00
stack at sp + 5 slots: 0x00000000000979c9 is an unknown value
stack at sp + 6 slots: 0x0 is NULL
stack at sp + 7 slots: 0x0000000000000014 is an unknown value

VM_Operation (0x000000a2fb4fec30): Exit, mode: safepoint, requested by thread 0x0000026077835470


---------------  P R O C E S S  ---------------

Threads class SMR info:
_java_thread_list=0x000002607c8b8c50, length=18, elements={
0x000002607780eca0, 0x000002607780fa30, 0x00000260778111c0, 0x0000026077812b00,
0x00000260778175f0, 0x00000260778183a0, 0x00000260778247f0, 0x0000026077825b90,
0x0000026077834f20, 0x0000026077834480, 0x0000026077835f10, 0x0000026077837450,
0x0000026077833f30, 0x0000026077835470, 0x000002607d7b76e0, 0x000002607d7b7c30,
0x000002607d7b1c90, 0x000002607d7b4710
}

Java Threads: ( => current thread )
  0x000002607780eca0 JavaThread "Reference Handler" daemon [_thread_blocked, id=13948, stack(0x000000a2f9800000,0x000000a2f9900000)]
  0x000002607780fa30 JavaThread "Finalizer" daemon [_thread_blocked, id=9416, stack(0x000000a2f9900000,0x000000a2f9a00000)]
  0x00000260778111c0 JavaThread "Signal Dispatcher" daemon [_thread_blocked, id=10000, stack(0x000000a2f9a00000,0x000000a2f9b00000)]
  0x0000026077812b00 JavaThread "Attach Listener" daemon [_thread_blocked, id=13784, stack(0x000000a2f9b00000,0x000000a2f9c00000)]
  0x00000260778175f0 JavaThread "Service Thread" daemon [_thread_blocked, id=16872, stack(0x000000a2f9c00000,0x000000a2f9d00000)]
  0x00000260778183a0 JavaThread "Monitor Deflation Thread" daemon [_thread_blocked, id=16476, stack(0x000000a2f9d00000,0x000000a2f9e00000)]
  0x00000260778247f0 JavaThread "C2 CompilerThread0" daemon [_thread_blocked, id=4228, stack(0x000000a2f9e00000,0x000000a2f9f00000)]
  0x0000026077825b90 JavaThread "C1 CompilerThread0" daemon [_thread_blocked, id=10440, stack(0x000000a2f9f00000,0x000000a2fa000000)]
  0x0000026077834f20 JavaThread "Sweeper thread" daemon [_thread_blocked, id=8688, stack(0x000000a2fa000000,0x000000a2fa100000)]
  0x0000026077834480 JavaThread "Notification Thread" daemon [_thread_blocked, id=8680, stack(0x000000a2fa100000,0x000000a2fa200000)]
  0x0000026077835f10 JavaThread "Common-Cleaner" daemon [_thread_blocked, id=12660, stack(0x000000a2fa300000,0x000000a2fa400000)]
  0x0000026077837450 JavaThread "Java2D Disposer" daemon [_thread_blocked, id=15948, stack(0x000000a2fa400000,0x000000a2fa500000)]
  0x0000026077833f30 JavaThread "HighResTimerThread" daemon [_thread_blocked, id=8780, stack(0x000000a2fa500000,0x000000a2fa600000)]
  0x0000026077835470 JavaThread "main-FPSAWTAnimator#00-Timer0" [_thread_blocked, id=6916, stack(0x000000a2fb400000,0x000000a2fb500000)]
  0x000002607d7b76e0 JavaThread "DestroyJavaVM" [_thread_blocked, id=11116, stack(0x000000a2f9100000,0x000000a2f9200000)]
  0x000002607d7b7c30 JavaThread "Java Sound Event Dispatcher" daemon [_thread_blocked, id=17296, stack(0x000000a2fb800000,0x000000a2fb900000)]
  0x000002607d7b1c90 JavaThread "Thread-4" [_thread_blocked, id=17212, stack(0x000000a2fbc00000,0x000000a2fbd00000)]
  0x000002607d7b4710 JavaThread "AWT-Shutdown" [_thread_blocked, id=1564, stack(0x000000a2fa700000,0x000000a2fa800000)]

Other Threads:
=>0x00000260777f6480 VMThread "VM Thread" [stack: 0x000000a2f9700000,0x000000a2f9800000] [id=4680]
  0x00000260592af000 WorkerThread "GC Thread#0" [stack: 0x000000a2f9200000,0x000000a2f9300000] [id=11248]
  0x000002607c7e6df0 WorkerThread "GC Thread#1" [stack: 0x000000a2fad00000,0x000000a2fae00000] [id=5028]
  0x000002607c7e6580 WorkerThread "GC Thread#2" [stack: 0x000000a2fae00000,0x000000a2faf00000] [id=3920]
  0x000002607c7e62b0 WorkerThread "GC Thread#3" [stack: 0x000000a2faf00000,0x000000a2fb000000] [id=16472]
  0x000002607c7e51d0 WorkerThread "GC Thread#4" [stack: 0x000000a2fb000000,0x000000a2fb100000] [id=4208]
  0x000002607c7e5fe0 WorkerThread "GC Thread#5" [stack: 0x000000a2fb100000,0x000000a2fb200000] [id=12200]
  0x000002607c7e5a40 WorkerThread "GC Thread#6" [stack: 0x000000a2fb200000,0x000000a2fb300000] [id=16192]
  0x000002607c7e5d10 WorkerThread "GC Thread#7" [stack: 0x000000a2fb300000,0x000000a2fb400000] [id=5548]
  0x00000260592bf510 ConcurrentGCThread "G1 Main Marker" terminated
  0x00000260592c05f0 WorkerThread "G1 Conc#0" [stack: 0x000000a2f9400000,0x000000a2f9500000] [id=8016]
  0x000002605931e5a0 ConcurrentGCThread "G1 Refine#0" terminated
  0x00000260776b0300 ConcurrentGCThread "G1 Service" terminated

Threads with active compile tasks:

VM state: at safepoint (shutting down)

VM Mutex/Monitor currently owned by a thread:  ([mutex/lock_event])
[0x000002605924d8a0] Threads_lock - owner thread: 0x00000260777f6480
[0x000002605924e350] Heap_lock - owner thread: 0x0000026077835470

Heap address: 0x0000000085800000, size: 1960 MB, Compressed Oops mode: 32-bit

CDS archive(s) mapped at: [0x0000000800000000-0x0000000800c40000-0x0000000800c40000), size 12845056, SharedBaseAddress: 0x0000000800000000, ArchiveRelocationMode: 0.
Compressed class space mapped at: 0x0000000801000000-0x0000000841000000, reserved size: 1073741824
Narrow klass base: 0x0000000800000000, Narrow klass shift: 0, Narrow klass range: 0x100000000

GC Precious Log:
 CardTable entry size: 512
 Card Set container configuration: InlinePtr #cards 5 size 8 Array Of Cards #cards 12 size 40 Howl #buckets 4 coarsen threshold 1843 Howl Bitmap #cards 512 size 80 coarsen threshold 460 Card regions per heap region 1 cards per card region 2048
 CPUs: 8 total, 8 available
 Memory: 7834M
 Large Page Support: Disabled
 NUMA Support: Disabled
 Compressed Oops: Enabled (32-bit)
 Heap Region Size: 1M
 Heap Min Capacity: 8M
 Heap Initial Capacity: 124M
 Heap Max Capacity: 1960M
 Pre-touch: Disabled
 Parallel Workers: 8
 Concurrent Workers: 2
 Concurrent Refinement Workers: 8
 Periodic GC: Disabled

Heap:
 garbage-first heap   total 126976K, used 53291K [0x0000000085800000, 0x0000000100000000)
  region size 1024K, 34 young (34816K), 3 survivors (3072K)
 Metaspace       used 14429K, committed 14656K, reserved 1114112K
  class space    used 1043K, committed 1152K, reserved 1048576K

Heap Regions: E=young(eden), S=young(survivor), O=old, HS=humongous(starts), HC=humongous(continues), CS=collection set, F=free, OA=open archive, CA=closed archive, TAMS=top-at-mark-start (previous, next)
|   0|0x0000000085800000, 0x0000000085900000, 0x0000000085900000|100%|HS|  |TAMS 0x0000000085800000, 0x0000000085800000| Complete 
|   1|0x0000000085900000, 0x0000000085a00000, 0x0000000085a00000|100%|HS|  |TAMS 0x0000000085900000, 0x0000000085900000| Complete 
|   2|0x0000000085a00000, 0x0000000085b00000, 0x0000000085b00000|100%|HC|  |TAMS 0x0000000085a00000, 0x0000000085a00000| Complete 
|   3|0x0000000085b00000, 0x0000000085b0ac00, 0x0000000085c00000|  4%| O|  |TAMS 0x0000000085b00000, 0x0000000085b00000| Untracked 
|   4|0x0000000085c00000, 0x0000000085d00000, 0x0000000085d00000|100%|HS|  |TAMS 0x0000000085c00000, 0x0000000085c00000| Complete 
|   5|0x0000000085d00000, 0x0000000085e00000, 0x0000000085e00000|100%|HC|  |TAMS 0x0000000085d00000, 0x0000000085d00000| Complete 
|   6|0x0000000085e00000, 0x0000000085f00000, 0x0000000085f00000|100%|HC|  |TAMS 0x0000000085e00000, 0x0000000085e00000| Complete 
|   7|0x0000000085f00000, 0x0000000086000000, 0x0000000086000000|100%|HC|  |TAMS 0x0000000085f00000, 0x0000000085f00000| Complete 
|   8|0x0000000086000000, 0x0000000086100000, 0x0000000086100000|100%|HS|  |TAMS 0x0000000086000000, 0x0000000086000000| Complete 
|   9|0x0000000086100000, 0x0000000086200000, 0x0000000086200000|100%|HC|  |TAMS 0x0000000086100000, 0x0000000086100000| Complete 
|  10|0x0000000086200000, 0x0000000086300000, 0x0000000086300000|100%|HC|  |TAMS 0x0000000086200000, 0x0000000086200000| Complete 
|  11|0x0000000086300000, 0x0000000086400000, 0x0000000086400000|100%|HC|  |TAMS 0x0000000086300000, 0x0000000086300000| Complete 
|  12|0x0000000086400000, 0x0000000086500000, 0x0000000086500000|100%|HS|  |TAMS 0x0000000086400000, 0x0000000086400000| Complete 
|  13|0x0000000086500000, 0x0000000086600000, 0x0000000086600000|100%|HC|  |TAMS 0x0000000086500000, 0x0000000086500000| Complete 
|  14|0x0000000086600000, 0x0000000086700000, 0x0000000086700000|100%|HC|  |TAMS 0x0000000086600000, 0x0000000086600000| Complete 
|  15|0x0000000086700000, 0x0000000086800000, 0x0000000086800000|100%|HS|  |TAMS 0x0000000086700000, 0x0000000086700000| Complete 
|  16|0x0000000086800000, 0x0000000086900000, 0x0000000086900000|100%|HC|  |TAMS 0x0000000086800000, 0x0000000086800000| Complete 
|  17|0x0000000086900000, 0x0000000086a00000, 0x0000000086a00000|100%|HC|  |TAMS 0x0000000086900000, 0x0000000086900000| Complete 
|  18|0x0000000086a00000, 0x0000000086b00000, 0x0000000086b00000|100%|HC|  |TAMS 0x0000000086a00000, 0x0000000086a00000| Complete 
|  19|0x0000000086b00000, 0x0000000086c00000, 0x0000000086c00000|100%|HS|  |TAMS 0x0000000086b00000, 0x0000000086b00000| Complete 
|  20|0x0000000086c00000, 0x0000000086d00000, 0x0000000086d00000|100%|HC|  |TAMS 0x0000000086c00000, 0x0000000086c00000| Complete 
|  21|0x0000000086d00000, 0x0000000086d00000, 0x0000000086e00000|  0%| F|  |TAMS 0x0000000086d00000, 0x0000000086d00000| Untracked 
|  22|0x0000000086e00000, 0x0000000086e00000, 0x0000000086f00000|  0%| F|  |TAMS 0x0000000086e00000, 0x0000000086e00000| Untracked 
|  23|0x0000000086f00000, 0x0000000086f00000, 0x0000000087000000|  0%| F|  |TAMS 0x0000000086f00000, 0x0000000086f00000| Untracked 
|  24|0x0000000087000000, 0x0000000087000000, 0x0000000087100000|  0%| F|  |TAMS 0x0000000087000000, 0x0000000087000000| Untracked 
|  25|0x0000000087100000, 0x0000000087100000, 0x0000000087200000|  0%| F|  |TAMS 0x0000000087100000, 0x0000000087100000| Untracked 
|  26|0x0000000087200000, 0x0000000087200000, 0x0000000087300000|  0%| F|  |TAMS 0x0000000087200000, 0x0000000087200000| Untracked 
|  27|0x0000000087300000, 0x0000000087300000, 0x0000000087400000|  0%| F|  |TAMS 0x0000000087300000, 0x0000000087300000| Untracked 
|  28|0x0000000087400000, 0x0000000087400000, 0x0000000087500000|  0%| F|  |TAMS 0x0000000087400000, 0x0000000087400000| Untracked 
|  29|0x0000000087500000, 0x0000000087500000, 0x0000000087600000|  0%| F|  |TAMS 0x0000000087500000, 0x0000000087500000| Untracked 
|  30|0x0000000087600000, 0x0000000087600000, 0x0000000087700000|  0%| F|  |TAMS 0x0000000087600000, 0x0000000087600000| Untracked 
|  31|0x0000000087700000, 0x0000000087700000, 0x0000000087800000|  0%| F|  |TAMS 0x0000000087700000, 0x0000000087700000| Untracked 
|  32|0x0000000087800000, 0x0000000087800000, 0x0000000087900000|  0%| F|  |TAMS 0x0000000087800000, 0x0000000087800000| Untracked 
|  33|0x0000000087900000, 0x0000000087900000, 0x0000000087a00000|  0%| F|  |TAMS 0x0000000087900000, 0x0000000087900000| Untracked 
|  34|0x0000000087a00000, 0x0000000087a00000, 0x0000000087b00000|  0%| F|  |TAMS 0x0000000087a00000, 0x0000000087a00000| Untracked 
|  35|0x0000000087b00000, 0x0000000087b00000, 0x0000000087c00000|  0%| F|  |TAMS 0x0000000087b00000, 0x0000000087b00000| Untracked 
|  36|0x0000000087c00000, 0x0000000087c00000, 0x0000000087d00000|  0%| F|  |TAMS 0x0000000087c00000, 0x0000000087c00000| Untracked 
|  37|0x0000000087d00000, 0x0000000087d00000, 0x0000000087e00000|  0%| F|  |TAMS 0x0000000087d00000, 0x0000000087d00000| Untracked 
|  38|0x0000000087e00000, 0x0000000087e00000, 0x0000000087f00000|  0%| F|  |TAMS 0x0000000087e00000, 0x0000000087e00000| Untracked 
|  39|0x0000000087f00000, 0x0000000087f00000, 0x0000000088000000|  0%| F|  |TAMS 0x0000000087f00000, 0x0000000087f00000| Untracked 
|  40|0x0000000088000000, 0x0000000088000000, 0x0000000088100000|  0%| F|  |TAMS 0x0000000088000000, 0x0000000088000000| Untracked 
|  41|0x0000000088100000, 0x0000000088100000, 0x0000000088200000|  0%| F|  |TAMS 0x0000000088100000, 0x0000000088100000| Untracked 
|  42|0x0000000088200000, 0x0000000088200000, 0x0000000088300000|  0%| F|  |TAMS 0x0000000088200000, 0x0000000088200000| Untracked 
|  43|0x0000000088300000, 0x0000000088300000, 0x0000000088400000|  0%| F|  |TAMS 0x0000000088300000, 0x0000000088300000| Untracked 
|  44|0x0000000088400000, 0x0000000088400000, 0x0000000088500000|  0%| F|  |TAMS 0x0000000088400000, 0x0000000088400000| Untracked 
|  45|0x0000000088500000, 0x0000000088500000, 0x0000000088600000|  0%| F|  |TAMS 0x0000000088500000, 0x0000000088500000| Untracked 
|  46|0x0000000088600000, 0x0000000088600000, 0x0000000088700000|  0%| F|  |TAMS 0x0000000088600000, 0x0000000088600000| Untracked 
|  47|0x0000000088700000, 0x0000000088700000, 0x0000000088800000|  0%| F|  |TAMS 0x0000000088700000, 0x0000000088700000| Untracked 
|  48|0x0000000088800000, 0x0000000088800000, 0x0000000088900000|  0%| F|  |TAMS 0x0000000088800000, 0x0000000088800000| Untracked 
|  49|0x0000000088900000, 0x0000000088900000, 0x0000000088a00000|  0%| F|  |TAMS 0x0000000088900000, 0x0000000088900000| Untracked 
|  50|0x0000000088a00000, 0x0000000088a00000, 0x0000000088b00000|  0%| F|  |TAMS 0x0000000088a00000, 0x0000000088a00000| Untracked 
|  51|0x0000000088b00000, 0x0000000088b00000, 0x0000000088c00000|  0%| F|  |TAMS 0x0000000088b00000, 0x0000000088b00000| Untracked 
|  52|0x0000000088c00000, 0x0000000088c00000, 0x0000000088d00000|  0%| F|  |TAMS 0x0000000088c00000, 0x0000000088c00000| Untracked 
|  53|0x0000000088d00000, 0x0000000088d00000, 0x0000000088e00000|  0%| F|  |TAMS 0x0000000088d00000, 0x0000000088d00000| Untracked 
|  54|0x0000000088e00000, 0x0000000088e00000, 0x0000000088f00000|  0%| F|  |TAMS 0x0000000088e00000, 0x0000000088e00000| Untracked 
|  55|0x0000000088f00000, 0x0000000088f00000, 0x0000000089000000|  0%| F|  |TAMS 0x0000000088f00000, 0x0000000088f00000| Untracked 
|  56|0x0000000089000000, 0x0000000089000000, 0x0000000089100000|  0%| F|  |TAMS 0x0000000089000000, 0x0000000089000000| Untracked 
|  57|0x0000000089100000, 0x0000000089100000, 0x0000000089200000|  0%| F|  |TAMS 0x0000000089100000, 0x0000000089100000| Untracked 
|  58|0x0000000089200000, 0x0000000089200000, 0x0000000089300000|  0%| F|  |TAMS 0x0000000089200000, 0x0000000089200000| Untracked 
|  59|0x0000000089300000, 0x0000000089300000, 0x0000000089400000|  0%| F|  |TAMS 0x0000000089300000, 0x0000000089300000| Untracked 
|  60|0x0000000089400000, 0x0000000089400000, 0x0000000089500000|  0%| F|  |TAMS 0x0000000089400000, 0x0000000089400000| Untracked 
|  61|0x0000000089500000, 0x0000000089500000, 0x0000000089600000|  0%| F|  |TAMS 0x0000000089500000, 0x0000000089500000| Untracked 
|  62|0x0000000089600000, 0x0000000089600000, 0x0000000089700000|  0%| F|  |TAMS 0x0000000089600000, 0x0000000089600000| Untracked 
|  63|0x0000000089700000, 0x0000000089700000, 0x0000000089800000|  0%| F|  |TAMS 0x0000000089700000, 0x0000000089700000| Untracked 
|  64|0x0000000089800000, 0x0000000089800000, 0x0000000089900000|  0%| F|  |TAMS 0x0000000089800000, 0x0000000089800000| Untracked 
|  65|0x0000000089900000, 0x0000000089900000, 0x0000000089a00000|  0%| F|  |TAMS 0x0000000089900000, 0x0000000089900000| Untracked 
|  66|0x0000000089a00000, 0x0000000089a00000, 0x0000000089b00000|  0%| F|  |TAMS 0x0000000089a00000, 0x0000000089a00000| Untracked 
|  67|0x0000000089b00000, 0x0000000089b00000, 0x0000000089c00000|  0%| F|  |TAMS 0x0000000089b00000, 0x0000000089b00000| Untracked 
|  68|0x0000000089c00000, 0x0000000089c00000, 0x0000000089d00000|  0%| F|  |TAMS 0x0000000089c00000, 0x0000000089c00000| Untracked 
|  69|0x0000000089d00000, 0x0000000089d00000, 0x0000000089e00000|  0%| F|  |TAMS 0x0000000089d00000, 0x0000000089d00000| Untracked 
|  70|0x0000000089e00000, 0x0000000089e00000, 0x0000000089f00000|  0%| F|  |TAMS 0x0000000089e00000, 0x0000000089e00000| Untracked 
|  71|0x0000000089f00000, 0x0000000089f00000, 0x000000008a000000|  0%| F|  |TAMS 0x0000000089f00000, 0x0000000089f00000| Untracked 
|  72|0x000000008a000000, 0x000000008a000000, 0x000000008a100000|  0%| F|  |TAMS 0x000000008a000000, 0x000000008a000000| Untracked 
|  73|0x000000008a100000, 0x000000008a100000, 0x000000008a200000|  0%| F|  |TAMS 0x000000008a100000, 0x000000008a100000| Untracked 
|  74|0x000000008a200000, 0x000000008a200000, 0x000000008a300000|  0%| F|  |TAMS 0x000000008a200000, 0x000000008a200000| Untracked 
|  75|0x000000008a300000, 0x000000008a300000, 0x000000008a400000|  0%| F|  |TAMS 0x000000008a300000, 0x000000008a300000| Untracked 
|  76|0x000000008a400000, 0x000000008a400000, 0x000000008a500000|  0%| F|  |TAMS 0x000000008a400000, 0x000000008a400000| Untracked 
|  77|0x000000008a500000, 0x000000008a500000, 0x000000008a600000|  0%| F|  |TAMS 0x000000008a500000, 0x000000008a500000| Untracked 
|  78|0x000000008a600000, 0x000000008a600000, 0x000000008a700000|  0%| F|  |TAMS 0x000000008a600000, 0x000000008a600000| Untracked 
|  79|0x000000008a700000, 0x000000008a700000, 0x000000008a800000|  0%| F|  |TAMS 0x000000008a700000, 0x000000008a700000| Untracked 
|  80|0x000000008a800000, 0x000000008a800000, 0x000000008a900000|  0%| F|  |TAMS 0x000000008a800000, 0x000000008a800000| Untracked 
|  81|0x000000008a900000, 0x000000008a900000, 0x000000008aa00000|  0%| F|  |TAMS 0x000000008a900000, 0x000000008a900000| Untracked 
|  82|0x000000008aa00000, 0x000000008aa00000, 0x000000008ab00000|  0%| F|  |TAMS 0x000000008aa00000, 0x000000008aa00000| Untracked 
|  83|0x000000008ab00000, 0x000000008ab00000, 0x000000008ac00000|  0%| F|  |TAMS 0x000000008ab00000, 0x000000008ab00000| Untracked 
|  84|0x000000008ac00000, 0x000000008ac00000, 0x000000008ad00000|  0%| F|  |TAMS 0x000000008ac00000, 0x000000008ac00000| Untracked 
|  85|0x000000008ad00000, 0x000000008ad00000, 0x000000008ae00000|  0%| F|  |TAMS 0x000000008ad00000, 0x000000008ad00000| Untracked 
|  86|0x000000008ae00000, 0x000000008ae00000, 0x000000008af00000|  0%| F|  |TAMS 0x000000008ae00000, 0x000000008ae00000| Untracked 
|  87|0x000000008af00000, 0x000000008af00000, 0x000000008b000000|  0%| F|  |TAMS 0x000000008af00000, 0x000000008af00000| Untracked 
|  88|0x000000008b000000, 0x000000008b000000, 0x000000008b100000|  0%| F|  |TAMS 0x000000008b000000, 0x000000008b000000| Untracked 
|  89|0x000000008b100000, 0x000000008b100000, 0x000000008b200000|  0%| F|  |TAMS 0x000000008b100000, 0x000000008b100000| Untracked 
|  90|0x000000008b200000, 0x000000008b2c5500, 0x000000008b300000| 77%| E|  |TAMS 0x000000008b200000, 0x000000008b200000| Complete 
|  91|0x000000008b300000, 0x000000008b400000, 0x000000008b400000|100%| E|CS|TAMS 0x000000008b300000, 0x000000008b300000| Complete 
|  92|0x000000008b400000, 0x000000008b500000, 0x000000008b500000|100%| E|CS|TAMS 0x000000008b400000, 0x000000008b400000| Complete 
|  93|0x000000008b500000, 0x000000008b600000, 0x000000008b600000|100%| E|CS|TAMS 0x000000008b500000, 0x000000008b500000| Complete 
|  94|0x000000008b600000, 0x000000008b700000, 0x000000008b700000|100%| E|CS|TAMS 0x000000008b600000, 0x000000008b600000| Complete 
|  95|0x000000008b700000, 0x000000008b800000, 0x000000008b800000|100%| E|CS|TAMS 0x000000008b700000, 0x000000008b700000| Complete 
|  96|0x000000008b800000, 0x000000008b900000, 0x000000008b900000|100%| E|CS|TAMS 0x000000008b800000, 0x000000008b800000| Complete 
|  97|0x000000008b900000, 0x000000008ba00000, 0x000000008ba00000|100%| E|CS|TAMS 0x000000008b900000, 0x000000008b900000| Complete 
|  98|0x000000008ba00000, 0x000000008bb00000, 0x000000008bb00000|100%| S|CS|TAMS 0x000000008ba00000, 0x000000008ba00000| Complete 
|  99|0x000000008bb00000, 0x000000008bc00000, 0x000000008bc00000|100%| S|CS|TAMS 0x000000008bb00000, 0x000000008bb00000| Complete 
| 100|0x000000008bc00000, 0x000000008bd00000, 0x000000008bd00000|100%| S|CS|TAMS 0x000000008bc00000, 0x000000008bc00000| Complete 
| 101|0x000000008bd00000, 0x000000008be00000, 0x000000008be00000|100%| E|CS|TAMS 0x000000008bd00000, 0x000000008bd00000| Complete 
| 102|0x000000008be00000, 0x000000008bf00000, 0x000000008bf00000|100%| E|CS|TAMS 0x000000008be00000, 0x000000008be00000| Complete 
| 103|0x000000008bf00000, 0x000000008c000000, 0x000000008c000000|100%| E|CS|TAMS 0x000000008bf00000, 0x000000008bf00000| Complete 
| 104|0x000000008c000000, 0x000000008c100000, 0x000000008c100000|100%| E|CS|TAMS 0x000000008c000000, 0x000000008c000000| Complete 
| 105|0x000000008c100000, 0x000000008c200000, 0x000000008c200000|100%| E|CS|TAMS 0x000000008c100000, 0x000000008c100000| Complete 
| 106|0x000000008c200000, 0x000000008c300000, 0x000000008c300000|100%| E|CS|TAMS 0x000000008c200000, 0x000000008c200000| Complete 
| 107|0x000000008c300000, 0x000000008c400000, 0x000000008c400000|100%| E|  |TAMS 0x000000008c300000, 0x000000008c300000| Complete 
| 108|0x000000008c400000, 0x000000008c500000, 0x000000008c500000|100%| E|CS|TAMS 0x000000008c400000, 0x000000008c400000| Complete 
| 109|0x000000008c500000, 0x000000008c600000, 0x000000008c600000|100%| E|CS|TAMS 0x000000008c500000, 0x000000008c500000| Complete 
| 110|0x000000008c600000, 0x000000008c700000, 0x000000008c700000|100%| E|CS|TAMS 0x000000008c600000, 0x000000008c600000| Complete 
| 111|0x000000008c700000, 0x000000008c800000, 0x000000008c800000|100%| E|CS|TAMS 0x000000008c700000, 0x000000008c700000| Complete 
| 112|0x000000008c800000, 0x000000008c900000, 0x000000008c900000|100%| E|CS|TAMS 0x000000008c800000, 0x000000008c800000| Complete 
| 113|0x000000008c900000, 0x000000008ca00000, 0x000000008ca00000|100%| E|CS|TAMS 0x000000008c900000, 0x000000008c900000| Complete 
| 114|0x000000008ca00000, 0x000000008cb00000, 0x000000008cb00000|100%| E|CS|TAMS 0x000000008ca00000, 0x000000008ca00000| Complete 
| 115|0x000000008cb00000, 0x000000008cc00000, 0x000000008cc00000|100%| E|CS|TAMS 0x000000008cb00000, 0x000000008cb00000| Complete 
| 116|0x000000008cc00000, 0x000000008cd00000, 0x000000008cd00000|100%| E|CS|TAMS 0x000000008cc00000, 0x000000008cc00000| Complete 
| 117|0x000000008cd00000, 0x000000008ce00000, 0x000000008ce00000|100%| E|CS|TAMS 0x000000008cd00000, 0x000000008cd00000| Complete 
| 118|0x000000008ce00000, 0x000000008cf00000, 0x000000008cf00000|100%| E|CS|TAMS 0x000000008ce00000, 0x000000008ce00000| Complete 
| 119|0x000000008cf00000, 0x000000008d000000, 0x000000008d000000|100%| E|CS|TAMS 0x000000008cf00000, 0x000000008cf00000| Complete 
| 120|0x000000008d000000, 0x000000008d100000, 0x000000008d100000|100%| E|CS|TAMS 0x000000008d000000, 0x000000008d000000| Complete 
| 121|0x000000008d100000, 0x000000008d200000, 0x000000008d200000|100%| E|CS|TAMS 0x000000008d100000, 0x000000008d100000| Complete 
| 122|0x000000008d200000, 0x000000008d300000, 0x000000008d300000|100%| E|CS|TAMS 0x000000008d200000, 0x000000008d200000| Complete 
| 123|0x000000008d300000, 0x000000008d400000, 0x000000008d400000|100%| E|CS|TAMS 0x000000008d300000, 0x000000008d300000| Complete 

Card table byte_map: [0x00000260708d0000,0x0000026070cb0000] _byte_map_base: 0x00000260704a4000

Marking Bits (Prev, Next): (CMBitMap*) 0x00000260592af540, (CMBitMap*) 0x00000260592af580
 Prev Bits: [0x0000026071090000, 0x0000026072f30000)
 Next Bits: [0x0000026072f30000, 0x0000026074dd0000)

Polling page: 0x0000026057070000

Metaspace:

Usage:
  Non-class:     13.07 MB used.
      Class:      1.02 MB used.
       Both:     14.09 MB used.

Virtual space:
  Non-class space:       64.00 MB reserved,      13.19 MB ( 21%) committed,  1 nodes.
      Class space:        1.00 GB reserved,       1.12 MB ( <1%) committed,  1 nodes.
             Both:        1.06 GB reserved,      14.31 MB (  1%) committed. 

Chunk freelists:
   Non-Class:  1.89 MB
       Class:  2.82 MB
        Both:  4.71 MB

MaxMetaspaceSize: unlimited
CompressedClassSpaceSize: 1.00 GB
Initial GC threshold: 21.00 MB
Current GC threshold: 21.00 MB
CDS: on
MetaspaceReclaimPolicy: balanced
 - commit_granule_bytes: 65536.
 - commit_granule_words: 8192.
 - virtual_space_node_default_size: 8388608.
 - enlarge_chunks_in_place: 1.
 - new_chunks_are_fully_committed: 0.
 - uncommit_free_chunks: 1.
 - use_allocation_guard: 0.


Internal statistics:

num_allocs_failed_limit: 0.
num_arena_births: 200.
num_arena_deaths: 0.
num_vsnodes_births: 2.
num_vsnodes_deaths: 0.
num_space_committed: 225.
num_space_uncommitted: 0.
num_chunks_returned_to_freelist: 0.
num_chunks_taken_from_freelist: 504.
num_chunk_merges: 0.
num_chunk_splits: 395.
num_chunks_enlarged: 318.
num_inconsistent_stats: 0.

CodeHeap 'non-profiled nmethods': size=120000Kb used=752Kb max_used=752Kb free=119247Kb
 bounds [0x0000026068c90000, 0x0000026068f00000, 0x00000260701c0000]
CodeHeap 'profiled nmethods': size=120000Kb used=3892Kb max_used=3892Kb free=116107Kb
 bounds [0x00000260611c0000, 0x0000026061590000, 0x00000260686f0000]
CodeHeap 'non-nmethods': size=5760Kb used=1649Kb max_used=1675Kb free=4110Kb
 bounds [0x00000260686f0000, 0x0000026068960000, 0x0000026068c90000]
 total_blobs=2931 nmethods=1969 adapters=873
 compilation: enabled
              stopped_count=0, restarted_count=0
 full_count=0

Compilation events (20 events):
Event: 14.064 Thread 0x00000260778247f0 1959 %     4       processing.opengl.PGraphicsOpenGL$InGeometry::getNumEdgeClosures @ 4 (35 bytes)
Event: 14.068 Thread 0x00000260778247f0 nmethod 1959% 0x0000026068d4ab90 code [0x0000026068d4ad20, 0x0000026068d4b038]
Event: 14.602 Thread 0x00000260778247f0 1960       4       jogamp.newt.DefaultEDTUtil::access$100 (4 bytes)
Event: 14.602 Thread 0x00000260778247f0 nmethod 1960 0x0000026068d4b210 code [0x0000026068d4b380, 0x0000026068d4b3f8]
Event: 14.632 Thread 0x00000260778247f0 1961       4       processing.opengl.PJOGL::bufferData (16 bytes)
Event: 14.632 Thread 0x0000026077825b90 1962       3       java.util.HashSet::toArray (18 bytes)
Event: 14.633 Thread 0x0000026077825b90 nmethod 1962 0x0000026061589390 code [0x0000026061589540, 0x0000026061589848]
Event: 14.633 Thread 0x0000026077825b90 1963   !   3       jogamp.opengl.GLDrawableImpl::swapBuffers (138 bytes)
Event: 14.634 Thread 0x0000026077825b90 nmethod 1963 0x0000026061589910 code [0x0000026061589bc0, 0x000002606158ac38]
Event: 14.634 Thread 0x0000026077825b90 1964       3       jogamp.opengl.windows.wgl.WindowsWGLDrawable::swapBuffersImpl (153 bytes)
Event: 14.634 Thread 0x00000260778247f0 nmethod 1961 0x0000026068d4b910 code [0x0000026068d4baa0, 0x0000026068d4bbe8]
Event: 14.634 Thread 0x0000026077825b90 nmethod 1964 0x000002606158b210 code [0x000002606158b400, 0x000002606158b918]
Event: 14.634 Thread 0x0000026077825b90 1965       3       jogamp.opengl.windows.wgl.WGLUtil::SwapBuffers (16 bytes)
Event: 14.634 Thread 0x0000026077825b90 nmethod 1965 0x000002606158bb10 code [0x000002606158bcc0, 0x000002606158bde8]
Event: 14.634 Thread 0x0000026077825b90 1967       3       jogamp.newt.WindowImpl::surfaceUpdated (11 bytes)
Event: 14.634 Thread 0x0000026077825b90 nmethod 1967 0x000002606158be90 code [0x000002606158c040, 0x000002606158c188]
Event: 14.634 Thread 0x0000026077825b90 1968   !   3       jogamp.nativewindow.SurfaceUpdatedHelper::surfaceUpdated (76 bytes)
Event: 14.635 Thread 0x0000026077825b90 nmethod 1968 0x000002606158c290 code [0x000002606158c4a0, 0x000002606158cd48]
Event: 14.718 Thread 0x00000260778247f0 1969       4       java.lang.invoke.MethodType::checkSlotCount (33 bytes)
Event: 14.718 Thread 0x00000260778247f0 nmethod 1969 0x0000026068d4bd90 code [0x0000026068d4bf00, 0x0000026068d4bf78]

GC Heap History (2 events):
Event: 0.997 GC heap before
{Heap before GC invocations=0 (full 0):
 garbage-first heap   total 126976K, used 25600K [0x0000000085800000, 0x0000000100000000)
  region size 1024K, 23 young (23552K), 0 survivors (0K)
 Metaspace       used 11616K, committed 11904K, reserved 1114112K
  class space    used 807K, committed 960K, reserved 1048576K
}
Event: 1.006 GC heap after
{Heap after GC invocations=1 (full 0):
 garbage-first heap   total 126976K, used 3115K [0x0000000085800000, 0x0000000100000000)
  region size 1024K, 3 young (3072K), 3 survivors (3072K)
 Metaspace       used 11616K, committed 11904K, reserved 1114112K
  class space    used 807K, committed 960K, reserved 1048576K
}

Dll operation events (16 events):
Event: 0.005 Loaded shared library C:\Program Files\Java\jdk-19\bin\java.dll
Event: 0.015 Loaded shared library C:\Program Files\Java\jdk-19\bin\jsvml.dll
Event: 0.063 Loaded shared library C:\Program Files\Java\jdk-19\bin\net.dll
Event: 0.064 Loaded shared library C:\Program Files\Java\jdk-19\bin\nio.dll
Event: 0.068 Loaded shared library C:\Program Files\Java\jdk-19\bin\zip.dll
Event: 0.113 Loaded shared library C:\Program Files\Java\jdk-19\bin\jimage.dll
Event: 0.117 Loaded shared library C:\Program Files\Java\jdk-19\bin\awt.dll
Event: 0.427 Loaded shared library C:\Users\dmytr\AppData\Local\Temp\jogamp_0000\file_cache\jln1389487749846073526\jln1974228487173131200\natives\windows-amd64\gluegen_rt.dll
Event: 0.437 Loaded shared library C:\Program Files\Java\jdk-19\bin\jawt.dll
Event: 0.450 Loaded shared library C:\Users\dmytr\AppData\Local\Temp\jogamp_0000\file_cache\jln1389487749846073526\jln1974228487173131200\natives\windows-amd64\nativewindow_awt.dll
Event: 0.477 Loaded shared library C:\Users\dmytr\AppData\Local\Temp\jogamp_0000\file_cache\jln1389487749846073526\jln1974228487173131200\natives\windows-amd64\nativewindow_win32.dll
Event: 0.487 Loaded shared library C:\Users\dmytr\AppData\Local\Temp\jogamp_0000\file_cache\jln1389487749846073526\jln1974228487173131200\natives\windows-amd64\newt_head.dll
Event: 0.691 Loaded shared library C:\Users\dmytr\AppData\Local\Temp\jogamp_0000\file_cache\jln1389487749846073526\jln1974228487173131200\natives\windows-amd64\jogl_desktop.dll
Event: 0.775 Loaded shared library C:\Users\dmytr\AppData\Local\Temp\jogamp_0000\file_cache\jln1389487749846073526\jln1974228487173131200\natives\windows-amd64\jogl_mobile.dll
Event: 1.582 Loaded shared library C:\Program Files\Java\jdk-19\bin\verify.dll
Event: 1.611 Loaded shared library C:\Program Files\Java\jdk-19\bin\jsound.dll

Deoptimization events (20 events):
Event: 2.446 Thread 0x0000026077835470 DEOPT PACKING pc=0x000002606145fc57 sp=0x000000a2fb4fec60
Event: 2.446 Thread 0x0000026077835470 DEOPT UNPACKING pc=0x000002606875b0e3 sp=0x000000a2fb4fe0d8 mode 0
Event: 2.791 Thread 0x000002607d7b1c90 DEOPT PACKING pc=0x000002606146330d sp=0x000000a2fbcfee40
Event: 2.791 Thread 0x000002607d7b1c90 DEOPT UNPACKING pc=0x000002606875b0e3 sp=0x000000a2fbcfe388 mode 0
Event: 3.921 Thread 0x000002607d7b1c90 DEOPT PACKING pc=0x0000026061482a6a sp=0x000000a2fbcfefd0
Event: 3.921 Thread 0x000002607d7b1c90 DEOPT UNPACKING pc=0x000002606875b0e3 sp=0x000000a2fbcfe480 mode 0
Event: 4.996 Thread 0x0000026077835470 DEOPT PACKING pc=0x0000026061491efb sp=0x000000a2fb4febe0
Event: 4.996 Thread 0x0000026077835470 DEOPT UNPACKING pc=0x000002606875b0e3 sp=0x000000a2fb4fe0b0 mode 0
Event: 4.996 Thread 0x0000026077835470 DEOPT PACKING pc=0x0000026061492923 sp=0x000000a2fb4fed80
Event: 4.996 Thread 0x0000026077835470 DEOPT UNPACKING pc=0x000002606875b0e3 sp=0x000000a2fb4fe238 mode 0
Event: 5.029 Thread 0x0000026077835470 DEOPT PACKING pc=0x0000026061493ea5 sp=0x000000a2fb4fec60
Event: 5.029 Thread 0x0000026077835470 DEOPT UNPACKING pc=0x000002606875b0e3 sp=0x000000a2fb4fe110 mode 0
Event: 5.263 Thread 0x0000026077835470 DEOPT PACKING pc=0x000002606149368d sp=0x000000a2fb4fed60
Event: 5.263 Thread 0x0000026077835470 DEOPT UNPACKING pc=0x000002606875b0e3 sp=0x000000a2fb4fe218 mode 0
Event: 6.665 Thread 0x0000026077835470 DEOPT PACKING pc=0x0000026061496713 sp=0x000000a2fb4febc0
Event: 6.665 Thread 0x0000026077835470 DEOPT UNPACKING pc=0x000002606875b0e3 sp=0x000000a2fb4fe080 mode 0
Event: 14.710 Thread 0x000002607d7b2c80 Uncommon trap: trap_request=0xffffff45 fr.pc=0x0000026068d34c80 relative=0x0000000000000060
Event: 14.710 Thread 0x000002607d7b2c80 Uncommon trap: reason=unstable_if action=reinterpret pc=0x0000026068d34c80 method=java.util.HashMap.keySet()Ljava/util/Set; @ 6 c2
Event: 14.710 Thread 0x000002607d7b2c80 DEOPT PACKING pc=0x0000026068d34c80 sp=0x000000a2fbfff320
Event: 14.710 Thread 0x000002607d7b2c80 DEOPT UNPACKING pc=0x000002606875a5a3 sp=0x000000a2fbfff2b8 mode 2

Classes loaded (20 events):
Event: 1.658 Loading class com/sun/media/sound/DirectAudioDevice$DirectDL$Pan
Event: 1.658 Loading class com/sun/media/sound/DirectAudioDevice$DirectDL$Pan done
Event: 1.658 Loading class javax/sound/sampled/LineEvent
Event: 1.658 Loading class javax/sound/sampled/LineEvent done
Event: 1.658 Loading class javax/sound/sampled/LineEvent$Type
Event: 1.658 Loading class javax/sound/sampled/LineEvent$Type done
Event: 1.658 Loading class com/sun/media/sound/EventDispatcher
Event: 1.658 Loading class com/sun/media/sound/EventDispatcher done
Event: 1.710 Loading class java/util/regex/Pattern$LookBehindEndNode
Event: 1.710 Loading class java/util/regex/Pattern$LookBehindEndNode done
Event: 1.710 Loading class java/util/regex/Pattern$NotBehind
Event: 1.710 Loading class java/util/regex/Pattern$NotBehind done
Event: 1.710 Loading class java/util/regex/Pattern$Neg
Event: 1.710 Loading class java/util/regex/Pattern$Neg done
Event: 1.710 Loading class java/util/regex/Pattern$Pos
Event: 1.710 Loading class java/util/regex/Pattern$Pos done
Event: 1.718 Loading class java/util/regex/Pattern$SliceS
Event: 1.718 Loading class java/util/regex/Pattern$SliceS done
Event: 14.689 Loading class java/nio/channels/ClosedChannelException
Event: 14.689 Loading class java/nio/channels/ClosedChannelException done

Classes unloaded (0 events):
No events

Classes redefined (0 events):
No events

Internal exceptions (20 events):
Event: 0.170 Thread 0x000002605924fe80 Exception <a 'java/lang/NoSuchMethodError'{0x000000008d0ae908}: 'java.lang.Object java.lang.invoke.DirectMethodHandle$Holder.invokeStaticInit(java.lang.Object)'> (0x000000008d0ae908) 
thrown [s\open\src\hotspot\share\interpreter\linkResolver.cpp, line 774]
Event: 0.289 Thread 0x000002605924fe80 Exception <a 'java/lang/NoSuchMethodError'{0x000000008cb28f38}: 'java.lang.Object java.lang.invoke.DirectMethodHandle$Holder.invokeStaticInit(java.lang.Object, int, int, int, int)'> (0x000000008cb28f38) 
thrown [s\open\src\hotspot\share\interpreter\linkResolver.cpp, line 774]
Event: 0.325 Thread 0x000002605924fe80 Exception <a 'java/lang/NoSuchMethodError'{0x000000008cbf8588}: 'java.lang.Object java.lang.invoke.DirectMethodHandle$Holder.invokeStaticInit(java.lang.Object, java.lang.Object, int, int, int, int)'> (0x000000008cbf8588) 
thrown [s\open\src\hotspot\share\interpreter\linkResolver.cpp, line 774]
Event: 0.329 Thread 0x000002605924fe80 Exception <a 'java/lang/NoSuchMethodError'{0x000000008ca02328}: 'int java.lang.invoke.DirectMethodHandle$Holder.invokeSpecial(java.lang.Object, java.lang.Object, java.lang.Object)'> (0x000000008ca02328) 
thrown [s\open\src\hotspot\share\interpreter\linkResolver.cpp, line 774]
Event: 0.342 Thread 0x000002605924fe80 Exception <a 'java/lang/NoSuchMethodError'{0x000000008ca125b8}: 'void java.lang.invoke.DirectMethodHandle$Holder.invokeStatic(java.lang.Object, long)'> (0x000000008ca125b8) 
thrown [s\open\src\hotspot\share\interpreter\linkResolver.cpp, line 774]
Event: 0.343 Thread 0x000002605924fe80 Exception <a 'java/lang/NoSuchMethodError'{0x000000008ca17ba8}: 'java.lang.Object java.lang.invoke.DirectMethodHandle$Holder.newInvokeSpecial(java.lang.Object, long)'> (0x000000008ca17ba8) 
thrown [s\open\src\hotspot\share\interpreter\linkResolver.cpp, line 774]
Event: 0.345 Thread 0x000002605924fe80 Exception <a 'java/lang/NoSuchMethodError'{0x000000008ca1edc0}: 'java.lang.Object java.lang.invoke.DirectMethodHandle$Holder.invokeStatic(java.lang.Object, long, java.lang.Object)'> (0x000000008ca1edc0) 
thrown [s\open\src\hotspot\share\interpreter\linkResolver.cpp, line 774]
Event: 0.345 Thread 0x000002605924fe80 Exception <a 'java/lang/NoSuchMethodError'{0x000000008ca227f0}: 'java.lang.Object java.lang.invoke.DirectMethodHandle$Holder.invokeStaticInit(java.lang.Object, long, java.lang.Object)'> (0x000000008ca227f0) 
thrown [s\open\src\hotspot\share\interpreter\linkResolver.cpp, line 774]
Event: 0.430 Thread 0x000002605924fe80 Exception <a 'java/lang/NoSuchMethodError'{0x000000008ca60a18}: 'int java.lang.invoke.DirectMethodHandle$Holder.invokeStatic(java.lang.Object)'> (0x000000008ca60a18) 
thrown [s\open\src\hotspot\share\interpreter\linkResolver.cpp, line 774]
Event: 0.430 Thread 0x000002605924fe80 Exception <a 'java/lang/NoSuchMethodError'{0x000000008ca64748}: 'int java.lang.invoke.DelegatingMethodHandle$Holder.reinvoke_L(java.lang.Object)'> (0x000000008ca64748) 
thrown [s\open\src\hotspot\share\interpreter\linkResolver.cpp, line 774]
Event: 0.459 Thread 0x000002605924fe80 Exception <a 'java/lang/NoSuchMethodError'{0x000000008c993970}: 'java.lang.Object java.lang.invoke.DirectMethodHandle$Holder.invokeInterface(java.lang.Object, java.lang.Object)'> (0x000000008c993970) 
thrown [s\open\src\hotspot\share\interpreter\linkResolver.cpp, line 774]
Event: 0.460 Thread 0x000002605924fe80 Exception <a 'java/lang/IncompatibleClassChangeError'{0x000000008c997210}: Found class java.lang.Object, but interface was expected> (0x000000008c997210) 
thrown [s\open\src\hotspot\share\interpreter\linkResolver.cpp, line 841]
Event: 0.693 Thread 0x000002605924fe80 Exception <a 'java/lang/NoSuchMethodError'{0x000000008c2e9470}: 'long java.lang.invoke.DelegatingMethodHandle$Holder.reinvoke_L(java.lang.Object, java.lang.Object)'> (0x000000008c2e9470) 
thrown [s\open\src\hotspot\share\interpreter\linkResolver.cpp, line 774]
Event: 0.694 Thread 0x000002605924fe80 Exception <a 'java/lang/NoSuchMethodError'{0x000000008c2f3a20}: 'void java.lang.invoke.DelegatingMethodHandle$Holder.reinvoke_L(java.lang.Object, java.lang.Object, long)'> (0x000000008c2f3a20) 
thrown [s\open\src\hotspot\share\interpreter\linkResolver.cpp, line 774]
Event: 1.121 Thread 0x0000026077836f00 Implicit null exception at 0x0000026068ceb383 to 0x0000026068ceb578
Event: 1.122 Thread 0x0000026077836f00 Exception <a 'java/lang/NoSuchMethodError'{0x000000008cc4a0c0}: 'void java.lang.invoke.DirectMethodHandle$Holder.invokeSpecial(java.lang.Object, java.lang.Object, java.lang.Object)'> (0x000000008cc4a0c0) 
thrown [s\open\src\hotspot\share\interpreter\linkResolver.cpp, line 774]
Event: 1.132 Thread 0x0000026077836f00 Exception <a 'java/lang/NoSuchMethodError'{0x000000008cc60fb8}: 'long java.lang.invoke.Invokers$Holder.invokeExact_MT(java.lang.Object, java.lang.Object, java.lang.Object)'> (0x000000008cc60fb8) 
thrown [s\open\src\hotspot\share\interpreter\linkResolver.cpp, line 774]
Event: 1.573 Thread 0x0000026077835470 Exception <a 'java/lang/NoSuchMethodError'{0x000000008c31e780}: 'java.lang.Object java.lang.invoke.DirectMethodHandle$Holder.invokeVirtual(java.lang.Object, java.lang.Object, java.lang.Object)'> (0x000000008c31e780) 
thrown [s\open\src\hotspot\share\interpreter\linkResolver.cpp, line 774]
Event: 1.670 Thread 0x0000026077835470 Implicit null exception at 0x0000026068cf30cf to 0x0000026068cf3154
Event: 14.689 Thread 0x00000260778369b0 Exception <a 'java/lang/InterruptedException'{0x000000008b3e44e0}> (0x000000008b3e44e0) 
thrown [s\open\src\hotspot\share\runtime\objectMonitor.cpp, line 1648]

VM Operations (20 events):
Event: 2.605 Executing VM operation: Cleanup done
Event: 3.605 Executing VM operation: Cleanup
Event: 3.605 Executing VM operation: Cleanup done
Event: 4.606 Executing VM operation: Cleanup
Event: 4.606 Executing VM operation: Cleanup done
Event: 5.607 Executing VM operation: Cleanup
Event: 5.607 Executing VM operation: Cleanup done
Event: 6.607 Executing VM operation: Cleanup
Event: 6.607 Executing VM operation: Cleanup done
Event: 7.607 Executing VM operation: Cleanup
Event: 7.607 Executing VM operation: Cleanup done
Event: 8.608 Executing VM operation: Cleanup
Event: 8.608 Executing VM operation: Cleanup done
Event: 10.608 Executing VM operation: Cleanup
Event: 10.608 Executing VM operation: Cleanup done
Event: 11.609 Executing VM operation: Cleanup
Event: 11.609 Executing VM operation: Cleanup done
Event: 12.609 Executing VM operation: Cleanup
Event: 12.610 Executing VM operation: Cleanup done
Event: 14.791 Executing VM operation: Exit

Events (20 events):
Event: 1.481 Thread 0x0000026077835470 Thread added: 0x0000026077835470
Event: 1.482 Thread 0x000002605924fe80 Thread exited: 0x000002605924fe80
Event: 1.482 Thread 0x000002607d7b76e0 Thread added: 0x000002607d7b76e0
Event: 1.658 Thread 0x000002607d7b7c30 Thread added: 0x000002607d7b7c30
Event: 1.681 Thread 0x000002607d7b1c90 Thread added: 0x000002607d7b1c90
Event: 1.722 Thread 0x000002600b5b3770 Thread added: 0x000002600b5b3770
Event: 1.747 Thread 0x000002600b5a23a0 Thread added: 0x000002600b5a23a0
Event: 1.903 Thread 0x000002600b5a23a0 Thread exited: 0x000002600b5a23a0
Event: 1.906 Thread 0x000002600b5b3770 Thread exited: 0x000002600b5b3770
Event: 14.689 Thread 0x000002607d7b2c80 Thread added: 0x000002607d7b2c80
Event: 14.689 Thread 0x000002607d7b8180 Thread added: 0x000002607d7b8180
Event: 14.689 Thread 0x000002607d7b5c50 Thread added: 0x000002607d7b5c50
Event: 14.689 Thread 0x00000260778369b0 Thread exited: 0x00000260778369b0
Event: 14.690 Thread 0x000002607d7b5c50 Thread exited: 0x000002607d7b5c50
Event: 14.690 Thread 0x00000260778359c0 Thread exited: 0x00000260778359c0
Event: 14.690 Thread 0x000002607d7b4710 Thread added: 0x000002607d7b4710
Event: 14.695 Thread 0x00000260778349d0 Thread exited: 0x00000260778349d0
Event: 14.715 Thread 0x0000026077836f00 Thread exited: 0x0000026077836f00
Event: 14.718 Thread 0x000002607d7b2c80 Thread exited: 0x000002607d7b2c80
Event: 14.791 Thread 0x000002607d7b8180 Thread exited: 0x000002607d7b8180


Dynamic libraries:
0x00007ff630190000 - 0x00007ff6301a0000 	C:\Program Files\Java\jdk-19\bin\java.exe
0x00007ffbf89d0000 - 0x00007ffbf8bc8000 	C:\windows\SYSTEM32\ntdll.dll
0x00007ffbf8190000 - 0x00007ffbf824f000 	C:\windows\System32\KERNEL32.DLL
0x00007ffbf62e0000 - 0x00007ffbf65b2000 	C:\windows\System32\KERNELBASE.dll
0x00007ffbf61e0000 - 0x00007ffbf62e0000 	C:\windows\System32\ucrtbase.dll
0x00007ffbdab00000 - 0x00007ffbdab1b000 	C:\Program Files\Java\jdk-19\bin\VCRUNTIME140.dll
0x00007ffbed8f0000 - 0x00007ffbed908000 	C:\Program Files\Java\jdk-19\bin\jli.dll
0x00007ffbf75e0000 - 0x00007ffbf768e000 	C:\windows\System32\ADVAPI32.dll
0x00007ffbf6c50000 - 0x00007ffbf6cee000 	C:\windows\System32\msvcrt.dll
0x00007ffbf6d00000 - 0x00007ffbf6d9c000 	C:\windows\System32\sechost.dll
0x00007ffbf8060000 - 0x00007ffbf8184000 	C:\windows\System32\RPCRT4.dll
0x00007ffbf7760000 - 0x00007ffbf7901000 	C:\windows\System32\USER32.dll
0x00007ffbf6910000 - 0x00007ffbf6932000 	C:\windows\System32\win32u.dll
0x00007ffbda060000 - 0x00007ffbda2fa000 	C:\windows\WinSxS\amd64_microsoft.windows.common-controls_6595b64144ccf1df_6.0.19041.1110_none_60b5254171f9507e\COMCTL32.dll
0x00007ffbf85b0000 - 0x00007ffbf85db000 	C:\windows\System32\GDI32.dll
0x00007ffbf60d0000 - 0x00007ffbf61df000 	C:\windows\System32\gdi32full.dll
0x00007ffbf6680000 - 0x00007ffbf671d000 	C:\windows\System32\msvcp_win.dll
0x00007ffbe85b0000 - 0x00007ffbe85ba000 	C:\windows\SYSTEM32\VERSION.dll
0x00007ffbf8690000 - 0x00007ffbf86c0000 	C:\windows\System32\IMM32.DLL
0x00007ffbeefc0000 - 0x00007ffbeefcc000 	C:\Program Files\Java\jdk-19\bin\vcruntime140_1.dll
0x00007ffbc7980000 - 0x00007ffbc7a0e000 	C:\Program Files\Java\jdk-19\bin\msvcp140.dll
0x00007ffba4d50000 - 0x00007ffba5a10000 	C:\Program Files\Java\jdk-19\bin\server\jvm.dll
0x00007ffbeef30000 - 0x00007ffbeef39000 	C:\windows\SYSTEM32\WSOCK32.dll
0x00007ffbd19a0000 - 0x00007ffbd19c7000 	C:\windows\SYSTEM32\WINMM.dll
0x00007ffbf6be0000 - 0x00007ffbf6c4b000 	C:\windows\System32\WS2_32.dll
0x00007ffbf4920000 - 0x00007ffbf4932000 	C:\windows\SYSTEM32\kernel.appcore.dll
0x00007ffbeed50000 - 0x00007ffbeed5a000 	C:\Program Files\Java\jdk-19\bin\jimage.dll
0x00007ffbf3cb0000 - 0x00007ffbf3e94000 	C:\windows\SYSTEM32\DBGHELP.DLL
0x00007ffbd4c40000 - 0x00007ffbd4c75000 	C:\windows\SYSTEM32\dbgcore.DLL
0x00007ffbf6720000 - 0x00007ffbf67a2000 	C:\windows\System32\bcryptPrimitives.dll
0x00007ffbda9e0000 - 0x00007ffbdaa06000 	C:\Program Files\Java\jdk-19\bin\java.dll
0x00007ffbb3040000 - 0x00007ffbb3117000 	C:\Program Files\Java\jdk-19\bin\jsvml.dll
0x00007ffbf6e90000 - 0x00007ffbf75d5000 	C:\windows\System32\SHELL32.dll
0x00007ffbf4170000 - 0x00007ffbf4902000 	C:\windows\SYSTEM32\windows.storage.dll
0x00007ffbf8250000 - 0x00007ffbf85a5000 	C:\windows\System32\combase.dll
0x00007ffbf5b30000 - 0x00007ffbf5b60000 	C:\windows\SYSTEM32\Wldp.dll
0x00007ffbf87f0000 - 0x00007ffbf889d000 	C:\windows\System32\SHCORE.dll
0x00007ffbf6da0000 - 0x00007ffbf6df5000 	C:\windows\System32\shlwapi.dll
0x00007ffbf6010000 - 0x00007ffbf602f000 	C:\windows\SYSTEM32\profapi.dll
0x00007ffbda9c0000 - 0x00007ffbda9d3000 	C:\Program Files\Java\jdk-19\bin\net.dll
0x00007ffbf05c0000 - 0x00007ffbf06ca000 	C:\windows\SYSTEM32\WINHTTP.dll
0x00007ffbf5890000 - 0x00007ffbf58fa000 	C:\windows\system32\mswsock.dll
0x00007ffbd9990000 - 0x00007ffbd99a6000 	C:\Program Files\Java\jdk-19\bin\nio.dll
0x00007ffbd9970000 - 0x00007ffbd9988000 	C:\Program Files\Java\jdk-19\bin\zip.dll
0x00007ffbaf230000 - 0x00007ffbaf3c1000 	C:\Program Files\Java\jdk-19\bin\awt.dll
0x00007ffbf88c0000 - 0x00007ffbf898d000 	C:\windows\System32\OLEAUT32.dll
0x00007ffbf3500000 - 0x00007ffbf3590000 	C:\windows\SYSTEM32\apphelp.dll
0x00007ffbf3690000 - 0x00007ffbf372e000 	C:\windows\system32\uxtheme.dll
0x00007ffbf7910000 - 0x00007ffbf7a24000 	C:\windows\System32\MSCTF.dll
0x00007ffbf86c0000 - 0x00007ffbf87ea000 	C:\windows\System32\ole32.dll
0x00007ffbf3a90000 - 0x00007ffbf3abf000 	C:\windows\system32\DWMAPI.DLL
0x00007ffbdc6a0000 - 0x00007ffbdc7c5000 	C:\windows\system32\opengl32.dll
0x00007ffbed880000 - 0x00007ffbed8ac000 	C:\windows\SYSTEM32\GLU32.dll
0x00007ffbf5a80000 - 0x00007ffbf5a98000 	C:\windows\SYSTEM32\CRYPTSP.dll
0x00007ffbf5140000 - 0x00007ffbf5174000 	C:\windows\system32\rsaenh.dll
0x00007ffbf69f0000 - 0x00007ffbf6a17000 	C:\windows\System32\bcrypt.dll
0x00007ffbf5f90000 - 0x00007ffbf5fbe000 	C:\windows\SYSTEM32\USERENV.dll
0x00007ffbf5aa0000 - 0x00007ffbf5aac000 	C:\windows\SYSTEM32\CRYPTBASE.dll
0x00007ffbf5530000 - 0x00007ffbf556b000 	C:\windows\SYSTEM32\IPHLPAPI.DLL
0x00007ffbf7690000 - 0x00007ffbf7698000 	C:\windows\System32\NSI.dll
0x00007ffbe9da0000 - 0x00007ffbe9db7000 	C:\windows\SYSTEM32\dhcpcsvc6.DLL
0x00007ffbe9e60000 - 0x00007ffbe9e7d000 	C:\windows\SYSTEM32\dhcpcsvc.DLL
0x00007ffbf5570000 - 0x00007ffbf563b000 	C:\windows\SYSTEM32\DNSAPI.dll
0x000000006e8c0000 - 0x000000006e8cd000 	C:\Users\dmytr\AppData\Local\Temp\jogamp_0000\file_cache\jln1389487749846073526\jln1974228487173131200\natives\windows-amd64\gluegen_rt.dll
0x00007ffbeecb0000 - 0x00007ffbeecb7000 	C:\Program Files\Java\jdk-19\bin\jawt.dll
0x000000006a440000 - 0x000000006a44d000 	C:\Users\dmytr\AppData\Local\Temp\jogamp_0000\file_cache\jln1389487749846073526\jln1974228487173131200\natives\windows-amd64\nativewindow_awt.dll
0x000000006c100000 - 0x000000006c110000 	C:\Users\dmytr\AppData\Local\Temp\jogamp_0000\file_cache\jln1389487749846073526\jln1974228487173131200\natives\windows-amd64\nativewindow_win32.dll
0x0000000070d80000 - 0x0000000070d93000 	C:\Users\dmytr\AppData\Local\Temp\jogamp_0000\file_cache\jln1389487749846073526\jln1974228487173131200\natives\windows-amd64\newt_head.dll
0x00007ffbefbd0000 - 0x00007ffbefc7e000 	C:\windows\SYSTEM32\mscms.dll
0x00007ffbefbb0000 - 0x00007ffbefbc1000 	C:\windows\SYSTEM32\ColorAdapterClient.dll
0x00007ffbc2b70000 - 0x00007ffbc2bb3000 	C:\windows\SYSTEM32\icm32.dll
0x00007ffbf7a40000 - 0x00007ffbf7ea8000 	C:\windows\System32\setupapi.dll
0x00007ffbf6630000 - 0x00007ffbf667e000 	C:\windows\System32\cfgmgr32.dll
0x00007ffbf5e80000 - 0x00007ffbf5eac000 	C:\windows\SYSTEM32\DEVOBJ.dll
0x00007ffbf65c0000 - 0x00007ffbf6629000 	C:\windows\System32\WINTRUST.dll
0x00007ffbf67b0000 - 0x00007ffbf6906000 	C:\windows\System32\CRYPT32.dll
0x00007ffbf5cc0000 - 0x00007ffbf5cd2000 	C:\windows\SYSTEM32\MSASN1.dll
0x0000000064500000 - 0x0000000064585000 	C:\Users\dmytr\AppData\Local\Temp\jogamp_0000\file_cache\jln1389487749846073526\jln1974228487173131200\natives\windows-amd64\jogl_desktop.dll
0x0000000064340000 - 0x0000000064391000 	C:\Users\dmytr\AppData\Local\Temp\jogamp_0000\file_cache\jln1389487749846073526\jln1974228487173131200\natives\windows-amd64\jogl_mobile.dll
0x00007ffbf85e0000 - 0x00007ffbf8689000 	C:\windows\System32\clbcatq.dll
0x00007ffbea780000 - 0x00007ffbea879000 	C:\Windows\System32\AppXDeploymentClient.dll
0x00007ffba3dc0000 - 0x00007ffba4d4d000 	C:\windows\System32\DriverStore\FileRepository\iigd_dch.inf_amd64_04c961ba9d7827af\igxelpicd64.dll
0x00007ffbf4990000 - 0x00007ffbf4a83000 	C:\windows\system32\dxgi.dll
0x00007ffba7eb0000 - 0x00007ffba82ec000 	C:\windows\System32\DriverStore\FileRepository\iigd_dch.inf_amd64_04c961ba9d7827af\igdml64.dll
0x00007ffbe7660000 - 0x00007ffbe7996000 	C:\windows\System32\DriverStore\FileRepository\iigd_dch.inf_amd64_04c961ba9d7827af\igdgmm64.dll
0x00007ffbe1f00000 - 0x00007ffbe4c8f000 	C:\windows\System32\DriverStore\FileRepository\iigd_dch.inf_amd64_04c961ba9d7827af\igc64.dll
0x00007ffbf5650000 - 0x00007ffbf569b000 	C:\windows\SYSTEM32\powrprof.dll
0x00007ffbf5510000 - 0x00007ffbf5522000 	C:\windows\SYSTEM32\UMPDC.dll
0x00007ffbdd680000 - 0x00007ffbdd779000 	C:\windows\SYSTEM32\textinputframework.dll
0x00007ffbf32d0000 - 0x00007ffbf33c2000 	C:\windows\System32\CoreMessaging.dll
0x00007ffbf2bf0000 - 0x00007ffbf2f4e000 	C:\windows\System32\CoreUIComponents.dll
0x00007ffbf1b30000 - 0x00007ffbf1c84000 	C:\windows\SYSTEM32\wintypes.dll
0x00007ffbf5280000 - 0x00007ffbf52b3000 	C:\windows\SYSTEM32\ntmarta.dll
0x00007ffbe8a00000 - 0x00007ffbe8a10000 	C:\Program Files\Java\jdk-19\bin\verify.dll
0x00007ffbd93e0000 - 0x00007ffbd93f2000 	C:\Program Files\Java\jdk-19\bin\jsound.dll
0x00007ffbb2fa0000 - 0x00007ffbb303c000 	C:\windows\SYSTEM32\DSOUND.dll
0x00007ffbd7470000 - 0x00007ffbd7496000 	C:\windows\SYSTEM32\winmmbase.dll
0x00007ffbedac0000 - 0x00007ffbedb45000 	C:\windows\System32\MMDevApi.dll
0x00007ffbeeec0000 - 0x00007ffbeef06000 	C:\windows\SYSTEM32\wdmaud.drv
0x00007ffbef8f0000 - 0x00007ffbef8f9000 	C:\windows\SYSTEM32\ksuser.dll
0x00007ffbf0c80000 - 0x00007ffbf0c8a000 	C:\windows\SYSTEM32\AVRT.dll
0x00007ffbedb50000 - 0x00007ffbedcd2000 	C:\windows\SYSTEM32\AUDIOSES.DLL
0x00007ffbf2920000 - 0x00007ffbf292d000 	C:\windows\SYSTEM32\msacm32.drv
0x00007ffbd9920000 - 0x00007ffbd993e000 	C:\windows\SYSTEM32\MSACM32.dll
0x00007ffbf19d0000 - 0x00007ffbf19db000 	C:\windows\SYSTEM32\midimap.dll
0x00007ffbdd780000 - 0x00007ffbdd8c1000 	C:\Windows\System32\Windows.UI.dll
0x00007ffbdd520000 - 0x00007ffbdd672000 	C:\Windows\System32\InputHost.dll
0x00007ffbf0510000 - 0x00007ffbf05b1000 	C:\Windows\System32\WindowManagementAPI.dll
0x00007ffbf1860000 - 0x00007ffbf1956000 	C:\Windows\System32\PROPSYS.dll
0x00007ffbeff70000 - 0x00007ffbf0170000 	C:\windows\SYSTEM32\twinapi.appcore.dll
0x00007ffbf37b0000 - 0x00007ffbf37c4000 	C:\windows\SYSTEM32\resourcepolicyclient.dll

dbghelp: loaded successfully - version: 4.0.5 - missing functions: none
symbol engine: initialized successfully - sym options: 0x614 - pdb path: .;C:\Program Files\Java\jdk-19\bin;C:\windows\SYSTEM32;C:\windows\WinSxS\amd64_microsoft.windows.common-controls_6595b64144ccf1df_6.0.19041.1110_none_60b5254171f9507e;C:\Program Files\Java\jdk-19\bin\server;C:\Users\dmytr\AppData\Local\Temp\jogamp_0000\file_cache\jln1389487749846073526\jln1974228487173131200\natives\windows-amd64;C:\windows\System32\DriverStore\FileRepository\iigd_dch.inf_amd64_04c961ba9d7827af

VM Arguments:
java_command: ie.tudublin.Main
java_class_path (initial): ./bin;./lib/minim.jar;./lib/core.jar;./lib/jsminim.jar;./lib/mp3spi1.9.5.jar;./lib/tritonus_share.jar;./lib/tritonus_aos.jar;./lib/jl1.0.1.jar;./lib/sqlite-jdbc-3.23.1.jar;lib/jogl-all.jar;lib/gluegen-rt.jar;lib/gluegen-rt-natives-windows-amd64.jar;lib/gluegen-rt-natives-windows-i586.jar;lib/jogl-all-natives-windows-amd64.jar;lib/jogl-all-natives-windows-i586.jarlib/jogl-all.jar;lib/gluegen-rt.jar;lib/gluegen-rt-natives-windows-amd64.jar;lib/gluegen-rt-natives-windows-i586.jar;lib/jogl-all-natives-windows-amd64.jar;lib/jogl-all-natives-windows-i586.jar
Launcher Type: SUN_STANDARD

[Global flags]
     intx CICompilerCount                          = 4                                         {product} {ergonomic}
     uint ConcGCThreads                            = 2                                         {product} {ergonomic}
     uint G1ConcRefinementThreads                  = 8                                         {product} {ergonomic}
   size_t G1HeapRegionSize                         = 1048576                                   {product} {ergonomic}
    uintx GCDrainStackTargetSize                   = 64                                        {product} {ergonomic}
   size_t InitialHeapSize                          = 130023424                                 {product} {ergonomic}
   size_t MarkStackSize                            = 4194304                                   {product} {ergonomic}
   size_t MaxHeapSize                              = 2055208960                                {product} {ergonomic}
   size_t MaxNewSize                               = 1233125376                                {product} {ergonomic}
   size_t MinHeapDeltaBytes                        = 1048576                                   {product} {ergonomic}
   size_t MinHeapSize                              = 8388608                                   {product} {ergonomic}
    uintx NonNMethodCodeHeapSize                   = 5839372                                {pd product} {ergonomic}
    uintx NonProfiledCodeHeapSize                  = 122909434                              {pd product} {ergonomic}
    uintx ProfiledCodeHeapSize                     = 122909434                              {pd product} {ergonomic}
    uintx ReservedCodeCacheSize                    = 251658240                              {pd product} {ergonomic}
     bool SegmentedCodeCache                       = true                                      {product} {ergonomic}
   size_t SoftMaxHeapSize                          = 2055208960                             {manageable} {ergonomic}
     bool UseCompressedClassPointers               = true                           {product lp64_product} {ergonomic}
     bool UseCompressedOops                        = true                           {product lp64_product} {ergonomic}
     bool UseG1GC                                  = true                                      {product} {ergonomic}
     bool UseLargePagesIndividualAllocation        = false                                  {pd product} {ergonomic}

Logging:
Log output configuration:
 #0: stdout all=off uptime,level,tags foldmultilines=false
 #1: stderr all=off uptime,level,tags foldmultilines=false

Environment Variables:
PATH=C:\Users\dmytr\bin;C:\Program Files\Git\mingw64\bin;C:\Program Files\Git\usr\local\bin;C:\Program Files\Git\usr\bin;C:\Program Files\Git\usr\bin;C:\Program Files\Git\mingw64\bin;C:\Program Files\Git\usr\bin;C:\Users\dmytr\bin;C:\Program Files\Common Files\Oracle\Java\javapath;C:\Python310\Scripts;C:\Python310;C:\windows\system32;C:\windows;C:\windows\System32\Wbem;C:\windows\System32\WindowsPowerShell\v1.0;C:\windows\System32\OpenSSH;C:\ProgramData\chocolatey\bin;C:\Program Files\nodejs;C:\Program Files\GitHub CLI;C:\Program Files\PuTTY;C:\Program Files (x86)\Windows Kits\10\Windows Performance Toolkit;C:\msys64\mingw64\bin;C:\Program Files\dotnet;C:\Program Files\Git\cmd;C:\Users\dmytr\AppData\Local\Microsoft\WindowsApps;C:\Users\dmytr\AppData\Local\Programs\Microsoft VS Code\bin;C:\Users\dmytr\AppData\Roaming\npm;C:\Users\dmytr\AppData\Local\GitHubDesktop\bin;C:\Users\dmytr\Documents\Programming\Pycharm\PyCharm Community Edition 2022.3.1\bin;C:\Program Files\Git\usr\bin\vendor_perl;C:\Program Files\Git\usr\bin\core_perl
USERNAME=dmytr
SHELL=C:\Program Files\Git\usr\bin\bash.exe
DISPLAY=needs-to-be-defined
LANG=en_US.UTF-8
TERM=xterm
TMPDIR=C:\Users\dmytr\AppData\Local\Temp
OS=Windows_NT
PROCESSOR_IDENTIFIER=Intel64 Family 6 Model 140 Stepping 1, GenuineIntel
TMP=C:\Users\dmytr\AppData\Local\Temp
TEMP=C:\Users\dmytr\AppData\Local\Temp



---------------  S Y S T E M  ---------------

OS:
 Windows 10 , 64 bit Build 19041 (10.0.19041.2546)
OS uptime: 1 days 13:24 hours

CPU: total 8 (initial active 8) (4 cores per cpu, 2 threads per core) family 6 model 140 stepping 1 microcode 0x8a, cx8, cmov, fxsr, ht, mmx, 3dnowpref, sse, sse2, sse3, ssse3, sse4.1, sse4.2, popcnt, lzcnt, tsc, tscinvbit, avx, avx2, aes, erms, clmul, bmi1, bmi2, adx, avx512f, avx512dq, avx512cd, avx512bw, avx512vl, sha, fma, vzeroupper, avx512_vpopcntdq, avx512_vpclmulqdq, avx512_vaes, avx512_vnni, clflush, clflushopt, clwb, avx512_vbmi2, avx512_vbmi, rdtscp, rdpid, fsrm, gfni, avx512_bitalg

Memory: 4k page, system-wide physical 7834M (1032M free)
TotalPageFile size 11418M (AvailPageFile size 2542M)
current process WorkingSet (physical memory assigned to process): 303M, peak: 311M
current process commit charge ("private bytes"): 327M, peak: 335M

vm_info: Java HotSpot(TM) 64-Bit Server VM (19.0.2+7-44) for windows-amd64 JRE (19.0.2+7-44), built on 2022-11-30T18:02:09Z by "mach5one" with MS VC++ 17.1 (VS2022)

END.
