#
# A fatal error has been detected by the Java Runtime Environment:
#
#  EXCEPTION_ACCESS_VIOLATION (0xc0000005) at pc=0x00007ffbaca6b8f7, pid=16636, tid=3552
#
# JRE version: Java(TM) SE Runtime Environment (19.0.2+7) (build 19.0.2+7-44)
# Java VM: Java HotSpot(TM) 64-Bit Server VM (19.0.2+7-44, mixed mode, sharing, tiered, compressed oops, compressed class ptrs, g1 gc, windows-amd64)
# Problematic frame:
# C  [igxelpicd64.dll+0x28b8f7]
#
# No core dump will be written. Minidumps are not enabled by default on client versions of Windows
#
# If you would like to submit a bug report, please visit:
#   https://bugreport.java.com/bugreport/crash.jsp
#

---------------  S U M M A R Y ------------

Command Line: ie.tudublin.Main

Host: 11th Gen Intel(R) Core(TM) i5-1135G7 @ 2.40GHz, 8 cores, 7G,  Windows 10 , 64 bit Build 19041 (10.0.19041.2546)
Time: Mon Mar 20 16:40:07 2023 GMT Standard Time elapsed time: 183.340832 seconds (0d 0h 3m 3s)

---------------  T H R E A D  ---------------

Current thread (0x0000022eebe6e910):  VMThread "VM Thread" [stack: 0x00000047ea700000,0x00000047ea800000] [id=3552]

Stack: [0x00000047ea700000,0x00000047ea800000],  sp=0x00000047ea7fe310,  free space=1016k
Native frames: (J=compiled Java code, j=interpreted, Vv=VM code, C=native code)
C  [igxelpicd64.dll+0x28b8f7]


siginfo: EXCEPTION_ACCESS_VIOLATION (0xc0000005), reading address 0x0000000000035448


Registers:
RAX=0x0000022e891b3c10, RBX=0x0000022ef0102450, RCX=0x0000000000000002, RDX=0x0000022e891b3b90
RSP=0x00000047ea7fe310, RBP=0x0000022e891b0c20, RSI=0x0000000000000000, RDI=0x0000022e891b3aa0
R8 =0x000000000060fd7a, R9 =0x0000000000000000, R10=0x0000000000000000, R11=0x0000000000000246
R12=0x0000022e891b3fd8, R13=0x0000000000000000, R14=0x0000000000610100, R15=0x0000000000000016
RIP=0x00007ffbaca6b8f7, EFLAGS=0x0000000000010202


Register to memory mapping:

RIP=0x00007ffbaca6b8f7 igxelpicd64.dll
RAX=0x0000022e891b3c10 points into unknown readable memory: 0x00000000006101b9 | b9 01 61 00 00 00 00 00
RBX=0x0000022ef0102450 points into unknown readable memory: 0x5e0dae000a5d0d00 | 00 0d 5d 0a 00 ae 0d 5e
RCX=0x0000000000000002 is an unknown value
RDX=0x0000022e891b3b90 points into unknown readable memory: 0x0000000000000000 | 00 00 00 00 00 00 00 00
RSP=0x00000047ea7fe310 points into unknown readable memory: 0x0000022ef0102450 | 50 24 10 f0 2e 02 00 00
RBP=0x0000022e891b0c20 points into unknown readable memory: 0x0000022ef0da5de0 | e0 5d da f0 2e 02 00 00
RSI=0x0 is NULL
RDI=0x0000022e891b3aa0 points into unknown readable memory: 0x0000022ef0da5de0 | e0 5d da f0 2e 02 00 00
R8 =0x000000000060fd7a is an unknown value
R9 =0x0 is NULL
R10=0x0 is NULL
R11=0x0000000000000246 is an unknown value
R12=0x0000022e891b3fd8 points into unknown readable memory: 0x0000022e891b0c20 | 20 0c 1b 89 2e 02 00 00
R13=0x0 is NULL
R14=0x0000000000610100 is an unknown value
R15=0x0000000000000016 is an unknown value


Top of Stack: (sp=0x00000047ea7fe310)
0x00000047ea7fe310:   0000022ef0102450 00cfdba4006af7a3
0x00000047ea7fe320:   00a422a5010304a5 0133c2a700608fa5
0x00000047ea7fe330:   0000022ef1d87878 00000000006101c5
0x00000047ea7fe340:   0000000000000000 0000000000000014
0x00000047ea7fe350:   0000000000000000 0000000000000000
0x00000047ea7fe360:   00000047ea7fe470 00007ffbaca62315
0x00000047ea7fe370:   0000022ef0d48550 0000022ef0102450
0x00000047ea7fe380:   014117ca00cad700 0138cccc0101c100
0x00000047ea7fe390:   00000047000488cc 0000b8020a250000
0x00000047ea7fe3a0:   0000000000000000 00fb8ed6014b83d3
0x00000047ea7fe3b0:   013ca3d7009ab7d6 007cf0d8013d79d8
0x00000047ea7fe3c0:   00d719da014411d9 027edcda007ed8da
0x00000047ea7fe3d0:   00d130dc00621cdc 01c6a8df01410bdd
0x00000047ea7fe3e0:   0136d8df0122d5df 012f19e301c8f5e0
0x00000047ea7fe3f0:   012bb9e6009b19e6 013b9be7013016e7
0x00000047ea7fe400:   01c6a4e80140ebe7 00f5d1e900a78ae9 

Instructions: (pc=0x00007ffbaca6b8f7)
0x00007ffbaca6b7f7:   56 41 57 48 83 ec 20 45 8a e9 48 8b da 48 8b f1
0x00007ffbaca6b807:   48 8b 15 32 62 c4 00 48 8d 48 08 e8 0d 07 dc ff
0x00007ffbaca6b817:   90 48 8b ab 80 02 00 00 48 8b 05 7a 6b b4 00 44
0x00007ffbaca6b827:   8b b8 b8 0a 00 00 45 33 d2 45 8a f2 4c 89 93 80
0x00007ffbaca6b837:   02 00 00 44 89 93 88 02 00 00 4c 89 93 a0 02 00
0x00007ffbaca6b847:   00 4c 89 93 90 02 00 00 48 85 f6 75 38 8b 3d 0e
0x00007ffbaca6b857:   39 c4 00 65 48 8b 04 25 58 00 00 00 b9 14 00 00
0x00007ffbaca6b867:   00 48 8b 04 f8 44 38 14 01 0f 84 01 02 00 00 65
0x00007ffbaca6b877:   48 8b 04 25 58 00 00 00 be 20 00 00 00 48 8b 04
0x00007ffbaca6b887:   f8 48 8b 34 06 48 3b 35 0d 5d c4 00 45 0f 44 fa
0x00007ffbaca6b897:   48 85 ed 0f 84 a9 00 00 00 44 8a 6c 24 70 48 8b
0x00007ffbaca6b8a7:   fd 4c 8d a5 38 05 00 00 49 8b 2c 24 45 84 ed 0f
0x00007ffbaca6b8b7:   85 a1 01 00 00 8b 8b d0 01 00 00 48 8b 05 d7 6a
0x00007ffbaca6b8c7:   b4 00 83 b8 64 03 00 00 02 75 32 48 8d 97 f0 00
0x00007ffbaca6b8d7:   00 00 83 f9 10 0f 83 a2 00 00 00 8b c1 48 c1 e0
0x00007ffbaca6b8e7:   06 48 03 c2 48 85 c0 0f 85 87 00 00 00 4d 8b c2
0x00007ffbaca6b8f7:   4c 3b 86 48 54 03 00 0f 87 75 15 6e 00 4c 39 97
0x00007ffbaca6b907:   90 05 00 00 0f 85 b3 16 6e 00 4c 8b cf 4c 8b c3
0x00007ffbaca6b917:   e8 34 b3 72 00 84 c0 0f 85 b8 00 00 00 48 8b d7
0x00007ffbaca6b927:   48 8b cb e8 91 f9 ff ff 45 33 d2 48 85 ed 0f 85
0x00007ffbaca6b937:   6a ff ff ff 45 84 f6 44 8a 6c 24 78 0f 85 a3 16
0x00007ffbaca6b947:   6e 00 48 8b cb 45 84 ed 0f 85 18 01 00 00 e8 86
0x00007ffbaca6b957:   f6 ff ff 90 48 8b 4c 24 60 48 8b 5c 24 68 48 83
0x00007ffbaca6b967:   c4 20 41 5f 41 5e 41 5d 41 5c 5f 5e 5d 48 ff 25
0x00007ffbaca6b977:   9d 37 80 00 4c 8b 40 08 e9 73 ff ff ff 44 8d 41
0x00007ffbaca6b987:   f0 41 8b c0 c1 e8 04 83 f8 03 72 1a 48 8b 82 18
0x00007ffbaca6b997:   04 00 00 48 85 c0 74 26 39 08 0f 84 ad 00 00 00
0x00007ffbaca6b9a7:   48 8b 40 48 eb ed 0f ae e8 41 83 e0 0f 4c 8b 8c
0x00007ffbaca6b9b7:   c2 00 04 00 00 4d 85 c9 0f 85 80 00 00 00 44 38
0x00007ffbaca6b9c7:   92 20 04 00 00 0f 84 22 ff ff ff 8b c1 83 e0 0f
0x00007ffbaca6b9d7:   e9 08 ff ff ff 48 8b 83 80 02 00 00 49 89 04 24
0x00007ffbaca6b9e7:   48 89 bb 80 02 00 00 ff 83 88 02 00 00 48 8b 4f 


Stack slot to memory mapping:
stack at sp + 0 slots: 0x0000022ef0102450 points into unknown readable memory: 0x5e0dae000a5d0d00 | 00 0d 5d 0a 00 ae 0d 5e
stack at sp + 1 slots: 0x00cfdba4006af7a3 is an unknown value
stack at sp + 2 slots: 0x00a422a5010304a5 is an unknown value
stack at sp + 3 slots: 0x0133c2a700608fa5 is an unknown value
stack at sp + 4 slots: 0x0000022ef1d87878 points into unknown readable memory: 0x0000000000040000 | 00 00 04 00 00 00 00 00
stack at sp + 5 slots: 0x00000000006101c5 is an unknown value
stack at sp + 6 slots: 0x0 is NULL
stack at sp + 7 slots: 0x0000000000000014 is an unknown value

VM_Operation (0x00000047ec6fea00): Exit, mode: safepoint, requested by thread 0x0000022ef1ce0d90


---------------  P R O C E S S  ---------------

Threads class SMR info:
_java_thread_list=0x0000022ef0d18f70, length=18, elements={
0x0000022eebe881d0, 0x0000022eebe88eb0, 0x0000022eebe8a9e0, 0x0000022eebe8c7d0,
0x0000022eebe8f770, 0x0000022eebe8fcc0, 0x0000022eebe92f50, 0x0000022eebe958d0,
0x0000022eebe90760, 0x0000022eebe90210, 0x0000022eebe8d240, 0x0000022eebe8d790,
0x0000022ef1ce3d60, 0x0000022ef1ce0d90, 0x0000022ef1cdfda0, 0x0000022ef1ce77d0,
0x0000022ef1ce2820, 0x0000022ef1ce1830
}

Java Threads: ( => current thread )
  0x0000022eebe881d0 JavaThread "Reference Handler" daemon [_thread_blocked, id=8568, stack(0x00000047ea800000,0x00000047ea900000)]
  0x0000022eebe88eb0 JavaThread "Finalizer" daemon [_thread_blocked, id=13876, stack(0x00000047ea900000,0x00000047eaa00000)]
  0x0000022eebe8a9e0 JavaThread "Signal Dispatcher" daemon [_thread_blocked, id=15848, stack(0x00000047eaa00000,0x00000047eab00000)]
  0x0000022eebe8c7d0 JavaThread "Attach Listener" daemon [_thread_blocked, id=88, stack(0x00000047eab00000,0x00000047eac00000)]
  0x0000022eebe8f770 JavaThread "Service Thread" daemon [_thread_blocked, id=5456, stack(0x00000047eac00000,0x00000047ead00000)]
  0x0000022eebe8fcc0 JavaThread "Monitor Deflation Thread" daemon [_thread_blocked, id=2532, stack(0x00000047ead00000,0x00000047eae00000)]
  0x0000022eebe92f50 JavaThread "C2 CompilerThread0" daemon [_thread_blocked, id=1692, stack(0x00000047eae00000,0x00000047eaf00000)]
  0x0000022eebe958d0 JavaThread "C1 CompilerThread0" daemon [_thread_blocked, id=8060, stack(0x00000047eaf00000,0x00000047eb000000)]
  0x0000022eebe90760 JavaThread "Sweeper thread" daemon [_thread_blocked, id=16088, stack(0x00000047eb000000,0x00000047eb100000)]
  0x0000022eebe90210 JavaThread "Notification Thread" daemon [_thread_blocked, id=10784, stack(0x00000047eb100000,0x00000047eb200000)]
  0x0000022eebe8d240 JavaThread "Common-Cleaner" daemon [_thread_blocked, id=12792, stack(0x00000047eb300000,0x00000047eb400000)]
  0x0000022eebe8d790 JavaThread "Java2D Disposer" daemon [_thread_blocked, id=8064, stack(0x00000047eb400000,0x00000047eb500000)]
  0x0000022ef1ce3d60 JavaThread "HighResTimerThread" daemon [_thread_blocked, id=1092, stack(0x00000047ec400000,0x00000047ec500000)]
  0x0000022ef1ce0d90 JavaThread "main-FPSAWTAnimator#00-Timer0" [_thread_blocked, id=10256, stack(0x00000047ec600000,0x00000047ec700000)]
  0x0000022ef1cdfda0 JavaThread "DestroyJavaVM" [_thread_blocked, id=6436, stack(0x00000047ea100000,0x00000047ea200000)]
  0x0000022ef1ce77d0 JavaThread "Java Sound Event Dispatcher" daemon [_thread_blocked, id=15560, stack(0x00000047eb500000,0x00000047eb600000)]
  0x0000022ef1ce2820 JavaThread "Thread-4" [_thread_blocked, id=11600, stack(0x00000047ecc00000,0x00000047ecd00000)]
  0x0000022ef1ce1830 JavaThread "AWT-Shutdown" [_thread_blocked, id=4588, stack(0x00000047ea000000,0x00000047ea100000)]

Other Threads:
=>0x0000022eebe6e910 VMThread "VM Thread" [stack: 0x00000047ea700000,0x00000047ea800000] [id=3552]
  0x0000022ecd94e2e0 WorkerThread "GC Thread#0" [stack: 0x00000047ea200000,0x00000047ea300000] [id=10832]
  0x0000022ef0d833c0 WorkerThread "GC Thread#1" [stack: 0x00000047ebd00000,0x00000047ebe00000] [id=17248]
  0x0000022ef0d84770 WorkerThread "GC Thread#2" [stack: 0x00000047ebe00000,0x00000047ebf00000] [id=12132]
  0x0000022ef0d84d10 WorkerThread "GC Thread#3" [stack: 0x00000047ebf00000,0x00000047ec000000] [id=15212]
  0x0000022ef0d83690 WorkerThread "GC Thread#4" [stack: 0x00000047ec000000,0x00000047ec100000] [id=10952]
  0x0000022ef0d83c30 WorkerThread "GC Thread#5" [stack: 0x00000047ec100000,0x00000047ec200000] [id=644]
  0x0000022ef0d84a40 WorkerThread "GC Thread#6" [stack: 0x00000047ec200000,0x00000047ec300000] [id=17104]
  0x0000022ef0d844a0 WorkerThread "GC Thread#7" [stack: 0x00000047ec300000,0x00000047ec400000] [id=13664]
  0x0000022ecd95f750 ConcurrentGCThread "G1 Main Marker" terminated
  0x0000022ecd960320 WorkerThread "G1 Conc#0" [stack: 0x00000047ea400000,0x00000047ea500000] [id=16248]
  0x0000022ef1fbb080 WorkerThread "G1 Conc#1" [stack: 0x00000047ed100000,0x00000047ed200000] [id=13200]
  0x0000022ecd9bd5e0 ConcurrentGCThread "G1 Refine#0" terminated
  0x0000022ecd9be120 ConcurrentGCThread "G1 Service" terminated

Threads with active compile tasks:

VM state: at safepoint (shutting down)

VM Mutex/Monitor currently owned by a thread:  ([mutex/lock_event])
[0x0000022ecb81a3d0] Threads_lock - owner thread: 0x0000022eebe6e910
[0x0000022ecb81a460] Heap_lock - owner thread: 0x0000022ef1ce0d90

Heap address: 0x0000000085800000, size: 1960 MB, Compressed Oops mode: 32-bit

CDS archive(s) mapped at: [0x0000000800000000-0x0000000800c40000-0x0000000800c40000), size 12845056, SharedBaseAddress: 0x0000000800000000, ArchiveRelocationMode: 0.
Compressed class space mapped at: 0x0000000801000000-0x0000000841000000, reserved size: 1073741824
Narrow klass base: 0x0000000800000000, Narrow klass shift: 0, Narrow klass range: 0x100000000

GC Precious Log:
 CardTable entry size: 512
 Card Set container configuration: InlinePtr #cards 5 size 8 Array Of Cards #cards 12 size 40 Howl #buckets 4 coarsen threshold 1843 Howl Bitmap #cards 512 size 80 coarsen threshold 460 Card regions per heap region 1 cards per card region 2048
 CPUs: 8 total, 8 available
 Memory: 7834M
 Large Page Support: Disabled
 NUMA Support: Disabled
 Compressed Oops: Enabled (32-bit)
 Heap Region Size: 1M
 Heap Min Capacity: 8M
 Heap Initial Capacity: 124M
 Heap Max Capacity: 1960M
 Pre-touch: Disabled
 Parallel Workers: 8
 Concurrent Workers: 2
 Concurrent Refinement Workers: 8
 Periodic GC: Disabled

Heap:
 garbage-first heap   total 153600K, used 78449K [0x0000000085800000, 0x0000000100000000)
  region size 1024K, 7 young (7168K), 1 survivors (1024K)
 Metaspace       used 14805K, committed 15040K, reserved 1114112K
  class space    used 1056K, committed 1152K, reserved 1048576K

Heap Regions: E=young(eden), S=young(survivor), O=old, HS=humongous(starts), HC=humongous(continues), CS=collection set, F=free, OA=open archive, CA=closed archive, TAMS=top-at-mark-start (previous, next)
|   0|0x0000000085800000, 0x0000000085800000, 0x0000000085900000|  0%| F|  |TAMS 0x0000000085800000, 0x0000000085800000| Untracked 
|   1|0x0000000085900000, 0x000000008598f400, 0x0000000085a00000| 55%| O|  |TAMS 0x000000008598f400, 0x0000000085900000| Untracked 
|   2|0x0000000085a00000, 0x0000000085b00000, 0x0000000085b00000|100%| O|  |TAMS 0x0000000085b00000, 0x0000000085a00000| Untracked 
|   3|0x0000000085b00000, 0x0000000085c00000, 0x0000000085c00000|100%| O|  |TAMS 0x0000000085c00000, 0x0000000085b00000| Untracked 
|   4|0x0000000085c00000, 0x0000000085d00000, 0x0000000085d00000|100%|HS|  |TAMS 0x0000000085d00000, 0x0000000085c00000| Complete 
|   5|0x0000000085d00000, 0x0000000085e00000, 0x0000000085e00000|100%|HC|  |TAMS 0x0000000085e00000, 0x0000000085d00000| Complete 
|   6|0x0000000085e00000, 0x0000000085f00000, 0x0000000085f00000|100%|HC|  |TAMS 0x0000000085f00000, 0x0000000085e00000| Complete 
|   7|0x0000000085f00000, 0x0000000086000000, 0x0000000086000000|100%|HC|  |TAMS 0x0000000086000000, 0x0000000085f00000| Complete 
|   8|0x0000000086000000, 0x0000000086100000, 0x0000000086100000|100%| O|  |TAMS 0x0000000086100000, 0x0000000086000000| Untracked 
|   9|0x0000000086100000, 0x0000000086200000, 0x0000000086200000|100%| O|  |TAMS 0x0000000086200000, 0x0000000086100000| Untracked 
|  10|0x0000000086200000, 0x0000000086300000, 0x0000000086300000|100%| O|  |TAMS 0x0000000086300000, 0x0000000086200000| Untracked 
|  11|0x0000000086300000, 0x0000000086400000, 0x0000000086400000|100%| O|  |TAMS 0x0000000086400000, 0x0000000086300000| Untracked 
|  12|0x0000000086400000, 0x0000000086500000, 0x0000000086500000|100%| O|  |TAMS 0x0000000086500000, 0x0000000086400000| Untracked 
|  13|0x0000000086500000, 0x0000000086600000, 0x0000000086600000|100%| O|  |TAMS 0x0000000086600000, 0x0000000086500000| Untracked 
|  14|0x0000000086600000, 0x0000000086700000, 0x0000000086700000|100%| O|  |TAMS 0x0000000086700000, 0x0000000086600000| Untracked 
|  15|0x0000000086700000, 0x0000000086800000, 0x0000000086800000|100%|HS|  |TAMS 0x0000000086800000, 0x0000000086700000| Complete 
|  16|0x0000000086800000, 0x0000000086900000, 0x0000000086900000|100%|HC|  |TAMS 0x0000000086900000, 0x0000000086800000| Complete 
|  17|0x0000000086900000, 0x0000000086a00000, 0x0000000086a00000|100%|HC|  |TAMS 0x0000000086a00000, 0x0000000086900000| Complete 
|  18|0x0000000086a00000, 0x0000000086b00000, 0x0000000086b00000|100%|HC|  |TAMS 0x0000000086b00000, 0x0000000086a00000| Complete 
|  19|0x0000000086b00000, 0x0000000086c00000, 0x0000000086c00000|100%|HS|  |TAMS 0x0000000086c00000, 0x0000000086b00000| Complete 
|  20|0x0000000086c00000, 0x0000000086d00000, 0x0000000086d00000|100%|HC|  |TAMS 0x0000000086d00000, 0x0000000086c00000| Complete 
|  21|0x0000000086d00000, 0x0000000086e00000, 0x0000000086e00000|100%| O|  |TAMS 0x0000000086e00000, 0x0000000086d00000| Untracked 
|  22|0x0000000086e00000, 0x0000000086f00000, 0x0000000086f00000|100%| O|  |TAMS 0x0000000086f00000, 0x0000000086e00000| Untracked 
|  23|0x0000000086f00000, 0x0000000087000000, 0x0000000087000000|100%| O|  |TAMS 0x0000000087000000, 0x0000000086f00000| Untracked 
|  24|0x0000000087000000, 0x0000000087100000, 0x0000000087100000|100%| O|  |TAMS 0x0000000087100000, 0x0000000087000000| Untracked 
|  25|0x0000000087100000, 0x0000000087200000, 0x0000000087200000|100%| O|  |TAMS 0x0000000087200000, 0x0000000087100000| Untracked 
|  26|0x0000000087200000, 0x0000000087300000, 0x0000000087300000|100%| O|  |TAMS 0x0000000087300000, 0x0000000087200000| Untracked 
|  27|0x0000000087300000, 0x0000000087400000, 0x0000000087400000|100%| O|  |TAMS 0x0000000087400000, 0x0000000087300000| Untracked 
|  28|0x0000000087400000, 0x0000000087500000, 0x0000000087500000|100%| O|  |TAMS 0x0000000087500000, 0x0000000087400000| Untracked 
|  29|0x0000000087500000, 0x0000000087600000, 0x0000000087600000|100%| O|  |TAMS 0x0000000087600000, 0x0000000087500000| Untracked 
|  30|0x0000000087600000, 0x0000000087700000, 0x0000000087700000|100%| O|  |TAMS 0x0000000087700000, 0x0000000087600000| Untracked 
|  31|0x0000000087700000, 0x0000000087800000, 0x0000000087800000|100%| O|  |TAMS 0x0000000087800000, 0x0000000087700000| Untracked 
|  32|0x0000000087800000, 0x0000000087900000, 0x0000000087900000|100%| O|  |TAMS 0x0000000087900000, 0x0000000087800000| Untracked 
|  33|0x0000000087900000, 0x0000000087a00000, 0x0000000087a00000|100%| O|  |TAMS 0x0000000087a00000, 0x0000000087900000| Untracked 
|  34|0x0000000087a00000, 0x0000000087b00000, 0x0000000087b00000|100%| O|  |TAMS 0x0000000087b00000, 0x0000000087a00000| Untracked 
|  35|0x0000000087b00000, 0x0000000087c00000, 0x0000000087c00000|100%| O|  |TAMS 0x0000000087c00000, 0x0000000087b00000| Complete 
|  36|0x0000000087c00000, 0x0000000087d00000, 0x0000000087d00000|100%| O|  |TAMS 0x0000000087d00000, 0x0000000087c00000| Complete 
|  37|0x0000000087d00000, 0x0000000087e00000, 0x0000000087e00000|100%| O|  |TAMS 0x0000000087e00000, 0x0000000087d00000| Untracked 
|  38|0x0000000087e00000, 0x0000000087f00000, 0x0000000087f00000|100%| O|  |TAMS 0x0000000087f00000, 0x0000000087e00000| Untracked 
|  39|0x0000000087f00000, 0x0000000088000000, 0x0000000088000000|100%| O|  |TAMS 0x0000000088000000, 0x0000000087f00000| Untracked 
|  40|0x0000000088000000, 0x0000000088100000, 0x0000000088100000|100%| O|  |TAMS 0x0000000088100000, 0x0000000088000000| Untracked 
|  41|0x0000000088100000, 0x0000000088200000, 0x0000000088200000|100%| O|  |TAMS 0x0000000088200000, 0x0000000088100000| Untracked 
|  42|0x0000000088200000, 0x0000000088300000, 0x0000000088300000|100%| O|  |TAMS 0x0000000088300000, 0x0000000088200000| Untracked 
|  43|0x0000000088300000, 0x0000000088400000, 0x0000000088400000|100%| O|  |TAMS 0x0000000088400000, 0x0000000088300000| Untracked 
|  44|0x0000000088400000, 0x0000000088500000, 0x0000000088500000|100%| O|  |TAMS 0x0000000088500000, 0x0000000088400000| Untracked 
|  45|0x0000000088500000, 0x0000000088600000, 0x0000000088600000|100%| O|  |TAMS 0x0000000088600000, 0x0000000088500000| Untracked 
|  46|0x0000000088600000, 0x0000000088700000, 0x0000000088700000|100%| O|  |TAMS 0x0000000088700000, 0x0000000088600000| Untracked 
|  47|0x0000000088700000, 0x0000000088800000, 0x0000000088800000|100%| O|  |TAMS 0x0000000088800000, 0x0000000088700000| Untracked 
|  48|0x0000000088800000, 0x0000000088900000, 0x0000000088900000|100%| O|  |TAMS 0x0000000088900000, 0x0000000088800000| Untracked 
|  49|0x0000000088900000, 0x0000000088a00000, 0x0000000088a00000|100%| O|  |TAMS 0x0000000088a00000, 0x0000000088900000| Untracked 
|  50|0x0000000088a00000, 0x0000000088b00000, 0x0000000088b00000|100%| O|  |TAMS 0x0000000088b00000, 0x0000000088a00000| Untracked 
|  51|0x0000000088b00000, 0x0000000088c00000, 0x0000000088c00000|100%| O|  |TAMS 0x0000000088c00000, 0x0000000088b00000| Untracked 
|  52|0x0000000088c00000, 0x0000000088d00000, 0x0000000088d00000|100%| O|  |TAMS 0x0000000088d00000, 0x0000000088c00000| Untracked 
|  53|0x0000000088d00000, 0x0000000088e00000, 0x0000000088e00000|100%| O|  |TAMS 0x0000000088e00000, 0x0000000088d00000| Untracked 
|  54|0x0000000088e00000, 0x0000000088f00000, 0x0000000088f00000|100%| O|  |TAMS 0x0000000088f00000, 0x0000000088e00000| Untracked 
|  55|0x0000000088f00000, 0x0000000089000000, 0x0000000089000000|100%| O|  |TAMS 0x0000000089000000, 0x0000000088f00000| Untracked 
|  56|0x0000000089000000, 0x0000000089100000, 0x0000000089100000|100%| O|  |TAMS 0x0000000089100000, 0x0000000089000000| Untracked 
|  57|0x0000000089100000, 0x0000000089200000, 0x0000000089200000|100%| O|  |TAMS 0x0000000089200000, 0x0000000089100000| Untracked 
|  58|0x0000000089200000, 0x0000000089300000, 0x0000000089300000|100%| O|  |TAMS 0x0000000089300000, 0x0000000089200000| Untracked 
|  59|0x0000000089300000, 0x0000000089400000, 0x0000000089400000|100%| O|  |TAMS 0x0000000089400000, 0x0000000089300000| Untracked 
|  60|0x0000000089400000, 0x0000000089500000, 0x0000000089500000|100%| O|  |TAMS 0x0000000089500000, 0x0000000089400000| Untracked 
|  61|0x0000000089500000, 0x0000000089600000, 0x0000000089600000|100%| O|  |TAMS 0x0000000089600000, 0x0000000089500000| Untracked 
|  62|0x0000000089600000, 0x0000000089700000, 0x0000000089700000|100%| O|  |TAMS 0x0000000089700000, 0x0000000089600000| Untracked 
|  63|0x0000000089700000, 0x0000000089800000, 0x0000000089800000|100%| O|  |TAMS 0x0000000089800000, 0x0000000089700000| Untracked 
|  64|0x0000000089800000, 0x0000000089800000, 0x0000000089900000|  0%| F|  |TAMS 0x0000000089800000, 0x0000000089800000| Untracked 
|  65|0x0000000089900000, 0x0000000089a00000, 0x0000000089a00000|100%| O|  |TAMS 0x0000000089a00000, 0x0000000089900000| Untracked 
|  66|0x0000000089a00000, 0x0000000089b00000, 0x0000000089b00000|100%| O|  |TAMS 0x0000000089b00000, 0x0000000089a00000| Untracked 
|  67|0x0000000089b00000, 0x0000000089b00000, 0x0000000089c00000|  0%| F|  |TAMS 0x0000000089b00000, 0x0000000089b00000| Untracked 
|  68|0x0000000089c00000, 0x0000000089c00000, 0x0000000089d00000|  0%| F|  |TAMS 0x0000000089c00000, 0x0000000089c00000| Untracked 
|  69|0x0000000089d00000, 0x0000000089d00000, 0x0000000089e00000|  0%| F|  |TAMS 0x0000000089d00000, 0x0000000089d00000| Untracked 
|  70|0x0000000089e00000, 0x0000000089f00000, 0x0000000089f00000|100%| O|  |TAMS 0x0000000089f00000, 0x0000000089e00000| Untracked 
|  71|0x0000000089f00000, 0x000000008a000000, 0x000000008a000000|100%| O|  |TAMS 0x000000008a000000, 0x0000000089f00000| Untracked 
|  72|0x000000008a000000, 0x000000008a100000, 0x000000008a100000|100%| O|  |TAMS 0x000000008a100000, 0x000000008a000000| Untracked 
|  73|0x000000008a100000, 0x000000008a100000, 0x000000008a200000|  0%| F|  |TAMS 0x000000008a100000, 0x000000008a100000| Untracked 
|  74|0x000000008a200000, 0x000000008a200000, 0x000000008a300000|  0%| F|  |TAMS 0x000000008a200000, 0x000000008a200000| Untracked 
|  75|0x000000008a300000, 0x000000008a400000, 0x000000008a400000|100%|HS|  |TAMS 0x000000008a400000, 0x000000008a300000| Complete 
|  76|0x000000008a400000, 0x000000008a500000, 0x000000008a500000|100%| O|  |TAMS 0x000000008a500000, 0x000000008a400000| Untracked 
|  77|0x000000008a500000, 0x000000008a600000, 0x000000008a600000|100%| O|  |TAMS 0x000000008a600000, 0x000000008a500000| Untracked 
|  78|0x000000008a600000, 0x000000008a700000, 0x000000008a700000|100%| O|  |TAMS 0x000000008a700000, 0x000000008a600000| Untracked 
|  79|0x000000008a700000, 0x000000008a700000, 0x000000008a800000|  0%| F|  |TAMS 0x000000008a700000, 0x000000008a700000| Untracked 
|  80|0x000000008a800000, 0x000000008a800000, 0x000000008a900000|  0%| F|  |TAMS 0x000000008a800000, 0x000000008a800000| Untracked 
|  81|0x000000008a900000, 0x000000008a900000, 0x000000008aa00000|  0%| F|  |TAMS 0x000000008a900000, 0x000000008a900000| Untracked 
|  82|0x000000008aa00000, 0x000000008aa00000, 0x000000008ab00000|  0%| F|  |TAMS 0x000000008aa00000, 0x000000008aa00000| Untracked 
|  83|0x000000008ab00000, 0x000000008ab00000, 0x000000008ac00000|  0%| F|  |TAMS 0x000000008ab00000, 0x000000008ab00000| Untracked 
|  84|0x000000008ac00000, 0x000000008ac00000, 0x000000008ad00000|  0%| F|  |TAMS 0x000000008ac00000, 0x000000008ac00000| Untracked 
|  85|0x000000008ad00000, 0x000000008ad00000, 0x000000008ae00000|  0%| F|  |TAMS 0x000000008ad00000, 0x000000008ad00000| Untracked 
|  86|0x000000008ae00000, 0x000000008ae00000, 0x000000008af00000|  0%| F|  |TAMS 0x000000008ae00000, 0x000000008ae00000| Untracked 
|  87|0x000000008af00000, 0x000000008af00000, 0x000000008b000000|  0%| F|  |TAMS 0x000000008af00000, 0x000000008af00000| Untracked 
|  88|0x000000008b000000, 0x000000008b000000, 0x000000008b100000|  0%| F|  |TAMS 0x000000008b000000, 0x000000008b000000| Untracked 
|  89|0x000000008b100000, 0x000000008b100000, 0x000000008b200000|  0%| F|  |TAMS 0x000000008b100000, 0x000000008b100000| Untracked 
|  90|0x000000008b200000, 0x000000008b200000, 0x000000008b300000|  0%| F|  |TAMS 0x000000008b200000, 0x000000008b200000| Untracked 
|  91|0x000000008b300000, 0x000000008b300000, 0x000000008b400000|  0%| F|  |TAMS 0x000000008b300000, 0x000000008b300000| Untracked 
|  92|0x000000008b400000, 0x000000008b400000, 0x000000008b500000|  0%| F|  |TAMS 0x000000008b400000, 0x000000008b400000| Untracked 
|  93|0x000000008b500000, 0x000000008b500000, 0x000000008b600000|  0%| F|  |TAMS 0x000000008b500000, 0x000000008b500000| Untracked 
|  94|0x000000008b600000, 0x000000008b600000, 0x000000008b700000|  0%| F|  |TAMS 0x000000008b600000, 0x000000008b600000| Untracked 
|  95|0x000000008b700000, 0x000000008b700000, 0x000000008b800000|  0%| F|  |TAMS 0x000000008b700000, 0x000000008b700000| Untracked 
|  96|0x000000008b800000, 0x000000008b80d1a0, 0x000000008b900000|  5%| S|CS|TAMS 0x000000008b800000, 0x000000008b800000| Complete 
|  97|0x000000008b900000, 0x000000008b900000, 0x000000008ba00000|  0%| F|  |TAMS 0x000000008b900000, 0x000000008b900000| Untracked 
|  98|0x000000008ba00000, 0x000000008ba00000, 0x000000008bb00000|  0%| F|  |TAMS 0x000000008ba00000, 0x000000008ba00000| Untracked 
|  99|0x000000008bb00000, 0x000000008bb00000, 0x000000008bc00000|  0%| F|  |TAMS 0x000000008bb00000, 0x000000008bb00000| Untracked 
| 100|0x000000008bc00000, 0x000000008bc00000, 0x000000008bd00000|  0%| F|  |TAMS 0x000000008bc00000, 0x000000008bc00000| Untracked 
| 101|0x000000008bd00000, 0x000000008bd00000, 0x000000008be00000|  0%| F|  |TAMS 0x000000008bd00000, 0x000000008bd00000| Untracked 
| 102|0x000000008be00000, 0x000000008be00000, 0x000000008bf00000|  0%| F|  |TAMS 0x000000008be00000, 0x000000008be00000| Untracked 
| 103|0x000000008bf00000, 0x000000008bf00000, 0x000000008c000000|  0%| F|  |TAMS 0x000000008bf00000, 0x000000008bf00000| Untracked 
| 104|0x000000008c000000, 0x000000008c000000, 0x000000008c100000|  0%| F|  |TAMS 0x000000008c000000, 0x000000008c000000| Untracked 
| 105|0x000000008c100000, 0x000000008c100000, 0x000000008c200000|  0%| F|  |TAMS 0x000000008c100000, 0x000000008c100000| Untracked 
| 106|0x000000008c200000, 0x000000008c200000, 0x000000008c300000|  0%| F|  |TAMS 0x000000008c200000, 0x000000008c200000| Untracked 
| 107|0x000000008c300000, 0x000000008c300000, 0x000000008c400000|  0%| F|  |TAMS 0x000000008c300000, 0x000000008c300000| Untracked 
| 108|0x000000008c400000, 0x000000008c400000, 0x000000008c500000|  0%| F|  |TAMS 0x000000008c400000, 0x000000008c400000| Untracked 
| 109|0x000000008c500000, 0x000000008c500000, 0x000000008c600000|  0%| F|  |TAMS 0x000000008c500000, 0x000000008c500000| Untracked 
| 110|0x000000008c600000, 0x000000008c600000, 0x000000008c700000|  0%| F|  |TAMS 0x000000008c600000, 0x000000008c600000| Untracked 
| 111|0x000000008c700000, 0x000000008c700000, 0x000000008c800000|  0%| F|  |TAMS 0x000000008c700000, 0x000000008c700000| Untracked 
| 112|0x000000008c800000, 0x000000008c800000, 0x000000008c900000|  0%| F|  |TAMS 0x000000008c800000, 0x000000008c800000| Untracked 
| 113|0x000000008c900000, 0x000000008c900000, 0x000000008ca00000|  0%| F|  |TAMS 0x000000008c900000, 0x000000008c900000| Untracked 
| 114|0x000000008ca00000, 0x000000008ca00000, 0x000000008cb00000|  0%| F|  |TAMS 0x000000008ca00000, 0x000000008ca00000| Untracked 
| 115|0x000000008cb00000, 0x000000008cb00000, 0x000000008cc00000|  0%| F|  |TAMS 0x000000008cb00000, 0x000000008cb00000| Untracked 
| 116|0x000000008cc00000, 0x000000008cc00000, 0x000000008cd00000|  0%| F|  |TAMS 0x000000008cc00000, 0x000000008cc00000| Untracked 
| 117|0x000000008cd00000, 0x000000008cd00000, 0x000000008ce00000|  0%| F|  |TAMS 0x000000008cd00000, 0x000000008cd00000| Untracked 
| 118|0x000000008ce00000, 0x000000008ce00000, 0x000000008cf00000|  0%| F|  |TAMS 0x000000008ce00000, 0x000000008ce00000| Untracked 
| 119|0x000000008cf00000, 0x000000008cf00000, 0x000000008d000000|  0%| F|  |TAMS 0x000000008cf00000, 0x000000008cf00000| Untracked 
| 120|0x000000008d000000, 0x000000008d000000, 0x000000008d100000|  0%| F|  |TAMS 0x000000008d000000, 0x000000008d000000| Untracked 
| 121|0x000000008d100000, 0x000000008d100000, 0x000000008d200000|  0%| F|  |TAMS 0x000000008d100000, 0x000000008d100000| Untracked 
| 122|0x000000008d200000, 0x000000008d200000, 0x000000008d300000|  0%| F|  |TAMS 0x000000008d200000, 0x000000008d200000| Untracked 
| 123|0x000000008d300000, 0x000000008d300000, 0x000000008d400000|  0%| F|  |TAMS 0x000000008d300000, 0x000000008d300000| Untracked 
| 124|0x000000008d400000, 0x000000008d400000, 0x000000008d500000|  0%| F|  |TAMS 0x000000008d400000, 0x000000008d400000| Untracked 
| 125|0x000000008d500000, 0x000000008d500000, 0x000000008d600000|  0%| F|  |TAMS 0x000000008d500000, 0x000000008d500000| Untracked 
| 126|0x000000008d600000, 0x000000008d600000, 0x000000008d700000|  0%| F|  |TAMS 0x000000008d600000, 0x000000008d600000| Untracked 
| 127|0x000000008d700000, 0x000000008d700000, 0x000000008d800000|  0%| F|  |TAMS 0x000000008d700000, 0x000000008d700000| Untracked 
| 128|0x000000008d800000, 0x000000008d800000, 0x000000008d900000|  0%| F|  |TAMS 0x000000008d800000, 0x000000008d800000| Untracked 
| 129|0x000000008d900000, 0x000000008d900000, 0x000000008da00000|  0%| F|  |TAMS 0x000000008d900000, 0x000000008d900000| Untracked 
| 130|0x000000008da00000, 0x000000008da00000, 0x000000008db00000|  0%| F|  |TAMS 0x000000008da00000, 0x000000008da00000| Untracked 
| 131|0x000000008db00000, 0x000000008db00000, 0x000000008dc00000|  0%| F|  |TAMS 0x000000008db00000, 0x000000008db00000| Untracked 
| 132|0x000000008dc00000, 0x000000008dc00000, 0x000000008dd00000|  0%| F|  |TAMS 0x000000008dc00000, 0x000000008dc00000| Untracked 
| 133|0x000000008dd00000, 0x000000008dd00000, 0x000000008de00000|  0%| F|  |TAMS 0x000000008dd00000, 0x000000008dd00000| Untracked 
| 134|0x000000008de00000, 0x000000008de00000, 0x000000008df00000|  0%| F|  |TAMS 0x000000008de00000, 0x000000008de00000| Untracked 
| 135|0x000000008df00000, 0x000000008df00000, 0x000000008e000000|  0%| F|  |TAMS 0x000000008df00000, 0x000000008df00000| Untracked 
| 136|0x000000008e000000, 0x000000008e000000, 0x000000008e100000|  0%| F|  |TAMS 0x000000008e000000, 0x000000008e000000| Untracked 
| 137|0x000000008e100000, 0x000000008e100000, 0x000000008e200000|  0%| F|  |TAMS 0x000000008e100000, 0x000000008e100000| Untracked 
| 138|0x000000008e200000, 0x000000008e200000, 0x000000008e300000|  0%| F|  |TAMS 0x000000008e200000, 0x000000008e200000| Untracked 
| 139|0x000000008e300000, 0x000000008e300000, 0x000000008e400000|  0%| F|  |TAMS 0x000000008e300000, 0x000000008e300000| Untracked 
| 140|0x000000008e400000, 0x000000008e400000, 0x000000008e500000|  0%| F|  |TAMS 0x000000008e400000, 0x000000008e400000| Untracked 
| 141|0x000000008e500000, 0x000000008e500000, 0x000000008e600000|  0%| F|  |TAMS 0x000000008e500000, 0x000000008e500000| Untracked 
| 142|0x000000008e600000, 0x000000008e600000, 0x000000008e700000|  0%| F|  |TAMS 0x000000008e600000, 0x000000008e600000| Untracked 
| 143|0x000000008e700000, 0x000000008e700000, 0x000000008e800000|  0%| F|  |TAMS 0x000000008e700000, 0x000000008e700000| Untracked 
| 144|0x000000008e800000, 0x000000008e89e288, 0x000000008e900000| 61%| E|  |TAMS 0x000000008e800000, 0x000000008e800000| Complete 
| 145|0x000000008e900000, 0x000000008ea00000, 0x000000008ea00000|100%| E|CS|TAMS 0x000000008e900000, 0x000000008e900000| Complete 
| 146|0x000000008ea00000, 0x000000008eb00000, 0x000000008eb00000|100%| E|CS|TAMS 0x000000008ea00000, 0x000000008ea00000| Complete 
| 147|0x000000008eb00000, 0x000000008ec00000, 0x000000008ec00000|100%| E|CS|TAMS 0x000000008eb00000, 0x000000008eb00000| Complete 
| 148|0x000000008ec00000, 0x000000008ed00000, 0x000000008ed00000|100%| E|CS|TAMS 0x000000008ec00000, 0x000000008ec00000| Complete 
| 149|0x000000008ed00000, 0x000000008ee00000, 0x000000008ee00000|100%| E|CS|TAMS 0x000000008ed00000, 0x000000008ed00000| Complete 

Card table byte_map: [0x0000022ee4f70000,0x0000022ee5350000] _byte_map_base: 0x0000022ee4b44000

Marking Bits (Prev, Next): (CMBitMap*) 0x0000022ecd94f960, (CMBitMap*) 0x0000022ecd94f920
 Prev Bits: [0x0000022ee75d0000, 0x0000022ee9470000)
 Next Bits: [0x0000022ee5730000, 0x0000022ee75d0000)

Polling page: 0x0000022ecb8b0000

Metaspace:

Usage:
  Non-class:     13.43 MB used.
      Class:      1.03 MB used.
       Both:     14.46 MB used.

Virtual space:
  Non-class space:       64.00 MB reserved,      13.56 MB ( 21%) committed,  1 nodes.
      Class space:        1.00 GB reserved,       1.12 MB ( <1%) committed,  1 nodes.
             Both:        1.06 GB reserved,      14.69 MB (  1%) committed. 

Chunk freelists:
   Non-Class:  1.58 MB
       Class:  2.82 MB
        Both:  4.40 MB

MaxMetaspaceSize: unlimited
CompressedClassSpaceSize: 1.00 GB
Initial GC threshold: 21.00 MB
Current GC threshold: 24.38 MB
CDS: on
MetaspaceReclaimPolicy: balanced
 - commit_granule_bytes: 65536.
 - commit_granule_words: 8192.
 - virtual_space_node_default_size: 8388608.
 - enlarge_chunks_in_place: 1.
 - new_chunks_are_fully_committed: 0.
 - uncommit_free_chunks: 1.
 - use_allocation_guard: 0.


Internal statistics:

num_allocs_failed_limit: 0.
num_arena_births: 200.
num_arena_deaths: 0.
num_vsnodes_births: 2.
num_vsnodes_deaths: 0.
num_space_committed: 231.
num_space_uncommitted: 0.
num_chunks_returned_to_freelist: 0.
num_chunks_taken_from_freelist: 514.
num_chunk_merges: 0.
num_chunk_splits: 406.
num_chunks_enlarged: 329.
num_inconsistent_stats: 0.

CodeHeap 'non-profiled nmethods': size=120000Kb used=1887Kb max_used=1887Kb free=118112Kb
 bounds [0x0000022edd330000, 0x0000022edd5a0000, 0x0000022ee4860000]
CodeHeap 'profiled nmethods': size=120000Kb used=5013Kb max_used=5013Kb free=114987Kb
 bounds [0x0000022ed5860000, 0x0000022ed5d50000, 0x0000022edcd90000]
CodeHeap 'non-nmethods': size=5760Kb used=1651Kb max_used=1690Kb free=4108Kb
 bounds [0x0000022edcd90000, 0x0000022edd000000, 0x0000022edd330000]
 total_blobs=3686 nmethods=2723 adapters=874
 compilation: enabled
              stopped_count=0, restarted_count=0
 full_count=0

Compilation events (20 events):
Event: 177.526 Thread 0x0000022eebe92f50 2714       4       jogamp.opengl.gl4.GL4bcImpl::glBlendEquationSeparate (45 bytes)
Event: 177.526 Thread 0x0000022eebe92f50 nmethod 2714 0x0000022edd4fdc10 code [0x0000022edd4fdda0, 0x0000022edd4fde88]
Event: 177.529 Thread 0x0000022eebe92f50 2715   !   4       jogamp.opengl.GLDrawableImpl::swapBuffers (138 bytes)
Event: 177.536 Thread 0x0000022eebe92f50 nmethod 2715 0x0000022edd4fdf90 code [0x0000022edd4fe200, 0x0000022edd4feaf0]
Event: 177.546 Thread 0x0000022eebe92f50 2716       4       processing.opengl.PGraphicsOpenGL::updateLineBuffers (219 bytes)
Event: 177.574 Thread 0x0000022eebe92f50 nmethod 2716 0x0000022edd4ff510 code [0x0000022edd4ff840, 0x0000022edd501550]
Event: 177.574 Thread 0x0000022eebe92f50 2717       4       processing.opengl.PGraphicsOpenGL$TessGeometry::updateLineDirectionsBuffer (18 bytes)
Event: 177.577 Thread 0x0000022eebe92f50 nmethod 2717 0x0000022edd503890 code [0x0000022edd503a40, 0x0000022edd503e78]
Event: 177.601 Thread 0x0000022eebe92f50 2718       4       processing.opengl.PGraphicsOpenGL::createPolyBuffers (316 bytes)
Event: 177.607 Thread 0x0000022eebe92f50 nmethod 2718 0x0000022edd504490 code [0x0000022edd504640, 0x0000022edd504a38]
Event: 181.575 Thread 0x0000022eebe92f50 2719       4       jogamp.opengl.gl4.GL4bcImpl::glBlendFuncSeparate (51 bytes)
Event: 181.575 Thread 0x0000022eebe92f50 nmethod 2719 0x0000022edd504e90 code [0x0000022edd505020, 0x0000022edd505128]
Event: 181.588 Thread 0x0000022eebe92f50 2720       4       processing.opengl.PGraphicsOpenGL::beginDraw (162 bytes)
Event: 181.603 Thread 0x0000022eebe92f50 nmethod 2720 0x0000022edd505210 code [0x0000022edd5054a0, 0x0000022edd506300]
Event: 181.603 Thread 0x0000022eebe92f50 2721       4       jogamp.opengl.gl4.GL4bcImpl::glDepthFunc (43 bytes)
Event: 181.604 Thread 0x0000022eebe92f50 nmethod 2721 0x0000022edd507390 code [0x0000022edd507520, 0x0000022edd507608]
Event: 181.615 Thread 0x0000022eebe92f50 2722       4       jogamp.opengl.gl4.GL4bcImpl::glUniform4f (53 bytes)
Event: 181.616 Thread 0x0000022eebe92f50 nmethod 2722 0x0000022edd507710 code [0x0000022edd5078a0, 0x0000022edd5079a8]
Event: 181.616 Thread 0x0000022eebe92f50 2723       4       processing.opengl.PGraphicsOpenGL::noLightFalloff (34 bytes)
Event: 181.616 Thread 0x0000022eebe92f50 nmethod 2723 0x0000022edd507a90 code [0x0000022edd507c20, 0x0000022edd507d18]

GC Heap History (20 events):
Event: 38.569 GC heap before
{Heap before GC invocations=10 (full 0):
 garbage-first heap   total 153600K, used 110155K [0x0000000085800000, 0x0000000100000000)
  region size 1024K, 33 young (33792K), 1 survivors (1024K)
 Metaspace       used 14749K, committed 14976K, reserved 1114112K
  class space    used 1052K, committed 1152K, reserved 1048576K
}
Event: 38.570 GC heap after
{Heap after GC invocations=11 (full 0):
 garbage-first heap   total 153600K, used 77359K [0x0000000085800000, 0x0000000100000000)
  region size 1024K, 1 young (1024K), 1 survivors (1024K)
 Metaspace       used 14749K, committed 14976K, reserved 1114112K
  class space    used 1052K, committed 1152K, reserved 1048576K
}
Event: 41.600 GC heap before
{Heap before GC invocations=11 (full 0):
 garbage-first heap   total 153600K, used 83503K [0x0000000085800000, 0x0000000100000000)
  region size 1024K, 7 young (7168K), 1 survivors (1024K)
 Metaspace       used 14749K, committed 14976K, reserved 1114112K
  class space    used 1052K, committed 1152K, reserved 1048576K
}
Event: 41.601 GC heap after
{Heap after GC invocations=12 (full 0):
 garbage-first heap   total 153600K, used 75062K [0x0000000085800000, 0x0000000100000000)
  region size 1024K, 1 young (1024K), 1 survivors (1024K)
 Metaspace       used 14749K, committed 14976K, reserved 1114112K
  class space    used 1052K, committed 1152K, reserved 1048576K
}
Event: 59.903 GC heap before
{Heap before GC invocations=12 (full 0):
 garbage-first heap   total 153600K, used 112950K [0x0000000085800000, 0x0000000100000000)
  region size 1024K, 38 young (38912K), 1 survivors (1024K)
 Metaspace       used 14749K, committed 14976K, reserved 1114112K
  class space    used 1052K, committed 1152K, reserved 1048576K
}
Event: 59.904 GC heap after
{Heap after GC invocations=13 (full 0):
 garbage-first heap   total 153600K, used 75064K [0x0000000085800000, 0x0000000100000000)
  region size 1024K, 1 young (1024K), 1 survivors (1024K)
 Metaspace       used 14749K, committed 14976K, reserved 1114112K
  class space    used 1052K, committed 1152K, reserved 1048576K
}
Event: 79.560 GC heap before
{Heap before GC invocations=14 (full 0):
 garbage-first heap   total 153600K, used 116024K [0x0000000085800000, 0x0000000100000000)
  region size 1024K, 41 young (41984K), 1 survivors (1024K)
 Metaspace       used 14749K, committed 14976K, reserved 1114112K
  class space    used 1052K, committed 1152K, reserved 1048576K
}
Event: 79.561 GC heap after
{Heap after GC invocations=15 (full 0):
 garbage-first heap   total 153600K, used 75064K [0x0000000085800000, 0x0000000100000000)
  region size 1024K, 1 young (1024K), 1 survivors (1024K)
 Metaspace       used 14749K, committed 14976K, reserved 1114112K
  class space    used 1052K, committed 1152K, reserved 1048576K
}
Event: 82.533 GC heap before
{Heap before GC invocations=15 (full 0):
 garbage-first heap   total 153600K, used 81208K [0x0000000085800000, 0x0000000100000000)
  region size 1024K, 7 young (7168K), 1 survivors (1024K)
 Metaspace       used 14749K, committed 14976K, reserved 1114112K
  class space    used 1052K, committed 1152K, reserved 1048576K
}
Event: 82.535 GC heap after
{Heap after GC invocations=16 (full 0):
 garbage-first heap   total 153600K, used 74064K [0x0000000085800000, 0x0000000100000000)
  region size 1024K, 1 young (1024K), 1 survivors (1024K)
 Metaspace       used 14749K, committed 14976K, reserved 1114112K
  class space    used 1052K, committed 1152K, reserved 1048576K
}
Event: 104.208 GC heap before
{Heap before GC invocations=16 (full 0):
 garbage-first heap   total 153600K, used 119120K [0x0000000085800000, 0x0000000100000000)
  region size 1024K, 45 young (46080K), 1 survivors (1024K)
 Metaspace       used 14756K, committed 14976K, reserved 1114112K
  class space    used 1052K, committed 1152K, reserved 1048576K
}
Event: 104.209 GC heap after
{Heap after GC invocations=17 (full 0):
 garbage-first heap   total 153600K, used 74070K [0x0000000085800000, 0x0000000100000000)
  region size 1024K, 1 young (1024K), 1 survivors (1024K)
 Metaspace       used 14756K, committed 14976K, reserved 1114112K
  class space    used 1052K, committed 1152K, reserved 1048576K
}
Event: 127.610 GC heap before
{Heap before GC invocations=18 (full 0):
 garbage-first heap   total 153600K, used 122198K [0x0000000085800000, 0x0000000100000000)
  region size 1024K, 48 young (49152K), 1 survivors (1024K)
 Metaspace       used 14756K, committed 14976K, reserved 1114112K
  class space    used 1052K, committed 1152K, reserved 1048576K
}
Event: 127.611 GC heap after
{Heap after GC invocations=19 (full 0):
 garbage-first heap   total 153600K, used 74072K [0x0000000085800000, 0x0000000100000000)
  region size 1024K, 1 young (1024K), 1 survivors (1024K)
 Metaspace       used 14756K, committed 14976K, reserved 1114112K
  class space    used 1052K, committed 1152K, reserved 1048576K
}
Event: 130.482 GC heap before
{Heap before GC invocations=19 (full 0):
 garbage-first heap   total 153600K, used 80216K [0x0000000085800000, 0x0000000100000000)
  region size 1024K, 7 young (7168K), 1 survivors (1024K)
 Metaspace       used 14756K, committed 14976K, reserved 1114112K
  class space    used 1052K, committed 1152K, reserved 1048576K
}
Event: 130.483 GC heap after
{Heap after GC invocations=20 (full 0):
 garbage-first heap   total 153600K, used 73309K [0x0000000085800000, 0x0000000100000000)
  region size 1024K, 1 young (1024K), 1 survivors (1024K)
 Metaspace       used 14756K, committed 14976K, reserved 1114112K
  class space    used 1052K, committed 1152K, reserved 1048576K
}
Event: 155.217 GC heap before
{Heap before GC invocations=20 (full 0):
 garbage-first heap   total 153600K, used 124509K [0x0000000085800000, 0x0000000100000000)
  region size 1024K, 51 young (52224K), 1 survivors (1024K)
 Metaspace       used 14756K, committed 14976K, reserved 1114112K
  class space    used 1052K, committed 1152K, reserved 1048576K
}
Event: 155.218 GC heap after
{Heap after GC invocations=21 (full 0):
 garbage-first heap   total 153600K, used 73313K [0x0000000085800000, 0x0000000100000000)
  region size 1024K, 1 young (1024K), 1 survivors (1024K)
 Metaspace       used 14756K, committed 14976K, reserved 1114112K
  class space    used 1052K, committed 1152K, reserved 1048576K
}
Event: 181.083 GC heap before
{Heap before GC invocations=22 (full 0):
 garbage-first heap   total 153600K, used 126561K [0x0000000085800000, 0x0000000100000000)
  region size 1024K, 53 young (54272K), 1 survivors (1024K)
 Metaspace       used 14761K, committed 14976K, reserved 1114112K
  class space    used 1052K, committed 1152K, reserved 1048576K
}
Event: 181.084 GC heap after
{Heap after GC invocations=23 (full 0):
 garbage-first heap   total 153600K, used 73329K [0x0000000085800000, 0x0000000100000000)
  region size 1024K, 1 young (1024K), 1 survivors (1024K)
 Metaspace       used 14761K, committed 14976K, reserved 1114112K
  class space    used 1052K, committed 1152K, reserved 1048576K
}

Dll operation events (16 events):
Event: 0.004 Loaded shared library C:\Program Files\Java\jdk-19\bin\java.dll
Event: 0.013 Loaded shared library C:\Program Files\Java\jdk-19\bin\jsvml.dll
Event: 0.048 Loaded shared library C:\Program Files\Java\jdk-19\bin\net.dll
Event: 0.049 Loaded shared library C:\Program Files\Java\jdk-19\bin\nio.dll
Event: 0.051 Loaded shared library C:\Program Files\Java\jdk-19\bin\zip.dll
Event: 0.081 Loaded shared library C:\Program Files\Java\jdk-19\bin\jimage.dll
Event: 0.085 Loaded shared library C:\Program Files\Java\jdk-19\bin\awt.dll
Event: 0.357 Loaded shared library C:\Users\dmytr\AppData\Local\Temp\jogamp_0000\file_cache\jln16324042082441358934\jln15207671201018441817\natives\windows-amd64\gluegen_rt.dll
Event: 0.365 Loaded shared library C:\Program Files\Java\jdk-19\bin\jawt.dll
Event: 0.375 Loaded shared library C:\Users\dmytr\AppData\Local\Temp\jogamp_0000\file_cache\jln16324042082441358934\jln15207671201018441817\natives\windows-amd64\nativewindow_awt.dll
Event: 0.405 Loaded shared library C:\Users\dmytr\AppData\Local\Temp\jogamp_0000\file_cache\jln16324042082441358934\jln15207671201018441817\natives\windows-amd64\nativewindow_win32.dll
Event: 0.415 Loaded shared library C:\Users\dmytr\AppData\Local\Temp\jogamp_0000\file_cache\jln16324042082441358934\jln15207671201018441817\natives\windows-amd64\newt_head.dll
Event: 0.598 Loaded shared library C:\Users\dmytr\AppData\Local\Temp\jogamp_0000\file_cache\jln16324042082441358934\jln15207671201018441817\natives\windows-amd64\jogl_desktop.dll
Event: 0.681 Loaded shared library C:\Users\dmytr\AppData\Local\Temp\jogamp_0000\file_cache\jln16324042082441358934\jln15207671201018441817\natives\windows-amd64\jogl_mobile.dll
Event: 1.354 Loaded shared library C:\Program Files\Java\jdk-19\bin\verify.dll
Event: 1.384 Loaded shared library C:\Program Files\Java\jdk-19\bin\jsound.dll

Deoptimization events (20 events):
Event: 183.243 Thread 0x0000022eebe8f220 Uncommon trap: trap_request=0xffffffde fr.pc=0x0000022edd4c1470 relative=0x00000000000002d0
Event: 183.243 Thread 0x0000022eebe8f220 Uncommon trap: reason=class_check action=maybe_recompile pc=0x0000022edd4c1470 method=jogamp.opengl.GLDrawableImpl.lockSurface()I @ 4 c2
Event: 183.243 Thread 0x0000022eebe8f220 DEOPT PACKING pc=0x0000022edd4c1470 sp=0x00000047eb9ff410
Event: 183.243 Thread 0x0000022eebe8f220 DEOPT UNPACKING pc=0x0000022edcdfa5a3 sp=0x00000047eb9ff3c8 mode 2
Event: 183.243 Thread 0x0000022eebe8f220 Uncommon trap: trap_request=0xffffffde fr.pc=0x0000022edd4e3d38 relative=0x0000000000000678
Event: 183.243 Thread 0x0000022eebe8f220 Uncommon trap: reason=class_check action=maybe_recompile pc=0x0000022edd4e3d38 method=jogamp.opengl.GLDrawableImpl.lockSurface()I @ 4 c2
Event: 183.243 Thread 0x0000022eebe8f220 DEOPT PACKING pc=0x0000022edd4e3d38 sp=0x00000047eb9ff380
Event: 183.243 Thread 0x0000022eebe8f220 DEOPT UNPACKING pc=0x0000022edcdfa5a3 sp=0x00000047eb9ff2b8 mode 2
Event: 183.243 Thread 0x0000022eebe8f220 Uncommon trap: trap_request=0xffffffde fr.pc=0x0000022edd4fabb4 relative=0x00000000000000f4
Event: 183.243 Thread 0x0000022eebe8f220 Uncommon trap: reason=class_check action=maybe_recompile pc=0x0000022edd4fabb4 method=jogamp.opengl.GLDrawableImpl.getHandle()J @ 4 c2
Event: 183.243 Thread 0x0000022eebe8f220 DEOPT PACKING pc=0x0000022edd4fabb4 sp=0x00000047eb9ff1e0
Event: 183.243 Thread 0x0000022eebe8f220 DEOPT UNPACKING pc=0x0000022edcdfa5a3 sp=0x00000047eb9ff140 mode 2
Event: 183.243 Thread 0x0000022eebe8f220 Uncommon trap: trap_request=0xffffff45 fr.pc=0x0000022edd4e22ac relative=0x0000000000000d4c
Event: 183.243 Thread 0x0000022eebe8f220 Uncommon trap: reason=unstable_if action=reinterpret pc=0x0000022edd4e22ac method=jogamp.opengl.GLContextImpl.release(Z)V @ 161 c2
Event: 183.243 Thread 0x0000022eebe8f220 DEOPT PACKING pc=0x0000022edd4e22ac sp=0x00000047eb9ff3c0
Event: 183.243 Thread 0x0000022eebe8f220 DEOPT UNPACKING pc=0x0000022edcdfa5a3 sp=0x00000047eb9ff3c8 mode 2
Event: 183.250 Thread 0x0000022ef1ce6d30 Uncommon trap: trap_request=0xffffff45 fr.pc=0x0000022edd4dfe84 relative=0x0000000000000064
Event: 183.250 Thread 0x0000022ef1ce6d30 Uncommon trap: reason=unstable_if action=reinterpret pc=0x0000022edd4dfe84 method=java.util.ArrayList.clear()V @ 29 c2
Event: 183.250 Thread 0x0000022ef1ce6d30 DEOPT PACKING pc=0x0000022edd4dfe84 sp=0x00000047e9efefe0
Event: 183.250 Thread 0x0000022ef1ce6d30 DEOPT UNPACKING pc=0x0000022edcdfa5a3 sp=0x00000047e9efef60 mode 2

Classes loaded (20 events):
Event: 1.451 Loading class java/net/URL$2
Event: 1.451 Loading class java/net/URL$2 done
Event: 1.451 Loading class java/net/URL$1
Event: 1.451 Loading class java/net/URL$1 done
Event: 1.451 Loading class java/net/spi/URLStreamHandlerProvider
Event: 1.451 Loading class java/net/spi/URLStreamHandlerProvider done
Event: 1.687 Loading class java/util/regex/Pattern$LookBehindEndNode
Event: 1.687 Loading class java/util/regex/Pattern$LookBehindEndNode done
Event: 1.687 Loading class java/util/regex/Pattern$NotBehind
Event: 1.687 Loading class java/util/regex/Pattern$NotBehind done
Event: 1.687 Loading class java/util/regex/Pattern$Neg
Event: 1.687 Loading class java/util/regex/Pattern$Neg done
Event: 1.688 Loading class java/util/regex/Pattern$Pos
Event: 1.688 Loading class java/util/regex/Pattern$Pos done
Event: 1.695 Loading class java/util/regex/Pattern$SliceS
Event: 1.695 Loading class java/util/regex/Pattern$SliceS done
Event: 3.488 Loading class java/util/NoSuchElementException
Event: 3.488 Loading class java/util/NoSuchElementException done
Event: 183.221 Loading class java/nio/channels/ClosedChannelException
Event: 183.221 Loading class java/nio/channels/ClosedChannelException done

Classes unloaded (0 events):
No events

Classes redefined (0 events):
No events

Internal exceptions (20 events):
Event: 0.257 Thread 0x0000022ecb81e7c0 Exception <a 'java/lang/NoSuchMethodError'{0x000000008ca017e0}: 'int java.lang.invoke.DirectMethodHandle$Holder.invokeSpecial(java.lang.Object, java.lang.Object, java.lang.Object)'> (0x000000008ca017e0) 
thrown [s\open\src\hotspot\share\interpreter\linkResolver.cpp, line 774]
Event: 0.274 Thread 0x0000022ecb81e7c0 Exception <a 'java/lang/NoSuchMethodError'{0x000000008ca11a70}: 'void java.lang.invoke.DirectMethodHandle$Holder.invokeStatic(java.lang.Object, long)'> (0x000000008ca11a70) 
thrown [s\open\src\hotspot\share\interpreter\linkResolver.cpp, line 774]
Event: 0.275 Thread 0x0000022ecb81e7c0 Exception <a 'java/lang/NoSuchMethodError'{0x000000008ca17060}: 'java.lang.Object java.lang.invoke.DirectMethodHandle$Holder.newInvokeSpecial(java.lang.Object, long)'> (0x000000008ca17060) 
thrown [s\open\src\hotspot\share\interpreter\linkResolver.cpp, line 774]
Event: 0.276 Thread 0x0000022ecb81e7c0 Exception <a 'java/lang/NoSuchMethodError'{0x000000008ca1e278}: 'java.lang.Object java.lang.invoke.DirectMethodHandle$Holder.invokeStatic(java.lang.Object, long, java.lang.Object)'> (0x000000008ca1e278) 
thrown [s\open\src\hotspot\share\interpreter\linkResolver.cpp, line 774]
Event: 0.276 Thread 0x0000022ecb81e7c0 Exception <a 'java/lang/NoSuchMethodError'{0x000000008ca21ca8}: 'java.lang.Object java.lang.invoke.DirectMethodHandle$Holder.invokeStaticInit(java.lang.Object, long, java.lang.Object)'> (0x000000008ca21ca8) 
thrown [s\open\src\hotspot\share\interpreter\linkResolver.cpp, line 774]
Event: 0.359 Thread 0x0000022ecb81e7c0 Exception <a 'java/lang/NoSuchMethodError'{0x000000008ca600f0}: 'int java.lang.invoke.DirectMethodHandle$Holder.invokeStatic(java.lang.Object)'> (0x000000008ca600f0) 
thrown [s\open\src\hotspot\share\interpreter\linkResolver.cpp, line 774]
Event: 0.359 Thread 0x0000022ecb81e7c0 Exception <a 'java/lang/NoSuchMethodError'{0x000000008ca63e20}: 'int java.lang.invoke.DelegatingMethodHandle$Holder.reinvoke_L(java.lang.Object)'> (0x000000008ca63e20) 
thrown [s\open\src\hotspot\share\interpreter\linkResolver.cpp, line 774]
Event: 0.385 Thread 0x0000022ecb81e7c0 Exception <a 'java/lang/NoSuchMethodError'{0x000000008c991148}: 'java.lang.Object java.lang.invoke.DirectMethodHandle$Holder.invokeInterface(java.lang.Object, java.lang.Object)'> (0x000000008c991148) 
thrown [s\open\src\hotspot\share\interpreter\linkResolver.cpp, line 774]
Event: 0.386 Thread 0x0000022ecb81e7c0 Exception <a 'java/lang/IncompatibleClassChangeError'{0x000000008c9949e8}: Found class java.lang.Object, but interface was expected> (0x000000008c9949e8) 
thrown [s\open\src\hotspot\share\interpreter\linkResolver.cpp, line 841]
Event: 0.600 Thread 0x0000022ecb81e7c0 Exception <a 'java/lang/NoSuchMethodError'{0x000000008c2e22f8}: 'long java.lang.invoke.DelegatingMethodHandle$Holder.reinvoke_L(java.lang.Object, java.lang.Object)'> (0x000000008c2e22f8) 
thrown [s\open\src\hotspot\share\interpreter\linkResolver.cpp, line 774]
Event: 0.601 Thread 0x0000022ecb81e7c0 Exception <a 'java/lang/NoSuchMethodError'{0x000000008c2ec8a8}: 'void java.lang.invoke.DelegatingMethodHandle$Holder.reinvoke_L(java.lang.Object, java.lang.Object, long)'> (0x000000008c2ec8a8) 
thrown [s\open\src\hotspot\share\interpreter\linkResolver.cpp, line 774]
Event: 0.999 Thread 0x0000022eebe8f220 Implicit null exception at 0x0000022edd38a603 to 0x0000022edd38a7f8
Event: 0.999 Thread 0x0000022eebe8f220 Exception <a 'java/lang/NoSuchMethodError'{0x000000008cc4a0b8}: 'void java.lang.invoke.DirectMethodHandle$Holder.invokeSpecial(java.lang.Object, java.lang.Object, java.lang.Object)'> (0x000000008cc4a0b8) 
thrown [s\open\src\hotspot\share\interpreter\linkResolver.cpp, line 774]
Event: 1.005 Thread 0x0000022eebe8f220 Exception <a 'java/lang/NoSuchMethodError'{0x000000008cc60fb0}: 'long java.lang.invoke.Invokers$Holder.invokeExact_MT(java.lang.Object, java.lang.Object, java.lang.Object)'> (0x000000008cc60fb0) 
thrown [s\open\src\hotspot\share\interpreter\linkResolver.cpp, line 774]
Event: 1.344 Thread 0x0000022ef1ce0d90 Exception <a 'java/lang/NoSuchMethodError'{0x000000008c305fa8}: 'java.lang.Object java.lang.invoke.DirectMethodHandle$Holder.invokeVirtual(java.lang.Object, java.lang.Object, java.lang.Object)'> (0x000000008c305fa8) 
thrown [s\open\src\hotspot\share\interpreter\linkResolver.cpp, line 774]
Event: 1.431 Thread 0x0000022ef1ce0d90 Implicit null exception at 0x0000022edd3921cf to 0x0000022edd392254
Event: 1.451 Thread 0x0000022ef1ce0d90 Exception <a 'java/lang/ClassNotFoundException'{0x000000008c1f94d0}: sun/net/www/protocol/c/Handler> (0x000000008c1f94d0) 
thrown [s\open\src\hotspot\share\classfile\systemDictionary.cpp, line 255]
Event: 1.913 Thread 0x0000022ef1ce0d90 Implicit null exception at 0x0000022edd4218e5 to 0x0000022edd421948
Event: 2.341 Thread 0x0000022ef1ce0d90 Implicit null exception at 0x0000022edd42c82c to 0x0000022edd42c898
Event: 183.220 Thread 0x0000022ef1ce4800 Exception <a 'java/lang/InterruptedException'{0x000000008e9bd010}> (0x000000008e9bd010) 
thrown [s\open\src\hotspot\share\runtime\objectMonitor.cpp, line 1648]

VM Operations (20 events):
Event: 155.218 Executing VM operation: G1CollectForAllocation done
Event: 155.241 Executing VM operation: G1PauseRemark
Event: 155.243 Executing VM operation: G1PauseRemark done
Event: 155.256 Executing VM operation: G1PauseCleanup
Event: 155.256 Executing VM operation: G1PauseCleanup done
Event: 167.261 Executing VM operation: Cleanup
Event: 167.261 Executing VM operation: Cleanup done
Event: 170.261 Executing VM operation: Cleanup
Event: 170.261 Executing VM operation: Cleanup done
Event: 173.263 Executing VM operation: Cleanup
Event: 173.263 Executing VM operation: Cleanup done
Event: 175.264 Executing VM operation: Cleanup
Event: 175.264 Executing VM operation: Cleanup done
Event: 178.265 Executing VM operation: Cleanup
Event: 178.266 Executing VM operation: Cleanup done
Event: 181.083 Executing VM operation: G1CollectForAllocation
Event: 181.084 Executing VM operation: G1CollectForAllocation done
Event: 183.085 Executing VM operation: Cleanup
Event: 183.085 Executing VM operation: Cleanup done
Event: 183.324 Executing VM operation: Exit

Events (20 events):
Event: 3.496 Thread 0x0000022e80fba720 Thread added: 0x0000022e80fba720
Event: 3.934 Thread 0x0000022efedd6030 Thread exited: 0x0000022efedd6030
Event: 3.934 Thread 0x0000022e80fba720 Thread exited: 0x0000022e80fba720
Event: 4.081 Thread 0x0000022e80fba720 Thread added: 0x0000022e80fba720
Event: 4.153 Thread 0x0000022efeda8030 Thread added: 0x0000022efeda8030
Event: 4.343 Thread 0x0000022efeda8030 Thread exited: 0x0000022efeda8030
Event: 4.364 Thread 0x0000022e80fba720 Thread exited: 0x0000022e80fba720
Event: 5.562 Thread 0x0000022ef28369e0 Thread added: 0x0000022ef28369e0
Event: 5.702 Thread 0x0000022ef28369e0 Thread exited: 0x0000022ef28369e0
Event: 183.220 Thread 0x0000022ef1ce4800 Thread exited: 0x0000022ef1ce4800
Event: 183.220 Thread 0x0000022ef1ce6d30 Thread added: 0x0000022ef1ce6d30
Event: 183.221 Thread 0x0000022ef1ce42b0 Thread added: 0x0000022ef1ce42b0
Event: 183.221 Thread 0x0000022ef1ce4800 Thread added: 0x0000022ef1ce4800
Event: 183.221 Thread 0x0000022ef1ce4800 Thread exited: 0x0000022ef1ce4800
Event: 183.221 Thread 0x0000022eebe8ecd0 Thread exited: 0x0000022eebe8ecd0
Event: 183.221 Thread 0x0000022ef1ce1830 Thread added: 0x0000022ef1ce1830
Event: 183.225 Thread 0x0000022eebe8dce0 Thread exited: 0x0000022eebe8dce0
Event: 183.248 Thread 0x0000022eebe8f220 Thread exited: 0x0000022eebe8f220
Event: 183.250 Thread 0x0000022ef1ce6d30 Thread exited: 0x0000022ef1ce6d30
Event: 183.323 Thread 0x0000022ef1ce42b0 Thread exited: 0x0000022ef1ce42b0


Dynamic libraries:
0x00007ff7679b0000 - 0x00007ff7679c0000 	C:\Program Files\Java\jdk-19\bin\java.exe
0x00007ffbf89d0000 - 0x00007ffbf8bc8000 	C:\windows\SYSTEM32\ntdll.dll
0x00007ffbf8190000 - 0x00007ffbf824f000 	C:\windows\System32\KERNEL32.DLL
0x00007ffbf62e0000 - 0x00007ffbf65b2000 	C:\windows\System32\KERNELBASE.dll
0x00007ffbf61e0000 - 0x00007ffbf62e0000 	C:\windows\System32\ucrtbase.dll
0x00007ffbeed20000 - 0x00007ffbeed38000 	C:\Program Files\Java\jdk-19\bin\jli.dll
0x00007ffbf75e0000 - 0x00007ffbf768e000 	C:\windows\System32\ADVAPI32.dll
0x00007ffbef530000 - 0x00007ffbef54b000 	C:\Program Files\Java\jdk-19\bin\VCRUNTIME140.dll
0x00007ffbf6c50000 - 0x00007ffbf6cee000 	C:\windows\System32\msvcrt.dll
0x00007ffbf6d00000 - 0x00007ffbf6d9c000 	C:\windows\System32\sechost.dll
0x00007ffbf8060000 - 0x00007ffbf8184000 	C:\windows\System32\RPCRT4.dll
0x00007ffbf7760000 - 0x00007ffbf7901000 	C:\windows\System32\USER32.dll
0x00007ffbf6910000 - 0x00007ffbf6932000 	C:\windows\System32\win32u.dll
0x00007ffbda060000 - 0x00007ffbda2fa000 	C:\windows\WinSxS\amd64_microsoft.windows.common-controls_6595b64144ccf1df_6.0.19041.1110_none_60b5254171f9507e\COMCTL32.dll
0x00007ffbf85b0000 - 0x00007ffbf85db000 	C:\windows\System32\GDI32.dll
0x00007ffbf60d0000 - 0x00007ffbf61df000 	C:\windows\System32\gdi32full.dll
0x00007ffbf6680000 - 0x00007ffbf671d000 	C:\windows\System32\msvcp_win.dll
0x00007ffbe85b0000 - 0x00007ffbe85ba000 	C:\windows\SYSTEM32\VERSION.dll
0x00007ffbf8690000 - 0x00007ffbf86c0000 	C:\windows\System32\IMM32.DLL
0x00007ffbeeeb0000 - 0x00007ffbeeebc000 	C:\Program Files\Java\jdk-19\bin\vcruntime140_1.dll
0x00007ffbeae80000 - 0x00007ffbeaf0e000 	C:\Program Files\Java\jdk-19\bin\msvcp140.dll
0x00007ffbad770000 - 0x00007ffbae430000 	C:\Program Files\Java\jdk-19\bin\server\jvm.dll
0x00007ffbba330000 - 0x00007ffbba339000 	C:\windows\SYSTEM32\WSOCK32.dll
0x00007ffbd19a0000 - 0x00007ffbd19c7000 	C:\windows\SYSTEM32\WINMM.dll
0x00007ffbf6be0000 - 0x00007ffbf6c4b000 	C:\windows\System32\WS2_32.dll
0x00007ffbf4920000 - 0x00007ffbf4932000 	C:\windows\SYSTEM32\kernel.appcore.dll
0x00007ffbeee90000 - 0x00007ffbeee9a000 	C:\Program Files\Java\jdk-19\bin\jimage.dll
0x00007ffbf3cb0000 - 0x00007ffbf3e94000 	C:\windows\SYSTEM32\DBGHELP.DLL
0x00007ffbd4c40000 - 0x00007ffbd4c75000 	C:\windows\SYSTEM32\dbgcore.DLL
0x00007ffbf6720000 - 0x00007ffbf67a2000 	C:\windows\System32\bcryptPrimitives.dll
0x00007ffbeae50000 - 0x00007ffbeae76000 	C:\Program Files\Java\jdk-19\bin\java.dll
0x00007ffbddd00000 - 0x00007ffbdddd7000 	C:\Program Files\Java\jdk-19\bin\jsvml.dll
0x00007ffbf6e90000 - 0x00007ffbf75d5000 	C:\windows\System32\SHELL32.dll
0x00007ffbf4170000 - 0x00007ffbf4902000 	C:\windows\SYSTEM32\windows.storage.dll
0x00007ffbf8250000 - 0x00007ffbf85a5000 	C:\windows\System32\combase.dll
0x00007ffbf5b30000 - 0x00007ffbf5b60000 	C:\windows\SYSTEM32\Wldp.dll
0x00007ffbf87f0000 - 0x00007ffbf889d000 	C:\windows\System32\SHCORE.dll
0x00007ffbf6da0000 - 0x00007ffbf6df5000 	C:\windows\System32\shlwapi.dll
0x00007ffbf6010000 - 0x00007ffbf602f000 	C:\windows\SYSTEM32\profapi.dll
0x00007ffbeeca0000 - 0x00007ffbeecb3000 	C:\Program Files\Java\jdk-19\bin\net.dll
0x00007ffbf05c0000 - 0x00007ffbf06ca000 	C:\windows\SYSTEM32\WINHTTP.dll
0x00007ffbf5890000 - 0x00007ffbf58fa000 	C:\windows\system32\mswsock.dll
0x00007ffbeae30000 - 0x00007ffbeae46000 	C:\Program Files\Java\jdk-19\bin\nio.dll
0x00007ffbeae10000 - 0x00007ffbeae28000 	C:\Program Files\Java\jdk-19\bin\zip.dll
0x00007ffbda610000 - 0x00007ffbda7a1000 	C:\Program Files\Java\jdk-19\bin\awt.dll
0x00007ffbf88c0000 - 0x00007ffbf898d000 	C:\windows\System32\OLEAUT32.dll
0x00007ffbf3500000 - 0x00007ffbf3590000 	C:\windows\SYSTEM32\apphelp.dll
0x00007ffbf3690000 - 0x00007ffbf372e000 	C:\windows\system32\uxtheme.dll
0x00007ffbf7910000 - 0x00007ffbf7a24000 	C:\windows\System32\MSCTF.dll
0x00007ffbf86c0000 - 0x00007ffbf87ea000 	C:\windows\System32\ole32.dll
0x00007ffbf3a90000 - 0x00007ffbf3abf000 	C:\windows\system32\DWMAPI.DLL
0x00007ffbdcf20000 - 0x00007ffbdd045000 	C:\windows\system32\opengl32.dll
0x00007ffbed800000 - 0x00007ffbed82c000 	C:\windows\SYSTEM32\GLU32.dll
0x00007ffbf5a80000 - 0x00007ffbf5a98000 	C:\windows\SYSTEM32\CRYPTSP.dll
0x00007ffbf5140000 - 0x00007ffbf5174000 	C:\windows\system32\rsaenh.dll
0x00007ffbf69f0000 - 0x00007ffbf6a17000 	C:\windows\System32\bcrypt.dll
0x00007ffbf5f90000 - 0x00007ffbf5fbe000 	C:\windows\SYSTEM32\USERENV.dll
0x00007ffbf5aa0000 - 0x00007ffbf5aac000 	C:\windows\SYSTEM32\CRYPTBASE.dll
0x00007ffbf5530000 - 0x00007ffbf556b000 	C:\windows\SYSTEM32\IPHLPAPI.DLL
0x00007ffbf7690000 - 0x00007ffbf7698000 	C:\windows\System32\NSI.dll
0x00007ffbe9da0000 - 0x00007ffbe9db7000 	C:\windows\SYSTEM32\dhcpcsvc6.DLL
0x00007ffbe9e60000 - 0x00007ffbe9e7d000 	C:\windows\SYSTEM32\dhcpcsvc.DLL
0x00007ffbf5570000 - 0x00007ffbf563b000 	C:\windows\SYSTEM32\DNSAPI.dll
0x000000006e8c0000 - 0x000000006e8cd000 	C:\Users\dmytr\AppData\Local\Temp\jogamp_0000\file_cache\jln16324042082441358934\jln15207671201018441817\natives\windows-amd64\gluegen_rt.dll
0x00007ffbeed10000 - 0x00007ffbeed17000 	C:\Program Files\Java\jdk-19\bin\jawt.dll
0x000000006a440000 - 0x000000006a44d000 	C:\Users\dmytr\AppData\Local\Temp\jogamp_0000\file_cache\jln16324042082441358934\jln15207671201018441817\natives\windows-amd64\nativewindow_awt.dll
0x000000006c100000 - 0x000000006c110000 	C:\Users\dmytr\AppData\Local\Temp\jogamp_0000\file_cache\jln16324042082441358934\jln15207671201018441817\natives\windows-amd64\nativewindow_win32.dll
0x0000000070d80000 - 0x0000000070d93000 	C:\Users\dmytr\AppData\Local\Temp\jogamp_0000\file_cache\jln16324042082441358934\jln15207671201018441817\natives\windows-amd64\newt_head.dll
0x00007ffbefbd0000 - 0x00007ffbefc7e000 	C:\windows\SYSTEM32\mscms.dll
0x00007ffbefbb0000 - 0x00007ffbefbc1000 	C:\windows\SYSTEM32\ColorAdapterClient.dll
0x00007ffbeadc0000 - 0x00007ffbeae03000 	C:\windows\SYSTEM32\icm32.dll
0x00007ffbf7a40000 - 0x00007ffbf7ea8000 	C:\windows\System32\setupapi.dll
0x00007ffbf6630000 - 0x00007ffbf667e000 	C:\windows\System32\cfgmgr32.dll
0x00007ffbf5e80000 - 0x00007ffbf5eac000 	C:\windows\SYSTEM32\DEVOBJ.dll
0x00007ffbf65c0000 - 0x00007ffbf6629000 	C:\windows\System32\WINTRUST.dll
0x00007ffbf67b0000 - 0x00007ffbf6906000 	C:\windows\System32\CRYPT32.dll
0x00007ffbf5cc0000 - 0x00007ffbf5cd2000 	C:\windows\SYSTEM32\MSASN1.dll
0x0000000064500000 - 0x0000000064585000 	C:\Users\dmytr\AppData\Local\Temp\jogamp_0000\file_cache\jln16324042082441358934\jln15207671201018441817\natives\windows-amd64\jogl_desktop.dll
0x0000000064340000 - 0x0000000064391000 	C:\Users\dmytr\AppData\Local\Temp\jogamp_0000\file_cache\jln16324042082441358934\jln15207671201018441817\natives\windows-amd64\jogl_mobile.dll
0x00007ffbf85e0000 - 0x00007ffbf8689000 	C:\windows\System32\clbcatq.dll
0x00007ffbea780000 - 0x00007ffbea879000 	C:\Windows\System32\AppXDeploymentClient.dll
0x00007ffbac7e0000 - 0x00007ffbad76d000 	C:\windows\System32\DriverStore\FileRepository\iigd_dch.inf_amd64_04c961ba9d7827af\igxelpicd64.dll
0x00007ffbf4990000 - 0x00007ffbf4a83000 	C:\windows\system32\dxgi.dll
0x00007ffbb3d20000 - 0x00007ffbb415c000 	C:\windows\System32\DriverStore\FileRepository\iigd_dch.inf_amd64_04c961ba9d7827af\igdml64.dll
0x00007ffbe7660000 - 0x00007ffbe7996000 	C:\windows\System32\DriverStore\FileRepository\iigd_dch.inf_amd64_04c961ba9d7827af\igdgmm64.dll
0x00007ffbe1f00000 - 0x00007ffbe4c8f000 	C:\windows\System32\DriverStore\FileRepository\iigd_dch.inf_amd64_04c961ba9d7827af\igc64.dll
0x00007ffbf5650000 - 0x00007ffbf569b000 	C:\windows\SYSTEM32\powrprof.dll
0x00007ffbf5510000 - 0x00007ffbf5522000 	C:\windows\SYSTEM32\UMPDC.dll
0x00007ffbdd680000 - 0x00007ffbdd779000 	C:\windows\SYSTEM32\textinputframework.dll
0x00007ffbf2bf0000 - 0x00007ffbf2f4e000 	C:\windows\System32\CoreUIComponents.dll
0x00007ffbf32d0000 - 0x00007ffbf33c2000 	C:\windows\System32\CoreMessaging.dll
0x00007ffbf5280000 - 0x00007ffbf52b3000 	C:\windows\SYSTEM32\ntmarta.dll
0x00007ffbf1b30000 - 0x00007ffbf1c84000 	C:\windows\SYSTEM32\wintypes.dll
0x00007ffbeadb0000 - 0x00007ffbeadc0000 	C:\Program Files\Java\jdk-19\bin\verify.dll
0x00007ffbe9e40000 - 0x00007ffbe9e52000 	C:\Program Files\Java\jdk-19\bin\jsound.dll
0x00007ffbdcd70000 - 0x00007ffbdce0c000 	C:\windows\SYSTEM32\DSOUND.dll
0x00007ffbd7470000 - 0x00007ffbd7496000 	C:\windows\SYSTEM32\winmmbase.dll
0x00007ffbedac0000 - 0x00007ffbedb45000 	C:\windows\System32\MMDevApi.dll
0x00007ffbde270000 - 0x00007ffbde2b6000 	C:\windows\SYSTEM32\wdmaud.drv
0x00007ffbef8f0000 - 0x00007ffbef8f9000 	C:\windows\SYSTEM32\ksuser.dll
0x00007ffbf0c80000 - 0x00007ffbf0c8a000 	C:\windows\SYSTEM32\AVRT.dll
0x00007ffbedb50000 - 0x00007ffbedcd2000 	C:\windows\SYSTEM32\AUDIOSES.DLL
0x00007ffbeada0000 - 0x00007ffbeadad000 	C:\windows\SYSTEM32\msacm32.drv
0x00007ffbddb80000 - 0x00007ffbddb9e000 	C:\windows\SYSTEM32\MSACM32.dll
0x00007ffbddb60000 - 0x00007ffbddb6b000 	C:\windows\SYSTEM32\midimap.dll
0x00007ffbdd780000 - 0x00007ffbdd8c1000 	C:\Windows\System32\Windows.UI.dll
0x00007ffbf0510000 - 0x00007ffbf05b1000 	C:\Windows\System32\WindowManagementAPI.dll
0x00007ffbdd520000 - 0x00007ffbdd672000 	C:\Windows\System32\InputHost.dll
0x00007ffbeff70000 - 0x00007ffbf0170000 	C:\windows\SYSTEM32\twinapi.appcore.dll
0x00007ffbf1860000 - 0x00007ffbf1956000 	C:\Windows\System32\PROPSYS.dll
0x00007ffbf37b0000 - 0x00007ffbf37c4000 	C:\windows\SYSTEM32\resourcepolicyclient.dll

dbghelp: loaded successfully - version: 4.0.5 - missing functions: none
symbol engine: initialized successfully - sym options: 0x614 - pdb path: .;C:\Program Files\Java\jdk-19\bin;C:\windows\SYSTEM32;C:\windows\WinSxS\amd64_microsoft.windows.common-controls_6595b64144ccf1df_6.0.19041.1110_none_60b5254171f9507e;C:\Program Files\Java\jdk-19\bin\server;C:\Users\dmytr\AppData\Local\Temp\jogamp_0000\file_cache\jln16324042082441358934\jln15207671201018441817\natives\windows-amd64;C:\windows\System32\DriverStore\FileRepository\iigd_dch.inf_amd64_04c961ba9d7827af

VM Arguments:
java_command: ie.tudublin.Main
java_class_path (initial): ./bin;./lib/minim.jar;./lib/core.jar;./lib/jsminim.jar;./lib/mp3spi1.9.5.jar;./lib/tritonus_share.jar;./lib/tritonus_aos.jar;./lib/jl1.0.1.jar;./lib/sqlite-jdbc-3.23.1.jar;lib/jogl-all.jar;lib/gluegen-rt.jar;lib/gluegen-rt-natives-windows-amd64.jar;lib/gluegen-rt-natives-windows-i586.jar;lib/jogl-all-natives-windows-amd64.jar;lib/jogl-all-natives-windows-i586.jarlib/jogl-all.jar;lib/gluegen-rt.jar;lib/gluegen-rt-natives-windows-amd64.jar;lib/gluegen-rt-natives-windows-i586.jar;lib/jogl-all-natives-windows-amd64.jar;lib/jogl-all-natives-windows-i586.jar
Launcher Type: SUN_STANDARD

[Global flags]
     intx CICompilerCount                          = 4                                         {product} {ergonomic}
     uint ConcGCThreads                            = 2                                         {product} {ergonomic}
     uint G1ConcRefinementThreads                  = 8                                         {product} {ergonomic}
   size_t G1HeapRegionSize                         = 1048576                                   {product} {ergonomic}
    uintx GCDrainStackTargetSize                   = 64                                        {product} {ergonomic}
   size_t InitialHeapSize                          = 130023424                                 {product} {ergonomic}
   size_t MarkStackSize                            = 4194304                                   {product} {ergonomic}
   size_t MaxHeapSize                              = 2055208960                                {product} {ergonomic}
   size_t MaxNewSize                               = 1233125376                                {product} {ergonomic}
   size_t MinHeapDeltaBytes                        = 1048576                                   {product} {ergonomic}
   size_t MinHeapSize                              = 8388608                                   {product} {ergonomic}
    uintx NonNMethodCodeHeapSize                   = 5839372                                {pd product} {ergonomic}
    uintx NonProfiledCodeHeapSize                  = 122909434                              {pd product} {ergonomic}
    uintx ProfiledCodeHeapSize                     = 122909434                              {pd product} {ergonomic}
    uintx ReservedCodeCacheSize                    = 251658240                              {pd product} {ergonomic}
     bool SegmentedCodeCache                       = true                                      {product} {ergonomic}
   size_t SoftMaxHeapSize                          = 2055208960                             {manageable} {ergonomic}
     bool UseCompressedClassPointers               = true                           {product lp64_product} {ergonomic}
     bool UseCompressedOops                        = true                           {product lp64_product} {ergonomic}
     bool UseG1GC                                  = true                                      {product} {ergonomic}
     bool UseLargePagesIndividualAllocation        = false                                  {pd product} {ergonomic}

Logging:
Log output configuration:
 #0: stdout all=off uptime,level,tags foldmultilines=false
 #1: stderr all=off uptime,level,tags foldmultilines=false

Environment Variables:
PATH=C:\Users\dmytr\bin;C:\Program Files\Git\mingw64\bin;C:\Program Files\Git\usr\local\bin;C:\Program Files\Git\usr\bin;C:\Program Files\Git\usr\bin;C:\Program Files\Git\mingw64\bin;C:\Program Files\Git\usr\bin;C:\Users\dmytr\bin;C:\Program Files\Common Files\Oracle\Java\javapath;C:\Python310\Scripts;C:\Python310;C:\windows\system32;C:\windows;C:\windows\System32\Wbem;C:\windows\System32\WindowsPowerShell\v1.0;C:\windows\System32\OpenSSH;C:\ProgramData\chocolatey\bin;C:\Program Files\nodejs;C:\Program Files\GitHub CLI;C:\Program Files\PuTTY;C:\Program Files (x86)\Windows Kits\10\Windows Performance Toolkit;C:\msys64\mingw64\bin;C:\Program Files\dotnet;C:\Program Files\Git\cmd;C:\Users\dmytr\AppData\Local\Microsoft\WindowsApps;C:\Users\dmytr\AppData\Local\Programs\Microsoft VS Code\bin;C:\Users\dmytr\AppData\Roaming\npm;C:\Users\dmytr\AppData\Local\GitHubDesktop\bin;C:\Users\dmytr\Documents\Programming\Pycharm\PyCharm Community Edition 2022.3.1\bin;C:\Program Files\Git\usr\bin\vendor_perl;C:\Program Files\Git\usr\bin\core_perl
USERNAME=dmytr
SHELL=C:\Program Files\Git\usr\bin\bash.exe
DISPLAY=needs-to-be-defined
LANG=en_US.UTF-8
TERM=xterm
TMPDIR=C:\Users\dmytr\AppData\Local\Temp
OS=Windows_NT
PROCESSOR_IDENTIFIER=Intel64 Family 6 Model 140 Stepping 1, GenuineIntel
TMP=C:\Users\dmytr\AppData\Local\Temp
TEMP=C:\Users\dmytr\AppData\Local\Temp



---------------  S Y S T E M  ---------------

OS:
 Windows 10 , 64 bit Build 19041 (10.0.19041.2546)
OS uptime: 3 days 5:52 hours

CPU: total 8 (initial active 8) (4 cores per cpu, 2 threads per core) family 6 model 140 stepping 1 microcode 0x8a, cx8, cmov, fxsr, ht, mmx, 3dnowpref, sse, sse2, sse3, ssse3, sse4.1, sse4.2, popcnt, lzcnt, tsc, tscinvbit, avx, avx2, aes, erms, clmul, bmi1, bmi2, adx, avx512f, avx512dq, avx512cd, avx512bw, avx512vl, sha, fma, vzeroupper, avx512_vpopcntdq, avx512_vpclmulqdq, avx512_vaes, avx512_vnni, clflush, clflushopt, clwb, avx512_vbmi2, avx512_vbmi, rdtscp, rdpid, fsrm, gfni, avx512_bitalg

Memory: 4k page, system-wide physical 7834M (2342M free)
TotalPageFile size 11418M (AvailPageFile size 4113M)
current process WorkingSet (physical memory assigned to process): 543M, peak: 612M
current process commit charge ("private bytes"): 455M, peak: 547M

vm_info: Java HotSpot(TM) 64-Bit Server VM (19.0.2+7-44) for windows-amd64 JRE (19.0.2+7-44), built on 2022-11-30T18:02:09Z by "mach5one" with MS VC++ 17.1 (VS2022)

END.
